[2024-05-28T06:01:54.849+0000] {local_task_job_runner.py:120} INFO - ::group::Pre task execution logs
[2024-05-28T06:01:54.865+0000] {taskinstance.py:2076} INFO - Dependencies all met for dep_context=non-requeueable deps ti=<TaskInstance: example_bash_operator.run_after_loop scheduled__2024-05-27T00:00:00+00:00 [queued]>
[2024-05-28T06:01:54.872+0000] {taskinstance.py:2076} INFO - Dependencies all met for dep_context=requeueable deps ti=<TaskInstance: example_bash_operator.run_after_loop scheduled__2024-05-27T00:00:00+00:00 [queued]>
[2024-05-28T06:01:54.874+0000] {taskinstance.py:2306} INFO - Starting attempt 1 of 1
[2024-05-28T06:01:54.889+0000] {taskinstance.py:2330} INFO - Executing <Task(BashOperator): run_after_loop> on 2024-05-27 00:00:00+00:00
[2024-05-28T06:01:54.897+0000] {warnings.py:110} WARNING - /home/***/.local/lib/python3.12/site-packages/***/task/task_runner/standard_task_runner.py:61: DeprecationWarning: This process (pid=64) is multi-threaded, use of fork() may lead to deadlocks in the child.
  pid = os.fork()

[2024-05-28T06:01:54.901+0000] {standard_task_runner.py:63} INFO - Started process 66 to run task
[2024-05-28T06:01:54.900+0000] {standard_task_runner.py:90} INFO - Running: ['***', 'tasks', 'run', 'example_bash_operator', 'run_after_loop', 'scheduled__2024-05-27T00:00:00+00:00', '--job-id', '28', '--raw', '--subdir', '/home/***/.local/lib/python3.12/site-packages/***/example_dags/example_bash_operator.py', '--cfg-path', '/tmp/tmpn14owhjy']
[2024-05-28T06:01:54.904+0000] {standard_task_runner.py:91} INFO - Job 28: Subtask run_after_loop
[2024-05-28T06:01:54.951+0000] {task_command.py:426} INFO - Running <TaskInstance: example_bash_operator.run_after_loop scheduled__2024-05-27T00:00:00+00:00 [running]> on host 4f4fc5af627a
[2024-05-28T06:01:55.010+0000] {taskinstance.py:2648} INFO - Exporting env vars: AIRFLOW_CTX_DAG_OWNER='***' AIRFLOW_CTX_DAG_ID='example_bash_operator' AIRFLOW_CTX_TASK_ID='run_after_loop' AIRFLOW_CTX_EXECUTION_DATE='2024-05-27T00:00:00+00:00' AIRFLOW_CTX_TRY_NUMBER='1' AIRFLOW_CTX_DAG_RUN_ID='scheduled__2024-05-27T00:00:00+00:00'
[2024-05-28T06:01:55.013+0000] {taskinstance.py:430} INFO - ::endgroup::
[2024-05-28T06:01:55.014+0000] {subprocess.py:63} INFO - Tmp dir root location: /tmp
[2024-05-28T06:01:55.016+0000] {subprocess.py:75} INFO - Running command: ['/usr/bin/bash', '-c', "ls -alh --color=always / && echo https://***.apache.org/  && echo 'some <code>html</code>'"]
[2024-05-28T06:01:55.027+0000] {subprocess.py:86} INFO - Output:
[2024-05-28T06:01:55.033+0000] {subprocess.py:93} INFO - total 164K
[2024-05-28T06:01:55.034+0000] {subprocess.py:93} INFO - drwxr-xr-x   1 root    root 4.0K May 27 10:06 .
[2024-05-28T06:01:55.035+0000] {subprocess.py:93} INFO - drwxr-xr-x   1 root    root 4.0K May 27 10:06 ..
[2024-05-28T06:01:55.036+0000] {subprocess.py:93} INFO - -rwxr-xr-x   1 root    root    0 May 27 10:06 .dockerenv
[2024-05-28T06:01:55.037+0000] {subprocess.py:93} INFO - -rw-r--r--   1 *** root  73K May  6 07:08 Dockerfile
[2024-05-28T06:01:55.038+0000] {subprocess.py:93} INFO - -rw-rw-r--   1 root    root  282 May  6 07:11 ***-scheduler-autorestart
[2024-05-28T06:01:55.039+0000] {subprocess.py:93} INFO - lrwxrwxrwx   1 root    root    7 Apr 23 15:00 bin -> usr/bin
[2024-05-28T06:01:55.040+0000] {subprocess.py:93} INFO - drwxr-xr-x   2 root    root 4.0K Jan 28 21:20 boot
[2024-05-28T06:01:55.042+0000] {subprocess.py:93} INFO - -rwxrwxr-x   1 root    root  643 May  6 07:11 clean-logs
[2024-05-28T06:01:55.043+0000] {subprocess.py:93} INFO - drwxr-xr-x   5 root    root  340 May 28 06:01 dev
[2024-05-28T06:01:55.044+0000] {subprocess.py:93} INFO - -rwxrwxr-x   1 root    root  12K May  6 07:11 entrypoint
[2024-05-28T06:01:55.045+0000] {subprocess.py:93} INFO - drwxr-xr-x   1 root    root 4.0K May 27 10:06 etc
[2024-05-28T06:01:55.046+0000] {subprocess.py:93} INFO - drwxr-xr-x   1 root    root 4.0K May  6 07:12 home
[2024-05-28T06:01:55.047+0000] {subprocess.py:93} INFO - lrwxrwxrwx   1 root    root    7 Apr 23 15:00 lib -> usr/lib
[2024-05-28T06:01:55.048+0000] {subprocess.py:93} INFO - drwxr-xr-x   2 root    root 4.0K Apr 23 15:00 media
[2024-05-28T06:01:55.050+0000] {subprocess.py:93} INFO - drwxr-xr-x   2 root    root 4.0K Apr 23 15:00 mnt
[2024-05-28T06:01:55.051+0000] {subprocess.py:93} INFO - drwxr-xr-x   1 root    root 4.0K May  6 07:12 opt
[2024-05-28T06:01:55.053+0000] {subprocess.py:93} INFO - dr-xr-xr-x 252 root    root    0 May 28 06:01 proc
[2024-05-28T06:01:55.054+0000] {subprocess.py:93} INFO - drwx------   1 root    root 4.0K May  6 07:16 root
[2024-05-28T06:01:55.055+0000] {subprocess.py:93} INFO - drwxr-xr-x   1 root    root 4.0K May  6 07:12 run
[2024-05-28T06:01:55.056+0000] {subprocess.py:93} INFO - lrwxrwxrwx   1 root    root    8 Apr 23 15:00 sbin -> usr/sbin
[2024-05-28T06:01:55.057+0000] {subprocess.py:93} INFO - drwxr-xr-x   1 root    root 4.0K May  6 07:11 scripts
[2024-05-28T06:01:55.058+0000] {subprocess.py:93} INFO - drwxr-xr-x   2 root    root 4.0K Apr 23 15:00 srv
[2024-05-28T06:01:55.060+0000] {subprocess.py:93} INFO - dr-xr-xr-x  13 root    root    0 May 28 06:01 sys
[2024-05-28T06:01:55.060+0000] {subprocess.py:93} INFO - drwxrwxrwt   1 root    root 4.0K May 28 06:01 tmp
[2024-05-28T06:01:55.061+0000] {subprocess.py:93} INFO - drwxr-xr-x   1 root    root 4.0K May  6 07:12 usr
[2024-05-28T06:01:55.062+0000] {subprocess.py:93} INFO - drwxr-xr-x   1 root    root 4.0K Apr 23 15:00 var
[2024-05-28T06:01:55.063+0000] {subprocess.py:93} INFO - https://***.apache.org/
[2024-05-28T06:01:55.064+0000] {subprocess.py:93} INFO - some <code>html</code>
[2024-05-28T06:01:55.066+0000] {subprocess.py:97} INFO - Command exited with return code 0
[2024-05-28T06:01:55.068+0000] {taskinstance.py:441} INFO - ::group::Post task execution logs
[2024-05-28T06:01:55.093+0000] {taskinstance.py:1206} INFO - Marking task as SUCCESS. dag_id=example_bash_operator, task_id=run_after_loop, run_id=scheduled__2024-05-27T00:00:00+00:00, execution_date=20240527T000000, start_date=20240528T060154, end_date=20240528T060155
[2024-05-28T06:01:55.121+0000] {local_task_job_runner.py:240} INFO - Task exited with return code 0
[2024-05-28T06:01:55.133+0000] {taskinstance.py:3498} INFO - 0 downstream tasks scheduled from follow-on schedule check
[2024-05-28T06:01:55.136+0000] {local_task_job_runner.py:222} INFO - ::endgroup::
