[2024-05-28T06:01:52.047+0000] {local_task_job_runner.py:120} INFO - ::group::Pre task execution logs
[2024-05-28T06:01:52.080+0000] {taskinstance.py:2076} INFO - Dependencies all met for dep_context=non-requeueable deps ti=<TaskInstance: example_bash_operator.this_will_skip scheduled__2024-05-27T00:00:00+00:00 [queued]>
[2024-05-28T06:01:52.091+0000] {taskinstance.py:2076} INFO - Dependencies all met for dep_context=requeueable deps ti=<TaskInstance: example_bash_operator.this_will_skip scheduled__2024-05-27T00:00:00+00:00 [queued]>
[2024-05-28T06:01:52.092+0000] {taskinstance.py:2306} INFO - Starting attempt 1 of 1
[2024-05-28T06:01:52.123+0000] {taskinstance.py:2330} INFO - Executing <Task(BashOperator): this_will_skip> on 2024-05-27 00:00:00+00:00
[2024-05-28T06:01:52.130+0000] {warnings.py:110} WARNING - /home/***/.local/lib/python3.12/site-packages/***/task/task_runner/standard_task_runner.py:61: DeprecationWarning: This process (pid=44) is multi-threaded, use of fork() may lead to deadlocks in the child.
  pid = os.fork()

[2024-05-28T06:01:52.134+0000] {standard_task_runner.py:63} INFO - Started process 56 to run task
[2024-05-28T06:01:52.139+0000] {standard_task_runner.py:90} INFO - Running: ['***', 'tasks', 'run', 'example_bash_operator', 'this_will_skip', 'scheduled__2024-05-27T00:00:00+00:00', '--job-id', '26', '--raw', '--subdir', '/home/***/.local/lib/python3.12/site-packages/***/example_dags/example_bash_operator.py', '--cfg-path', '/tmp/tmpb9v_cn_r']
[2024-05-28T06:01:52.142+0000] {standard_task_runner.py:91} INFO - Job 26: Subtask this_will_skip
[2024-05-28T06:01:52.271+0000] {task_command.py:426} INFO - Running <TaskInstance: example_bash_operator.this_will_skip scheduled__2024-05-27T00:00:00+00:00 [running]> on host 4f4fc5af627a
[2024-05-28T06:01:52.512+0000] {taskinstance.py:2648} INFO - Exporting env vars: AIRFLOW_CTX_DAG_OWNER='***' AIRFLOW_CTX_DAG_ID='example_bash_operator' AIRFLOW_CTX_TASK_ID='this_will_skip' AIRFLOW_CTX_EXECUTION_DATE='2024-05-27T00:00:00+00:00' AIRFLOW_CTX_TRY_NUMBER='1' AIRFLOW_CTX_DAG_RUN_ID='scheduled__2024-05-27T00:00:00+00:00'
[2024-05-28T06:01:52.516+0000] {taskinstance.py:430} INFO - ::endgroup::
[2024-05-28T06:01:52.523+0000] {subprocess.py:63} INFO - Tmp dir root location: /tmp
[2024-05-28T06:01:52.528+0000] {subprocess.py:75} INFO - Running command: ['/usr/bin/bash', '-c', 'echo "hello world"; exit 99;']
[2024-05-28T06:01:52.582+0000] {subprocess.py:86} INFO - Output:
[2024-05-28T06:01:52.585+0000] {subprocess.py:93} INFO - hello world
[2024-05-28T06:01:52.587+0000] {subprocess.py:97} INFO - Command exited with return code 99
[2024-05-28T06:01:52.590+0000] {taskinstance.py:441} INFO - ::group::Post task execution logs
[2024-05-28T06:01:52.592+0000] {taskinstance.py:2506} INFO - Bash command returned exit code 99. Skipping.
[2024-05-28T06:01:52.609+0000] {taskinstance.py:1206} INFO - Marking task as SKIPPED. dag_id=example_bash_operator, task_id=this_will_skip, run_id=scheduled__2024-05-27T00:00:00+00:00, execution_date=20240527T000000, start_date=20240528T060152, end_date=20240528T060152
[2024-05-28T06:01:52.688+0000] {local_task_job_runner.py:240} INFO - Task exited with return code 0
[2024-05-28T06:01:52.711+0000] {taskinstance.py:3498} INFO - 0 downstream tasks scheduled from follow-on schedule check
[2024-05-28T06:01:52.749+0000] {local_task_job_runner.py:222} INFO - ::endgroup::
