[2024-05-28T06:01:52.067+0000] {local_task_job_runner.py:120} INFO - ::group::Pre task execution logs
[2024-05-28T06:01:52.095+0000] {taskinstance.py:2076} INFO - Dependencies all met for dep_context=non-requeueable deps ti=<TaskInstance: example_bash_operator.runme_1 scheduled__2024-05-27T00:00:00+00:00 [queued]>
[2024-05-28T06:01:52.159+0000] {taskinstance.py:2076} INFO - Dependencies all met for dep_context=requeueable deps ti=<TaskInstance: example_bash_operator.runme_1 scheduled__2024-05-27T00:00:00+00:00 [queued]>
[2024-05-28T06:01:52.163+0000] {taskinstance.py:2306} INFO - Starting attempt 1 of 1
[2024-05-28T06:01:52.209+0000] {taskinstance.py:2330} INFO - Executing <Task(BashOperator): runme_1> on 2024-05-27 00:00:00+00:00
[2024-05-28T06:01:52.230+0000] {warnings.py:110} WARNING - /home/***/.local/lib/python3.12/site-packages/***/task/task_runner/standard_task_runner.py:61: DeprecationWarning: This process (pid=48) is multi-threaded, use of fork() may lead to deadlocks in the child.
  pid = os.fork()

[2024-05-28T06:01:52.238+0000] {standard_task_runner.py:63} INFO - Started process 57 to run task
[2024-05-28T06:01:52.243+0000] {standard_task_runner.py:90} INFO - Running: ['***', 'tasks', 'run', 'example_bash_operator', 'runme_1', 'scheduled__2024-05-27T00:00:00+00:00', '--job-id', '25', '--raw', '--subdir', '/home/***/.local/lib/python3.12/site-packages/***/example_dags/example_bash_operator.py', '--cfg-path', '/tmp/tmpo_vpozlk']
[2024-05-28T06:01:52.247+0000] {standard_task_runner.py:91} INFO - Job 25: Subtask runme_1
[2024-05-28T06:01:52.340+0000] {task_command.py:426} INFO - Running <TaskInstance: example_bash_operator.runme_1 scheduled__2024-05-27T00:00:00+00:00 [running]> on host 4f4fc5af627a
[2024-05-28T06:01:52.613+0000] {taskinstance.py:2648} INFO - Exporting env vars: AIRFLOW_CTX_DAG_OWNER='***' AIRFLOW_CTX_DAG_ID='example_bash_operator' AIRFLOW_CTX_TASK_ID='runme_1' AIRFLOW_CTX_EXECUTION_DATE='2024-05-27T00:00:00+00:00' AIRFLOW_CTX_TRY_NUMBER='1' AIRFLOW_CTX_DAG_RUN_ID='scheduled__2024-05-27T00:00:00+00:00'
[2024-05-28T06:01:52.619+0000] {taskinstance.py:430} INFO - ::endgroup::
[2024-05-28T06:01:52.622+0000] {subprocess.py:63} INFO - Tmp dir root location: /tmp
[2024-05-28T06:01:52.624+0000] {subprocess.py:75} INFO - Running command: ['/usr/bin/bash', '-c', 'echo "example_bash_operator__runme_1__20240527" && sleep 1']
[2024-05-28T06:01:52.659+0000] {subprocess.py:86} INFO - Output:
[2024-05-28T06:01:52.663+0000] {subprocess.py:93} INFO - example_bash_operator__runme_1__20240527
[2024-05-28T06:01:53.656+0000] {subprocess.py:97} INFO - Command exited with return code 0
[2024-05-28T06:01:53.658+0000] {taskinstance.py:441} INFO - ::group::Post task execution logs
[2024-05-28T06:01:53.736+0000] {taskinstance.py:1206} INFO - Marking task as SUCCESS. dag_id=example_bash_operator, task_id=runme_1, run_id=scheduled__2024-05-27T00:00:00+00:00, execution_date=20240527T000000, start_date=20240528T060152, end_date=20240528T060153
[2024-05-28T06:01:53.790+0000] {local_task_job_runner.py:240} INFO - Task exited with return code 0
[2024-05-28T06:01:53.812+0000] {taskinstance.py:3498} INFO - 1 downstream tasks scheduled from follow-on schedule check
[2024-05-28T06:01:53.815+0000] {local_task_job_runner.py:222} INFO - ::endgroup::
