[2024-05-27T10:09:48.259+0000] {local_task_job_runner.py:120} INFO - ::group::Pre task execution logs
[2024-05-27T10:09:48.287+0000] {taskinstance.py:2076} INFO - Dependencies all met for dep_context=non-requeueable deps ti=<TaskInstance: example_bash_operator.runme_2 scheduled__2024-05-26T00:00:00+00:00 [queued]>
[2024-05-27T10:09:48.301+0000] {taskinstance.py:2076} INFO - Dependencies all met for dep_context=requeueable deps ti=<TaskInstance: example_bash_operator.runme_2 scheduled__2024-05-26T00:00:00+00:00 [queued]>
[2024-05-27T10:09:48.302+0000] {taskinstance.py:2306} INFO - Starting attempt 1 of 1
[2024-05-27T10:09:48.315+0000] {taskinstance.py:2330} INFO - Executing <Task(BashOperator): runme_2> on 2024-05-26 00:00:00+00:00
[2024-05-27T10:09:48.326+0000] {warnings.py:110} WARNING - /home/***/.local/lib/python3.12/site-packages/***/task/task_runner/standard_task_runner.py:61: DeprecationWarning: This process (pid=90) is multi-threaded, use of fork() may lead to deadlocks in the child.
  pid = os.fork()

[2024-05-27T10:09:48.331+0000] {standard_task_runner.py:63} INFO - Started process 99 to run task
[2024-05-27T10:09:48.336+0000] {standard_task_runner.py:90} INFO - Running: ['***', 'tasks', 'run', 'example_bash_operator', 'runme_2', 'scheduled__2024-05-26T00:00:00+00:00', '--job-id', '15', '--raw', '--subdir', '/home/***/.local/lib/python3.12/site-packages/***/example_dags/example_bash_operator.py', '--cfg-path', '/tmp/tmpb_zwuoe7']
[2024-05-27T10:09:48.353+0000] {standard_task_runner.py:91} INFO - Job 15: Subtask runme_2
[2024-05-27T10:09:48.502+0000] {task_command.py:426} INFO - Running <TaskInstance: example_bash_operator.runme_2 scheduled__2024-05-26T00:00:00+00:00 [running]> on host 4f4fc5af627a
[2024-05-27T10:09:48.631+0000] {taskinstance.py:2648} INFO - Exporting env vars: AIRFLOW_CTX_DAG_OWNER='***' AIRFLOW_CTX_DAG_ID='example_bash_operator' AIRFLOW_CTX_TASK_ID='runme_2' AIRFLOW_CTX_EXECUTION_DATE='2024-05-26T00:00:00+00:00' AIRFLOW_CTX_TRY_NUMBER='1' AIRFLOW_CTX_DAG_RUN_ID='scheduled__2024-05-26T00:00:00+00:00'
[2024-05-27T10:09:48.635+0000] {taskinstance.py:430} INFO - ::endgroup::
[2024-05-27T10:09:48.644+0000] {subprocess.py:63} INFO - Tmp dir root location: /tmp
[2024-05-27T10:09:48.646+0000] {subprocess.py:75} INFO - Running command: ['/usr/bin/bash', '-c', 'echo "example_bash_operator__runme_2__20240526" && sleep 1']
[2024-05-27T10:09:48.665+0000] {subprocess.py:86} INFO - Output:
[2024-05-27T10:09:48.673+0000] {subprocess.py:93} INFO - example_bash_operator__runme_2__20240526
[2024-05-27T10:09:49.677+0000] {subprocess.py:97} INFO - Command exited with return code 0
[2024-05-27T10:09:49.681+0000] {taskinstance.py:441} INFO - ::group::Post task execution logs
[2024-05-27T10:09:49.707+0000] {taskinstance.py:1206} INFO - Marking task as SUCCESS. dag_id=example_bash_operator, task_id=runme_2, run_id=scheduled__2024-05-26T00:00:00+00:00, execution_date=20240526T000000, start_date=20240527T100948, end_date=20240527T100949
[2024-05-27T10:09:49.765+0000] {local_task_job_runner.py:240} INFO - Task exited with return code 0
[2024-05-27T10:09:49.775+0000] {local_task_job_runner.py:222} INFO - ::endgroup::
