[2024-05-27T08:51:54.629+0000] {processor.py:161} INFO - Started process (PID=65) to work on /home/airflow/.local/lib/python3.12/site-packages/airflow/example_dags/example_xcomargs.py
[2024-05-27T08:51:54.632+0000] {processor.py:830} INFO - Processing file /home/airflow/.local/lib/python3.12/site-packages/airflow/example_dags/example_xcomargs.py for tasks to queue
[2024-05-27T08:51:54.636+0000] {logging_mixin.py:188} INFO - [2024-05-27T08:51:54.635+0000] {dagbag.py:545} INFO - Filling up the DagBag from /home/airflow/.local/lib/python3.12/site-packages/airflow/example_dags/example_xcomargs.py
[2024-05-27T08:51:54.650+0000] {processor.py:840} INFO - DAG(s) 'example_xcom_args_with_operators', 'example_xcom_args' retrieved from /home/airflow/.local/lib/python3.12/site-packages/airflow/example_dags/example_xcomargs.py
[2024-05-27T08:51:54.736+0000] {logging_mixin.py:188} INFO - [2024-05-27T08:51:54.735+0000] {override.py:1829} INFO - Created Permission View: can edit on DAG:example_xcom_args_with_operators
[2024-05-27T08:51:54.744+0000] {logging_mixin.py:188} INFO - [2024-05-27T08:51:54.744+0000] {override.py:1829} INFO - Created Permission View: can read on DAG:example_xcom_args_with_operators
[2024-05-27T08:51:54.752+0000] {logging_mixin.py:188} INFO - [2024-05-27T08:51:54.752+0000] {override.py:1829} INFO - Created Permission View: can delete on DAG:example_xcom_args_with_operators
[2024-05-27T08:51:54.762+0000] {logging_mixin.py:188} INFO - [2024-05-27T08:51:54.762+0000] {override.py:1829} INFO - Created Permission View: can edit on DAG:example_xcom_args
[2024-05-27T08:51:54.770+0000] {logging_mixin.py:188} INFO - [2024-05-27T08:51:54.770+0000] {override.py:1829} INFO - Created Permission View: can read on DAG:example_xcom_args
[2024-05-27T08:51:54.778+0000] {logging_mixin.py:188} INFO - [2024-05-27T08:51:54.777+0000] {override.py:1829} INFO - Created Permission View: can delete on DAG:example_xcom_args
[2024-05-27T08:51:54.780+0000] {logging_mixin.py:188} INFO - [2024-05-27T08:51:54.779+0000] {dag.py:3096} INFO - Sync 2 DAGs
[2024-05-27T08:51:54.791+0000] {logging_mixin.py:188} INFO - [2024-05-27T08:51:54.791+0000] {dag.py:3118} INFO - Creating ORM DAG for example_xcom_args_with_operators
[2024-05-27T08:51:54.793+0000] {logging_mixin.py:188} INFO - [2024-05-27T08:51:54.793+0000] {dag.py:3118} INFO - Creating ORM DAG for example_xcom_args
[2024-05-27T08:51:54.794+0000] {logging_mixin.py:188} INFO - [2024-05-27T08:51:54.794+0000] {dag.py:3954} INFO - Setting next_dagrun for example_xcom_args to None, run_after=None
[2024-05-27T08:51:54.796+0000] {logging_mixin.py:188} INFO - [2024-05-27T08:51:54.795+0000] {dag.py:3954} INFO - Setting next_dagrun for example_xcom_args_with_operators to None, run_after=None
[2024-05-27T08:51:54.811+0000] {processor.py:183} INFO - Processing /home/airflow/.local/lib/python3.12/site-packages/airflow/example_dags/example_xcomargs.py took 0.187 seconds
[2024-05-27T08:52:25.111+0000] {processor.py:161} INFO - Started process (PID=128) to work on /home/airflow/.local/lib/python3.12/site-packages/airflow/example_dags/example_xcomargs.py
[2024-05-27T08:52:25.113+0000] {processor.py:830} INFO - Processing file /home/airflow/.local/lib/python3.12/site-packages/airflow/example_dags/example_xcomargs.py for tasks to queue
[2024-05-27T08:52:25.117+0000] {logging_mixin.py:188} INFO - [2024-05-27T08:52:25.116+0000] {dagbag.py:545} INFO - Filling up the DagBag from /home/airflow/.local/lib/python3.12/site-packages/airflow/example_dags/example_xcomargs.py
[2024-05-27T08:52:25.129+0000] {processor.py:840} INFO - DAG(s) 'example_xcom_args', 'example_xcom_args_with_operators' retrieved from /home/airflow/.local/lib/python3.12/site-packages/airflow/example_dags/example_xcomargs.py
[2024-05-27T08:52:25.151+0000] {logging_mixin.py:188} INFO - [2024-05-27T08:52:25.151+0000] {dag.py:3096} INFO - Sync 2 DAGs
[2024-05-27T08:52:25.162+0000] {logging_mixin.py:188} INFO - [2024-05-27T08:52:25.162+0000] {dag.py:3954} INFO - Setting next_dagrun for example_xcom_args to None, run_after=None
[2024-05-27T08:52:25.167+0000] {logging_mixin.py:188} INFO - [2024-05-27T08:52:25.167+0000] {dag.py:3954} INFO - Setting next_dagrun for example_xcom_args_with_operators to None, run_after=None
[2024-05-27T08:52:25.199+0000] {processor.py:183} INFO - Processing /home/airflow/.local/lib/python3.12/site-packages/airflow/example_dags/example_xcomargs.py took 0.095 seconds
[2024-05-27T08:55:52.011+0000] {processor.py:161} INFO - Started process (PID=65) to work on /home/airflow/.local/lib/python3.12/site-packages/airflow/example_dags/example_xcomargs.py
[2024-05-27T08:55:52.013+0000] {processor.py:830} INFO - Processing file /home/airflow/.local/lib/python3.12/site-packages/airflow/example_dags/example_xcomargs.py for tasks to queue
[2024-05-27T08:55:52.015+0000] {logging_mixin.py:188} INFO - [2024-05-27T08:55:52.015+0000] {dagbag.py:545} INFO - Filling up the DagBag from /home/airflow/.local/lib/python3.12/site-packages/airflow/example_dags/example_xcomargs.py
[2024-05-27T08:55:52.026+0000] {processor.py:840} INFO - DAG(s) 'example_xcom_args_with_operators', 'example_xcom_args' retrieved from /home/airflow/.local/lib/python3.12/site-packages/airflow/example_dags/example_xcomargs.py
[2024-05-27T08:55:52.039+0000] {logging_mixin.py:188} INFO - [2024-05-27T08:55:52.038+0000] {dag.py:3096} INFO - Sync 2 DAGs
[2024-05-27T08:55:52.051+0000] {logging_mixin.py:188} INFO - [2024-05-27T08:55:52.051+0000] {dag.py:3954} INFO - Setting next_dagrun for example_xcom_args to None, run_after=None
[2024-05-27T08:55:52.058+0000] {logging_mixin.py:188} INFO - [2024-05-27T08:55:52.057+0000] {dag.py:3954} INFO - Setting next_dagrun for example_xcom_args_with_operators to None, run_after=None
[2024-05-27T08:55:52.091+0000] {processor.py:183} INFO - Processing /home/airflow/.local/lib/python3.12/site-packages/airflow/example_dags/example_xcomargs.py took 0.085 seconds
[2024-05-27T08:57:59.294+0000] {processor.py:161} INFO - Started process (PID=144) to work on /home/airflow/.local/lib/python3.12/site-packages/airflow/example_dags/example_xcomargs.py
[2024-05-27T08:57:59.304+0000] {processor.py:830} INFO - Processing file /home/airflow/.local/lib/python3.12/site-packages/airflow/example_dags/example_xcomargs.py for tasks to queue
[2024-05-27T08:57:59.328+0000] {logging_mixin.py:188} INFO - [2024-05-27T08:57:59.321+0000] {dagbag.py:545} INFO - Filling up the DagBag from /home/airflow/.local/lib/python3.12/site-packages/airflow/example_dags/example_xcomargs.py
[2024-05-27T08:57:59.580+0000] {processor.py:840} INFO - DAG(s) 'example_xcom_args_with_operators', 'example_xcom_args' retrieved from /home/airflow/.local/lib/python3.12/site-packages/airflow/example_dags/example_xcomargs.py
[2024-05-27T08:58:15.432+0000] {logging_mixin.py:188} INFO - [2024-05-27T08:58:15.415+0000] {dag.py:3096} INFO - Sync 2 DAGs
[2024-05-27T08:58:15.765+0000] {logging_mixin.py:188} INFO - [2024-05-27T08:58:15.759+0000] {dag.py:3954} INFO - Setting next_dagrun for example_xcom_args to None, run_after=None
[2024-05-27T08:58:15.839+0000] {logging_mixin.py:188} INFO - [2024-05-27T08:58:15.824+0000] {dag.py:3954} INFO - Setting next_dagrun for example_xcom_args_with_operators to None, run_after=None
[2024-05-27T08:58:16.179+0000] {processor.py:183} INFO - Processing /home/airflow/.local/lib/python3.12/site-packages/airflow/example_dags/example_xcomargs.py took 16.962 seconds
[2024-05-27T09:00:50.641+0000] {processor.py:161} INFO - Started process (PID=228) to work on /home/airflow/.local/lib/python3.12/site-packages/airflow/example_dags/example_xcomargs.py
[2024-05-27T09:00:50.644+0000] {processor.py:830} INFO - Processing file /home/airflow/.local/lib/python3.12/site-packages/airflow/example_dags/example_xcomargs.py for tasks to queue
[2024-05-27T09:00:50.648+0000] {logging_mixin.py:188} INFO - [2024-05-27T09:00:50.646+0000] {dagbag.py:545} INFO - Filling up the DagBag from /home/airflow/.local/lib/python3.12/site-packages/airflow/example_dags/example_xcomargs.py
[2024-05-27T09:00:50.779+0000] {processor.py:840} INFO - DAG(s) 'example_xcom_args_with_operators', 'example_xcom_args' retrieved from /home/airflow/.local/lib/python3.12/site-packages/airflow/example_dags/example_xcomargs.py
[2024-05-27T09:00:51.528+0000] {logging_mixin.py:188} INFO - [2024-05-27T09:00:51.527+0000] {dag.py:3096} INFO - Sync 2 DAGs
[2024-05-27T09:00:51.556+0000] {logging_mixin.py:188} INFO - [2024-05-27T09:00:51.556+0000] {dag.py:3954} INFO - Setting next_dagrun for example_xcom_args to None, run_after=None
[2024-05-27T09:00:51.573+0000] {logging_mixin.py:188} INFO - [2024-05-27T09:00:51.573+0000] {dag.py:3954} INFO - Setting next_dagrun for example_xcom_args_with_operators to None, run_after=None
[2024-05-27T09:00:51.628+0000] {processor.py:183} INFO - Processing /home/airflow/.local/lib/python3.12/site-packages/airflow/example_dags/example_xcomargs.py took 1.014 seconds
[2024-05-27T09:04:13.079+0000] {processor.py:161} INFO - Started process (PID=337) to work on /home/airflow/.local/lib/python3.12/site-packages/airflow/example_dags/example_xcomargs.py
[2024-05-27T09:04:13.084+0000] {processor.py:830} INFO - Processing file /home/airflow/.local/lib/python3.12/site-packages/airflow/example_dags/example_xcomargs.py for tasks to queue
[2024-05-27T09:04:13.089+0000] {logging_mixin.py:188} INFO - [2024-05-27T09:04:13.089+0000] {dagbag.py:545} INFO - Filling up the DagBag from /home/airflow/.local/lib/python3.12/site-packages/airflow/example_dags/example_xcomargs.py
[2024-05-27T09:04:13.309+0000] {processor.py:840} INFO - DAG(s) 'example_xcom_args_with_operators', 'example_xcom_args' retrieved from /home/airflow/.local/lib/python3.12/site-packages/airflow/example_dags/example_xcomargs.py
[2024-05-27T09:04:20.656+0000] {logging_mixin.py:188} INFO - [2024-05-27T09:04:20.656+0000] {dag.py:3096} INFO - Sync 2 DAGs
[2024-05-27T09:04:20.710+0000] {logging_mixin.py:188} INFO - [2024-05-27T09:04:20.709+0000] {dag.py:3954} INFO - Setting next_dagrun for example_xcom_args to None, run_after=None
[2024-05-27T09:04:20.720+0000] {logging_mixin.py:188} INFO - [2024-05-27T09:04:20.720+0000] {dag.py:3954} INFO - Setting next_dagrun for example_xcom_args_with_operators to None, run_after=None
[2024-05-27T09:04:20.799+0000] {processor.py:183} INFO - Processing /home/airflow/.local/lib/python3.12/site-packages/airflow/example_dags/example_xcomargs.py took 7.726 seconds
[2024-05-27T09:05:53.083+0000] {processor.py:161} INFO - Started process (PID=422) to work on /home/airflow/.local/lib/python3.12/site-packages/airflow/example_dags/example_xcomargs.py
[2024-05-27T09:05:53.086+0000] {processor.py:830} INFO - Processing file /home/airflow/.local/lib/python3.12/site-packages/airflow/example_dags/example_xcomargs.py for tasks to queue
[2024-05-27T09:05:53.090+0000] {logging_mixin.py:188} INFO - [2024-05-27T09:05:53.090+0000] {dagbag.py:545} INFO - Filling up the DagBag from /home/airflow/.local/lib/python3.12/site-packages/airflow/example_dags/example_xcomargs.py
[2024-05-27T09:05:53.133+0000] {processor.py:840} INFO - DAG(s) 'example_xcom_args', 'example_xcom_args_with_operators' retrieved from /home/airflow/.local/lib/python3.12/site-packages/airflow/example_dags/example_xcomargs.py
[2024-05-27T09:05:53.209+0000] {logging_mixin.py:188} INFO - [2024-05-27T09:05:53.209+0000] {dag.py:3096} INFO - Sync 2 DAGs
[2024-05-27T09:05:53.240+0000] {logging_mixin.py:188} INFO - [2024-05-27T09:05:53.240+0000] {dag.py:3954} INFO - Setting next_dagrun for example_xcom_args to None, run_after=None
[2024-05-27T09:05:53.249+0000] {logging_mixin.py:188} INFO - [2024-05-27T09:05:53.248+0000] {dag.py:3954} INFO - Setting next_dagrun for example_xcom_args_with_operators to None, run_after=None
[2024-05-27T09:05:53.290+0000] {processor.py:183} INFO - Processing /home/airflow/.local/lib/python3.12/site-packages/airflow/example_dags/example_xcomargs.py took 0.226 seconds
[2024-05-27T09:07:49.502+0000] {processor.py:161} INFO - Started process (PID=492) to work on /home/airflow/.local/lib/python3.12/site-packages/airflow/example_dags/example_xcomargs.py
[2024-05-27T09:07:49.504+0000] {processor.py:830} INFO - Processing file /home/airflow/.local/lib/python3.12/site-packages/airflow/example_dags/example_xcomargs.py for tasks to queue
[2024-05-27T09:07:49.508+0000] {logging_mixin.py:188} INFO - [2024-05-27T09:07:49.507+0000] {dagbag.py:545} INFO - Filling up the DagBag from /home/airflow/.local/lib/python3.12/site-packages/airflow/example_dags/example_xcomargs.py
[2024-05-27T09:07:49.588+0000] {processor.py:840} INFO - DAG(s) 'example_xcom_args_with_operators', 'example_xcom_args' retrieved from /home/airflow/.local/lib/python3.12/site-packages/airflow/example_dags/example_xcomargs.py
[2024-05-27T09:07:50.330+0000] {logging_mixin.py:188} INFO - [2024-05-27T09:07:50.330+0000] {dag.py:3096} INFO - Sync 2 DAGs
[2024-05-27T09:07:50.348+0000] {logging_mixin.py:188} INFO - [2024-05-27T09:07:50.347+0000] {dag.py:3954} INFO - Setting next_dagrun for example_xcom_args to None, run_after=None
[2024-05-27T09:07:50.361+0000] {logging_mixin.py:188} INFO - [2024-05-27T09:07:50.358+0000] {dag.py:3954} INFO - Setting next_dagrun for example_xcom_args_with_operators to None, run_after=None
[2024-05-27T09:07:50.395+0000] {processor.py:183} INFO - Processing /home/airflow/.local/lib/python3.12/site-packages/airflow/example_dags/example_xcomargs.py took 0.908 seconds
[2024-05-27T09:09:30.834+0000] {processor.py:161} INFO - Started process (PID=564) to work on /home/airflow/.local/lib/python3.12/site-packages/airflow/example_dags/example_xcomargs.py
[2024-05-27T09:09:30.837+0000] {processor.py:830} INFO - Processing file /home/airflow/.local/lib/python3.12/site-packages/airflow/example_dags/example_xcomargs.py for tasks to queue
[2024-05-27T09:09:30.840+0000] {logging_mixin.py:188} INFO - [2024-05-27T09:09:30.840+0000] {dagbag.py:545} INFO - Filling up the DagBag from /home/airflow/.local/lib/python3.12/site-packages/airflow/example_dags/example_xcomargs.py
[2024-05-27T09:09:30.903+0000] {processor.py:840} INFO - DAG(s) 'example_xcom_args_with_operators', 'example_xcom_args' retrieved from /home/airflow/.local/lib/python3.12/site-packages/airflow/example_dags/example_xcomargs.py
[2024-05-27T09:09:31.067+0000] {logging_mixin.py:188} INFO - [2024-05-27T09:09:31.066+0000] {dag.py:3096} INFO - Sync 2 DAGs
[2024-05-27T09:09:31.090+0000] {logging_mixin.py:188} INFO - [2024-05-27T09:09:31.090+0000] {dag.py:3954} INFO - Setting next_dagrun for example_xcom_args to None, run_after=None
[2024-05-27T09:09:31.104+0000] {logging_mixin.py:188} INFO - [2024-05-27T09:09:31.103+0000] {dag.py:3954} INFO - Setting next_dagrun for example_xcom_args_with_operators to None, run_after=None
[2024-05-27T09:09:31.908+0000] {processor.py:183} INFO - Processing /home/airflow/.local/lib/python3.12/site-packages/airflow/example_dags/example_xcomargs.py took 1.080 seconds
[2024-05-27T09:11:46.275+0000] {processor.py:161} INFO - Started process (PID=65) to work on /home/airflow/.local/lib/python3.12/site-packages/airflow/example_dags/example_xcomargs.py
[2024-05-27T09:11:46.276+0000] {processor.py:830} INFO - Processing file /home/airflow/.local/lib/python3.12/site-packages/airflow/example_dags/example_xcomargs.py for tasks to queue
[2024-05-27T09:11:46.278+0000] {logging_mixin.py:188} INFO - [2024-05-27T09:11:46.278+0000] {dagbag.py:545} INFO - Filling up the DagBag from /home/airflow/.local/lib/python3.12/site-packages/airflow/example_dags/example_xcomargs.py
[2024-05-27T09:11:46.287+0000] {processor.py:840} INFO - DAG(s) 'example_xcom_args', 'example_xcom_args_with_operators' retrieved from /home/airflow/.local/lib/python3.12/site-packages/airflow/example_dags/example_xcomargs.py
[2024-05-27T09:11:46.300+0000] {logging_mixin.py:188} INFO - [2024-05-27T09:11:46.300+0000] {dag.py:3096} INFO - Sync 2 DAGs
[2024-05-27T09:11:46.312+0000] {logging_mixin.py:188} INFO - [2024-05-27T09:11:46.312+0000] {dag.py:3954} INFO - Setting next_dagrun for example_xcom_args to None, run_after=None
[2024-05-27T09:11:46.341+0000] {logging_mixin.py:188} INFO - [2024-05-27T09:11:46.341+0000] {dag.py:3954} INFO - Setting next_dagrun for example_xcom_args_with_operators to None, run_after=None
[2024-05-27T09:11:46.368+0000] {processor.py:183} INFO - Processing /home/airflow/.local/lib/python3.12/site-packages/airflow/example_dags/example_xcomargs.py took 0.098 seconds
[2024-05-27T09:24:47.521+0000] {processor.py:161} INFO - Started process (PID=65) to work on /home/airflow/.local/lib/python3.12/site-packages/airflow/example_dags/example_xcomargs.py
[2024-05-27T09:24:47.523+0000] {processor.py:830} INFO - Processing file /home/airflow/.local/lib/python3.12/site-packages/airflow/example_dags/example_xcomargs.py for tasks to queue
[2024-05-27T09:24:47.526+0000] {logging_mixin.py:188} INFO - [2024-05-27T09:24:47.525+0000] {dagbag.py:545} INFO - Filling up the DagBag from /home/airflow/.local/lib/python3.12/site-packages/airflow/example_dags/example_xcomargs.py
[2024-05-27T09:24:47.536+0000] {processor.py:840} INFO - DAG(s) 'example_xcom_args', 'example_xcom_args_with_operators' retrieved from /home/airflow/.local/lib/python3.12/site-packages/airflow/example_dags/example_xcomargs.py
[2024-05-27T09:24:47.548+0000] {logging_mixin.py:188} INFO - [2024-05-27T09:24:47.548+0000] {dag.py:3096} INFO - Sync 2 DAGs
[2024-05-27T09:24:47.559+0000] {logging_mixin.py:188} INFO - [2024-05-27T09:24:47.559+0000] {dag.py:3954} INFO - Setting next_dagrun for example_xcom_args to None, run_after=None
[2024-05-27T09:24:47.563+0000] {logging_mixin.py:188} INFO - [2024-05-27T09:24:47.563+0000] {dag.py:3954} INFO - Setting next_dagrun for example_xcom_args_with_operators to None, run_after=None
[2024-05-27T09:24:47.576+0000] {processor.py:183} INFO - Processing /home/airflow/.local/lib/python3.12/site-packages/airflow/example_dags/example_xcomargs.py took 0.059 seconds
[2024-05-27T09:28:22.968+0000] {processor.py:161} INFO - Started process (PID=66) to work on /home/airflow/.local/lib/python3.12/site-packages/airflow/example_dags/example_xcomargs.py
[2024-05-27T09:28:22.971+0000] {processor.py:830} INFO - Processing file /home/airflow/.local/lib/python3.12/site-packages/airflow/example_dags/example_xcomargs.py for tasks to queue
[2024-05-27T09:28:22.974+0000] {logging_mixin.py:188} INFO - [2024-05-27T09:28:22.973+0000] {dagbag.py:545} INFO - Filling up the DagBag from /home/airflow/.local/lib/python3.12/site-packages/airflow/example_dags/example_xcomargs.py
[2024-05-27T09:28:22.985+0000] {processor.py:840} INFO - DAG(s) 'example_xcom_args', 'example_xcom_args_with_operators' retrieved from /home/airflow/.local/lib/python3.12/site-packages/airflow/example_dags/example_xcomargs.py
[2024-05-27T09:28:23.001+0000] {logging_mixin.py:188} INFO - [2024-05-27T09:28:23.001+0000] {dag.py:3096} INFO - Sync 2 DAGs
[2024-05-27T09:28:23.017+0000] {logging_mixin.py:188} INFO - [2024-05-27T09:28:23.016+0000] {dag.py:3954} INFO - Setting next_dagrun for example_xcom_args to None, run_after=None
[2024-05-27T09:28:23.021+0000] {logging_mixin.py:188} INFO - [2024-05-27T09:28:23.021+0000] {dag.py:3954} INFO - Setting next_dagrun for example_xcom_args_with_operators to None, run_after=None
[2024-05-27T09:28:23.040+0000] {processor.py:183} INFO - Processing /home/airflow/.local/lib/python3.12/site-packages/airflow/example_dags/example_xcomargs.py took 0.078 seconds
[2024-05-27T09:33:43.379+0000] {processor.py:161} INFO - Started process (PID=66) to work on /home/airflow/.local/lib/python3.12/site-packages/airflow/example_dags/example_xcomargs.py
[2024-05-27T09:33:43.381+0000] {processor.py:830} INFO - Processing file /home/airflow/.local/lib/python3.12/site-packages/airflow/example_dags/example_xcomargs.py for tasks to queue
[2024-05-27T09:33:43.384+0000] {logging_mixin.py:188} INFO - [2024-05-27T09:33:43.383+0000] {dagbag.py:545} INFO - Filling up the DagBag from /home/airflow/.local/lib/python3.12/site-packages/airflow/example_dags/example_xcomargs.py
[2024-05-27T09:33:43.396+0000] {processor.py:840} INFO - DAG(s) 'example_xcom_args', 'example_xcom_args_with_operators' retrieved from /home/airflow/.local/lib/python3.12/site-packages/airflow/example_dags/example_xcomargs.py
[2024-05-27T09:33:43.411+0000] {logging_mixin.py:188} INFO - [2024-05-27T09:33:43.411+0000] {dag.py:3096} INFO - Sync 2 DAGs
[2024-05-27T09:33:43.427+0000] {logging_mixin.py:188} INFO - [2024-05-27T09:33:43.427+0000] {dag.py:3954} INFO - Setting next_dagrun for example_xcom_args to None, run_after=None
[2024-05-27T09:33:43.433+0000] {logging_mixin.py:188} INFO - [2024-05-27T09:33:43.433+0000] {dag.py:3954} INFO - Setting next_dagrun for example_xcom_args_with_operators to None, run_after=None
[2024-05-27T09:33:43.449+0000] {processor.py:183} INFO - Processing /home/airflow/.local/lib/python3.12/site-packages/airflow/example_dags/example_xcomargs.py took 0.075 seconds
[2024-05-27T09:37:31.503+0000] {processor.py:161} INFO - Started process (PID=151) to work on /home/airflow/.local/lib/python3.12/site-packages/airflow/example_dags/example_xcomargs.py
[2024-05-27T09:37:31.509+0000] {processor.py:830} INFO - Processing file /home/airflow/.local/lib/python3.12/site-packages/airflow/example_dags/example_xcomargs.py for tasks to queue
[2024-05-27T09:37:31.525+0000] {logging_mixin.py:188} INFO - [2024-05-27T09:37:31.521+0000] {dagbag.py:545} INFO - Filling up the DagBag from /home/airflow/.local/lib/python3.12/site-packages/airflow/example_dags/example_xcomargs.py
[2024-05-27T09:37:32.461+0000] {processor.py:840} INFO - DAG(s) 'example_xcom_args_with_operators', 'example_xcom_args' retrieved from /home/airflow/.local/lib/python3.12/site-packages/airflow/example_dags/example_xcomargs.py
[2024-05-27T09:37:40.956+0000] {logging_mixin.py:188} INFO - [2024-05-27T09:37:40.949+0000] {dag.py:3096} INFO - Sync 2 DAGs
[2024-05-27T09:37:41.110+0000] {logging_mixin.py:188} INFO - [2024-05-27T09:37:41.082+0000] {dag.py:3954} INFO - Setting next_dagrun for example_xcom_args to None, run_after=None
[2024-05-27T09:37:41.139+0000] {logging_mixin.py:188} INFO - [2024-05-27T09:37:41.139+0000] {dag.py:3954} INFO - Setting next_dagrun for example_xcom_args_with_operators to None, run_after=None
[2024-05-27T09:37:42.945+0000] {processor.py:183} INFO - Processing /home/airflow/.local/lib/python3.12/site-packages/airflow/example_dags/example_xcomargs.py took 12.172 seconds
[2024-05-27T09:41:41.330+0000] {processor.py:161} INFO - Started process (PID=248) to work on /home/airflow/.local/lib/python3.12/site-packages/airflow/example_dags/example_xcomargs.py
[2024-05-27T09:41:41.339+0000] {processor.py:830} INFO - Processing file /home/airflow/.local/lib/python3.12/site-packages/airflow/example_dags/example_xcomargs.py for tasks to queue
[2024-05-27T09:41:41.344+0000] {logging_mixin.py:188} INFO - [2024-05-27T09:41:41.344+0000] {dagbag.py:545} INFO - Filling up the DagBag from /home/airflow/.local/lib/python3.12/site-packages/airflow/example_dags/example_xcomargs.py
[2024-05-27T09:41:41.420+0000] {processor.py:840} INFO - DAG(s) 'example_xcom_args_with_operators', 'example_xcom_args' retrieved from /home/airflow/.local/lib/python3.12/site-packages/airflow/example_dags/example_xcomargs.py
[2024-05-27T09:41:42.993+0000] {logging_mixin.py:188} INFO - [2024-05-27T09:41:42.983+0000] {dag.py:3096} INFO - Sync 2 DAGs
[2024-05-27T09:41:43.041+0000] {logging_mixin.py:188} INFO - [2024-05-27T09:41:43.041+0000] {dag.py:3954} INFO - Setting next_dagrun for example_xcom_args to None, run_after=None
[2024-05-27T09:41:43.061+0000] {logging_mixin.py:188} INFO - [2024-05-27T09:41:43.061+0000] {dag.py:3954} INFO - Setting next_dagrun for example_xcom_args_with_operators to None, run_after=None
[2024-05-27T09:41:43.128+0000] {processor.py:183} INFO - Processing /home/airflow/.local/lib/python3.12/site-packages/airflow/example_dags/example_xcomargs.py took 1.829 seconds
[2024-05-27T10:07:10.551+0000] {processor.py:161} INFO - Started process (PID=66) to work on /home/airflow/.local/lib/python3.12/site-packages/airflow/example_dags/example_xcomargs.py
[2024-05-27T10:07:10.553+0000] {processor.py:830} INFO - Processing file /home/airflow/.local/lib/python3.12/site-packages/airflow/example_dags/example_xcomargs.py for tasks to queue
[2024-05-27T10:07:10.556+0000] {logging_mixin.py:188} INFO - [2024-05-27T10:07:10.556+0000] {dagbag.py:545} INFO - Filling up the DagBag from /home/airflow/.local/lib/python3.12/site-packages/airflow/example_dags/example_xcomargs.py
[2024-05-27T10:07:10.564+0000] {processor.py:840} INFO - DAG(s) 'example_xcom_args_with_operators', 'example_xcom_args' retrieved from /home/airflow/.local/lib/python3.12/site-packages/airflow/example_dags/example_xcomargs.py
[2024-05-27T10:07:10.580+0000] {logging_mixin.py:188} INFO - [2024-05-27T10:07:10.580+0000] {dag.py:3096} INFO - Sync 2 DAGs
[2024-05-27T10:07:10.601+0000] {logging_mixin.py:188} INFO - [2024-05-27T10:07:10.600+0000] {dag.py:3954} INFO - Setting next_dagrun for example_xcom_args to None, run_after=None
[2024-05-27T10:07:10.606+0000] {logging_mixin.py:188} INFO - [2024-05-27T10:07:10.606+0000] {dag.py:3954} INFO - Setting next_dagrun for example_xcom_args_with_operators to None, run_after=None
[2024-05-27T10:07:10.631+0000] {processor.py:183} INFO - Processing /home/airflow/.local/lib/python3.12/site-packages/airflow/example_dags/example_xcomargs.py took 0.085 seconds
[2024-05-27T10:07:42.005+0000] {processor.py:161} INFO - Started process (PID=124) to work on /home/airflow/.local/lib/python3.12/site-packages/airflow/example_dags/example_xcomargs.py
[2024-05-27T10:07:42.007+0000] {processor.py:830} INFO - Processing file /home/airflow/.local/lib/python3.12/site-packages/airflow/example_dags/example_xcomargs.py for tasks to queue
[2024-05-27T10:07:42.009+0000] {logging_mixin.py:188} INFO - [2024-05-27T10:07:42.009+0000] {dagbag.py:545} INFO - Filling up the DagBag from /home/airflow/.local/lib/python3.12/site-packages/airflow/example_dags/example_xcomargs.py
[2024-05-27T10:07:42.016+0000] {processor.py:840} INFO - DAG(s) 'example_xcom_args', 'example_xcom_args_with_operators' retrieved from /home/airflow/.local/lib/python3.12/site-packages/airflow/example_dags/example_xcomargs.py
[2024-05-27T10:07:42.099+0000] {logging_mixin.py:188} INFO - [2024-05-27T10:07:42.099+0000] {dag.py:3096} INFO - Sync 2 DAGs
[2024-05-27T10:07:42.108+0000] {logging_mixin.py:188} INFO - [2024-05-27T10:07:42.108+0000] {dag.py:3954} INFO - Setting next_dagrun for example_xcom_args to None, run_after=None
[2024-05-27T10:07:42.112+0000] {logging_mixin.py:188} INFO - [2024-05-27T10:07:42.112+0000] {dag.py:3954} INFO - Setting next_dagrun for example_xcom_args_with_operators to None, run_after=None
[2024-05-27T10:07:42.126+0000] {processor.py:183} INFO - Processing /home/airflow/.local/lib/python3.12/site-packages/airflow/example_dags/example_xcomargs.py took 0.125 seconds
