[2024-05-27T08:51:52.022+0000] {processor.py:161} INFO - Started process (PID=43) to work on /home/airflow/.local/lib/python3.12/site-packages/airflow/example_dags/example_branch_labels.py
[2024-05-27T08:51:52.023+0000] {processor.py:830} INFO - Processing file /home/airflow/.local/lib/python3.12/site-packages/airflow/example_dags/example_branch_labels.py for tasks to queue
[2024-05-27T08:51:52.026+0000] {logging_mixin.py:188} INFO - [2024-05-27T08:51:52.026+0000] {dagbag.py:545} INFO - Filling up the DagBag from /home/airflow/.local/lib/python3.12/site-packages/airflow/example_dags/example_branch_labels.py
[2024-05-27T08:51:52.045+0000] {processor.py:840} INFO - DAG(s) 'example_branch_labels' retrieved from /home/airflow/.local/lib/python3.12/site-packages/airflow/example_dags/example_branch_labels.py
[2024-05-27T08:51:52.144+0000] {logging_mixin.py:188} INFO - [2024-05-27T08:51:52.143+0000] {override.py:1829} INFO - Created Permission View: can edit on DAG:example_branch_labels
[2024-05-27T08:51:52.152+0000] {logging_mixin.py:188} INFO - [2024-05-27T08:51:52.152+0000] {override.py:1829} INFO - Created Permission View: can read on DAG:example_branch_labels
[2024-05-27T08:51:52.158+0000] {logging_mixin.py:188} INFO - [2024-05-27T08:51:52.158+0000] {override.py:1829} INFO - Created Permission View: can delete on DAG:example_branch_labels
[2024-05-27T08:51:52.160+0000] {logging_mixin.py:188} INFO - [2024-05-27T08:51:52.160+0000] {dag.py:3096} INFO - Sync 1 DAGs
[2024-05-27T08:51:52.169+0000] {logging_mixin.py:188} INFO - [2024-05-27T08:51:52.169+0000] {dag.py:3118} INFO - Creating ORM DAG for example_branch_labels
[2024-05-27T08:51:52.177+0000] {logging_mixin.py:188} INFO - [2024-05-27T08:51:52.177+0000] {dag.py:3954} INFO - Setting next_dagrun for example_branch_labels to 2024-05-26 00:00:00+00:00, run_after=2024-05-27 00:00:00+00:00
[2024-05-27T08:51:52.188+0000] {processor.py:183} INFO - Processing /home/airflow/.local/lib/python3.12/site-packages/airflow/example_dags/example_branch_labels.py took 0.171 seconds
[2024-05-27T08:52:23.551+0000] {processor.py:161} INFO - Started process (PID=106) to work on /home/airflow/.local/lib/python3.12/site-packages/airflow/example_dags/example_branch_labels.py
[2024-05-27T08:52:23.552+0000] {processor.py:830} INFO - Processing file /home/airflow/.local/lib/python3.12/site-packages/airflow/example_dags/example_branch_labels.py for tasks to queue
[2024-05-27T08:52:23.555+0000] {logging_mixin.py:188} INFO - [2024-05-27T08:52:23.555+0000] {dagbag.py:545} INFO - Filling up the DagBag from /home/airflow/.local/lib/python3.12/site-packages/airflow/example_dags/example_branch_labels.py
[2024-05-27T08:52:23.562+0000] {processor.py:840} INFO - DAG(s) 'example_branch_labels' retrieved from /home/airflow/.local/lib/python3.12/site-packages/airflow/example_dags/example_branch_labels.py
[2024-05-27T08:52:23.583+0000] {logging_mixin.py:188} INFO - [2024-05-27T08:52:23.583+0000] {dag.py:3096} INFO - Sync 1 DAGs
[2024-05-27T08:52:23.601+0000] {logging_mixin.py:188} INFO - [2024-05-27T08:52:23.601+0000] {dag.py:3954} INFO - Setting next_dagrun for example_branch_labels to 2024-05-26 00:00:00+00:00, run_after=2024-05-27 00:00:00+00:00
[2024-05-27T08:52:23.616+0000] {processor.py:183} INFO - Processing /home/airflow/.local/lib/python3.12/site-packages/airflow/example_dags/example_branch_labels.py took 0.071 seconds
[2024-05-27T08:53:53.231+0000] {processor.py:161} INFO - Started process (PID=158) to work on /home/airflow/.local/lib/python3.12/site-packages/airflow/example_dags/example_branch_labels.py
[2024-05-27T08:53:53.233+0000] {processor.py:830} INFO - Processing file /home/airflow/.local/lib/python3.12/site-packages/airflow/example_dags/example_branch_labels.py for tasks to queue
[2024-05-27T08:53:53.237+0000] {logging_mixin.py:188} INFO - [2024-05-27T08:53:53.237+0000] {dagbag.py:545} INFO - Filling up the DagBag from /home/airflow/.local/lib/python3.12/site-packages/airflow/example_dags/example_branch_labels.py
[2024-05-27T08:53:53.281+0000] {processor.py:840} INFO - DAG(s) 'example_branch_labels' retrieved from /home/airflow/.local/lib/python3.12/site-packages/airflow/example_dags/example_branch_labels.py
[2024-05-27T08:53:53.305+0000] {logging_mixin.py:188} INFO - [2024-05-27T08:53:53.304+0000] {dag.py:3096} INFO - Sync 1 DAGs
[2024-05-27T08:53:53.352+0000] {logging_mixin.py:188} INFO - [2024-05-27T08:53:53.352+0000] {dag.py:3954} INFO - Setting next_dagrun for example_branch_labels to 2024-05-26 00:00:00+00:00, run_after=2024-05-27 00:00:00+00:00
[2024-05-27T08:53:53.407+0000] {processor.py:183} INFO - Processing /home/airflow/.local/lib/python3.12/site-packages/airflow/example_dags/example_branch_labels.py took 0.182 seconds
[2024-05-27T08:55:43.304+0000] {processor.py:161} INFO - Started process (PID=43) to work on /home/airflow/.local/lib/python3.12/site-packages/airflow/example_dags/example_branch_labels.py
[2024-05-27T08:55:43.307+0000] {processor.py:830} INFO - Processing file /home/airflow/.local/lib/python3.12/site-packages/airflow/example_dags/example_branch_labels.py for tasks to queue
[2024-05-27T08:55:43.311+0000] {logging_mixin.py:188} INFO - [2024-05-27T08:55:43.310+0000] {dagbag.py:545} INFO - Filling up the DagBag from /home/airflow/.local/lib/python3.12/site-packages/airflow/example_dags/example_branch_labels.py
[2024-05-27T08:55:43.326+0000] {processor.py:840} INFO - DAG(s) 'example_branch_labels' retrieved from /home/airflow/.local/lib/python3.12/site-packages/airflow/example_dags/example_branch_labels.py
[2024-05-27T08:55:43.354+0000] {logging_mixin.py:188} INFO - [2024-05-27T08:55:43.353+0000] {dag.py:3096} INFO - Sync 1 DAGs
[2024-05-27T08:55:43.535+0000] {logging_mixin.py:188} INFO - [2024-05-27T08:55:43.531+0000] {dag.py:3954} INFO - Setting next_dagrun for example_branch_labels to 2024-05-26 00:00:00+00:00, run_after=2024-05-27 00:00:00+00:00
[2024-05-27T08:55:43.591+0000] {processor.py:183} INFO - Processing /home/airflow/.local/lib/python3.12/site-packages/airflow/example_dags/example_branch_labels.py took 0.295 seconds
[2024-05-27T08:56:54.119+0000] {processor.py:161} INFO - Started process (PID=108) to work on /home/airflow/.local/lib/python3.12/site-packages/airflow/example_dags/example_branch_labels.py
[2024-05-27T08:56:54.122+0000] {processor.py:830} INFO - Processing file /home/airflow/.local/lib/python3.12/site-packages/airflow/example_dags/example_branch_labels.py for tasks to queue
[2024-05-27T08:56:54.126+0000] {logging_mixin.py:188} INFO - [2024-05-27T08:56:54.126+0000] {dagbag.py:545} INFO - Filling up the DagBag from /home/airflow/.local/lib/python3.12/site-packages/airflow/example_dags/example_branch_labels.py
[2024-05-27T08:56:54.152+0000] {processor.py:840} INFO - DAG(s) 'example_branch_labels' retrieved from /home/airflow/.local/lib/python3.12/site-packages/airflow/example_dags/example_branch_labels.py
[2024-05-27T08:56:55.848+0000] {logging_mixin.py:188} INFO - [2024-05-27T08:56:55.846+0000] {dag.py:3096} INFO - Sync 1 DAGs
[2024-05-27T08:56:55.873+0000] {logging_mixin.py:188} INFO - [2024-05-27T08:56:55.873+0000] {dag.py:3954} INFO - Setting next_dagrun for example_branch_labels to 2024-05-26 00:00:00+00:00, run_after=2024-05-27 00:00:00+00:00
[2024-05-27T08:56:55.926+0000] {processor.py:183} INFO - Processing /home/airflow/.local/lib/python3.12/site-packages/airflow/example_dags/example_branch_labels.py took 1.823 seconds
[2024-05-27T08:59:42.897+0000] {processor.py:161} INFO - Started process (PID=194) to work on /home/airflow/.local/lib/python3.12/site-packages/airflow/example_dags/example_branch_labels.py
[2024-05-27T08:59:42.918+0000] {processor.py:830} INFO - Processing file /home/airflow/.local/lib/python3.12/site-packages/airflow/example_dags/example_branch_labels.py for tasks to queue
[2024-05-27T08:59:42.997+0000] {logging_mixin.py:188} INFO - [2024-05-27T08:59:42.968+0000] {dagbag.py:545} INFO - Filling up the DagBag from /home/airflow/.local/lib/python3.12/site-packages/airflow/example_dags/example_branch_labels.py
[2024-05-27T08:59:44.204+0000] {processor.py:840} INFO - DAG(s) 'example_branch_labels' retrieved from /home/airflow/.local/lib/python3.12/site-packages/airflow/example_dags/example_branch_labels.py
[2024-05-27T08:59:45.905+0000] {logging_mixin.py:188} INFO - [2024-05-27T08:59:45.903+0000] {dag.py:3096} INFO - Sync 1 DAGs
[2024-05-27T08:59:47.626+0000] {logging_mixin.py:188} INFO - [2024-05-27T08:59:47.624+0000] {dag.py:3954} INFO - Setting next_dagrun for example_branch_labels to 2024-05-26 00:00:00+00:00, run_after=2024-05-27 00:00:00+00:00
[2024-05-27T08:59:47.666+0000] {processor.py:183} INFO - Processing /home/airflow/.local/lib/python3.12/site-packages/airflow/example_dags/example_branch_labels.py took 4.947 seconds
[2024-05-27T09:01:38.637+0000] {processor.py:161} INFO - Started process (PID=259) to work on /home/airflow/.local/lib/python3.12/site-packages/airflow/example_dags/example_branch_labels.py
[2024-05-27T09:01:38.645+0000] {processor.py:830} INFO - Processing file /home/airflow/.local/lib/python3.12/site-packages/airflow/example_dags/example_branch_labels.py for tasks to queue
[2024-05-27T09:01:38.664+0000] {logging_mixin.py:188} INFO - [2024-05-27T09:01:38.650+0000] {dagbag.py:545} INFO - Filling up the DagBag from /home/airflow/.local/lib/python3.12/site-packages/airflow/example_dags/example_branch_labels.py
[2024-05-27T09:01:42.604+0000] {processor.py:840} INFO - DAG(s) 'example_branch_labels' retrieved from /home/airflow/.local/lib/python3.12/site-packages/airflow/example_dags/example_branch_labels.py
[2024-05-27T09:01:43.575+0000] {logging_mixin.py:188} INFO - [2024-05-27T09:01:43.571+0000] {dag.py:3096} INFO - Sync 1 DAGs
[2024-05-27T09:01:43.671+0000] {logging_mixin.py:188} INFO - [2024-05-27T09:01:43.670+0000] {dag.py:3954} INFO - Setting next_dagrun for example_branch_labels to 2024-05-26 00:00:00+00:00, run_after=2024-05-27 00:00:00+00:00
[2024-05-27T09:01:44.164+0000] {processor.py:183} INFO - Processing /home/airflow/.local/lib/python3.12/site-packages/airflow/example_dags/example_branch_labels.py took 5.597 seconds
[2024-05-27T09:03:40.425+0000] {processor.py:161} INFO - Started process (PID=309) to work on /home/airflow/.local/lib/python3.12/site-packages/airflow/example_dags/example_branch_labels.py
[2024-05-27T09:03:40.435+0000] {processor.py:830} INFO - Processing file /home/airflow/.local/lib/python3.12/site-packages/airflow/example_dags/example_branch_labels.py for tasks to queue
[2024-05-27T09:03:40.445+0000] {logging_mixin.py:188} INFO - [2024-05-27T09:03:40.440+0000] {dagbag.py:545} INFO - Filling up the DagBag from /home/airflow/.local/lib/python3.12/site-packages/airflow/example_dags/example_branch_labels.py
[2024-05-27T09:03:41.796+0000] {processor.py:840} INFO - DAG(s) 'example_branch_labels' retrieved from /home/airflow/.local/lib/python3.12/site-packages/airflow/example_dags/example_branch_labels.py
[2024-05-27T09:03:42.892+0000] {logging_mixin.py:188} INFO - [2024-05-27T09:03:42.884+0000] {dag.py:3096} INFO - Sync 1 DAGs
[2024-05-27T09:03:42.969+0000] {logging_mixin.py:188} INFO - [2024-05-27T09:03:42.968+0000] {dag.py:3954} INFO - Setting next_dagrun for example_branch_labels to 2024-05-26 00:00:00+00:00, run_after=2024-05-27 00:00:00+00:00
[2024-05-27T09:03:43.028+0000] {processor.py:183} INFO - Processing /home/airflow/.local/lib/python3.12/site-packages/airflow/example_dags/example_branch_labels.py took 2.665 seconds
[2024-05-27T09:05:16.672+0000] {processor.py:161} INFO - Started process (PID=385) to work on /home/airflow/.local/lib/python3.12/site-packages/airflow/example_dags/example_branch_labels.py
[2024-05-27T09:05:16.674+0000] {processor.py:830} INFO - Processing file /home/airflow/.local/lib/python3.12/site-packages/airflow/example_dags/example_branch_labels.py for tasks to queue
[2024-05-27T09:05:16.676+0000] {logging_mixin.py:188} INFO - [2024-05-27T09:05:16.676+0000] {dagbag.py:545} INFO - Filling up the DagBag from /home/airflow/.local/lib/python3.12/site-packages/airflow/example_dags/example_branch_labels.py
[2024-05-27T09:05:16.691+0000] {processor.py:840} INFO - DAG(s) 'example_branch_labels' retrieved from /home/airflow/.local/lib/python3.12/site-packages/airflow/example_dags/example_branch_labels.py
[2024-05-27T09:05:16.720+0000] {logging_mixin.py:188} INFO - [2024-05-27T09:05:16.720+0000] {dag.py:3096} INFO - Sync 1 DAGs
[2024-05-27T09:05:16.739+0000] {logging_mixin.py:188} INFO - [2024-05-27T09:05:16.738+0000] {dag.py:3954} INFO - Setting next_dagrun for example_branch_labels to 2024-05-26 00:00:00+00:00, run_after=2024-05-27 00:00:00+00:00
[2024-05-27T09:05:16.757+0000] {processor.py:183} INFO - Processing /home/airflow/.local/lib/python3.12/site-packages/airflow/example_dags/example_branch_labels.py took 0.091 seconds
[2024-05-27T09:07:00.369+0000] {processor.py:161} INFO - Started process (PID=444) to work on /home/airflow/.local/lib/python3.12/site-packages/airflow/example_dags/example_branch_labels.py
[2024-05-27T09:07:00.385+0000] {processor.py:830} INFO - Processing file /home/airflow/.local/lib/python3.12/site-packages/airflow/example_dags/example_branch_labels.py for tasks to queue
[2024-05-27T09:07:00.398+0000] {logging_mixin.py:188} INFO - [2024-05-27T09:07:00.393+0000] {dagbag.py:545} INFO - Filling up the DagBag from /home/airflow/.local/lib/python3.12/site-packages/airflow/example_dags/example_branch_labels.py
[2024-05-27T09:07:01.335+0000] {processor.py:840} INFO - DAG(s) 'example_branch_labels' retrieved from /home/airflow/.local/lib/python3.12/site-packages/airflow/example_dags/example_branch_labels.py
[2024-05-27T09:07:06.059+0000] {logging_mixin.py:188} INFO - [2024-05-27T09:07:06.053+0000] {dag.py:3096} INFO - Sync 1 DAGs
[2024-05-27T09:07:06.337+0000] {logging_mixin.py:188} INFO - [2024-05-27T09:07:06.334+0000] {dag.py:3954} INFO - Setting next_dagrun for example_branch_labels to 2024-05-26 00:00:00+00:00, run_after=2024-05-27 00:00:00+00:00
[2024-05-27T09:07:06.386+0000] {processor.py:183} INFO - Processing /home/airflow/.local/lib/python3.12/site-packages/airflow/example_dags/example_branch_labels.py took 6.069 seconds
[2024-05-27T09:08:40.351+0000] {processor.py:161} INFO - Started process (PID=527) to work on /home/airflow/.local/lib/python3.12/site-packages/airflow/example_dags/example_branch_labels.py
[2024-05-27T09:08:40.360+0000] {processor.py:830} INFO - Processing file /home/airflow/.local/lib/python3.12/site-packages/airflow/example_dags/example_branch_labels.py for tasks to queue
[2024-05-27T09:08:40.367+0000] {logging_mixin.py:188} INFO - [2024-05-27T09:08:40.365+0000] {dagbag.py:545} INFO - Filling up the DagBag from /home/airflow/.local/lib/python3.12/site-packages/airflow/example_dags/example_branch_labels.py
[2024-05-27T09:08:40.408+0000] {processor.py:840} INFO - DAG(s) 'example_branch_labels' retrieved from /home/airflow/.local/lib/python3.12/site-packages/airflow/example_dags/example_branch_labels.py
[2024-05-27T09:08:40.549+0000] {logging_mixin.py:188} INFO - [2024-05-27T09:08:40.545+0000] {dag.py:3096} INFO - Sync 1 DAGs
[2024-05-27T09:08:41.424+0000] {logging_mixin.py:188} INFO - [2024-05-27T09:08:41.417+0000] {dag.py:3954} INFO - Setting next_dagrun for example_branch_labels to 2024-05-26 00:00:00+00:00, run_after=2024-05-27 00:00:00+00:00
[2024-05-27T09:08:41.463+0000] {processor.py:183} INFO - Processing /home/airflow/.local/lib/python3.12/site-packages/airflow/example_dags/example_branch_labels.py took 1.126 seconds
[2024-05-27T09:11:40.595+0000] {processor.py:161} INFO - Started process (PID=43) to work on /home/airflow/.local/lib/python3.12/site-packages/airflow/example_dags/example_branch_labels.py
[2024-05-27T09:11:40.599+0000] {processor.py:830} INFO - Processing file /home/airflow/.local/lib/python3.12/site-packages/airflow/example_dags/example_branch_labels.py for tasks to queue
[2024-05-27T09:11:40.618+0000] {logging_mixin.py:188} INFO - [2024-05-27T09:11:40.618+0000] {dagbag.py:545} INFO - Filling up the DagBag from /home/airflow/.local/lib/python3.12/site-packages/airflow/example_dags/example_branch_labels.py
[2024-05-27T09:11:40.683+0000] {processor.py:840} INFO - DAG(s) 'example_branch_labels' retrieved from /home/airflow/.local/lib/python3.12/site-packages/airflow/example_dags/example_branch_labels.py
[2024-05-27T09:11:40.719+0000] {logging_mixin.py:188} INFO - [2024-05-27T09:11:40.719+0000] {dag.py:3096} INFO - Sync 1 DAGs
[2024-05-27T09:11:40.796+0000] {logging_mixin.py:188} INFO - [2024-05-27T09:11:40.795+0000] {dag.py:3954} INFO - Setting next_dagrun for example_branch_labels to 2024-05-26 00:00:00+00:00, run_after=2024-05-27 00:00:00+00:00
[2024-05-27T09:11:40.842+0000] {processor.py:183} INFO - Processing /home/airflow/.local/lib/python3.12/site-packages/airflow/example_dags/example_branch_labels.py took 0.254 seconds
[2024-05-27T09:13:22.563+0000] {processor.py:161} INFO - Started process (PID=107) to work on /home/airflow/.local/lib/python3.12/site-packages/airflow/example_dags/example_branch_labels.py
[2024-05-27T09:13:22.570+0000] {processor.py:830} INFO - Processing file /home/airflow/.local/lib/python3.12/site-packages/airflow/example_dags/example_branch_labels.py for tasks to queue
[2024-05-27T09:13:22.595+0000] {logging_mixin.py:188} INFO - [2024-05-27T09:13:22.593+0000] {dagbag.py:545} INFO - Filling up the DagBag from /home/airflow/.local/lib/python3.12/site-packages/airflow/example_dags/example_branch_labels.py
[2024-05-27T09:13:22.917+0000] {processor.py:840} INFO - DAG(s) 'example_branch_labels' retrieved from /home/airflow/.local/lib/python3.12/site-packages/airflow/example_dags/example_branch_labels.py
[2024-05-27T09:13:27.700+0000] {logging_mixin.py:188} INFO - [2024-05-27T09:13:27.700+0000] {dag.py:3096} INFO - Sync 1 DAGs
[2024-05-27T09:13:27.735+0000] {logging_mixin.py:188} INFO - [2024-05-27T09:13:27.733+0000] {dag.py:3954} INFO - Setting next_dagrun for example_branch_labels to 2024-05-26 00:00:00+00:00, run_after=2024-05-27 00:00:00+00:00
[2024-05-27T09:13:27.812+0000] {processor.py:183} INFO - Processing /home/airflow/.local/lib/python3.12/site-packages/airflow/example_dags/example_branch_labels.py took 5.846 seconds
[2024-05-27T09:24:43.179+0000] {processor.py:161} INFO - Started process (PID=43) to work on /home/airflow/.local/lib/python3.12/site-packages/airflow/example_dags/example_branch_labels.py
[2024-05-27T09:24:43.182+0000] {processor.py:830} INFO - Processing file /home/airflow/.local/lib/python3.12/site-packages/airflow/example_dags/example_branch_labels.py for tasks to queue
[2024-05-27T09:24:43.185+0000] {logging_mixin.py:188} INFO - [2024-05-27T09:24:43.184+0000] {dagbag.py:545} INFO - Filling up the DagBag from /home/airflow/.local/lib/python3.12/site-packages/airflow/example_dags/example_branch_labels.py
[2024-05-27T09:24:43.228+0000] {processor.py:840} INFO - DAG(s) 'example_branch_labels' retrieved from /home/airflow/.local/lib/python3.12/site-packages/airflow/example_dags/example_branch_labels.py
[2024-05-27T09:24:43.298+0000] {logging_mixin.py:188} INFO - [2024-05-27T09:24:43.298+0000] {dag.py:3096} INFO - Sync 1 DAGs
[2024-05-27T09:24:43.398+0000] {logging_mixin.py:188} INFO - [2024-05-27T09:24:43.397+0000] {dag.py:3954} INFO - Setting next_dagrun for example_branch_labels to 2024-05-26 00:00:00+00:00, run_after=2024-05-27 00:00:00+00:00
[2024-05-27T09:24:43.452+0000] {processor.py:183} INFO - Processing /home/airflow/.local/lib/python3.12/site-packages/airflow/example_dags/example_branch_labels.py took 0.280 seconds
[2024-05-27T09:28:17.239+0000] {processor.py:161} INFO - Started process (PID=44) to work on /home/airflow/.local/lib/python3.12/site-packages/airflow/example_dags/example_branch_labels.py
[2024-05-27T09:28:17.245+0000] {processor.py:830} INFO - Processing file /home/airflow/.local/lib/python3.12/site-packages/airflow/example_dags/example_branch_labels.py for tasks to queue
[2024-05-27T09:28:17.267+0000] {logging_mixin.py:188} INFO - [2024-05-27T09:28:17.261+0000] {dagbag.py:545} INFO - Filling up the DagBag from /home/airflow/.local/lib/python3.12/site-packages/airflow/example_dags/example_branch_labels.py
[2024-05-27T09:28:17.303+0000] {processor.py:840} INFO - DAG(s) 'example_branch_labels' retrieved from /home/airflow/.local/lib/python3.12/site-packages/airflow/example_dags/example_branch_labels.py
[2024-05-27T09:28:17.449+0000] {logging_mixin.py:188} INFO - [2024-05-27T09:28:17.430+0000] {dag.py:3096} INFO - Sync 1 DAGs
[2024-05-27T09:28:17.546+0000] {logging_mixin.py:188} INFO - [2024-05-27T09:28:17.546+0000] {dag.py:3954} INFO - Setting next_dagrun for example_branch_labels to 2024-05-26 00:00:00+00:00, run_after=2024-05-27 00:00:00+00:00
[2024-05-27T09:28:17.594+0000] {processor.py:183} INFO - Processing /home/airflow/.local/lib/python3.12/site-packages/airflow/example_dags/example_branch_labels.py took 0.386 seconds
[2024-05-27T09:29:56.402+0000] {processor.py:161} INFO - Started process (PID=116) to work on /home/airflow/.local/lib/python3.12/site-packages/airflow/example_dags/example_branch_labels.py
[2024-05-27T09:29:56.407+0000] {processor.py:830} INFO - Processing file /home/airflow/.local/lib/python3.12/site-packages/airflow/example_dags/example_branch_labels.py for tasks to queue
[2024-05-27T09:29:56.443+0000] {logging_mixin.py:188} INFO - [2024-05-27T09:29:56.434+0000] {dagbag.py:545} INFO - Filling up the DagBag from /home/airflow/.local/lib/python3.12/site-packages/airflow/example_dags/example_branch_labels.py
[2024-05-27T09:29:56.612+0000] {processor.py:840} INFO - DAG(s) 'example_branch_labels' retrieved from /home/airflow/.local/lib/python3.12/site-packages/airflow/example_dags/example_branch_labels.py
[2024-05-27T09:30:01.041+0000] {logging_mixin.py:188} INFO - [2024-05-27T09:30:01.039+0000] {dag.py:3096} INFO - Sync 1 DAGs
[2024-05-27T09:30:01.184+0000] {logging_mixin.py:188} INFO - [2024-05-27T09:30:01.181+0000] {dag.py:3954} INFO - Setting next_dagrun for example_branch_labels to 2024-05-26 00:00:00+00:00, run_after=2024-05-27 00:00:00+00:00
[2024-05-27T09:30:04.277+0000] {processor.py:183} INFO - Processing /home/airflow/.local/lib/python3.12/site-packages/airflow/example_dags/example_branch_labels.py took 9.943 seconds
[2024-05-27T09:32:08.812+0000] {processor.py:161} INFO - Started process (PID=156) to work on /home/airflow/.local/lib/python3.12/site-packages/airflow/example_dags/example_branch_labels.py
[2024-05-27T09:32:08.825+0000] {processor.py:830} INFO - Processing file /home/airflow/.local/lib/python3.12/site-packages/airflow/example_dags/example_branch_labels.py for tasks to queue
[2024-05-27T09:32:08.862+0000] {logging_mixin.py:188} INFO - [2024-05-27T09:32:08.847+0000] {dagbag.py:545} INFO - Filling up the DagBag from /home/airflow/.local/lib/python3.12/site-packages/airflow/example_dags/example_branch_labels.py
[2024-05-27T09:32:09.006+0000] {processor.py:840} INFO - DAG(s) 'example_branch_labels' retrieved from /home/airflow/.local/lib/python3.12/site-packages/airflow/example_dags/example_branch_labels.py
[2024-05-27T09:32:09.135+0000] {logging_mixin.py:188} INFO - [2024-05-27T09:32:09.134+0000] {dag.py:3096} INFO - Sync 1 DAGs
[2024-05-27T09:32:09.284+0000] {logging_mixin.py:188} INFO - [2024-05-27T09:32:09.283+0000] {dag.py:3954} INFO - Setting next_dagrun for example_branch_labels to 2024-05-26 00:00:00+00:00, run_after=2024-05-27 00:00:00+00:00
[2024-05-27T09:32:09.373+0000] {processor.py:183} INFO - Processing /home/airflow/.local/lib/python3.12/site-packages/airflow/example_dags/example_branch_labels.py took 0.632 seconds
[2024-05-27T09:33:36.797+0000] {processor.py:161} INFO - Started process (PID=44) to work on /home/airflow/.local/lib/python3.12/site-packages/airflow/example_dags/example_branch_labels.py
[2024-05-27T09:33:36.801+0000] {processor.py:830} INFO - Processing file /home/airflow/.local/lib/python3.12/site-packages/airflow/example_dags/example_branch_labels.py for tasks to queue
[2024-05-27T09:33:36.805+0000] {logging_mixin.py:188} INFO - [2024-05-27T09:33:36.804+0000] {dagbag.py:545} INFO - Filling up the DagBag from /home/airflow/.local/lib/python3.12/site-packages/airflow/example_dags/example_branch_labels.py
[2024-05-27T09:33:36.830+0000] {processor.py:840} INFO - DAG(s) 'example_branch_labels' retrieved from /home/airflow/.local/lib/python3.12/site-packages/airflow/example_dags/example_branch_labels.py
[2024-05-27T09:33:36.893+0000] {logging_mixin.py:188} INFO - [2024-05-27T09:33:36.893+0000] {dag.py:3096} INFO - Sync 1 DAGs
[2024-05-27T09:33:36.970+0000] {logging_mixin.py:188} INFO - [2024-05-27T09:33:36.970+0000] {dag.py:3954} INFO - Setting next_dagrun for example_branch_labels to 2024-05-26 00:00:00+00:00, run_after=2024-05-27 00:00:00+00:00
[2024-05-27T09:33:37.009+0000] {processor.py:183} INFO - Processing /home/airflow/.local/lib/python3.12/site-packages/airflow/example_dags/example_branch_labels.py took 0.224 seconds
[2024-05-27T09:35:26.513+0000] {processor.py:161} INFO - Started process (PID=110) to work on /home/airflow/.local/lib/python3.12/site-packages/airflow/example_dags/example_branch_labels.py
[2024-05-27T09:35:26.518+0000] {processor.py:830} INFO - Processing file /home/airflow/.local/lib/python3.12/site-packages/airflow/example_dags/example_branch_labels.py for tasks to queue
[2024-05-27T09:35:26.524+0000] {logging_mixin.py:188} INFO - [2024-05-27T09:35:26.523+0000] {dagbag.py:545} INFO - Filling up the DagBag from /home/airflow/.local/lib/python3.12/site-packages/airflow/example_dags/example_branch_labels.py
[2024-05-27T09:35:26.615+0000] {processor.py:840} INFO - DAG(s) 'example_branch_labels' retrieved from /home/airflow/.local/lib/python3.12/site-packages/airflow/example_dags/example_branch_labels.py
[2024-05-27T09:35:28.339+0000] {logging_mixin.py:188} INFO - [2024-05-27T09:35:28.339+0000] {dag.py:3096} INFO - Sync 1 DAGs
[2024-05-27T09:35:28.361+0000] {logging_mixin.py:188} INFO - [2024-05-27T09:35:28.361+0000] {dag.py:3954} INFO - Setting next_dagrun for example_branch_labels to 2024-05-26 00:00:00+00:00, run_after=2024-05-27 00:00:00+00:00
[2024-05-27T09:35:28.416+0000] {processor.py:183} INFO - Processing /home/airflow/.local/lib/python3.12/site-packages/airflow/example_dags/example_branch_labels.py took 1.915 seconds
[2024-05-27T09:39:52.453+0000] {processor.py:161} INFO - Started process (PID=207) to work on /home/airflow/.local/lib/python3.12/site-packages/airflow/example_dags/example_branch_labels.py
[2024-05-27T09:39:52.465+0000] {processor.py:830} INFO - Processing file /home/airflow/.local/lib/python3.12/site-packages/airflow/example_dags/example_branch_labels.py for tasks to queue
[2024-05-27T09:39:52.477+0000] {logging_mixin.py:188} INFO - [2024-05-27T09:39:52.469+0000] {dagbag.py:545} INFO - Filling up the DagBag from /home/airflow/.local/lib/python3.12/site-packages/airflow/example_dags/example_branch_labels.py
[2024-05-27T09:39:52.660+0000] {processor.py:840} INFO - DAG(s) 'example_branch_labels' retrieved from /home/airflow/.local/lib/python3.12/site-packages/airflow/example_dags/example_branch_labels.py
[2024-05-27T09:39:53.053+0000] {logging_mixin.py:188} INFO - [2024-05-27T09:39:53.047+0000] {dag.py:3096} INFO - Sync 1 DAGs
[2024-05-27T09:39:53.523+0000] {logging_mixin.py:188} INFO - [2024-05-27T09:39:53.516+0000] {dag.py:3954} INFO - Setting next_dagrun for example_branch_labels to 2024-05-26 00:00:00+00:00, run_after=2024-05-27 00:00:00+00:00
[2024-05-27T09:39:53.737+0000] {processor.py:183} INFO - Processing /home/airflow/.local/lib/python3.12/site-packages/airflow/example_dags/example_branch_labels.py took 1.377 seconds
[2024-05-27T09:42:37.309+0000] {processor.py:161} INFO - Started process (PID=282) to work on /home/airflow/.local/lib/python3.12/site-packages/airflow/example_dags/example_branch_labels.py
[2024-05-27T09:42:38.190+0000] {processor.py:830} INFO - Processing file /home/airflow/.local/lib/python3.12/site-packages/airflow/example_dags/example_branch_labels.py for tasks to queue
[2024-05-27T09:42:38.200+0000] {logging_mixin.py:188} INFO - [2024-05-27T09:42:38.196+0000] {dagbag.py:545} INFO - Filling up the DagBag from /home/airflow/.local/lib/python3.12/site-packages/airflow/example_dags/example_branch_labels.py
[2024-05-27T09:42:38.771+0000] {processor.py:840} INFO - DAG(s) 'example_branch_labels' retrieved from /home/airflow/.local/lib/python3.12/site-packages/airflow/example_dags/example_branch_labels.py
[2024-05-27T09:42:38.915+0000] {logging_mixin.py:188} INFO - [2024-05-27T09:42:38.907+0000] {dag.py:3096} INFO - Sync 1 DAGs
[2024-05-27T09:42:39.950+0000] {logging_mixin.py:188} INFO - [2024-05-27T09:42:39.945+0000] {dag.py:3954} INFO - Setting next_dagrun for example_branch_labels to 2024-05-26 00:00:00+00:00, run_after=2024-05-27 00:00:00+00:00
[2024-05-27T09:42:40.035+0000] {processor.py:183} INFO - Processing /home/airflow/.local/lib/python3.12/site-packages/airflow/example_dags/example_branch_labels.py took 2.836 seconds
[2024-05-27T10:07:08.466+0000] {processor.py:161} INFO - Started process (PID=44) to work on /home/airflow/.local/lib/python3.12/site-packages/airflow/example_dags/example_branch_labels.py
[2024-05-27T10:07:08.469+0000] {processor.py:830} INFO - Processing file /home/airflow/.local/lib/python3.12/site-packages/airflow/example_dags/example_branch_labels.py for tasks to queue
[2024-05-27T10:07:08.475+0000] {logging_mixin.py:188} INFO - [2024-05-27T10:07:08.475+0000] {dagbag.py:545} INFO - Filling up the DagBag from /home/airflow/.local/lib/python3.12/site-packages/airflow/example_dags/example_branch_labels.py
[2024-05-27T10:07:08.499+0000] {processor.py:840} INFO - DAG(s) 'example_branch_labels' retrieved from /home/airflow/.local/lib/python3.12/site-packages/airflow/example_dags/example_branch_labels.py
[2024-05-27T10:07:08.527+0000] {logging_mixin.py:188} INFO - [2024-05-27T10:07:08.526+0000] {dag.py:3096} INFO - Sync 1 DAGs
[2024-05-27T10:07:08.567+0000] {logging_mixin.py:188} INFO - [2024-05-27T10:07:08.567+0000] {dag.py:3954} INFO - Setting next_dagrun for example_branch_labels to 2024-05-26 00:00:00+00:00, run_after=2024-05-27 00:00:00+00:00
[2024-05-27T10:07:08.605+0000] {processor.py:183} INFO - Processing /home/airflow/.local/lib/python3.12/site-packages/airflow/example_dags/example_branch_labels.py took 0.145 seconds
[2024-05-27T10:07:40.031+0000] {processor.py:161} INFO - Started process (PID=102) to work on /home/airflow/.local/lib/python3.12/site-packages/airflow/example_dags/example_branch_labels.py
[2024-05-27T10:07:40.033+0000] {processor.py:830} INFO - Processing file /home/airflow/.local/lib/python3.12/site-packages/airflow/example_dags/example_branch_labels.py for tasks to queue
[2024-05-27T10:07:40.036+0000] {logging_mixin.py:188} INFO - [2024-05-27T10:07:40.036+0000] {dagbag.py:545} INFO - Filling up the DagBag from /home/airflow/.local/lib/python3.12/site-packages/airflow/example_dags/example_branch_labels.py
[2024-05-27T10:07:40.044+0000] {processor.py:840} INFO - DAG(s) 'example_branch_labels' retrieved from /home/airflow/.local/lib/python3.12/site-packages/airflow/example_dags/example_branch_labels.py
[2024-05-27T10:07:40.112+0000] {logging_mixin.py:188} INFO - [2024-05-27T10:07:40.112+0000] {dag.py:3096} INFO - Sync 1 DAGs
[2024-05-27T10:07:40.127+0000] {logging_mixin.py:188} INFO - [2024-05-27T10:07:40.127+0000] {dag.py:3954} INFO - Setting next_dagrun for example_branch_labels to 2024-05-26 00:00:00+00:00, run_after=2024-05-27 00:00:00+00:00
[2024-05-27T10:07:40.141+0000] {processor.py:183} INFO - Processing /home/airflow/.local/lib/python3.12/site-packages/airflow/example_dags/example_branch_labels.py took 0.118 seconds
