[2024-05-27T08:51:45.382+0000] {processor.py:161} INFO - Started process (PID=26) to work on /home/airflow/.local/lib/python3.12/site-packages/airflow/example_dags/example_task_group_decorator.py
[2024-05-27T08:51:45.393+0000] {processor.py:830} INFO - Processing file /home/airflow/.local/lib/python3.12/site-packages/airflow/example_dags/example_task_group_decorator.py for tasks to queue
[2024-05-27T08:51:45.398+0000] {logging_mixin.py:188} INFO - [2024-05-27T08:51:45.398+0000] {dagbag.py:545} INFO - Filling up the DagBag from /home/airflow/.local/lib/python3.12/site-packages/airflow/example_dags/example_task_group_decorator.py
[2024-05-27T08:51:45.429+0000] {processor.py:840} INFO - DAG(s) 'example_task_group_decorator' retrieved from /home/airflow/.local/lib/python3.12/site-packages/airflow/example_dags/example_task_group_decorator.py
[2024-05-27T08:51:45.727+0000] {logging_mixin.py:188} INFO - [2024-05-27T08:51:45.727+0000] {override.py:1829} INFO - Created Permission View: can edit on DAG:example_task_group_decorator
[2024-05-27T08:51:45.737+0000] {logging_mixin.py:188} INFO - [2024-05-27T08:51:45.736+0000] {override.py:1829} INFO - Created Permission View: can read on DAG:example_task_group_decorator
[2024-05-27T08:51:45.741+0000] {logging_mixin.py:188} INFO - [2024-05-27T08:51:45.741+0000] {override.py:1829} INFO - Created Permission View: can delete on DAG:example_task_group_decorator
[2024-05-27T08:51:45.743+0000] {logging_mixin.py:188} INFO - [2024-05-27T08:51:45.743+0000] {dag.py:3096} INFO - Sync 1 DAGs
[2024-05-27T08:51:45.753+0000] {logging_mixin.py:188} INFO - [2024-05-27T08:51:45.753+0000] {dag.py:3118} INFO - Creating ORM DAG for example_task_group_decorator
[2024-05-27T08:51:45.763+0000] {logging_mixin.py:188} INFO - [2024-05-27T08:51:45.763+0000] {dag.py:3954} INFO - Setting next_dagrun for example_task_group_decorator to 2024-05-26 00:00:00+00:00, run_after=2024-05-27 00:00:00+00:00
[2024-05-27T08:51:45.776+0000] {processor.py:183} INFO - Processing /home/airflow/.local/lib/python3.12/site-packages/airflow/example_dags/example_task_group_decorator.py took 0.398 seconds
[2024-05-27T08:52:15.873+0000] {processor.py:161} INFO - Started process (PID=89) to work on /home/airflow/.local/lib/python3.12/site-packages/airflow/example_dags/example_task_group_decorator.py
[2024-05-27T08:52:15.877+0000] {processor.py:830} INFO - Processing file /home/airflow/.local/lib/python3.12/site-packages/airflow/example_dags/example_task_group_decorator.py for tasks to queue
[2024-05-27T08:52:15.883+0000] {logging_mixin.py:188} INFO - [2024-05-27T08:52:15.881+0000] {dagbag.py:545} INFO - Filling up the DagBag from /home/airflow/.local/lib/python3.12/site-packages/airflow/example_dags/example_task_group_decorator.py
[2024-05-27T08:52:16.458+0000] {processor.py:840} INFO - DAG(s) 'example_task_group_decorator' retrieved from /home/airflow/.local/lib/python3.12/site-packages/airflow/example_dags/example_task_group_decorator.py
[2024-05-27T08:52:18.235+0000] {logging_mixin.py:188} INFO - [2024-05-27T08:52:18.227+0000] {dag.py:3096} INFO - Sync 1 DAGs
[2024-05-27T08:52:22.469+0000] {logging_mixin.py:188} INFO - [2024-05-27T08:52:22.461+0000] {dag.py:3954} INFO - Setting next_dagrun for example_task_group_decorator to 2024-05-26 00:00:00+00:00, run_after=2024-05-27 00:00:00+00:00
[2024-05-27T08:52:22.531+0000] {processor.py:183} INFO - Processing /home/airflow/.local/lib/python3.12/site-packages/airflow/example_dags/example_task_group_decorator.py took 6.677 seconds
[2024-05-27T08:52:53.190+0000] {processor.py:161} INFO - Started process (PID=141) to work on /home/airflow/.local/lib/python3.12/site-packages/airflow/example_dags/example_task_group_decorator.py
[2024-05-27T08:52:54.220+0000] {processor.py:830} INFO - Processing file /home/airflow/.local/lib/python3.12/site-packages/airflow/example_dags/example_task_group_decorator.py for tasks to queue
[2024-05-27T08:52:54.630+0000] {logging_mixin.py:188} INFO - [2024-05-27T08:52:54.621+0000] {dagbag.py:545} INFO - Filling up the DagBag from /home/airflow/.local/lib/python3.12/site-packages/airflow/example_dags/example_task_group_decorator.py
[2024-05-27T08:52:55.449+0000] {processor.py:840} INFO - DAG(s) 'example_task_group_decorator' retrieved from /home/airflow/.local/lib/python3.12/site-packages/airflow/example_dags/example_task_group_decorator.py
[2024-05-27T08:52:56.311+0000] {logging_mixin.py:188} INFO - [2024-05-27T08:52:56.311+0000] {dag.py:3096} INFO - Sync 1 DAGs
[2024-05-27T08:52:57.098+0000] {logging_mixin.py:188} INFO - [2024-05-27T08:52:57.095+0000] {dag.py:3954} INFO - Setting next_dagrun for example_task_group_decorator to 2024-05-26 00:00:00+00:00, run_after=2024-05-27 00:00:00+00:00
[2024-05-27T08:52:57.163+0000] {processor.py:183} INFO - Processing /home/airflow/.local/lib/python3.12/site-packages/airflow/example_dags/example_task_group_decorator.py took 4.052 seconds
[2024-05-27T08:55:41.617+0000] {processor.py:161} INFO - Started process (PID=26) to work on /home/airflow/.local/lib/python3.12/site-packages/airflow/example_dags/example_task_group_decorator.py
[2024-05-27T08:55:41.619+0000] {processor.py:830} INFO - Processing file /home/airflow/.local/lib/python3.12/site-packages/airflow/example_dags/example_task_group_decorator.py for tasks to queue
[2024-05-27T08:55:41.622+0000] {logging_mixin.py:188} INFO - [2024-05-27T08:55:41.621+0000] {dagbag.py:545} INFO - Filling up the DagBag from /home/airflow/.local/lib/python3.12/site-packages/airflow/example_dags/example_task_group_decorator.py
[2024-05-27T08:55:41.656+0000] {processor.py:840} INFO - DAG(s) 'example_task_group_decorator' retrieved from /home/airflow/.local/lib/python3.12/site-packages/airflow/example_dags/example_task_group_decorator.py
[2024-05-27T08:55:41.700+0000] {logging_mixin.py:188} INFO - [2024-05-27T08:55:41.700+0000] {dag.py:3096} INFO - Sync 1 DAGs
[2024-05-27T08:55:41.723+0000] {logging_mixin.py:188} INFO - [2024-05-27T08:55:41.723+0000] {dag.py:3954} INFO - Setting next_dagrun for example_task_group_decorator to 2024-05-26 00:00:00+00:00, run_after=2024-05-27 00:00:00+00:00
[2024-05-27T08:55:41.743+0000] {processor.py:183} INFO - Processing /home/airflow/.local/lib/python3.12/site-packages/airflow/example_dags/example_task_group_decorator.py took 0.131 seconds
[2024-05-27T08:56:12.612+0000] {processor.py:161} INFO - Started process (PID=85) to work on /home/airflow/.local/lib/python3.12/site-packages/airflow/example_dags/example_task_group_decorator.py
[2024-05-27T08:56:12.616+0000] {processor.py:830} INFO - Processing file /home/airflow/.local/lib/python3.12/site-packages/airflow/example_dags/example_task_group_decorator.py for tasks to queue
[2024-05-27T08:56:12.634+0000] {logging_mixin.py:188} INFO - [2024-05-27T08:56:12.630+0000] {dagbag.py:545} INFO - Filling up the DagBag from /home/airflow/.local/lib/python3.12/site-packages/airflow/example_dags/example_task_group_decorator.py
[2024-05-27T08:56:12.692+0000] {processor.py:840} INFO - DAG(s) 'example_task_group_decorator' retrieved from /home/airflow/.local/lib/python3.12/site-packages/airflow/example_dags/example_task_group_decorator.py
[2024-05-27T08:56:20.513+0000] {logging_mixin.py:188} INFO - [2024-05-27T08:56:20.505+0000] {dag.py:3096} INFO - Sync 1 DAGs
[2024-05-27T08:56:24.086+0000] {logging_mixin.py:188} INFO - [2024-05-27T08:56:24.080+0000] {dag.py:3954} INFO - Setting next_dagrun for example_task_group_decorator to 2024-05-26 00:00:00+00:00, run_after=2024-05-27 00:00:00+00:00
[2024-05-27T08:56:24.361+0000] {processor.py:183} INFO - Processing /home/airflow/.local/lib/python3.12/site-packages/airflow/example_dags/example_task_group_decorator.py took 11.782 seconds
[2024-05-27T08:58:53.033+0000] {processor.py:161} INFO - Started process (PID=170) to work on /home/airflow/.local/lib/python3.12/site-packages/airflow/example_dags/example_task_group_decorator.py
[2024-05-27T08:58:53.040+0000] {processor.py:830} INFO - Processing file /home/airflow/.local/lib/python3.12/site-packages/airflow/example_dags/example_task_group_decorator.py for tasks to queue
[2024-05-27T08:58:53.046+0000] {logging_mixin.py:188} INFO - [2024-05-27T08:58:53.043+0000] {dagbag.py:545} INFO - Filling up the DagBag from /home/airflow/.local/lib/python3.12/site-packages/airflow/example_dags/example_task_group_decorator.py
[2024-05-27T08:58:55.414+0000] {processor.py:840} INFO - DAG(s) 'example_task_group_decorator' retrieved from /home/airflow/.local/lib/python3.12/site-packages/airflow/example_dags/example_task_group_decorator.py
[2024-05-27T08:58:58.733+0000] {logging_mixin.py:188} INFO - [2024-05-27T08:58:58.731+0000] {dag.py:3096} INFO - Sync 1 DAGs
[2024-05-27T08:58:59.343+0000] {logging_mixin.py:188} INFO - [2024-05-27T08:58:59.331+0000] {dag.py:3954} INFO - Setting next_dagrun for example_task_group_decorator to 2024-05-26 00:00:00+00:00, run_after=2024-05-27 00:00:00+00:00
[2024-05-27T08:59:02.136+0000] {processor.py:183} INFO - Processing /home/airflow/.local/lib/python3.12/site-packages/airflow/example_dags/example_task_group_decorator.py took 9.750 seconds
[2024-05-27T09:00:52.736+0000] {processor.py:161} INFO - Started process (PID=230) to work on /home/airflow/.local/lib/python3.12/site-packages/airflow/example_dags/example_task_group_decorator.py
[2024-05-27T09:00:52.745+0000] {processor.py:830} INFO - Processing file /home/airflow/.local/lib/python3.12/site-packages/airflow/example_dags/example_task_group_decorator.py for tasks to queue
[2024-05-27T09:00:52.760+0000] {logging_mixin.py:188} INFO - [2024-05-27T09:00:52.755+0000] {dagbag.py:545} INFO - Filling up the DagBag from /home/airflow/.local/lib/python3.12/site-packages/airflow/example_dags/example_task_group_decorator.py
[2024-05-27T09:00:54.715+0000] {processor.py:840} INFO - DAG(s) 'example_task_group_decorator' retrieved from /home/airflow/.local/lib/python3.12/site-packages/airflow/example_dags/example_task_group_decorator.py
[2024-05-27T09:00:58.022+0000] {logging_mixin.py:188} INFO - [2024-05-27T09:00:58.021+0000] {dag.py:3096} INFO - Sync 1 DAGs
[2024-05-27T09:01:05.038+0000] {logging_mixin.py:188} INFO - [2024-05-27T09:01:05.036+0000] {dag.py:3954} INFO - Setting next_dagrun for example_task_group_decorator to 2024-05-26 00:00:00+00:00, run_after=2024-05-27 00:00:00+00:00
[2024-05-27T09:01:05.108+0000] {processor.py:183} INFO - Processing /home/airflow/.local/lib/python3.12/site-packages/airflow/example_dags/example_task_group_decorator.py took 13.320 seconds
[2024-05-27T09:02:41.048+0000] {processor.py:161} INFO - Started process (PID=284) to work on /home/airflow/.local/lib/python3.12/site-packages/airflow/example_dags/example_task_group_decorator.py
[2024-05-27T09:02:41.060+0000] {processor.py:830} INFO - Processing file /home/airflow/.local/lib/python3.12/site-packages/airflow/example_dags/example_task_group_decorator.py for tasks to queue
[2024-05-27T09:02:41.068+0000] {logging_mixin.py:188} INFO - [2024-05-27T09:02:41.063+0000] {dagbag.py:545} INFO - Filling up the DagBag from /home/airflow/.local/lib/python3.12/site-packages/airflow/example_dags/example_task_group_decorator.py
[2024-05-27T09:02:41.826+0000] {processor.py:840} INFO - DAG(s) 'example_task_group_decorator' retrieved from /home/airflow/.local/lib/python3.12/site-packages/airflow/example_dags/example_task_group_decorator.py
[2024-05-27T09:02:43.469+0000] {logging_mixin.py:188} INFO - [2024-05-27T09:02:43.452+0000] {dag.py:3096} INFO - Sync 1 DAGs
[2024-05-27T09:02:44.572+0000] {logging_mixin.py:188} INFO - [2024-05-27T09:02:44.570+0000] {dag.py:3954} INFO - Setting next_dagrun for example_task_group_decorator to 2024-05-26 00:00:00+00:00, run_after=2024-05-27 00:00:00+00:00
[2024-05-27T09:02:44.826+0000] {processor.py:183} INFO - Processing /home/airflow/.local/lib/python3.12/site-packages/airflow/example_dags/example_task_group_decorator.py took 3.826 seconds
[2024-05-27T09:03:04.319+0000] {processor.py:161} INFO - Started process (PID=286) to work on /home/airflow/.local/lib/python3.12/site-packages/airflow/example_dags/example_task_group_decorator.py
[2024-05-27T09:03:04.325+0000] {processor.py:830} INFO - Processing file /home/airflow/.local/lib/python3.12/site-packages/airflow/example_dags/example_task_group_decorator.py for tasks to queue
[2024-05-27T09:03:04.382+0000] {logging_mixin.py:188} INFO - [2024-05-27T09:03:04.369+0000] {dagbag.py:545} INFO - Filling up the DagBag from /home/airflow/.local/lib/python3.12/site-packages/airflow/example_dags/example_task_group_decorator.py
[2024-05-27T09:03:04.545+0000] {processor.py:840} INFO - DAG(s) 'example_task_group_decorator' retrieved from /home/airflow/.local/lib/python3.12/site-packages/airflow/example_dags/example_task_group_decorator.py
[2024-05-27T09:03:05.863+0000] {logging_mixin.py:188} INFO - [2024-05-27T09:03:05.859+0000] {dag.py:3096} INFO - Sync 1 DAGs
[2024-05-27T09:03:06.061+0000] {logging_mixin.py:188} INFO - [2024-05-27T09:03:06.060+0000] {dag.py:3954} INFO - Setting next_dagrun for example_task_group_decorator to 2024-05-26 00:00:00+00:00, run_after=2024-05-27 00:00:00+00:00
[2024-05-27T09:03:06.139+0000] {processor.py:183} INFO - Processing /home/airflow/.local/lib/python3.12/site-packages/airflow/example_dags/example_task_group_decorator.py took 1.879 seconds
[2024-05-27T09:04:44.442+0000] {processor.py:161} INFO - Started process (PID=361) to work on /home/airflow/.local/lib/python3.12/site-packages/airflow/example_dags/example_task_group_decorator.py
[2024-05-27T09:04:44.444+0000] {processor.py:830} INFO - Processing file /home/airflow/.local/lib/python3.12/site-packages/airflow/example_dags/example_task_group_decorator.py for tasks to queue
[2024-05-27T09:04:44.457+0000] {logging_mixin.py:188} INFO - [2024-05-27T09:04:44.457+0000] {dagbag.py:545} INFO - Filling up the DagBag from /home/airflow/.local/lib/python3.12/site-packages/airflow/example_dags/example_task_group_decorator.py
[2024-05-27T09:04:44.569+0000] {processor.py:840} INFO - DAG(s) 'example_task_group_decorator' retrieved from /home/airflow/.local/lib/python3.12/site-packages/airflow/example_dags/example_task_group_decorator.py
[2024-05-27T09:04:48.319+0000] {logging_mixin.py:188} INFO - [2024-05-27T09:04:48.318+0000] {dag.py:3096} INFO - Sync 1 DAGs
[2024-05-27T09:04:48.478+0000] {logging_mixin.py:188} INFO - [2024-05-27T09:04:48.475+0000] {dag.py:3954} INFO - Setting next_dagrun for example_task_group_decorator to 2024-05-26 00:00:00+00:00, run_after=2024-05-27 00:00:00+00:00
[2024-05-27T09:04:48.595+0000] {processor.py:183} INFO - Processing /home/airflow/.local/lib/python3.12/site-packages/airflow/example_dags/example_task_group_decorator.py took 4.167 seconds
[2024-05-27T09:05:44.290+0000] {processor.py:161} INFO - Started process (PID=406) to work on /home/airflow/.local/lib/python3.12/site-packages/airflow/example_dags/example_task_group_decorator.py
[2024-05-27T09:05:44.293+0000] {processor.py:830} INFO - Processing file /home/airflow/.local/lib/python3.12/site-packages/airflow/example_dags/example_task_group_decorator.py for tasks to queue
[2024-05-27T09:05:44.294+0000] {logging_mixin.py:188} INFO - [2024-05-27T09:05:44.294+0000] {dagbag.py:545} INFO - Filling up the DagBag from /home/airflow/.local/lib/python3.12/site-packages/airflow/example_dags/example_task_group_decorator.py
[2024-05-27T09:05:44.341+0000] {processor.py:840} INFO - DAG(s) 'example_task_group_decorator' retrieved from /home/airflow/.local/lib/python3.12/site-packages/airflow/example_dags/example_task_group_decorator.py
[2024-05-27T09:05:48.345+0000] {logging_mixin.py:188} INFO - [2024-05-27T09:05:48.339+0000] {dag.py:3096} INFO - Sync 1 DAGs
[2024-05-27T09:05:48.480+0000] {logging_mixin.py:188} INFO - [2024-05-27T09:05:48.457+0000] {dag.py:3954} INFO - Setting next_dagrun for example_task_group_decorator to 2024-05-26 00:00:00+00:00, run_after=2024-05-27 00:00:00+00:00
[2024-05-27T09:05:49.196+0000] {processor.py:183} INFO - Processing /home/airflow/.local/lib/python3.12/site-packages/airflow/example_dags/example_task_group_decorator.py took 4.915 seconds
[2024-05-27T09:07:23.205+0000] {processor.py:161} INFO - Started process (PID=460) to work on /home/airflow/.local/lib/python3.12/site-packages/airflow/example_dags/example_task_group_decorator.py
[2024-05-27T09:07:23.213+0000] {processor.py:830} INFO - Processing file /home/airflow/.local/lib/python3.12/site-packages/airflow/example_dags/example_task_group_decorator.py for tasks to queue
[2024-05-27T09:07:23.220+0000] {logging_mixin.py:188} INFO - [2024-05-27T09:07:23.217+0000] {dagbag.py:545} INFO - Filling up the DagBag from /home/airflow/.local/lib/python3.12/site-packages/airflow/example_dags/example_task_group_decorator.py
[2024-05-27T09:07:23.370+0000] {processor.py:840} INFO - DAG(s) 'example_task_group_decorator' retrieved from /home/airflow/.local/lib/python3.12/site-packages/airflow/example_dags/example_task_group_decorator.py
[2024-05-27T09:07:23.588+0000] {logging_mixin.py:188} INFO - [2024-05-27T09:07:23.579+0000] {dag.py:3096} INFO - Sync 1 DAGs
[2024-05-27T09:07:24.315+0000] {logging_mixin.py:188} INFO - [2024-05-27T09:07:24.301+0000] {dag.py:3954} INFO - Setting next_dagrun for example_task_group_decorator to 2024-05-26 00:00:00+00:00, run_after=2024-05-27 00:00:00+00:00
[2024-05-27T09:07:25.306+0000] {processor.py:183} INFO - Processing /home/airflow/.local/lib/python3.12/site-packages/airflow/example_dags/example_task_group_decorator.py took 2.741 seconds
[2024-05-27T09:08:12.024+0000] {processor.py:161} INFO - Started process (PID=511) to work on /home/airflow/.local/lib/python3.12/site-packages/airflow/example_dags/example_task_group_decorator.py
[2024-05-27T09:08:12.039+0000] {processor.py:830} INFO - Processing file /home/airflow/.local/lib/python3.12/site-packages/airflow/example_dags/example_task_group_decorator.py for tasks to queue
[2024-05-27T09:08:12.959+0000] {logging_mixin.py:188} INFO - [2024-05-27T09:08:12.044+0000] {dagbag.py:545} INFO - Filling up the DagBag from /home/airflow/.local/lib/python3.12/site-packages/airflow/example_dags/example_task_group_decorator.py
[2024-05-27T09:08:13.102+0000] {processor.py:840} INFO - DAG(s) 'example_task_group_decorator' retrieved from /home/airflow/.local/lib/python3.12/site-packages/airflow/example_dags/example_task_group_decorator.py
[2024-05-27T09:08:14.860+0000] {logging_mixin.py:188} INFO - [2024-05-27T09:08:14.850+0000] {dag.py:3096} INFO - Sync 1 DAGs
[2024-05-27T09:08:16.226+0000] {logging_mixin.py:188} INFO - [2024-05-27T09:08:16.123+0000] {dag.py:3954} INFO - Setting next_dagrun for example_task_group_decorator to 2024-05-26 00:00:00+00:00, run_after=2024-05-27 00:00:00+00:00
[2024-05-27T09:08:17.265+0000] {processor.py:183} INFO - Processing /home/airflow/.local/lib/python3.12/site-packages/airflow/example_dags/example_task_group_decorator.py took 5.277 seconds
[2024-05-27T09:08:52.898+0000] {processor.py:161} INFO - Started process (PID=543) to work on /home/airflow/.local/lib/python3.12/site-packages/airflow/example_dags/example_task_group_decorator.py
[2024-05-27T09:08:52.940+0000] {processor.py:830} INFO - Processing file /home/airflow/.local/lib/python3.12/site-packages/airflow/example_dags/example_task_group_decorator.py for tasks to queue
[2024-05-27T09:08:53.000+0000] {logging_mixin.py:188} INFO - [2024-05-27T09:08:52.975+0000] {dagbag.py:545} INFO - Filling up the DagBag from /home/airflow/.local/lib/python3.12/site-packages/airflow/example_dags/example_task_group_decorator.py
[2024-05-27T09:08:54.087+0000] {processor.py:840} INFO - DAG(s) 'example_task_group_decorator' retrieved from /home/airflow/.local/lib/python3.12/site-packages/airflow/example_dags/example_task_group_decorator.py
[2024-05-27T09:08:54.213+0000] {logging_mixin.py:188} INFO - [2024-05-27T09:08:54.213+0000] {dag.py:3096} INFO - Sync 1 DAGs
[2024-05-27T09:08:54.248+0000] {logging_mixin.py:188} INFO - [2024-05-27T09:08:54.248+0000] {dag.py:3954} INFO - Setting next_dagrun for example_task_group_decorator to 2024-05-26 00:00:00+00:00, run_after=2024-05-27 00:00:00+00:00
[2024-05-27T09:08:54.293+0000] {processor.py:183} INFO - Processing /home/airflow/.local/lib/python3.12/site-packages/airflow/example_dags/example_task_group_decorator.py took 1.424 seconds
[2024-05-27T09:09:56.289+0000] {processor.py:161} INFO - Started process (PID=577) to work on /home/airflow/.local/lib/python3.12/site-packages/airflow/example_dags/example_task_group_decorator.py
[2024-05-27T09:09:56.311+0000] {processor.py:830} INFO - Processing file /home/airflow/.local/lib/python3.12/site-packages/airflow/example_dags/example_task_group_decorator.py for tasks to queue
[2024-05-27T09:09:56.343+0000] {logging_mixin.py:188} INFO - [2024-05-27T09:09:56.322+0000] {dagbag.py:545} INFO - Filling up the DagBag from /home/airflow/.local/lib/python3.12/site-packages/airflow/example_dags/example_task_group_decorator.py
[2024-05-27T09:09:56.529+0000] {processor.py:840} INFO - DAG(s) 'example_task_group_decorator' retrieved from /home/airflow/.local/lib/python3.12/site-packages/airflow/example_dags/example_task_group_decorator.py
[2024-05-27T09:09:57.786+0000] {logging_mixin.py:188} INFO - [2024-05-27T09:09:57.777+0000] {dag.py:3096} INFO - Sync 1 DAGs
[2024-05-27T09:09:58.028+0000] {logging_mixin.py:188} INFO - [2024-05-27T09:09:58.026+0000] {dag.py:3954} INFO - Setting next_dagrun for example_task_group_decorator to 2024-05-26 00:00:00+00:00, run_after=2024-05-27 00:00:00+00:00
[2024-05-27T09:09:58.155+0000] {processor.py:183} INFO - Processing /home/airflow/.local/lib/python3.12/site-packages/airflow/example_dags/example_task_group_decorator.py took 3.546 seconds
[2024-05-27T09:11:38.677+0000] {processor.py:161} INFO - Started process (PID=26) to work on /home/airflow/.local/lib/python3.12/site-packages/airflow/example_dags/example_task_group_decorator.py
[2024-05-27T09:11:38.679+0000] {processor.py:830} INFO - Processing file /home/airflow/.local/lib/python3.12/site-packages/airflow/example_dags/example_task_group_decorator.py for tasks to queue
[2024-05-27T09:11:38.684+0000] {logging_mixin.py:188} INFO - [2024-05-27T09:11:38.682+0000] {dagbag.py:545} INFO - Filling up the DagBag from /home/airflow/.local/lib/python3.12/site-packages/airflow/example_dags/example_task_group_decorator.py
[2024-05-27T09:11:38.709+0000] {processor.py:840} INFO - DAG(s) 'example_task_group_decorator' retrieved from /home/airflow/.local/lib/python3.12/site-packages/airflow/example_dags/example_task_group_decorator.py
[2024-05-27T09:11:38.734+0000] {logging_mixin.py:188} INFO - [2024-05-27T09:11:38.734+0000] {dag.py:3096} INFO - Sync 1 DAGs
[2024-05-27T09:11:38.752+0000] {logging_mixin.py:188} INFO - [2024-05-27T09:11:38.752+0000] {dag.py:3954} INFO - Setting next_dagrun for example_task_group_decorator to 2024-05-26 00:00:00+00:00, run_after=2024-05-27 00:00:00+00:00
[2024-05-27T09:11:38.779+0000] {processor.py:183} INFO - Processing /home/airflow/.local/lib/python3.12/site-packages/airflow/example_dags/example_task_group_decorator.py took 0.110 seconds
[2024-05-27T09:12:09.000+0000] {processor.py:161} INFO - Started process (PID=84) to work on /home/airflow/.local/lib/python3.12/site-packages/airflow/example_dags/example_task_group_decorator.py
[2024-05-27T09:12:09.005+0000] {processor.py:830} INFO - Processing file /home/airflow/.local/lib/python3.12/site-packages/airflow/example_dags/example_task_group_decorator.py for tasks to queue
[2024-05-27T09:12:09.022+0000] {logging_mixin.py:188} INFO - [2024-05-27T09:12:09.021+0000] {dagbag.py:545} INFO - Filling up the DagBag from /home/airflow/.local/lib/python3.12/site-packages/airflow/example_dags/example_task_group_decorator.py
[2024-05-27T09:12:09.307+0000] {processor.py:840} INFO - DAG(s) 'example_task_group_decorator' retrieved from /home/airflow/.local/lib/python3.12/site-packages/airflow/example_dags/example_task_group_decorator.py
[2024-05-27T09:12:13.540+0000] {logging_mixin.py:188} INFO - [2024-05-27T09:12:13.507+0000] {dag.py:3096} INFO - Sync 1 DAGs
[2024-05-27T09:12:14.392+0000] {logging_mixin.py:188} INFO - [2024-05-27T09:12:14.381+0000] {dag.py:3954} INFO - Setting next_dagrun for example_task_group_decorator to 2024-05-26 00:00:00+00:00, run_after=2024-05-27 00:00:00+00:00
[2024-05-27T09:12:14.842+0000] {processor.py:183} INFO - Processing /home/airflow/.local/lib/python3.12/site-packages/airflow/example_dags/example_task_group_decorator.py took 5.889 seconds
[2024-05-27T09:24:41.438+0000] {processor.py:161} INFO - Started process (PID=26) to work on /home/airflow/.local/lib/python3.12/site-packages/airflow/example_dags/example_task_group_decorator.py
[2024-05-27T09:24:41.444+0000] {processor.py:830} INFO - Processing file /home/airflow/.local/lib/python3.12/site-packages/airflow/example_dags/example_task_group_decorator.py for tasks to queue
[2024-05-27T09:24:41.447+0000] {logging_mixin.py:188} INFO - [2024-05-27T09:24:41.446+0000] {dagbag.py:545} INFO - Filling up the DagBag from /home/airflow/.local/lib/python3.12/site-packages/airflow/example_dags/example_task_group_decorator.py
[2024-05-27T09:24:41.476+0000] {processor.py:840} INFO - DAG(s) 'example_task_group_decorator' retrieved from /home/airflow/.local/lib/python3.12/site-packages/airflow/example_dags/example_task_group_decorator.py
[2024-05-27T09:24:41.500+0000] {logging_mixin.py:188} INFO - [2024-05-27T09:24:41.500+0000] {dag.py:3096} INFO - Sync 1 DAGs
[2024-05-27T09:24:41.531+0000] {logging_mixin.py:188} INFO - [2024-05-27T09:24:41.531+0000] {dag.py:3954} INFO - Setting next_dagrun for example_task_group_decorator to 2024-05-26 00:00:00+00:00, run_after=2024-05-27 00:00:00+00:00
[2024-05-27T09:24:41.556+0000] {processor.py:183} INFO - Processing /home/airflow/.local/lib/python3.12/site-packages/airflow/example_dags/example_task_group_decorator.py took 0.122 seconds
[2024-05-27T09:25:12.379+0000] {processor.py:161} INFO - Started process (PID=85) to work on /home/airflow/.local/lib/python3.12/site-packages/airflow/example_dags/example_task_group_decorator.py
[2024-05-27T09:25:12.383+0000] {processor.py:830} INFO - Processing file /home/airflow/.local/lib/python3.12/site-packages/airflow/example_dags/example_task_group_decorator.py for tasks to queue
[2024-05-27T09:25:12.402+0000] {logging_mixin.py:188} INFO - [2024-05-27T09:25:12.399+0000] {dagbag.py:545} INFO - Filling up the DagBag from /home/airflow/.local/lib/python3.12/site-packages/airflow/example_dags/example_task_group_decorator.py
[2024-05-27T09:25:12.455+0000] {processor.py:840} INFO - DAG(s) 'example_task_group_decorator' retrieved from /home/airflow/.local/lib/python3.12/site-packages/airflow/example_dags/example_task_group_decorator.py
[2024-05-27T09:25:23.483+0000] {logging_mixin.py:188} INFO - [2024-05-27T09:25:23.468+0000] {dag.py:3096} INFO - Sync 1 DAGs
[2024-05-27T09:25:34.360+0000] {logging_mixin.py:188} INFO - [2024-05-27T09:25:34.337+0000] {dag.py:3954} INFO - Setting next_dagrun for example_task_group_decorator to 2024-05-26 00:00:00+00:00, run_after=2024-05-27 00:00:00+00:00
[2024-05-27T09:25:35.109+0000] {processor.py:183} INFO - Processing /home/airflow/.local/lib/python3.12/site-packages/airflow/example_dags/example_task_group_decorator.py took 22.699 seconds
[2024-05-27T09:27:02.851+0000] {processor.py:161} INFO - Started process (PID=115) to work on /home/airflow/.local/lib/python3.12/site-packages/airflow/example_dags/example_task_group_decorator.py
[2024-05-27T09:27:02.861+0000] {processor.py:830} INFO - Processing file /home/airflow/.local/lib/python3.12/site-packages/airflow/example_dags/example_task_group_decorator.py for tasks to queue
[2024-05-27T09:27:03.229+0000] {logging_mixin.py:188} INFO - [2024-05-27T09:27:02.952+0000] {dagbag.py:545} INFO - Filling up the DagBag from /home/airflow/.local/lib/python3.12/site-packages/airflow/example_dags/example_task_group_decorator.py
[2024-05-27T09:27:07.033+0000] {processor.py:840} INFO - DAG(s) 'example_task_group_decorator' retrieved from /home/airflow/.local/lib/python3.12/site-packages/airflow/example_dags/example_task_group_decorator.py
[2024-05-27T09:27:11.808+0000] {logging_mixin.py:188} INFO - [2024-05-27T09:27:11.798+0000] {dag.py:3096} INFO - Sync 1 DAGs
[2024-05-27T09:27:20.315+0000] {logging_mixin.py:188} INFO - [2024-05-27T09:27:20.222+0000] {dag.py:3954} INFO - Setting next_dagrun for example_task_group_decorator to 2024-05-26 00:00:00+00:00, run_after=2024-05-27 00:00:00+00:00
[2024-05-27T09:27:22.133+0000] {processor.py:183} INFO - Processing /home/airflow/.local/lib/python3.12/site-packages/airflow/example_dags/example_task_group_decorator.py took 19.335 seconds
[2024-05-27T09:28:15.320+0000] {processor.py:161} INFO - Started process (PID=27) to work on /home/airflow/.local/lib/python3.12/site-packages/airflow/example_dags/example_task_group_decorator.py
[2024-05-27T09:28:15.327+0000] {processor.py:830} INFO - Processing file /home/airflow/.local/lib/python3.12/site-packages/airflow/example_dags/example_task_group_decorator.py for tasks to queue
[2024-05-27T09:28:15.331+0000] {logging_mixin.py:188} INFO - [2024-05-27T09:28:15.331+0000] {dagbag.py:545} INFO - Filling up the DagBag from /home/airflow/.local/lib/python3.12/site-packages/airflow/example_dags/example_task_group_decorator.py
[2024-05-27T09:28:15.364+0000] {processor.py:840} INFO - DAG(s) 'example_task_group_decorator' retrieved from /home/airflow/.local/lib/python3.12/site-packages/airflow/example_dags/example_task_group_decorator.py
[2024-05-27T09:28:15.404+0000] {logging_mixin.py:188} INFO - [2024-05-27T09:28:15.404+0000] {dag.py:3096} INFO - Sync 1 DAGs
[2024-05-27T09:28:15.430+0000] {logging_mixin.py:188} INFO - [2024-05-27T09:28:15.429+0000] {dag.py:3954} INFO - Setting next_dagrun for example_task_group_decorator to 2024-05-26 00:00:00+00:00, run_after=2024-05-27 00:00:00+00:00
[2024-05-27T09:28:15.455+0000] {processor.py:183} INFO - Processing /home/airflow/.local/lib/python3.12/site-packages/airflow/example_dags/example_task_group_decorator.py took 0.167 seconds
[2024-05-27T09:28:45.800+0000] {processor.py:161} INFO - Started process (PID=87) to work on /home/airflow/.local/lib/python3.12/site-packages/airflow/example_dags/example_task_group_decorator.py
[2024-05-27T09:28:45.803+0000] {processor.py:830} INFO - Processing file /home/airflow/.local/lib/python3.12/site-packages/airflow/example_dags/example_task_group_decorator.py for tasks to queue
[2024-05-27T09:28:45.808+0000] {logging_mixin.py:188} INFO - [2024-05-27T09:28:45.807+0000] {dagbag.py:545} INFO - Filling up the DagBag from /home/airflow/.local/lib/python3.12/site-packages/airflow/example_dags/example_task_group_decorator.py
[2024-05-27T09:28:45.857+0000] {processor.py:840} INFO - DAG(s) 'example_task_group_decorator' retrieved from /home/airflow/.local/lib/python3.12/site-packages/airflow/example_dags/example_task_group_decorator.py
[2024-05-27T09:28:50.120+0000] {logging_mixin.py:188} INFO - [2024-05-27T09:28:50.107+0000] {dag.py:3096} INFO - Sync 1 DAGs
[2024-05-27T09:28:51.020+0000] {logging_mixin.py:188} INFO - [2024-05-27T09:28:50.910+0000] {dag.py:3954} INFO - Setting next_dagrun for example_task_group_decorator to 2024-05-26 00:00:00+00:00, run_after=2024-05-27 00:00:00+00:00
[2024-05-27T09:28:53.732+0000] {processor.py:183} INFO - Processing /home/airflow/.local/lib/python3.12/site-packages/airflow/example_dags/example_task_group_decorator.py took 7.941 seconds
[2024-05-27T09:31:19.136+0000] {processor.py:161} INFO - Started process (PID=139) to work on /home/airflow/.local/lib/python3.12/site-packages/airflow/example_dags/example_task_group_decorator.py
[2024-05-27T09:31:19.145+0000] {processor.py:830} INFO - Processing file /home/airflow/.local/lib/python3.12/site-packages/airflow/example_dags/example_task_group_decorator.py for tasks to queue
[2024-05-27T09:31:19.134+0000] {logging_mixin.py:188} INFO - [2024-05-27T09:31:19.129+0000] {dagbag.py:545} INFO - Filling up the DagBag from /home/airflow/.local/lib/python3.12/site-packages/airflow/example_dags/example_task_group_decorator.py
[2024-05-27T09:31:19.450+0000] {processor.py:840} INFO - DAG(s) 'example_task_group_decorator' retrieved from /home/airflow/.local/lib/python3.12/site-packages/airflow/example_dags/example_task_group_decorator.py
[2024-05-27T09:31:20.415+0000] {logging_mixin.py:188} INFO - [2024-05-27T09:31:20.394+0000] {dag.py:3096} INFO - Sync 1 DAGs
[2024-05-27T09:31:24.157+0000] {logging_mixin.py:188} INFO - [2024-05-27T09:31:24.156+0000] {dag.py:3954} INFO - Setting next_dagrun for example_task_group_decorator to 2024-05-26 00:00:00+00:00, run_after=2024-05-27 00:00:00+00:00
[2024-05-27T09:31:24.235+0000] {processor.py:183} INFO - Processing /home/airflow/.local/lib/python3.12/site-packages/airflow/example_dags/example_task_group_decorator.py took 7.282 seconds
[2024-05-27T09:33:34.768+0000] {processor.py:161} INFO - Started process (PID=27) to work on /home/airflow/.local/lib/python3.12/site-packages/airflow/example_dags/example_task_group_decorator.py
[2024-05-27T09:33:34.770+0000] {processor.py:830} INFO - Processing file /home/airflow/.local/lib/python3.12/site-packages/airflow/example_dags/example_task_group_decorator.py for tasks to queue
[2024-05-27T09:33:34.773+0000] {logging_mixin.py:188} INFO - [2024-05-27T09:33:34.772+0000] {dagbag.py:545} INFO - Filling up the DagBag from /home/airflow/.local/lib/python3.12/site-packages/airflow/example_dags/example_task_group_decorator.py
[2024-05-27T09:33:34.803+0000] {processor.py:840} INFO - DAG(s) 'example_task_group_decorator' retrieved from /home/airflow/.local/lib/python3.12/site-packages/airflow/example_dags/example_task_group_decorator.py
[2024-05-27T09:33:34.831+0000] {logging_mixin.py:188} INFO - [2024-05-27T09:33:34.831+0000] {dag.py:3096} INFO - Sync 1 DAGs
[2024-05-27T09:33:34.862+0000] {logging_mixin.py:188} INFO - [2024-05-27T09:33:34.862+0000] {dag.py:3954} INFO - Setting next_dagrun for example_task_group_decorator to 2024-05-26 00:00:00+00:00, run_after=2024-05-27 00:00:00+00:00
[2024-05-27T09:33:34.889+0000] {processor.py:183} INFO - Processing /home/airflow/.local/lib/python3.12/site-packages/airflow/example_dags/example_task_group_decorator.py took 0.127 seconds
[2024-05-27T09:34:05.283+0000] {processor.py:161} INFO - Started process (PID=86) to work on /home/airflow/.local/lib/python3.12/site-packages/airflow/example_dags/example_task_group_decorator.py
[2024-05-27T09:34:05.285+0000] {processor.py:830} INFO - Processing file /home/airflow/.local/lib/python3.12/site-packages/airflow/example_dags/example_task_group_decorator.py for tasks to queue
[2024-05-27T09:34:05.295+0000] {logging_mixin.py:188} INFO - [2024-05-27T09:34:05.293+0000] {dagbag.py:545} INFO - Filling up the DagBag from /home/airflow/.local/lib/python3.12/site-packages/airflow/example_dags/example_task_group_decorator.py
[2024-05-27T09:34:05.562+0000] {processor.py:840} INFO - DAG(s) 'example_task_group_decorator' retrieved from /home/airflow/.local/lib/python3.12/site-packages/airflow/example_dags/example_task_group_decorator.py
[2024-05-27T09:34:14.639+0000] {logging_mixin.py:188} INFO - [2024-05-27T09:34:14.633+0000] {dag.py:3096} INFO - Sync 1 DAGs
[2024-05-27T09:34:14.827+0000] {logging_mixin.py:188} INFO - [2024-05-27T09:34:14.820+0000] {dag.py:3954} INFO - Setting next_dagrun for example_task_group_decorator to 2024-05-26 00:00:00+00:00, run_after=2024-05-27 00:00:00+00:00
[2024-05-27T09:34:15.525+0000] {processor.py:183} INFO - Processing /home/airflow/.local/lib/python3.12/site-packages/airflow/example_dags/example_task_group_decorator.py took 10.258 seconds
[2024-05-27T09:38:44.066+0000] {processor.py:161} INFO - Started process (PID=177) to work on /home/airflow/.local/lib/python3.12/site-packages/airflow/example_dags/example_task_group_decorator.py
[2024-05-27T09:38:44.082+0000] {processor.py:830} INFO - Processing file /home/airflow/.local/lib/python3.12/site-packages/airflow/example_dags/example_task_group_decorator.py for tasks to queue
[2024-05-27T09:38:44.433+0000] {logging_mixin.py:188} INFO - [2024-05-27T09:38:44.137+0000] {dagbag.py:545} INFO - Filling up the DagBag from /home/airflow/.local/lib/python3.12/site-packages/airflow/example_dags/example_task_group_decorator.py
[2024-05-27T09:38:47.569+0000] {processor.py:840} INFO - DAG(s) 'example_task_group_decorator' retrieved from /home/airflow/.local/lib/python3.12/site-packages/airflow/example_dags/example_task_group_decorator.py
[2024-05-27T09:38:51.302+0000] {logging_mixin.py:188} INFO - [2024-05-27T09:38:51.299+0000] {dag.py:3096} INFO - Sync 1 DAGs
[2024-05-27T09:38:53.308+0000] {logging_mixin.py:188} INFO - [2024-05-27T09:38:53.014+0000] {dag.py:3954} INFO - Setting next_dagrun for example_task_group_decorator to 2024-05-26 00:00:00+00:00, run_after=2024-05-27 00:00:00+00:00
[2024-05-27T09:38:54.099+0000] {processor.py:183} INFO - Processing /home/airflow/.local/lib/python3.12/site-packages/airflow/example_dags/example_task_group_decorator.py took 10.099 seconds
[2024-05-27T09:41:53.728+0000] {processor.py:161} INFO - Started process (PID=258) to work on /home/airflow/.local/lib/python3.12/site-packages/airflow/example_dags/example_task_group_decorator.py
[2024-05-27T09:41:53.749+0000] {processor.py:830} INFO - Processing file /home/airflow/.local/lib/python3.12/site-packages/airflow/example_dags/example_task_group_decorator.py for tasks to queue
[2024-05-27T09:41:53.771+0000] {logging_mixin.py:188} INFO - [2024-05-27T09:41:53.759+0000] {dagbag.py:545} INFO - Filling up the DagBag from /home/airflow/.local/lib/python3.12/site-packages/airflow/example_dags/example_task_group_decorator.py
[2024-05-27T09:41:54.504+0000] {processor.py:840} INFO - DAG(s) 'example_task_group_decorator' retrieved from /home/airflow/.local/lib/python3.12/site-packages/airflow/example_dags/example_task_group_decorator.py
[2024-05-27T09:41:54.977+0000] {logging_mixin.py:188} INFO - [2024-05-27T09:41:54.965+0000] {dag.py:3096} INFO - Sync 1 DAGs
[2024-05-27T09:41:58.761+0000] {logging_mixin.py:188} INFO - [2024-05-27T09:41:58.760+0000] {dag.py:3954} INFO - Setting next_dagrun for example_task_group_decorator to 2024-05-26 00:00:00+00:00, run_after=2024-05-27 00:00:00+00:00
[2024-05-27T09:42:01.383+0000] {processor.py:183} INFO - Processing /home/airflow/.local/lib/python3.12/site-packages/airflow/example_dags/example_task_group_decorator.py took 7.768 seconds
[2024-05-27T09:43:42.103+0000] {processor.py:161} INFO - Started process (PID=319) to work on /home/airflow/.local/lib/python3.12/site-packages/airflow/example_dags/example_task_group_decorator.py
[2024-05-27T09:43:42.107+0000] {processor.py:830} INFO - Processing file /home/airflow/.local/lib/python3.12/site-packages/airflow/example_dags/example_task_group_decorator.py for tasks to queue
[2024-05-27T09:43:42.110+0000] {logging_mixin.py:188} INFO - [2024-05-27T09:43:42.109+0000] {dagbag.py:545} INFO - Filling up the DagBag from /home/airflow/.local/lib/python3.12/site-packages/airflow/example_dags/example_task_group_decorator.py
[2024-05-27T09:43:42.486+0000] {processor.py:840} INFO - DAG(s) 'example_task_group_decorator' retrieved from /home/airflow/.local/lib/python3.12/site-packages/airflow/example_dags/example_task_group_decorator.py
[2024-05-27T10:07:07.307+0000] {processor.py:161} INFO - Started process (PID=27) to work on /home/airflow/.local/lib/python3.12/site-packages/airflow/example_dags/example_task_group_decorator.py
[2024-05-27T10:07:07.313+0000] {processor.py:830} INFO - Processing file /home/airflow/.local/lib/python3.12/site-packages/airflow/example_dags/example_task_group_decorator.py for tasks to queue
[2024-05-27T10:07:07.321+0000] {logging_mixin.py:188} INFO - [2024-05-27T10:07:07.320+0000] {dagbag.py:545} INFO - Filling up the DagBag from /home/airflow/.local/lib/python3.12/site-packages/airflow/example_dags/example_task_group_decorator.py
[2024-05-27T10:07:07.337+0000] {processor.py:840} INFO - DAG(s) 'example_task_group_decorator' retrieved from /home/airflow/.local/lib/python3.12/site-packages/airflow/example_dags/example_task_group_decorator.py
[2024-05-27T10:07:07.368+0000] {logging_mixin.py:188} INFO - [2024-05-27T10:07:07.367+0000] {dag.py:3096} INFO - Sync 1 DAGs
[2024-05-27T10:07:07.389+0000] {logging_mixin.py:188} INFO - [2024-05-27T10:07:07.389+0000] {dag.py:3954} INFO - Setting next_dagrun for example_task_group_decorator to 2024-05-26 00:00:00+00:00, run_after=2024-05-27 00:00:00+00:00
[2024-05-27T10:07:07.409+0000] {processor.py:183} INFO - Processing /home/airflow/.local/lib/python3.12/site-packages/airflow/example_dags/example_task_group_decorator.py took 0.110 seconds
[2024-05-27T10:07:38.413+0000] {processor.py:161} INFO - Started process (PID=85) to work on /home/airflow/.local/lib/python3.12/site-packages/airflow/example_dags/example_task_group_decorator.py
[2024-05-27T10:07:38.416+0000] {processor.py:830} INFO - Processing file /home/airflow/.local/lib/python3.12/site-packages/airflow/example_dags/example_task_group_decorator.py for tasks to queue
[2024-05-27T10:07:38.422+0000] {logging_mixin.py:188} INFO - [2024-05-27T10:07:38.421+0000] {dagbag.py:545} INFO - Filling up the DagBag from /home/airflow/.local/lib/python3.12/site-packages/airflow/example_dags/example_task_group_decorator.py
[2024-05-27T10:07:38.436+0000] {processor.py:840} INFO - DAG(s) 'example_task_group_decorator' retrieved from /home/airflow/.local/lib/python3.12/site-packages/airflow/example_dags/example_task_group_decorator.py
[2024-05-27T10:07:38.668+0000] {logging_mixin.py:188} INFO - [2024-05-27T10:07:38.667+0000] {dag.py:3096} INFO - Sync 1 DAGs
[2024-05-27T10:07:38.686+0000] {logging_mixin.py:188} INFO - [2024-05-27T10:07:38.686+0000] {dag.py:3954} INFO - Setting next_dagrun for example_task_group_decorator to 2024-05-26 00:00:00+00:00, run_after=2024-05-27 00:00:00+00:00
[2024-05-27T10:07:38.702+0000] {processor.py:183} INFO - Processing /home/airflow/.local/lib/python3.12/site-packages/airflow/example_dags/example_task_group_decorator.py took 0.296 seconds
