[2024-05-27T08:51:46.001+0000] {processor.py:161} INFO - Started process (PID=29) to work on /home/airflow/.local/lib/python3.12/site-packages/airflow/example_dags/example_short_circuit_operator.py
[2024-05-27T08:51:46.003+0000] {processor.py:830} INFO - Processing file /home/airflow/.local/lib/python3.12/site-packages/airflow/example_dags/example_short_circuit_operator.py for tasks to queue
[2024-05-27T08:51:46.006+0000] {logging_mixin.py:188} INFO - [2024-05-27T08:51:46.006+0000] {dagbag.py:545} INFO - Filling up the DagBag from /home/airflow/.local/lib/python3.12/site-packages/airflow/example_dags/example_short_circuit_operator.py
[2024-05-27T08:51:46.016+0000] {processor.py:840} INFO - DAG(s) 'example_short_circuit_operator' retrieved from /home/airflow/.local/lib/python3.12/site-packages/airflow/example_dags/example_short_circuit_operator.py
[2024-05-27T08:51:46.109+0000] {logging_mixin.py:188} INFO - [2024-05-27T08:51:46.109+0000] {override.py:1829} INFO - Created Permission View: can edit on DAG:example_short_circuit_operator
[2024-05-27T08:51:46.117+0000] {logging_mixin.py:188} INFO - [2024-05-27T08:51:46.117+0000] {override.py:1829} INFO - Created Permission View: can read on DAG:example_short_circuit_operator
[2024-05-27T08:51:46.125+0000] {logging_mixin.py:188} INFO - [2024-05-27T08:51:46.125+0000] {override.py:1829} INFO - Created Permission View: can delete on DAG:example_short_circuit_operator
[2024-05-27T08:51:46.127+0000] {logging_mixin.py:188} INFO - [2024-05-27T08:51:46.126+0000] {dag.py:3096} INFO - Sync 1 DAGs
[2024-05-27T08:51:46.138+0000] {logging_mixin.py:188} INFO - [2024-05-27T08:51:46.137+0000] {dag.py:3118} INFO - Creating ORM DAG for example_short_circuit_operator
[2024-05-27T08:51:46.147+0000] {logging_mixin.py:188} INFO - [2024-05-27T08:51:46.146+0000] {dag.py:3954} INFO - Setting next_dagrun for example_short_circuit_operator to 2024-05-26 00:00:00+00:00, run_after=2024-05-27 00:00:00+00:00
[2024-05-27T08:51:46.165+0000] {processor.py:183} INFO - Processing /home/airflow/.local/lib/python3.12/site-packages/airflow/example_dags/example_short_circuit_operator.py took 0.169 seconds
[2024-05-27T08:52:22.732+0000] {processor.py:161} INFO - Started process (PID=92) to work on /home/airflow/.local/lib/python3.12/site-packages/airflow/example_dags/example_short_circuit_operator.py
[2024-05-27T08:52:22.736+0000] {processor.py:830} INFO - Processing file /home/airflow/.local/lib/python3.12/site-packages/airflow/example_dags/example_short_circuit_operator.py for tasks to queue
[2024-05-27T08:52:22.740+0000] {logging_mixin.py:188} INFO - [2024-05-27T08:52:22.739+0000] {dagbag.py:545} INFO - Filling up the DagBag from /home/airflow/.local/lib/python3.12/site-packages/airflow/example_dags/example_short_circuit_operator.py
[2024-05-27T08:52:22.749+0000] {processor.py:840} INFO - DAG(s) 'example_short_circuit_operator' retrieved from /home/airflow/.local/lib/python3.12/site-packages/airflow/example_dags/example_short_circuit_operator.py
[2024-05-27T08:52:22.773+0000] {logging_mixin.py:188} INFO - [2024-05-27T08:52:22.773+0000] {dag.py:3096} INFO - Sync 1 DAGs
[2024-05-27T08:52:22.792+0000] {logging_mixin.py:188} INFO - [2024-05-27T08:52:22.791+0000] {dag.py:3954} INFO - Setting next_dagrun for example_short_circuit_operator to 2024-05-26 00:00:00+00:00, run_after=2024-05-27 00:00:00+00:00
[2024-05-27T08:52:22.807+0000] {processor.py:183} INFO - Processing /home/airflow/.local/lib/python3.12/site-packages/airflow/example_dags/example_short_circuit_operator.py took 0.083 seconds
[2024-05-27T08:53:00.791+0000] {processor.py:161} INFO - Started process (PID=144) to work on /home/airflow/.local/lib/python3.12/site-packages/airflow/example_dags/example_short_circuit_operator.py
[2024-05-27T08:53:00.802+0000] {processor.py:830} INFO - Processing file /home/airflow/.local/lib/python3.12/site-packages/airflow/example_dags/example_short_circuit_operator.py for tasks to queue
[2024-05-27T08:53:00.807+0000] {logging_mixin.py:188} INFO - [2024-05-27T08:53:00.806+0000] {dagbag.py:545} INFO - Filling up the DagBag from /home/airflow/.local/lib/python3.12/site-packages/airflow/example_dags/example_short_circuit_operator.py
[2024-05-27T08:53:00.854+0000] {processor.py:840} INFO - DAG(s) 'example_short_circuit_operator' retrieved from /home/airflow/.local/lib/python3.12/site-packages/airflow/example_dags/example_short_circuit_operator.py
[2024-05-27T08:53:01.029+0000] {logging_mixin.py:188} INFO - [2024-05-27T08:53:01.019+0000] {dag.py:3096} INFO - Sync 1 DAGs
[2024-05-27T08:53:02.233+0000] {logging_mixin.py:188} INFO - [2024-05-27T08:53:02.232+0000] {dag.py:3954} INFO - Setting next_dagrun for example_short_circuit_operator to 2024-05-26 00:00:00+00:00, run_after=2024-05-27 00:00:00+00:00
[2024-05-27T08:53:02.321+0000] {processor.py:183} INFO - Processing /home/airflow/.local/lib/python3.12/site-packages/airflow/example_dags/example_short_circuit_operator.py took 2.542 seconds
[2024-05-27T08:55:41.862+0000] {processor.py:161} INFO - Started process (PID=29) to work on /home/airflow/.local/lib/python3.12/site-packages/airflow/example_dags/example_short_circuit_operator.py
[2024-05-27T08:55:41.864+0000] {processor.py:830} INFO - Processing file /home/airflow/.local/lib/python3.12/site-packages/airflow/example_dags/example_short_circuit_operator.py for tasks to queue
[2024-05-27T08:55:41.870+0000] {logging_mixin.py:188} INFO - [2024-05-27T08:55:41.870+0000] {dagbag.py:545} INFO - Filling up the DagBag from /home/airflow/.local/lib/python3.12/site-packages/airflow/example_dags/example_short_circuit_operator.py
[2024-05-27T08:55:41.880+0000] {processor.py:840} INFO - DAG(s) 'example_short_circuit_operator' retrieved from /home/airflow/.local/lib/python3.12/site-packages/airflow/example_dags/example_short_circuit_operator.py
[2024-05-27T08:55:41.900+0000] {logging_mixin.py:188} INFO - [2024-05-27T08:55:41.899+0000] {dag.py:3096} INFO - Sync 1 DAGs
[2024-05-27T08:55:41.923+0000] {logging_mixin.py:188} INFO - [2024-05-27T08:55:41.923+0000] {dag.py:3954} INFO - Setting next_dagrun for example_short_circuit_operator to 2024-05-26 00:00:00+00:00, run_after=2024-05-27 00:00:00+00:00
[2024-05-27T08:55:41.951+0000] {processor.py:183} INFO - Processing /home/airflow/.local/lib/python3.12/site-packages/airflow/example_dags/example_short_circuit_operator.py took 0.094 seconds
[2024-05-27T08:56:24.434+0000] {processor.py:161} INFO - Started process (PID=88) to work on /home/airflow/.local/lib/python3.12/site-packages/airflow/example_dags/example_short_circuit_operator.py
[2024-05-27T08:56:24.438+0000] {processor.py:830} INFO - Processing file /home/airflow/.local/lib/python3.12/site-packages/airflow/example_dags/example_short_circuit_operator.py for tasks to queue
[2024-05-27T08:56:24.454+0000] {logging_mixin.py:188} INFO - [2024-05-27T08:56:24.451+0000] {dagbag.py:545} INFO - Filling up the DagBag from /home/airflow/.local/lib/python3.12/site-packages/airflow/example_dags/example_short_circuit_operator.py
[2024-05-27T08:56:24.514+0000] {processor.py:840} INFO - DAG(s) 'example_short_circuit_operator' retrieved from /home/airflow/.local/lib/python3.12/site-packages/airflow/example_dags/example_short_circuit_operator.py
[2024-05-27T08:56:24.839+0000] {logging_mixin.py:188} INFO - [2024-05-27T08:56:24.835+0000] {dag.py:3096} INFO - Sync 1 DAGs
[2024-05-27T08:56:24.892+0000] {logging_mixin.py:188} INFO - [2024-05-27T08:56:24.891+0000] {dag.py:3954} INFO - Setting next_dagrun for example_short_circuit_operator to 2024-05-26 00:00:00+00:00, run_after=2024-05-27 00:00:00+00:00
[2024-05-27T08:56:25.052+0000] {processor.py:183} INFO - Processing /home/airflow/.local/lib/python3.12/site-packages/airflow/example_dags/example_short_circuit_operator.py took 0.647 seconds
[2024-05-27T08:59:03.694+0000] {processor.py:161} INFO - Started process (PID=173) to work on /home/airflow/.local/lib/python3.12/site-packages/airflow/example_dags/example_short_circuit_operator.py
[2024-05-27T08:59:03.743+0000] {processor.py:830} INFO - Processing file /home/airflow/.local/lib/python3.12/site-packages/airflow/example_dags/example_short_circuit_operator.py for tasks to queue
[2024-05-27T08:59:03.752+0000] {logging_mixin.py:188} INFO - [2024-05-27T08:59:03.751+0000] {dagbag.py:545} INFO - Filling up the DagBag from /home/airflow/.local/lib/python3.12/site-packages/airflow/example_dags/example_short_circuit_operator.py
[2024-05-27T08:59:03.807+0000] {processor.py:840} INFO - DAG(s) 'example_short_circuit_operator' retrieved from /home/airflow/.local/lib/python3.12/site-packages/airflow/example_dags/example_short_circuit_operator.py
[2024-05-27T08:59:04.613+0000] {logging_mixin.py:188} INFO - [2024-05-27T08:59:04.603+0000] {dag.py:3096} INFO - Sync 1 DAGs
[2024-05-27T08:59:04.339+0000] {logging_mixin.py:188} INFO - [2024-05-27T08:59:04.332+0000] {dag.py:3954} INFO - Setting next_dagrun for example_short_circuit_operator to 2024-05-26 00:00:00+00:00, run_after=2024-05-27 00:00:00+00:00
[2024-05-27T08:59:14.144+0000] {processor.py:183} INFO - Processing /home/airflow/.local/lib/python3.12/site-packages/airflow/example_dags/example_short_circuit_operator.py took 11.569 seconds
[2024-05-27T09:01:05.223+0000] {processor.py:161} INFO - Started process (PID=239) to work on /home/airflow/.local/lib/python3.12/site-packages/airflow/example_dags/example_short_circuit_operator.py
[2024-05-27T09:01:05.226+0000] {processor.py:830} INFO - Processing file /home/airflow/.local/lib/python3.12/site-packages/airflow/example_dags/example_short_circuit_operator.py for tasks to queue
[2024-05-27T09:01:05.230+0000] {logging_mixin.py:188} INFO - [2024-05-27T09:01:05.229+0000] {dagbag.py:545} INFO - Filling up the DagBag from /home/airflow/.local/lib/python3.12/site-packages/airflow/example_dags/example_short_circuit_operator.py
[2024-05-27T09:01:05.245+0000] {processor.py:840} INFO - DAG(s) 'example_short_circuit_operator' retrieved from /home/airflow/.local/lib/python3.12/site-packages/airflow/example_dags/example_short_circuit_operator.py
[2024-05-27T09:01:05.277+0000] {logging_mixin.py:188} INFO - [2024-05-27T09:01:05.276+0000] {dag.py:3096} INFO - Sync 1 DAGs
[2024-05-27T09:01:05.306+0000] {logging_mixin.py:188} INFO - [2024-05-27T09:01:05.306+0000] {dag.py:3954} INFO - Setting next_dagrun for example_short_circuit_operator to 2024-05-26 00:00:00+00:00, run_after=2024-05-27 00:00:00+00:00
[2024-05-27T09:01:05.330+0000] {processor.py:183} INFO - Processing /home/airflow/.local/lib/python3.12/site-packages/airflow/example_dags/example_short_circuit_operator.py took 0.113 seconds
[2024-05-27T09:03:06.237+0000] {processor.py:161} INFO - Started process (PID=289) to work on /home/airflow/.local/lib/python3.12/site-packages/airflow/example_dags/example_short_circuit_operator.py
[2024-05-27T09:03:06.241+0000] {processor.py:830} INFO - Processing file /home/airflow/.local/lib/python3.12/site-packages/airflow/example_dags/example_short_circuit_operator.py for tasks to queue
[2024-05-27T09:03:06.244+0000] {logging_mixin.py:188} INFO - [2024-05-27T09:03:06.244+0000] {dagbag.py:545} INFO - Filling up the DagBag from /home/airflow/.local/lib/python3.12/site-packages/airflow/example_dags/example_short_circuit_operator.py
[2024-05-27T09:03:06.267+0000] {processor.py:840} INFO - DAG(s) 'example_short_circuit_operator' retrieved from /home/airflow/.local/lib/python3.12/site-packages/airflow/example_dags/example_short_circuit_operator.py
[2024-05-27T09:03:07.706+0000] {logging_mixin.py:188} INFO - [2024-05-27T09:03:07.706+0000] {dag.py:3096} INFO - Sync 1 DAGs
[2024-05-27T09:03:07.731+0000] {logging_mixin.py:188} INFO - [2024-05-27T09:03:07.731+0000] {dag.py:3954} INFO - Setting next_dagrun for example_short_circuit_operator to 2024-05-26 00:00:00+00:00, run_after=2024-05-27 00:00:00+00:00
[2024-05-27T09:03:07.787+0000] {processor.py:183} INFO - Processing /home/airflow/.local/lib/python3.12/site-packages/airflow/example_dags/example_short_circuit_operator.py took 1.557 seconds
[2024-05-27T09:04:56.970+0000] {processor.py:161} INFO - Started process (PID=365) to work on /home/airflow/.local/lib/python3.12/site-packages/airflow/example_dags/example_short_circuit_operator.py
[2024-05-27T09:04:56.977+0000] {processor.py:830} INFO - Processing file /home/airflow/.local/lib/python3.12/site-packages/airflow/example_dags/example_short_circuit_operator.py for tasks to queue
[2024-05-27T09:04:56.987+0000] {logging_mixin.py:188} INFO - [2024-05-27T09:04:56.985+0000] {dagbag.py:545} INFO - Filling up the DagBag from /home/airflow/.local/lib/python3.12/site-packages/airflow/example_dags/example_short_circuit_operator.py
[2024-05-27T09:04:57.012+0000] {processor.py:840} INFO - DAG(s) 'example_short_circuit_operator' retrieved from /home/airflow/.local/lib/python3.12/site-packages/airflow/example_dags/example_short_circuit_operator.py
[2024-05-27T09:04:58.555+0000] {logging_mixin.py:188} INFO - [2024-05-27T09:04:57.264+0000] {dag.py:3096} INFO - Sync 1 DAGs
[2024-05-27T09:04:58.639+0000] {logging_mixin.py:188} INFO - [2024-05-27T09:04:58.639+0000] {dag.py:3954} INFO - Setting next_dagrun for example_short_circuit_operator to 2024-05-26 00:00:00+00:00, run_after=2024-05-27 00:00:00+00:00
[2024-05-27T09:04:58.701+0000] {processor.py:183} INFO - Processing /home/airflow/.local/lib/python3.12/site-packages/airflow/example_dags/example_short_circuit_operator.py took 1.760 seconds
[2024-05-27T09:05:49.342+0000] {processor.py:161} INFO - Started process (PID=416) to work on /home/airflow/.local/lib/python3.12/site-packages/airflow/example_dags/example_short_circuit_operator.py
[2024-05-27T09:05:49.349+0000] {processor.py:830} INFO - Processing file /home/airflow/.local/lib/python3.12/site-packages/airflow/example_dags/example_short_circuit_operator.py for tasks to queue
[2024-05-27T09:05:49.352+0000] {logging_mixin.py:188} INFO - [2024-05-27T09:05:49.352+0000] {dagbag.py:545} INFO - Filling up the DagBag from /home/airflow/.local/lib/python3.12/site-packages/airflow/example_dags/example_short_circuit_operator.py
[2024-05-27T09:05:49.408+0000] {processor.py:840} INFO - DAG(s) 'example_short_circuit_operator' retrieved from /home/airflow/.local/lib/python3.12/site-packages/airflow/example_dags/example_short_circuit_operator.py
[2024-05-27T09:05:49.464+0000] {logging_mixin.py:188} INFO - [2024-05-27T09:05:49.464+0000] {dag.py:3096} INFO - Sync 1 DAGs
[2024-05-27T09:05:49.583+0000] {logging_mixin.py:188} INFO - [2024-05-27T09:05:49.583+0000] {dag.py:3954} INFO - Setting next_dagrun for example_short_circuit_operator to 2024-05-26 00:00:00+00:00, run_after=2024-05-27 00:00:00+00:00
[2024-05-27T09:05:50.359+0000] {processor.py:183} INFO - Processing /home/airflow/.local/lib/python3.12/site-packages/airflow/example_dags/example_short_circuit_operator.py took 1.025 seconds
[2024-05-27T09:07:25.807+0000] {processor.py:161} INFO - Started process (PID=463) to work on /home/airflow/.local/lib/python3.12/site-packages/airflow/example_dags/example_short_circuit_operator.py
[2024-05-27T09:07:25.812+0000] {processor.py:830} INFO - Processing file /home/airflow/.local/lib/python3.12/site-packages/airflow/example_dags/example_short_circuit_operator.py for tasks to queue
[2024-05-27T09:07:25.816+0000] {logging_mixin.py:188} INFO - [2024-05-27T09:07:25.814+0000] {dagbag.py:545} INFO - Filling up the DagBag from /home/airflow/.local/lib/python3.12/site-packages/airflow/example_dags/example_short_circuit_operator.py
[2024-05-27T09:07:25.832+0000] {processor.py:840} INFO - DAG(s) 'example_short_circuit_operator' retrieved from /home/airflow/.local/lib/python3.12/site-packages/airflow/example_dags/example_short_circuit_operator.py
[2024-05-27T09:07:25.902+0000] {logging_mixin.py:188} INFO - [2024-05-27T09:07:25.902+0000] {dag.py:3096} INFO - Sync 1 DAGs
[2024-05-27T09:07:25.962+0000] {logging_mixin.py:188} INFO - [2024-05-27T09:07:25.962+0000] {dag.py:3954} INFO - Setting next_dagrun for example_short_circuit_operator to 2024-05-26 00:00:00+00:00, run_after=2024-05-27 00:00:00+00:00
[2024-05-27T09:07:25.997+0000] {processor.py:183} INFO - Processing /home/airflow/.local/lib/python3.12/site-packages/airflow/example_dags/example_short_circuit_operator.py took 0.202 seconds
[2024-05-27T09:08:22.857+0000] {processor.py:161} INFO - Started process (PID=514) to work on /home/airflow/.local/lib/python3.12/site-packages/airflow/example_dags/example_short_circuit_operator.py
[2024-05-27T09:08:22.862+0000] {processor.py:830} INFO - Processing file /home/airflow/.local/lib/python3.12/site-packages/airflow/example_dags/example_short_circuit_operator.py for tasks to queue
[2024-05-27T09:08:22.866+0000] {logging_mixin.py:188} INFO - [2024-05-27T09:08:22.865+0000] {dagbag.py:545} INFO - Filling up the DagBag from /home/airflow/.local/lib/python3.12/site-packages/airflow/example_dags/example_short_circuit_operator.py
[2024-05-27T09:08:22.894+0000] {processor.py:840} INFO - DAG(s) 'example_short_circuit_operator' retrieved from /home/airflow/.local/lib/python3.12/site-packages/airflow/example_dags/example_short_circuit_operator.py
[2024-05-27T09:08:23.015+0000] {logging_mixin.py:188} INFO - [2024-05-27T09:08:23.000+0000] {dag.py:3096} INFO - Sync 1 DAGs
[2024-05-27T09:08:23.121+0000] {logging_mixin.py:188} INFO - [2024-05-27T09:08:23.121+0000] {dag.py:3954} INFO - Setting next_dagrun for example_short_circuit_operator to 2024-05-26 00:00:00+00:00, run_after=2024-05-27 00:00:00+00:00
[2024-05-27T09:08:23.168+0000] {processor.py:183} INFO - Processing /home/airflow/.local/lib/python3.12/site-packages/airflow/example_dags/example_short_circuit_operator.py took 0.320 seconds
[2024-05-27T09:09:59.341+0000] {processor.py:161} INFO - Started process (PID=586) to work on /home/airflow/.local/lib/python3.12/site-packages/airflow/example_dags/example_short_circuit_operator.py
[2024-05-27T09:09:59.357+0000] {processor.py:830} INFO - Processing file /home/airflow/.local/lib/python3.12/site-packages/airflow/example_dags/example_short_circuit_operator.py for tasks to queue
[2024-05-27T09:09:59.365+0000] {logging_mixin.py:188} INFO - [2024-05-27T09:09:59.364+0000] {dagbag.py:545} INFO - Filling up the DagBag from /home/airflow/.local/lib/python3.12/site-packages/airflow/example_dags/example_short_circuit_operator.py
[2024-05-27T09:09:59.509+0000] {processor.py:840} INFO - DAG(s) 'example_short_circuit_operator' retrieved from /home/airflow/.local/lib/python3.12/site-packages/airflow/example_dags/example_short_circuit_operator.py
[2024-05-27T09:10:03.751+0000] {logging_mixin.py:188} INFO - [2024-05-27T09:10:03.747+0000] {dag.py:3096} INFO - Sync 1 DAGs
[2024-05-27T09:10:05.071+0000] {logging_mixin.py:188} INFO - [2024-05-27T09:10:05.058+0000] {dag.py:3954} INFO - Setting next_dagrun for example_short_circuit_operator to 2024-05-26 00:00:00+00:00, run_after=2024-05-27 00:00:00+00:00
[2024-05-27T09:10:05.333+0000] {processor.py:183} INFO - Processing /home/airflow/.local/lib/python3.12/site-packages/airflow/example_dags/example_short_circuit_operator.py took 6.007 seconds
[2024-05-27T09:11:38.814+0000] {processor.py:161} INFO - Started process (PID=29) to work on /home/airflow/.local/lib/python3.12/site-packages/airflow/example_dags/example_short_circuit_operator.py
[2024-05-27T09:11:38.817+0000] {processor.py:830} INFO - Processing file /home/airflow/.local/lib/python3.12/site-packages/airflow/example_dags/example_short_circuit_operator.py for tasks to queue
[2024-05-27T09:11:38.820+0000] {logging_mixin.py:188} INFO - [2024-05-27T09:11:38.819+0000] {dagbag.py:545} INFO - Filling up the DagBag from /home/airflow/.local/lib/python3.12/site-packages/airflow/example_dags/example_short_circuit_operator.py
[2024-05-27T09:11:38.831+0000] {processor.py:840} INFO - DAG(s) 'example_short_circuit_operator' retrieved from /home/airflow/.local/lib/python3.12/site-packages/airflow/example_dags/example_short_circuit_operator.py
[2024-05-27T09:11:38.841+0000] {logging_mixin.py:188} INFO - [2024-05-27T09:11:38.841+0000] {dag.py:3096} INFO - Sync 1 DAGs
[2024-05-27T09:11:38.865+0000] {logging_mixin.py:188} INFO - [2024-05-27T09:11:38.865+0000] {dag.py:3954} INFO - Setting next_dagrun for example_short_circuit_operator to 2024-05-26 00:00:00+00:00, run_after=2024-05-27 00:00:00+00:00
[2024-05-27T09:11:38.885+0000] {processor.py:183} INFO - Processing /home/airflow/.local/lib/python3.12/site-packages/airflow/example_dags/example_short_circuit_operator.py took 0.076 seconds
[2024-05-27T09:12:15.393+0000] {processor.py:161} INFO - Started process (PID=87) to work on /home/airflow/.local/lib/python3.12/site-packages/airflow/example_dags/example_short_circuit_operator.py
[2024-05-27T09:12:15.394+0000] {processor.py:830} INFO - Processing file /home/airflow/.local/lib/python3.12/site-packages/airflow/example_dags/example_short_circuit_operator.py for tasks to queue
[2024-05-27T09:12:15.398+0000] {logging_mixin.py:188} INFO - [2024-05-27T09:12:15.397+0000] {dagbag.py:545} INFO - Filling up the DagBag from /home/airflow/.local/lib/python3.12/site-packages/airflow/example_dags/example_short_circuit_operator.py
[2024-05-27T09:12:15.405+0000] {processor.py:840} INFO - DAG(s) 'example_short_circuit_operator' retrieved from /home/airflow/.local/lib/python3.12/site-packages/airflow/example_dags/example_short_circuit_operator.py
[2024-05-27T09:12:15.501+0000] {logging_mixin.py:188} INFO - [2024-05-27T09:12:15.501+0000] {dag.py:3096} INFO - Sync 1 DAGs
[2024-05-27T09:12:15.515+0000] {logging_mixin.py:188} INFO - [2024-05-27T09:12:15.515+0000] {dag.py:3954} INFO - Setting next_dagrun for example_short_circuit_operator to 2024-05-26 00:00:00+00:00, run_after=2024-05-27 00:00:00+00:00
[2024-05-27T09:12:15.532+0000] {processor.py:183} INFO - Processing /home/airflow/.local/lib/python3.12/site-packages/airflow/example_dags/example_short_circuit_operator.py took 0.145 seconds
[2024-05-27T09:24:41.603+0000] {processor.py:161} INFO - Started process (PID=29) to work on /home/airflow/.local/lib/python3.12/site-packages/airflow/example_dags/example_short_circuit_operator.py
[2024-05-27T09:24:41.608+0000] {processor.py:830} INFO - Processing file /home/airflow/.local/lib/python3.12/site-packages/airflow/example_dags/example_short_circuit_operator.py for tasks to queue
[2024-05-27T09:24:41.612+0000] {logging_mixin.py:188} INFO - [2024-05-27T09:24:41.611+0000] {dagbag.py:545} INFO - Filling up the DagBag from /home/airflow/.local/lib/python3.12/site-packages/airflow/example_dags/example_short_circuit_operator.py
[2024-05-27T09:24:41.621+0000] {processor.py:840} INFO - DAG(s) 'example_short_circuit_operator' retrieved from /home/airflow/.local/lib/python3.12/site-packages/airflow/example_dags/example_short_circuit_operator.py
[2024-05-27T09:24:41.642+0000] {logging_mixin.py:188} INFO - [2024-05-27T09:24:41.642+0000] {dag.py:3096} INFO - Sync 1 DAGs
[2024-05-27T09:24:41.662+0000] {logging_mixin.py:188} INFO - [2024-05-27T09:24:41.662+0000] {dag.py:3954} INFO - Setting next_dagrun for example_short_circuit_operator to 2024-05-26 00:00:00+00:00, run_after=2024-05-27 00:00:00+00:00
[2024-05-27T09:24:41.688+0000] {processor.py:183} INFO - Processing /home/airflow/.local/lib/python3.12/site-packages/airflow/example_dags/example_short_circuit_operator.py took 0.090 seconds
[2024-05-27T09:25:35.415+0000] {processor.py:161} INFO - Started process (PID=94) to work on /home/airflow/.local/lib/python3.12/site-packages/airflow/example_dags/example_short_circuit_operator.py
[2024-05-27T09:25:35.420+0000] {processor.py:830} INFO - Processing file /home/airflow/.local/lib/python3.12/site-packages/airflow/example_dags/example_short_circuit_operator.py for tasks to queue
[2024-05-27T09:25:35.447+0000] {logging_mixin.py:188} INFO - [2024-05-27T09:25:35.443+0000] {dagbag.py:545} INFO - Filling up the DagBag from /home/airflow/.local/lib/python3.12/site-packages/airflow/example_dags/example_short_circuit_operator.py
[2024-05-27T09:25:35.507+0000] {processor.py:840} INFO - DAG(s) 'example_short_circuit_operator' retrieved from /home/airflow/.local/lib/python3.12/site-packages/airflow/example_dags/example_short_circuit_operator.py
[2024-05-27T09:25:44.247+0000] {logging_mixin.py:188} INFO - [2024-05-27T09:25:42.695+0000] {dag.py:3096} INFO - Sync 1 DAGs
[2024-05-27T09:25:46.110+0000] {logging_mixin.py:188} INFO - [2024-05-27T09:25:46.027+0000] {dag.py:3954} INFO - Setting next_dagrun for example_short_circuit_operator to 2024-05-26 00:00:00+00:00, run_after=2024-05-27 00:00:00+00:00
[2024-05-27T09:26:00.467+0000] {processor.py:183} INFO - Processing /home/airflow/.local/lib/python3.12/site-packages/airflow/example_dags/example_short_circuit_operator.py took 25.196 seconds
[2024-05-27T09:27:26.565+0000] {logging_mixin.py:188} INFO - [2024-05-27T09:27:26.557+0000] {process_utils.py:263} INFO - Waiting up to 5 seconds for processes to exit...
[2024-05-27T09:28:15.488+0000] {processor.py:161} INFO - Started process (PID=30) to work on /home/airflow/.local/lib/python3.12/site-packages/airflow/example_dags/example_short_circuit_operator.py
[2024-05-27T09:28:15.491+0000] {processor.py:830} INFO - Processing file /home/airflow/.local/lib/python3.12/site-packages/airflow/example_dags/example_short_circuit_operator.py for tasks to queue
[2024-05-27T09:28:15.494+0000] {logging_mixin.py:188} INFO - [2024-05-27T09:28:15.494+0000] {dagbag.py:545} INFO - Filling up the DagBag from /home/airflow/.local/lib/python3.12/site-packages/airflow/example_dags/example_short_circuit_operator.py
[2024-05-27T09:28:15.502+0000] {processor.py:840} INFO - DAG(s) 'example_short_circuit_operator' retrieved from /home/airflow/.local/lib/python3.12/site-packages/airflow/example_dags/example_short_circuit_operator.py
[2024-05-27T09:28:15.520+0000] {logging_mixin.py:188} INFO - [2024-05-27T09:28:15.520+0000] {dag.py:3096} INFO - Sync 1 DAGs
[2024-05-27T09:28:15.540+0000] {logging_mixin.py:188} INFO - [2024-05-27T09:28:15.540+0000] {dag.py:3954} INFO - Setting next_dagrun for example_short_circuit_operator to 2024-05-26 00:00:00+00:00, run_after=2024-05-27 00:00:00+00:00
[2024-05-27T09:28:15.569+0000] {processor.py:183} INFO - Processing /home/airflow/.local/lib/python3.12/site-packages/airflow/example_dags/example_short_circuit_operator.py took 0.085 seconds
[2024-05-27T09:28:53.772+0000] {processor.py:161} INFO - Started process (PID=90) to work on /home/airflow/.local/lib/python3.12/site-packages/airflow/example_dags/example_short_circuit_operator.py
[2024-05-27T09:28:53.774+0000] {processor.py:830} INFO - Processing file /home/airflow/.local/lib/python3.12/site-packages/airflow/example_dags/example_short_circuit_operator.py for tasks to queue
[2024-05-27T09:28:53.777+0000] {logging_mixin.py:188} INFO - [2024-05-27T09:28:53.776+0000] {dagbag.py:545} INFO - Filling up the DagBag from /home/airflow/.local/lib/python3.12/site-packages/airflow/example_dags/example_short_circuit_operator.py
[2024-05-27T09:28:53.793+0000] {processor.py:840} INFO - DAG(s) 'example_short_circuit_operator' retrieved from /home/airflow/.local/lib/python3.12/site-packages/airflow/example_dags/example_short_circuit_operator.py
[2024-05-27T09:28:54.031+0000] {logging_mixin.py:188} INFO - [2024-05-27T09:28:54.027+0000] {dag.py:3096} INFO - Sync 1 DAGs
[2024-05-27T09:28:54.135+0000] {logging_mixin.py:188} INFO - [2024-05-27T09:28:54.130+0000] {dag.py:3954} INFO - Setting next_dagrun for example_short_circuit_operator to 2024-05-26 00:00:00+00:00, run_after=2024-05-27 00:00:00+00:00
[2024-05-27T09:28:54.846+0000] {processor.py:183} INFO - Processing /home/airflow/.local/lib/python3.12/site-packages/airflow/example_dags/example_short_circuit_operator.py took 1.080 seconds
[2024-05-27T09:31:26.312+0000] {processor.py:161} INFO - Started process (PID=142) to work on /home/airflow/.local/lib/python3.12/site-packages/airflow/example_dags/example_short_circuit_operator.py
[2024-05-27T09:31:26.446+0000] {processor.py:830} INFO - Processing file /home/airflow/.local/lib/python3.12/site-packages/airflow/example_dags/example_short_circuit_operator.py for tasks to queue
[2024-05-27T09:31:26.746+0000] {logging_mixin.py:188} INFO - [2024-05-27T09:31:26.609+0000] {dagbag.py:545} INFO - Filling up the DagBag from /home/airflow/.local/lib/python3.12/site-packages/airflow/example_dags/example_short_circuit_operator.py
[2024-05-27T09:31:27.650+0000] {processor.py:840} INFO - DAG(s) 'example_short_circuit_operator' retrieved from /home/airflow/.local/lib/python3.12/site-packages/airflow/example_dags/example_short_circuit_operator.py
[2024-05-27T09:31:28.111+0000] {logging_mixin.py:188} INFO - [2024-05-27T09:31:28.108+0000] {dag.py:3096} INFO - Sync 1 DAGs
[2024-05-27T09:31:28.231+0000] {logging_mixin.py:188} INFO - [2024-05-27T09:31:28.230+0000] {dag.py:3954} INFO - Setting next_dagrun for example_short_circuit_operator to 2024-05-26 00:00:00+00:00, run_after=2024-05-27 00:00:00+00:00
[2024-05-27T09:31:28.288+0000] {processor.py:183} INFO - Processing /home/airflow/.local/lib/python3.12/site-packages/airflow/example_dags/example_short_circuit_operator.py took 2.515 seconds
[2024-05-27T09:33:35.006+0000] {processor.py:161} INFO - Started process (PID=30) to work on /home/airflow/.local/lib/python3.12/site-packages/airflow/example_dags/example_short_circuit_operator.py
[2024-05-27T09:33:35.008+0000] {processor.py:830} INFO - Processing file /home/airflow/.local/lib/python3.12/site-packages/airflow/example_dags/example_short_circuit_operator.py for tasks to queue
[2024-05-27T09:33:35.010+0000] {logging_mixin.py:188} INFO - [2024-05-27T09:33:35.010+0000] {dagbag.py:545} INFO - Filling up the DagBag from /home/airflow/.local/lib/python3.12/site-packages/airflow/example_dags/example_short_circuit_operator.py
[2024-05-27T09:33:35.022+0000] {processor.py:840} INFO - DAG(s) 'example_short_circuit_operator' retrieved from /home/airflow/.local/lib/python3.12/site-packages/airflow/example_dags/example_short_circuit_operator.py
[2024-05-27T09:33:35.032+0000] {logging_mixin.py:188} INFO - [2024-05-27T09:33:35.032+0000] {dag.py:3096} INFO - Sync 1 DAGs
[2024-05-27T09:33:35.052+0000] {logging_mixin.py:188} INFO - [2024-05-27T09:33:35.052+0000] {dag.py:3954} INFO - Setting next_dagrun for example_short_circuit_operator to 2024-05-26 00:00:00+00:00, run_after=2024-05-27 00:00:00+00:00
[2024-05-27T09:33:35.072+0000] {processor.py:183} INFO - Processing /home/airflow/.local/lib/python3.12/site-packages/airflow/example_dags/example_short_circuit_operator.py took 0.071 seconds
[2024-05-27T09:34:15.569+0000] {processor.py:161} INFO - Started process (PID=89) to work on /home/airflow/.local/lib/python3.12/site-packages/airflow/example_dags/example_short_circuit_operator.py
[2024-05-27T09:34:15.571+0000] {processor.py:830} INFO - Processing file /home/airflow/.local/lib/python3.12/site-packages/airflow/example_dags/example_short_circuit_operator.py for tasks to queue
[2024-05-27T09:34:15.573+0000] {logging_mixin.py:188} INFO - [2024-05-27T09:34:15.573+0000] {dagbag.py:545} INFO - Filling up the DagBag from /home/airflow/.local/lib/python3.12/site-packages/airflow/example_dags/example_short_circuit_operator.py
[2024-05-27T09:34:15.587+0000] {processor.py:840} INFO - DAG(s) 'example_short_circuit_operator' retrieved from /home/airflow/.local/lib/python3.12/site-packages/airflow/example_dags/example_short_circuit_operator.py
[2024-05-27T09:34:15.763+0000] {logging_mixin.py:188} INFO - [2024-05-27T09:34:15.759+0000] {dag.py:3096} INFO - Sync 1 DAGs
[2024-05-27T09:34:15.832+0000] {logging_mixin.py:188} INFO - [2024-05-27T09:34:15.826+0000] {dag.py:3954} INFO - Setting next_dagrun for example_short_circuit_operator to 2024-05-26 00:00:00+00:00, run_after=2024-05-27 00:00:00+00:00
[2024-05-27T09:34:16.244+0000] {processor.py:183} INFO - Processing /home/airflow/.local/lib/python3.12/site-packages/airflow/example_dags/example_short_circuit_operator.py took 0.681 seconds
[2024-05-27T09:38:55.378+0000] {processor.py:161} INFO - Started process (PID=186) to work on /home/airflow/.local/lib/python3.12/site-packages/airflow/example_dags/example_short_circuit_operator.py
[2024-05-27T09:38:55.393+0000] {processor.py:830} INFO - Processing file /home/airflow/.local/lib/python3.12/site-packages/airflow/example_dags/example_short_circuit_operator.py for tasks to queue
[2024-05-27T09:38:55.402+0000] {logging_mixin.py:188} INFO - [2024-05-27T09:38:55.400+0000] {dagbag.py:545} INFO - Filling up the DagBag from /home/airflow/.local/lib/python3.12/site-packages/airflow/example_dags/example_short_circuit_operator.py
[2024-05-27T09:38:56.297+0000] {processor.py:840} INFO - DAG(s) 'example_short_circuit_operator' retrieved from /home/airflow/.local/lib/python3.12/site-packages/airflow/example_dags/example_short_circuit_operator.py
[2024-05-27T09:38:58.146+0000] {logging_mixin.py:188} INFO - [2024-05-27T09:38:58.146+0000] {dag.py:3096} INFO - Sync 1 DAGs
[2024-05-27T09:38:59.971+0000] {logging_mixin.py:188} INFO - [2024-05-27T09:38:59.957+0000] {dag.py:3954} INFO - Setting next_dagrun for example_short_circuit_operator to 2024-05-26 00:00:00+00:00, run_after=2024-05-27 00:00:00+00:00
[2024-05-27T09:39:00.711+0000] {processor.py:183} INFO - Processing /home/airflow/.local/lib/python3.12/site-packages/airflow/example_dags/example_short_circuit_operator.py took 5.351 seconds
[2024-05-27T09:42:01.484+0000] {processor.py:161} INFO - Started process (PID=261) to work on /home/airflow/.local/lib/python3.12/site-packages/airflow/example_dags/example_short_circuit_operator.py
[2024-05-27T09:42:01.488+0000] {processor.py:830} INFO - Processing file /home/airflow/.local/lib/python3.12/site-packages/airflow/example_dags/example_short_circuit_operator.py for tasks to queue
[2024-05-27T09:42:01.490+0000] {logging_mixin.py:188} INFO - [2024-05-27T09:42:01.490+0000] {dagbag.py:545} INFO - Filling up the DagBag from /home/airflow/.local/lib/python3.12/site-packages/airflow/example_dags/example_short_circuit_operator.py
[2024-05-27T09:42:01.654+0000] {processor.py:840} INFO - DAG(s) 'example_short_circuit_operator' retrieved from /home/airflow/.local/lib/python3.12/site-packages/airflow/example_dags/example_short_circuit_operator.py
[2024-05-27T09:42:01.995+0000] {logging_mixin.py:188} INFO - [2024-05-27T09:42:01.980+0000] {dag.py:3096} INFO - Sync 1 DAGs
[2024-05-27T09:42:03.212+0000] {logging_mixin.py:188} INFO - [2024-05-27T09:42:03.212+0000] {dag.py:3954} INFO - Setting next_dagrun for example_short_circuit_operator to 2024-05-26 00:00:00+00:00, run_after=2024-05-27 00:00:00+00:00
[2024-05-27T09:42:03.244+0000] {processor.py:183} INFO - Processing /home/airflow/.local/lib/python3.12/site-packages/airflow/example_dags/example_short_circuit_operator.py took 1.783 seconds
[2024-05-27T10:07:07.445+0000] {processor.py:161} INFO - Started process (PID=30) to work on /home/airflow/.local/lib/python3.12/site-packages/airflow/example_dags/example_short_circuit_operator.py
[2024-05-27T10:07:07.447+0000] {processor.py:830} INFO - Processing file /home/airflow/.local/lib/python3.12/site-packages/airflow/example_dags/example_short_circuit_operator.py for tasks to queue
[2024-05-27T10:07:07.449+0000] {logging_mixin.py:188} INFO - [2024-05-27T10:07:07.449+0000] {dagbag.py:545} INFO - Filling up the DagBag from /home/airflow/.local/lib/python3.12/site-packages/airflow/example_dags/example_short_circuit_operator.py
[2024-05-27T10:07:07.461+0000] {processor.py:840} INFO - DAG(s) 'example_short_circuit_operator' retrieved from /home/airflow/.local/lib/python3.12/site-packages/airflow/example_dags/example_short_circuit_operator.py
[2024-05-27T10:07:07.473+0000] {logging_mixin.py:188} INFO - [2024-05-27T10:07:07.472+0000] {dag.py:3096} INFO - Sync 1 DAGs
[2024-05-27T10:07:07.501+0000] {logging_mixin.py:188} INFO - [2024-05-27T10:07:07.500+0000] {dag.py:3954} INFO - Setting next_dagrun for example_short_circuit_operator to 2024-05-26 00:00:00+00:00, run_after=2024-05-27 00:00:00+00:00
[2024-05-27T10:07:07.515+0000] {processor.py:183} INFO - Processing /home/airflow/.local/lib/python3.12/site-packages/airflow/example_dags/example_short_circuit_operator.py took 0.077 seconds
[2024-05-27T10:07:38.861+0000] {processor.py:161} INFO - Started process (PID=88) to work on /home/airflow/.local/lib/python3.12/site-packages/airflow/example_dags/example_short_circuit_operator.py
[2024-05-27T10:07:38.863+0000] {processor.py:830} INFO - Processing file /home/airflow/.local/lib/python3.12/site-packages/airflow/example_dags/example_short_circuit_operator.py for tasks to queue
[2024-05-27T10:07:38.865+0000] {logging_mixin.py:188} INFO - [2024-05-27T10:07:38.865+0000] {dagbag.py:545} INFO - Filling up the DagBag from /home/airflow/.local/lib/python3.12/site-packages/airflow/example_dags/example_short_circuit_operator.py
[2024-05-27T10:07:38.871+0000] {processor.py:840} INFO - DAG(s) 'example_short_circuit_operator' retrieved from /home/airflow/.local/lib/python3.12/site-packages/airflow/example_dags/example_short_circuit_operator.py
[2024-05-27T10:07:38.942+0000] {logging_mixin.py:188} INFO - [2024-05-27T10:07:38.942+0000] {dag.py:3096} INFO - Sync 1 DAGs
[2024-05-27T10:07:38.956+0000] {logging_mixin.py:188} INFO - [2024-05-27T10:07:38.956+0000] {dag.py:3954} INFO - Setting next_dagrun for example_short_circuit_operator to 2024-05-26 00:00:00+00:00, run_after=2024-05-27 00:00:00+00:00
[2024-05-27T10:07:38.970+0000] {processor.py:183} INFO - Processing /home/airflow/.local/lib/python3.12/site-packages/airflow/example_dags/example_short_circuit_operator.py took 0.114 seconds
