[2024-05-27T08:51:52.746+0000] {processor.py:161} INFO - Started process (PID=49) to work on /home/airflow/.local/lib/python3.12/site-packages/airflow/example_dags/example_branch_python_dop_operator_3.py
[2024-05-27T08:51:52.747+0000] {processor.py:830} INFO - Processing file /home/airflow/.local/lib/python3.12/site-packages/airflow/example_dags/example_branch_python_dop_operator_3.py for tasks to queue
[2024-05-27T08:51:52.750+0000] {logging_mixin.py:188} INFO - [2024-05-27T08:51:52.750+0000] {dagbag.py:545} INFO - Filling up the DagBag from /home/airflow/.local/lib/python3.12/site-packages/airflow/example_dags/example_branch_python_dop_operator_3.py
[2024-05-27T08:51:52.761+0000] {processor.py:840} INFO - DAG(s) 'example_branch_dop_operator_v3' retrieved from /home/airflow/.local/lib/python3.12/site-packages/airflow/example_dags/example_branch_python_dop_operator_3.py
[2024-05-27T08:51:52.854+0000] {logging_mixin.py:188} INFO - [2024-05-27T08:51:52.854+0000] {override.py:1829} INFO - Created Permission View: can edit on DAG:example_branch_dop_operator_v3
[2024-05-27T08:51:52.862+0000] {logging_mixin.py:188} INFO - [2024-05-27T08:51:52.862+0000] {override.py:1829} INFO - Created Permission View: can read on DAG:example_branch_dop_operator_v3
[2024-05-27T08:51:52.867+0000] {logging_mixin.py:188} INFO - [2024-05-27T08:51:52.867+0000] {override.py:1829} INFO - Created Permission View: can delete on DAG:example_branch_dop_operator_v3
[2024-05-27T08:51:52.868+0000] {logging_mixin.py:188} INFO - [2024-05-27T08:51:52.868+0000] {dag.py:3096} INFO - Sync 1 DAGs
[2024-05-27T08:51:52.876+0000] {logging_mixin.py:188} INFO - [2024-05-27T08:51:52.876+0000] {dag.py:3118} INFO - Creating ORM DAG for example_branch_dop_operator_v3
[2024-05-27T08:51:52.887+0000] {logging_mixin.py:188} INFO - [2024-05-27T08:51:52.886+0000] {dag.py:3954} INFO - Setting next_dagrun for example_branch_dop_operator_v3 to 2024-05-27 08:50:00+00:00, run_after=2024-05-27 08:51:00+00:00
[2024-05-27T08:51:52.900+0000] {processor.py:183} INFO - Processing /home/airflow/.local/lib/python3.12/site-packages/airflow/example_dags/example_branch_python_dop_operator_3.py took 0.159 seconds
[2024-05-27T08:52:23.938+0000] {processor.py:161} INFO - Started process (PID=112) to work on /home/airflow/.local/lib/python3.12/site-packages/airflow/example_dags/example_branch_python_dop_operator_3.py
[2024-05-27T08:52:23.941+0000] {processor.py:830} INFO - Processing file /home/airflow/.local/lib/python3.12/site-packages/airflow/example_dags/example_branch_python_dop_operator_3.py for tasks to queue
[2024-05-27T08:52:23.944+0000] {logging_mixin.py:188} INFO - [2024-05-27T08:52:23.943+0000] {dagbag.py:545} INFO - Filling up the DagBag from /home/airflow/.local/lib/python3.12/site-packages/airflow/example_dags/example_branch_python_dop_operator_3.py
[2024-05-27T08:52:23.952+0000] {processor.py:840} INFO - DAG(s) 'example_branch_dop_operator_v3' retrieved from /home/airflow/.local/lib/python3.12/site-packages/airflow/example_dags/example_branch_python_dop_operator_3.py
[2024-05-27T08:52:23.972+0000] {logging_mixin.py:188} INFO - [2024-05-27T08:52:23.972+0000] {dag.py:3096} INFO - Sync 1 DAGs
[2024-05-27T08:52:23.998+0000] {logging_mixin.py:188} INFO - [2024-05-27T08:52:23.998+0000] {dag.py:3954} INFO - Setting next_dagrun for example_branch_dop_operator_v3 to 2024-05-27 08:51:00+00:00, run_after=2024-05-27 08:52:00+00:00
[2024-05-27T08:52:24.016+0000] {processor.py:183} INFO - Processing /home/airflow/.local/lib/python3.12/site-packages/airflow/example_dags/example_branch_python_dop_operator_3.py took 0.084 seconds
[2024-05-27T08:55:44.398+0000] {processor.py:161} INFO - Started process (PID=49) to work on /home/airflow/.local/lib/python3.12/site-packages/airflow/example_dags/example_branch_python_dop_operator_3.py
[2024-05-27T08:55:44.400+0000] {processor.py:830} INFO - Processing file /home/airflow/.local/lib/python3.12/site-packages/airflow/example_dags/example_branch_python_dop_operator_3.py for tasks to queue
[2024-05-27T08:55:44.403+0000] {logging_mixin.py:188} INFO - [2024-05-27T08:55:44.403+0000] {dagbag.py:545} INFO - Filling up the DagBag from /home/airflow/.local/lib/python3.12/site-packages/airflow/example_dags/example_branch_python_dop_operator_3.py
[2024-05-27T08:55:44.420+0000] {processor.py:840} INFO - DAG(s) 'example_branch_dop_operator_v3' retrieved from /home/airflow/.local/lib/python3.12/site-packages/airflow/example_dags/example_branch_python_dop_operator_3.py
[2024-05-27T08:55:44.434+0000] {logging_mixin.py:188} INFO - [2024-05-27T08:55:44.434+0000] {dag.py:3096} INFO - Sync 1 DAGs
[2024-05-27T08:55:44.458+0000] {logging_mixin.py:188} INFO - [2024-05-27T08:55:44.458+0000] {dag.py:3954} INFO - Setting next_dagrun for example_branch_dop_operator_v3 to 2024-05-27 08:54:00+00:00, run_after=2024-05-27 08:55:00+00:00
[2024-05-27T08:55:44.514+0000] {processor.py:183} INFO - Processing /home/airflow/.local/lib/python3.12/site-packages/airflow/example_dags/example_branch_python_dop_operator_3.py took 0.123 seconds
[2024-05-27T08:57:04.669+0000] {processor.py:161} INFO - Started process (PID=114) to work on /home/airflow/.local/lib/python3.12/site-packages/airflow/example_dags/example_branch_python_dop_operator_3.py
[2024-05-27T08:57:04.682+0000] {processor.py:830} INFO - Processing file /home/airflow/.local/lib/python3.12/site-packages/airflow/example_dags/example_branch_python_dop_operator_3.py for tasks to queue
[2024-05-27T08:57:04.693+0000] {logging_mixin.py:188} INFO - [2024-05-27T08:57:04.689+0000] {dagbag.py:545} INFO - Filling up the DagBag from /home/airflow/.local/lib/python3.12/site-packages/airflow/example_dags/example_branch_python_dop_operator_3.py
[2024-05-27T08:57:07.269+0000] {processor.py:840} INFO - DAG(s) 'example_branch_dop_operator_v3' retrieved from /home/airflow/.local/lib/python3.12/site-packages/airflow/example_dags/example_branch_python_dop_operator_3.py
[2024-05-27T08:57:08.887+0000] {logging_mixin.py:188} INFO - [2024-05-27T08:57:08.882+0000] {dag.py:3096} INFO - Sync 1 DAGs
[2024-05-27T08:57:08.958+0000] {logging_mixin.py:188} INFO - [2024-05-27T08:57:08.957+0000] {dag.py:3954} INFO - Setting next_dagrun for example_branch_dop_operator_v3 to 2024-05-27 08:56:00+00:00, run_after=2024-05-27 08:57:00+00:00
[2024-05-27T08:57:09.943+0000] {processor.py:183} INFO - Processing /home/airflow/.local/lib/python3.12/site-packages/airflow/example_dags/example_branch_python_dop_operator_3.py took 5.303 seconds
[2024-05-27T08:59:59.018+0000] {processor.py:161} INFO - Started process (PID=206) to work on /home/airflow/.local/lib/python3.12/site-packages/airflow/example_dags/example_branch_python_dop_operator_3.py
[2024-05-27T08:59:59.020+0000] {processor.py:830} INFO - Processing file /home/airflow/.local/lib/python3.12/site-packages/airflow/example_dags/example_branch_python_dop_operator_3.py for tasks to queue
[2024-05-27T08:59:59.026+0000] {logging_mixin.py:188} INFO - [2024-05-27T08:59:59.025+0000] {dagbag.py:545} INFO - Filling up the DagBag from /home/airflow/.local/lib/python3.12/site-packages/airflow/example_dags/example_branch_python_dop_operator_3.py
[2024-05-27T09:00:01.129+0000] {processor.py:840} INFO - DAG(s) 'example_branch_dop_operator_v3' retrieved from /home/airflow/.local/lib/python3.12/site-packages/airflow/example_dags/example_branch_python_dop_operator_3.py
[2024-05-27T09:00:04.177+0000] {logging_mixin.py:188} INFO - [2024-05-27T09:00:04.176+0000] {dag.py:3096} INFO - Sync 1 DAGs
[2024-05-27T09:00:05.305+0000] {logging_mixin.py:188} INFO - [2024-05-27T09:00:05.305+0000] {dag.py:3954} INFO - Setting next_dagrun for example_branch_dop_operator_v3 to 2024-05-27 08:59:00+00:00, run_after=2024-05-27 09:00:00+00:00
[2024-05-27T09:00:06.318+0000] {processor.py:183} INFO - Processing /home/airflow/.local/lib/python3.12/site-packages/airflow/example_dags/example_branch_python_dop_operator_3.py took 7.197 seconds
[2024-05-27T09:02:15.295+0000] {processor.py:161} INFO - Started process (PID=265) to work on /home/airflow/.local/lib/python3.12/site-packages/airflow/example_dags/example_branch_python_dop_operator_3.py
[2024-05-27T09:02:15.307+0000] {processor.py:830} INFO - Processing file /home/airflow/.local/lib/python3.12/site-packages/airflow/example_dags/example_branch_python_dop_operator_3.py for tasks to queue
[2024-05-27T09:02:15.314+0000] {logging_mixin.py:188} INFO - [2024-05-27T09:02:15.311+0000] {dagbag.py:545} INFO - Filling up the DagBag from /home/airflow/.local/lib/python3.12/site-packages/airflow/example_dags/example_branch_python_dop_operator_3.py
[2024-05-27T09:02:22.244+0000] {processor.py:840} INFO - DAG(s) 'example_branch_dop_operator_v3' retrieved from /home/airflow/.local/lib/python3.12/site-packages/airflow/example_dags/example_branch_python_dop_operator_3.py
[2024-05-27T09:02:22.680+0000] {logging_mixin.py:188} INFO - [2024-05-27T09:02:22.675+0000] {dag.py:3096} INFO - Sync 1 DAGs
[2024-05-27T09:02:25.169+0000] {logging_mixin.py:188} INFO - [2024-05-27T09:02:25.169+0000] {dag.py:3954} INFO - Setting next_dagrun for example_branch_dop_operator_v3 to 2024-05-27 09:01:00+00:00, run_after=2024-05-27 09:02:00+00:00
[2024-05-27T09:02:26.660+0000] {processor.py:183} INFO - Processing /home/airflow/.local/lib/python3.12/site-packages/airflow/example_dags/example_branch_python_dop_operator_3.py took 11.399 seconds
[2024-05-27T09:03:50.151+0000] {processor.py:161} INFO - Started process (PID=315) to work on /home/airflow/.local/lib/python3.12/site-packages/airflow/example_dags/example_branch_python_dop_operator_3.py
[2024-05-27T09:03:50.155+0000] {processor.py:830} INFO - Processing file /home/airflow/.local/lib/python3.12/site-packages/airflow/example_dags/example_branch_python_dop_operator_3.py for tasks to queue
[2024-05-27T09:03:50.171+0000] {logging_mixin.py:188} INFO - [2024-05-27T09:03:50.164+0000] {dagbag.py:545} INFO - Filling up the DagBag from /home/airflow/.local/lib/python3.12/site-packages/airflow/example_dags/example_branch_python_dop_operator_3.py
[2024-05-27T09:03:50.480+0000] {processor.py:840} INFO - DAG(s) 'example_branch_dop_operator_v3' retrieved from /home/airflow/.local/lib/python3.12/site-packages/airflow/example_dags/example_branch_python_dop_operator_3.py
[2024-05-27T09:03:54.692+0000] {logging_mixin.py:188} INFO - [2024-05-27T09:03:54.683+0000] {dag.py:3096} INFO - Sync 1 DAGs
[2024-05-27T09:03:55.769+0000] {logging_mixin.py:188} INFO - [2024-05-27T09:03:55.769+0000] {dag.py:3954} INFO - Setting next_dagrun for example_branch_dop_operator_v3 to 2024-05-27 09:02:00+00:00, run_after=2024-05-27 09:03:00+00:00
[2024-05-27T09:03:56.453+0000] {processor.py:183} INFO - Processing /home/airflow/.local/lib/python3.12/site-packages/airflow/example_dags/example_branch_python_dop_operator_3.py took 6.313 seconds
[2024-05-27T09:05:23.448+0000] {processor.py:161} INFO - Started process (PID=391) to work on /home/airflow/.local/lib/python3.12/site-packages/airflow/example_dags/example_branch_python_dop_operator_3.py
[2024-05-27T09:05:23.453+0000] {processor.py:830} INFO - Processing file /home/airflow/.local/lib/python3.12/site-packages/airflow/example_dags/example_branch_python_dop_operator_3.py for tasks to queue
[2024-05-27T09:05:23.456+0000] {logging_mixin.py:188} INFO - [2024-05-27T09:05:23.456+0000] {dagbag.py:545} INFO - Filling up the DagBag from /home/airflow/.local/lib/python3.12/site-packages/airflow/example_dags/example_branch_python_dop_operator_3.py
[2024-05-27T09:05:23.506+0000] {processor.py:840} INFO - DAG(s) 'example_branch_dop_operator_v3' retrieved from /home/airflow/.local/lib/python3.12/site-packages/airflow/example_dags/example_branch_python_dop_operator_3.py
[2024-05-27T09:05:23.572+0000] {logging_mixin.py:188} INFO - [2024-05-27T09:05:23.571+0000] {dag.py:3096} INFO - Sync 1 DAGs
[2024-05-27T09:05:23.660+0000] {logging_mixin.py:188} INFO - [2024-05-27T09:05:23.660+0000] {dag.py:3954} INFO - Setting next_dagrun for example_branch_dop_operator_v3 to 2024-05-27 09:04:00+00:00, run_after=2024-05-27 09:05:00+00:00
[2024-05-27T09:05:25.569+0000] {processor.py:183} INFO - Processing /home/airflow/.local/lib/python3.12/site-packages/airflow/example_dags/example_branch_python_dop_operator_3.py took 2.128 seconds
[2024-05-27T09:07:11.132+0000] {processor.py:161} INFO - Started process (PID=456) to work on /home/airflow/.local/lib/python3.12/site-packages/airflow/example_dags/example_branch_python_dop_operator_3.py
[2024-05-27T09:07:11.142+0000] {processor.py:830} INFO - Processing file /home/airflow/.local/lib/python3.12/site-packages/airflow/example_dags/example_branch_python_dop_operator_3.py for tasks to queue
[2024-05-27T09:07:11.151+0000] {logging_mixin.py:188} INFO - [2024-05-27T09:07:11.151+0000] {dagbag.py:545} INFO - Filling up the DagBag from /home/airflow/.local/lib/python3.12/site-packages/airflow/example_dags/example_branch_python_dop_operator_3.py
[2024-05-27T09:07:11.220+0000] {processor.py:840} INFO - DAG(s) 'example_branch_dop_operator_v3' retrieved from /home/airflow/.local/lib/python3.12/site-packages/airflow/example_dags/example_branch_python_dop_operator_3.py
[2024-05-27T09:07:17.179+0000] {logging_mixin.py:188} INFO - [2024-05-27T09:07:17.175+0000] {dag.py:3096} INFO - Sync 1 DAGs
[2024-05-27T09:07:17.515+0000] {logging_mixin.py:188} INFO - [2024-05-27T09:07:17.503+0000] {dag.py:3954} INFO - Setting next_dagrun for example_branch_dop_operator_v3 to 2024-05-27 09:06:00+00:00, run_after=2024-05-27 09:07:00+00:00
[2024-05-27T09:07:17.818+0000] {processor.py:183} INFO - Processing /home/airflow/.local/lib/python3.12/site-packages/airflow/example_dags/example_branch_python_dop_operator_3.py took 6.708 seconds
[2024-05-27T09:08:45.258+0000] {processor.py:161} INFO - Started process (PID=533) to work on /home/airflow/.local/lib/python3.12/site-packages/airflow/example_dags/example_branch_python_dop_operator_3.py
[2024-05-27T09:08:45.270+0000] {processor.py:830} INFO - Processing file /home/airflow/.local/lib/python3.12/site-packages/airflow/example_dags/example_branch_python_dop_operator_3.py for tasks to queue
[2024-05-27T09:08:45.276+0000] {logging_mixin.py:188} INFO - [2024-05-27T09:08:45.272+0000] {dagbag.py:545} INFO - Filling up the DagBag from /home/airflow/.local/lib/python3.12/site-packages/airflow/example_dags/example_branch_python_dop_operator_3.py
[2024-05-27T09:08:46.561+0000] {processor.py:840} INFO - DAG(s) 'example_branch_dop_operator_v3' retrieved from /home/airflow/.local/lib/python3.12/site-packages/airflow/example_dags/example_branch_python_dop_operator_3.py
[2024-05-27T09:08:46.617+0000] {logging_mixin.py:188} INFO - [2024-05-27T09:08:46.616+0000] {dag.py:3096} INFO - Sync 1 DAGs
[2024-05-27T09:08:46.664+0000] {logging_mixin.py:188} INFO - [2024-05-27T09:08:46.664+0000] {dag.py:3954} INFO - Setting next_dagrun for example_branch_dop_operator_v3 to 2024-05-27 09:07:00+00:00, run_after=2024-05-27 09:08:00+00:00
[2024-05-27T09:08:46.737+0000] {processor.py:183} INFO - Processing /home/airflow/.local/lib/python3.12/site-packages/airflow/example_dags/example_branch_python_dop_operator_3.py took 1.498 seconds
[2024-05-27T09:11:41.730+0000] {processor.py:161} INFO - Started process (PID=49) to work on /home/airflow/.local/lib/python3.12/site-packages/airflow/example_dags/example_branch_python_dop_operator_3.py
[2024-05-27T09:11:41.735+0000] {processor.py:830} INFO - Processing file /home/airflow/.local/lib/python3.12/site-packages/airflow/example_dags/example_branch_python_dop_operator_3.py for tasks to queue
[2024-05-27T09:11:41.746+0000] {logging_mixin.py:188} INFO - [2024-05-27T09:11:41.742+0000] {dagbag.py:545} INFO - Filling up the DagBag from /home/airflow/.local/lib/python3.12/site-packages/airflow/example_dags/example_branch_python_dop_operator_3.py
[2024-05-27T09:11:44.548+0000] {processor.py:840} INFO - DAG(s) 'example_branch_dop_operator_v3' retrieved from /home/airflow/.local/lib/python3.12/site-packages/airflow/example_dags/example_branch_python_dop_operator_3.py
[2024-05-27T09:11:44.594+0000] {logging_mixin.py:188} INFO - [2024-05-27T09:11:44.594+0000] {dag.py:3096} INFO - Sync 1 DAGs
[2024-05-27T09:11:44.622+0000] {logging_mixin.py:188} INFO - [2024-05-27T09:11:44.621+0000] {dag.py:3954} INFO - Setting next_dagrun for example_branch_dop_operator_v3 to 2024-05-27 09:10:00+00:00, run_after=2024-05-27 09:11:00+00:00
[2024-05-27T09:11:44.640+0000] {processor.py:183} INFO - Processing /home/airflow/.local/lib/python3.12/site-packages/airflow/example_dags/example_branch_python_dop_operator_3.py took 2.933 seconds
[2024-05-27T09:13:49.563+0000] {processor.py:161} INFO - Started process (PID=113) to work on /home/airflow/.local/lib/python3.12/site-packages/airflow/example_dags/example_branch_python_dop_operator_3.py
[2024-05-27T09:13:49.655+0000] {processor.py:830} INFO - Processing file /home/airflow/.local/lib/python3.12/site-packages/airflow/example_dags/example_branch_python_dop_operator_3.py for tasks to queue
[2024-05-27T09:13:50.170+0000] {logging_mixin.py:188} INFO - [2024-05-27T09:13:50.072+0000] {dagbag.py:545} INFO - Filling up the DagBag from /home/airflow/.local/lib/python3.12/site-packages/airflow/example_dags/example_branch_python_dop_operator_3.py
[2024-05-27T09:13:53.982+0000] {processor.py:840} INFO - DAG(s) 'example_branch_dop_operator_v3' retrieved from /home/airflow/.local/lib/python3.12/site-packages/airflow/example_dags/example_branch_python_dop_operator_3.py
[2024-05-27T09:13:58.798+0000] {logging_mixin.py:188} INFO - [2024-05-27T09:13:58.789+0000] {dag.py:3096} INFO - Sync 1 DAGs
[2024-05-27T09:13:59.547+0000] {logging_mixin.py:188} INFO - [2024-05-27T09:13:59.508+0000] {dag.py:3954} INFO - Setting next_dagrun for example_branch_dop_operator_v3 to 2024-05-27 09:12:00+00:00, run_after=2024-05-27 09:13:00+00:00
[2024-05-27T09:14:14.056+0000] {processor.py:183} INFO - Processing /home/airflow/.local/lib/python3.12/site-packages/airflow/example_dags/example_branch_python_dop_operator_3.py took 25.091 seconds
[2024-05-27T09:24:44.156+0000] {processor.py:161} INFO - Started process (PID=49) to work on /home/airflow/.local/lib/python3.12/site-packages/airflow/example_dags/example_branch_python_dop_operator_3.py
[2024-05-27T09:24:44.165+0000] {processor.py:830} INFO - Processing file /home/airflow/.local/lib/python3.12/site-packages/airflow/example_dags/example_branch_python_dop_operator_3.py for tasks to queue
[2024-05-27T09:24:44.176+0000] {logging_mixin.py:188} INFO - [2024-05-27T09:24:44.173+0000] {dagbag.py:545} INFO - Filling up the DagBag from /home/airflow/.local/lib/python3.12/site-packages/airflow/example_dags/example_branch_python_dop_operator_3.py
[2024-05-27T09:24:44.212+0000] {processor.py:840} INFO - DAG(s) 'example_branch_dop_operator_v3' retrieved from /home/airflow/.local/lib/python3.12/site-packages/airflow/example_dags/example_branch_python_dop_operator_3.py
[2024-05-27T09:24:44.234+0000] {logging_mixin.py:188} INFO - [2024-05-27T09:24:44.234+0000] {dag.py:3096} INFO - Sync 1 DAGs
[2024-05-27T09:24:44.331+0000] {logging_mixin.py:188} INFO - [2024-05-27T09:24:44.328+0000] {dag.py:3954} INFO - Setting next_dagrun for example_branch_dop_operator_v3 to 2024-05-27 09:23:00+00:00, run_after=2024-05-27 09:24:00+00:00
[2024-05-27T09:24:45.613+0000] {processor.py:183} INFO - Processing /home/airflow/.local/lib/python3.12/site-packages/airflow/example_dags/example_branch_python_dop_operator_3.py took 1.463 seconds
[2024-05-27T09:28:18.763+0000] {processor.py:161} INFO - Started process (PID=50) to work on /home/airflow/.local/lib/python3.12/site-packages/airflow/example_dags/example_branch_python_dop_operator_3.py
[2024-05-27T09:28:18.769+0000] {processor.py:830} INFO - Processing file /home/airflow/.local/lib/python3.12/site-packages/airflow/example_dags/example_branch_python_dop_operator_3.py for tasks to queue
[2024-05-27T09:28:18.777+0000] {logging_mixin.py:188} INFO - [2024-05-27T09:28:18.775+0000] {dagbag.py:545} INFO - Filling up the DagBag from /home/airflow/.local/lib/python3.12/site-packages/airflow/example_dags/example_branch_python_dop_operator_3.py
[2024-05-27T09:28:20.900+0000] {processor.py:840} INFO - DAG(s) 'example_branch_dop_operator_v3' retrieved from /home/airflow/.local/lib/python3.12/site-packages/airflow/example_dags/example_branch_python_dop_operator_3.py
[2024-05-27T09:28:20.939+0000] {logging_mixin.py:188} INFO - [2024-05-27T09:28:20.939+0000] {dag.py:3096} INFO - Sync 1 DAGs
[2024-05-27T09:28:20.985+0000] {logging_mixin.py:188} INFO - [2024-05-27T09:28:20.985+0000] {dag.py:3954} INFO - Setting next_dagrun for example_branch_dop_operator_v3 to 2024-05-27 09:27:00+00:00, run_after=2024-05-27 09:28:00+00:00
[2024-05-27T09:28:21.008+0000] {processor.py:183} INFO - Processing /home/airflow/.local/lib/python3.12/site-packages/airflow/example_dags/example_branch_python_dop_operator_3.py took 2.258 seconds
[2024-05-27T09:30:33.710+0000] {processor.py:161} INFO - Started process (PID=128) to work on /home/airflow/.local/lib/python3.12/site-packages/airflow/example_dags/example_branch_python_dop_operator_3.py
[2024-05-27T09:30:33.716+0000] {processor.py:830} INFO - Processing file /home/airflow/.local/lib/python3.12/site-packages/airflow/example_dags/example_branch_python_dop_operator_3.py for tasks to queue
[2024-05-27T09:30:33.726+0000] {logging_mixin.py:188} INFO - [2024-05-27T09:30:33.723+0000] {dagbag.py:545} INFO - Filling up the DagBag from /home/airflow/.local/lib/python3.12/site-packages/airflow/example_dags/example_branch_python_dop_operator_3.py
[2024-05-27T09:30:33.837+0000] {processor.py:840} INFO - DAG(s) 'example_branch_dop_operator_v3' retrieved from /home/airflow/.local/lib/python3.12/site-packages/airflow/example_dags/example_branch_python_dop_operator_3.py
[2024-05-27T09:30:45.139+0000] {logging_mixin.py:188} INFO - [2024-05-27T09:30:45.125+0000] {dag.py:3096} INFO - Sync 1 DAGs
[2024-05-27T09:30:49.449+0000] {logging_mixin.py:188} INFO - [2024-05-27T09:30:49.447+0000] {dag.py:3954} INFO - Setting next_dagrun for example_branch_dop_operator_v3 to 2024-05-27 09:29:00+00:00, run_after=2024-05-27 09:30:00+00:00
[2024-05-27T09:30:49.526+0000] {processor.py:183} INFO - Processing /home/airflow/.local/lib/python3.12/site-packages/airflow/example_dags/example_branch_python_dop_operator_3.py took 15.736 seconds
[2024-05-27T09:33:39.415+0000] {processor.py:161} INFO - Started process (PID=50) to work on /home/airflow/.local/lib/python3.12/site-packages/airflow/example_dags/example_branch_python_dop_operator_3.py
[2024-05-27T09:33:39.420+0000] {processor.py:830} INFO - Processing file /home/airflow/.local/lib/python3.12/site-packages/airflow/example_dags/example_branch_python_dop_operator_3.py for tasks to queue
[2024-05-27T09:33:39.424+0000] {logging_mixin.py:188} INFO - [2024-05-27T09:33:39.424+0000] {dagbag.py:545} INFO - Filling up the DagBag from /home/airflow/.local/lib/python3.12/site-packages/airflow/example_dags/example_branch_python_dop_operator_3.py
[2024-05-27T09:33:39.459+0000] {processor.py:840} INFO - DAG(s) 'example_branch_dop_operator_v3' retrieved from /home/airflow/.local/lib/python3.12/site-packages/airflow/example_dags/example_branch_python_dop_operator_3.py
[2024-05-27T09:33:39.510+0000] {logging_mixin.py:188} INFO - [2024-05-27T09:33:39.510+0000] {dag.py:3096} INFO - Sync 1 DAGs
[2024-05-27T09:33:39.529+0000] {logging_mixin.py:188} INFO - [2024-05-27T09:33:39.529+0000] {dag.py:3954} INFO - Setting next_dagrun for example_branch_dop_operator_v3 to 2024-05-27 09:32:00+00:00, run_after=2024-05-27 09:33:00+00:00
[2024-05-27T09:33:39.547+0000] {processor.py:183} INFO - Processing /home/airflow/.local/lib/python3.12/site-packages/airflow/example_dags/example_branch_python_dop_operator_3.py took 0.154 seconds
[2024-05-27T09:35:39.430+0000] {processor.py:161} INFO - Started process (PID=116) to work on /home/airflow/.local/lib/python3.12/site-packages/airflow/example_dags/example_branch_python_dop_operator_3.py
[2024-05-27T09:35:39.434+0000] {processor.py:830} INFO - Processing file /home/airflow/.local/lib/python3.12/site-packages/airflow/example_dags/example_branch_python_dop_operator_3.py for tasks to queue
[2024-05-27T09:35:39.456+0000] {logging_mixin.py:188} INFO - [2024-05-27T09:35:39.451+0000] {dagbag.py:545} INFO - Filling up the DagBag from /home/airflow/.local/lib/python3.12/site-packages/airflow/example_dags/example_branch_python_dop_operator_3.py
[2024-05-27T09:35:39.684+0000] {processor.py:840} INFO - DAG(s) 'example_branch_dop_operator_v3' retrieved from /home/airflow/.local/lib/python3.12/site-packages/airflow/example_dags/example_branch_python_dop_operator_3.py
[2024-05-27T09:35:43.349+0000] {logging_mixin.py:188} INFO - [2024-05-27T09:35:43.343+0000] {dag.py:3096} INFO - Sync 1 DAGs
[2024-05-27T09:35:44.007+0000] {logging_mixin.py:188} INFO - [2024-05-27T09:35:44.006+0000] {dag.py:3954} INFO - Setting next_dagrun for example_branch_dop_operator_v3 to 2024-05-27 09:34:00+00:00, run_after=2024-05-27 09:35:00+00:00
[2024-05-27T09:35:44.088+0000] {processor.py:183} INFO - Processing /home/airflow/.local/lib/python3.12/site-packages/airflow/example_dags/example_branch_python_dop_operator_3.py took 4.701 seconds
[2024-05-27T09:40:34.634+0000] {processor.py:161} INFO - Started process (PID=219) to work on /home/airflow/.local/lib/python3.12/site-packages/airflow/example_dags/example_branch_python_dop_operator_3.py
[2024-05-27T09:40:34.642+0000] {processor.py:830} INFO - Processing file /home/airflow/.local/lib/python3.12/site-packages/airflow/example_dags/example_branch_python_dop_operator_3.py for tasks to queue
[2024-05-27T09:40:34.649+0000] {logging_mixin.py:188} INFO - [2024-05-27T09:40:34.647+0000] {dagbag.py:545} INFO - Filling up the DagBag from /home/airflow/.local/lib/python3.12/site-packages/airflow/example_dags/example_branch_python_dop_operator_3.py
[2024-05-27T09:40:35.614+0000] {processor.py:840} INFO - DAG(s) 'example_branch_dop_operator_v3' retrieved from /home/airflow/.local/lib/python3.12/site-packages/airflow/example_dags/example_branch_python_dop_operator_3.py
[2024-05-27T09:40:38.453+0000] {logging_mixin.py:188} INFO - [2024-05-27T09:40:38.424+0000] {dag.py:3096} INFO - Sync 1 DAGs
[2024-05-27T09:40:39.011+0000] {logging_mixin.py:188} INFO - [2024-05-27T09:40:39.011+0000] {dag.py:3954} INFO - Setting next_dagrun for example_branch_dop_operator_v3 to 2024-05-27 09:39:00+00:00, run_after=2024-05-27 09:40:00+00:00
[2024-05-27T09:40:39.116+0000] {processor.py:183} INFO - Processing /home/airflow/.local/lib/python3.12/site-packages/airflow/example_dags/example_branch_python_dop_operator_3.py took 5.873 seconds
[2024-05-27T09:43:07.856+0000] {processor.py:161} INFO - Started process (PID=295) to work on /home/airflow/.local/lib/python3.12/site-packages/airflow/example_dags/example_branch_python_dop_operator_3.py
[2024-05-27T09:43:07.860+0000] {processor.py:830} INFO - Processing file /home/airflow/.local/lib/python3.12/site-packages/airflow/example_dags/example_branch_python_dop_operator_3.py for tasks to queue
[2024-05-27T09:43:07.863+0000] {logging_mixin.py:188} INFO - [2024-05-27T09:43:07.862+0000] {dagbag.py:545} INFO - Filling up the DagBag from /home/airflow/.local/lib/python3.12/site-packages/airflow/example_dags/example_branch_python_dop_operator_3.py
[2024-05-27T09:43:08.044+0000] {processor.py:840} INFO - DAG(s) 'example_branch_dop_operator_v3' retrieved from /home/airflow/.local/lib/python3.12/site-packages/airflow/example_dags/example_branch_python_dop_operator_3.py
[2024-05-27T09:43:10.275+0000] {logging_mixin.py:188} INFO - [2024-05-27T09:43:10.269+0000] {dag.py:3096} INFO - Sync 1 DAGs
[2024-05-27T09:43:10.403+0000] {logging_mixin.py:188} INFO - [2024-05-27T09:43:10.403+0000] {dag.py:3954} INFO - Setting next_dagrun for example_branch_dop_operator_v3 to 2024-05-27 09:42:00+00:00, run_after=2024-05-27 09:43:00+00:00
[2024-05-27T09:43:11.154+0000] {processor.py:183} INFO - Processing /home/airflow/.local/lib/python3.12/site-packages/airflow/example_dags/example_branch_python_dop_operator_3.py took 3.310 seconds
[2024-05-27T10:07:09.155+0000] {processor.py:161} INFO - Started process (PID=50) to work on /home/airflow/.local/lib/python3.12/site-packages/airflow/example_dags/example_branch_python_dop_operator_3.py
[2024-05-27T10:07:09.157+0000] {processor.py:830} INFO - Processing file /home/airflow/.local/lib/python3.12/site-packages/airflow/example_dags/example_branch_python_dop_operator_3.py for tasks to queue
[2024-05-27T10:07:09.161+0000] {logging_mixin.py:188} INFO - [2024-05-27T10:07:09.161+0000] {dagbag.py:545} INFO - Filling up the DagBag from /home/airflow/.local/lib/python3.12/site-packages/airflow/example_dags/example_branch_python_dop_operator_3.py
[2024-05-27T10:07:09.176+0000] {processor.py:840} INFO - DAG(s) 'example_branch_dop_operator_v3' retrieved from /home/airflow/.local/lib/python3.12/site-packages/airflow/example_dags/example_branch_python_dop_operator_3.py
[2024-05-27T10:07:09.188+0000] {logging_mixin.py:188} INFO - [2024-05-27T10:07:09.188+0000] {dag.py:3096} INFO - Sync 1 DAGs
[2024-05-27T10:07:09.214+0000] {logging_mixin.py:188} INFO - [2024-05-27T10:07:09.214+0000] {dag.py:3954} INFO - Setting next_dagrun for example_branch_dop_operator_v3 to 2024-05-27 10:06:00+00:00, run_after=2024-05-27 10:07:00+00:00
[2024-05-27T10:07:09.250+0000] {processor.py:183} INFO - Processing /home/airflow/.local/lib/python3.12/site-packages/airflow/example_dags/example_branch_python_dop_operator_3.py took 0.100 seconds
[2024-05-27T10:07:40.545+0000] {processor.py:161} INFO - Started process (PID=108) to work on /home/airflow/.local/lib/python3.12/site-packages/airflow/example_dags/example_branch_python_dop_operator_3.py
[2024-05-27T10:07:40.547+0000] {processor.py:830} INFO - Processing file /home/airflow/.local/lib/python3.12/site-packages/airflow/example_dags/example_branch_python_dop_operator_3.py for tasks to queue
[2024-05-27T10:07:40.550+0000] {logging_mixin.py:188} INFO - [2024-05-27T10:07:40.549+0000] {dagbag.py:545} INFO - Filling up the DagBag from /home/airflow/.local/lib/python3.12/site-packages/airflow/example_dags/example_branch_python_dop_operator_3.py
[2024-05-27T10:07:40.557+0000] {processor.py:840} INFO - DAG(s) 'example_branch_dop_operator_v3' retrieved from /home/airflow/.local/lib/python3.12/site-packages/airflow/example_dags/example_branch_python_dop_operator_3.py
[2024-05-27T10:07:40.627+0000] {logging_mixin.py:188} INFO - [2024-05-27T10:07:40.627+0000] {dag.py:3096} INFO - Sync 1 DAGs
[2024-05-27T10:07:40.645+0000] {logging_mixin.py:188} INFO - [2024-05-27T10:07:40.644+0000] {dag.py:3954} INFO - Setting next_dagrun for example_branch_dop_operator_v3 to 2024-05-27 10:06:00+00:00, run_after=2024-05-27 10:07:00+00:00
[2024-05-27T10:07:40.659+0000] {processor.py:183} INFO - Processing /home/airflow/.local/lib/python3.12/site-packages/airflow/example_dags/example_branch_python_dop_operator_3.py took 0.119 seconds
