[2024-05-27T08:51:52.569+0000] {processor.py:161} INFO - Started process (PID=48) to work on /home/airflow/.local/lib/python3.12/site-packages/airflow/example_dags/example_latest_only_with_trigger.py
[2024-05-27T08:51:52.571+0000] {processor.py:830} INFO - Processing file /home/airflow/.local/lib/python3.12/site-packages/airflow/example_dags/example_latest_only_with_trigger.py for tasks to queue
[2024-05-27T08:51:52.573+0000] {logging_mixin.py:188} INFO - [2024-05-27T08:51:52.573+0000] {dagbag.py:545} INFO - Filling up the DagBag from /home/airflow/.local/lib/python3.12/site-packages/airflow/example_dags/example_latest_only_with_trigger.py
[2024-05-27T08:51:52.581+0000] {processor.py:840} INFO - DAG(s) 'latest_only_with_trigger' retrieved from /home/airflow/.local/lib/python3.12/site-packages/airflow/example_dags/example_latest_only_with_trigger.py
[2024-05-27T08:51:52.661+0000] {logging_mixin.py:188} INFO - [2024-05-27T08:51:52.660+0000] {override.py:1829} INFO - Created Permission View: can edit on DAG:latest_only_with_trigger
[2024-05-27T08:51:52.670+0000] {logging_mixin.py:188} INFO - [2024-05-27T08:51:52.670+0000] {override.py:1829} INFO - Created Permission View: can read on DAG:latest_only_with_trigger
[2024-05-27T08:51:52.677+0000] {logging_mixin.py:188} INFO - [2024-05-27T08:51:52.677+0000] {override.py:1829} INFO - Created Permission View: can delete on DAG:latest_only_with_trigger
[2024-05-27T08:51:52.679+0000] {logging_mixin.py:188} INFO - [2024-05-27T08:51:52.678+0000] {dag.py:3096} INFO - Sync 1 DAGs
[2024-05-27T08:51:52.688+0000] {logging_mixin.py:188} INFO - [2024-05-27T08:51:52.688+0000] {dag.py:3118} INFO - Creating ORM DAG for latest_only_with_trigger
[2024-05-27T08:51:52.697+0000] {logging_mixin.py:188} INFO - [2024-05-27T08:51:52.697+0000] {dag.py:3954} INFO - Setting next_dagrun for latest_only_with_trigger to 2024-05-27 04:00:00+00:00, run_after=2024-05-27 08:00:00+00:00
[2024-05-27T08:51:52.709+0000] {processor.py:183} INFO - Processing /home/airflow/.local/lib/python3.12/site-packages/airflow/example_dags/example_latest_only_with_trigger.py took 0.145 seconds
[2024-05-27T08:52:23.838+0000] {processor.py:161} INFO - Started process (PID=111) to work on /home/airflow/.local/lib/python3.12/site-packages/airflow/example_dags/example_latest_only_with_trigger.py
[2024-05-27T08:52:23.840+0000] {processor.py:830} INFO - Processing file /home/airflow/.local/lib/python3.12/site-packages/airflow/example_dags/example_latest_only_with_trigger.py for tasks to queue
[2024-05-27T08:52:23.842+0000] {logging_mixin.py:188} INFO - [2024-05-27T08:52:23.842+0000] {dagbag.py:545} INFO - Filling up the DagBag from /home/airflow/.local/lib/python3.12/site-packages/airflow/example_dags/example_latest_only_with_trigger.py
[2024-05-27T08:52:23.848+0000] {processor.py:840} INFO - DAG(s) 'latest_only_with_trigger' retrieved from /home/airflow/.local/lib/python3.12/site-packages/airflow/example_dags/example_latest_only_with_trigger.py
[2024-05-27T08:52:23.867+0000] {logging_mixin.py:188} INFO - [2024-05-27T08:52:23.867+0000] {dag.py:3096} INFO - Sync 1 DAGs
[2024-05-27T08:52:23.884+0000] {logging_mixin.py:188} INFO - [2024-05-27T08:52:23.884+0000] {dag.py:3954} INFO - Setting next_dagrun for latest_only_with_trigger to 2024-05-27 04:00:00+00:00, run_after=2024-05-27 08:00:00+00:00
[2024-05-27T08:52:23.905+0000] {processor.py:183} INFO - Processing /home/airflow/.local/lib/python3.12/site-packages/airflow/example_dags/example_latest_only_with_trigger.py took 0.071 seconds
[2024-05-27T08:55:44.158+0000] {processor.py:161} INFO - Started process (PID=48) to work on /home/airflow/.local/lib/python3.12/site-packages/airflow/example_dags/example_latest_only_with_trigger.py
[2024-05-27T08:55:44.169+0000] {processor.py:830} INFO - Processing file /home/airflow/.local/lib/python3.12/site-packages/airflow/example_dags/example_latest_only_with_trigger.py for tasks to queue
[2024-05-27T08:55:44.179+0000] {logging_mixin.py:188} INFO - [2024-05-27T08:55:44.179+0000] {dagbag.py:545} INFO - Filling up the DagBag from /home/airflow/.local/lib/python3.12/site-packages/airflow/example_dags/example_latest_only_with_trigger.py
[2024-05-27T08:55:44.197+0000] {processor.py:840} INFO - DAG(s) 'latest_only_with_trigger' retrieved from /home/airflow/.local/lib/python3.12/site-packages/airflow/example_dags/example_latest_only_with_trigger.py
[2024-05-27T08:55:44.239+0000] {logging_mixin.py:188} INFO - [2024-05-27T08:55:44.239+0000] {dag.py:3096} INFO - Sync 1 DAGs
[2024-05-27T08:55:44.266+0000] {logging_mixin.py:188} INFO - [2024-05-27T08:55:44.266+0000] {dag.py:3954} INFO - Setting next_dagrun for latest_only_with_trigger to 2024-05-27 04:00:00+00:00, run_after=2024-05-27 08:00:00+00:00
[2024-05-27T08:55:44.348+0000] {processor.py:183} INFO - Processing /home/airflow/.local/lib/python3.12/site-packages/airflow/example_dags/example_latest_only_with_trigger.py took 0.220 seconds
[2024-05-27T08:57:04.545+0000] {processor.py:161} INFO - Started process (PID=113) to work on /home/airflow/.local/lib/python3.12/site-packages/airflow/example_dags/example_latest_only_with_trigger.py
[2024-05-27T08:57:04.548+0000] {processor.py:830} INFO - Processing file /home/airflow/.local/lib/python3.12/site-packages/airflow/example_dags/example_latest_only_with_trigger.py for tasks to queue
[2024-05-27T08:57:04.562+0000] {logging_mixin.py:188} INFO - [2024-05-27T08:57:04.558+0000] {dagbag.py:545} INFO - Filling up the DagBag from /home/airflow/.local/lib/python3.12/site-packages/airflow/example_dags/example_latest_only_with_trigger.py
[2024-05-27T08:57:04.590+0000] {processor.py:840} INFO - DAG(s) 'latest_only_with_trigger' retrieved from /home/airflow/.local/lib/python3.12/site-packages/airflow/example_dags/example_latest_only_with_trigger.py
[2024-05-27T08:57:08.887+0000] {logging_mixin.py:188} INFO - [2024-05-27T08:57:08.880+0000] {dag.py:3096} INFO - Sync 1 DAGs
[2024-05-27T08:57:08.945+0000] {logging_mixin.py:188} INFO - [2024-05-27T08:57:08.943+0000] {dag.py:3954} INFO - Setting next_dagrun for latest_only_with_trigger to 2024-05-27 04:00:00+00:00, run_after=2024-05-27 08:00:00+00:00
[2024-05-27T08:57:09.942+0000] {processor.py:183} INFO - Processing /home/airflow/.local/lib/python3.12/site-packages/airflow/example_dags/example_latest_only_with_trigger.py took 5.408 seconds
[2024-05-27T08:59:55.551+0000] {processor.py:161} INFO - Started process (PID=205) to work on /home/airflow/.local/lib/python3.12/site-packages/airflow/example_dags/example_latest_only_with_trigger.py
[2024-05-27T08:59:55.557+0000] {processor.py:830} INFO - Processing file /home/airflow/.local/lib/python3.12/site-packages/airflow/example_dags/example_latest_only_with_trigger.py for tasks to queue
[2024-05-27T08:59:55.577+0000] {logging_mixin.py:188} INFO - [2024-05-27T08:59:55.570+0000] {dagbag.py:545} INFO - Filling up the DagBag from /home/airflow/.local/lib/python3.12/site-packages/airflow/example_dags/example_latest_only_with_trigger.py
[2024-05-27T08:59:55.723+0000] {processor.py:840} INFO - DAG(s) 'latest_only_with_trigger' retrieved from /home/airflow/.local/lib/python3.12/site-packages/airflow/example_dags/example_latest_only_with_trigger.py
[2024-05-27T08:59:56.869+0000] {logging_mixin.py:188} INFO - [2024-05-27T08:59:56.867+0000] {dag.py:3096} INFO - Sync 1 DAGs
[2024-05-27T08:59:57.003+0000] {logging_mixin.py:188} INFO - [2024-05-27T08:59:56.972+0000] {dag.py:3954} INFO - Setting next_dagrun for latest_only_with_trigger to 2024-05-27 04:00:00+00:00, run_after=2024-05-27 08:00:00+00:00
[2024-05-27T08:59:58.977+0000] {processor.py:183} INFO - Processing /home/airflow/.local/lib/python3.12/site-packages/airflow/example_dags/example_latest_only_with_trigger.py took 3.438 seconds
[2024-05-27T09:02:11.641+0000] {processor.py:161} INFO - Started process (PID=264) to work on /home/airflow/.local/lib/python3.12/site-packages/airflow/example_dags/example_latest_only_with_trigger.py
[2024-05-27T09:02:11.651+0000] {processor.py:830} INFO - Processing file /home/airflow/.local/lib/python3.12/site-packages/airflow/example_dags/example_latest_only_with_trigger.py for tasks to queue
[2024-05-27T09:02:11.689+0000] {logging_mixin.py:188} INFO - [2024-05-27T09:02:11.666+0000] {dagbag.py:545} INFO - Filling up the DagBag from /home/airflow/.local/lib/python3.12/site-packages/airflow/example_dags/example_latest_only_with_trigger.py
[2024-05-27T09:02:15.349+0000] {processor.py:840} INFO - DAG(s) 'latest_only_with_trigger' retrieved from /home/airflow/.local/lib/python3.12/site-packages/airflow/example_dags/example_latest_only_with_trigger.py
[2024-05-27T09:02:22.681+0000] {logging_mixin.py:188} INFO - [2024-05-27T09:02:22.675+0000] {dag.py:3096} INFO - Sync 1 DAGs
[2024-05-27T09:02:25.145+0000] {logging_mixin.py:188} INFO - [2024-05-27T09:02:25.140+0000] {dag.py:3954} INFO - Setting next_dagrun for latest_only_with_trigger to 2024-05-27 04:00:00+00:00, run_after=2024-05-27 08:00:00+00:00
[2024-05-27T09:02:26.627+0000] {processor.py:183} INFO - Processing /home/airflow/.local/lib/python3.12/site-packages/airflow/example_dags/example_latest_only_with_trigger.py took 15.166 seconds
[2024-05-27T09:03:47.305+0000] {processor.py:161} INFO - Started process (PID=314) to work on /home/airflow/.local/lib/python3.12/site-packages/airflow/example_dags/example_latest_only_with_trigger.py
[2024-05-27T09:03:47.308+0000] {processor.py:830} INFO - Processing file /home/airflow/.local/lib/python3.12/site-packages/airflow/example_dags/example_latest_only_with_trigger.py for tasks to queue
[2024-05-27T09:03:47.315+0000] {logging_mixin.py:188} INFO - [2024-05-27T09:03:47.314+0000] {dagbag.py:545} INFO - Filling up the DagBag from /home/airflow/.local/lib/python3.12/site-packages/airflow/example_dags/example_latest_only_with_trigger.py
[2024-05-27T09:03:47.351+0000] {processor.py:840} INFO - DAG(s) 'latest_only_with_trigger' retrieved from /home/airflow/.local/lib/python3.12/site-packages/airflow/example_dags/example_latest_only_with_trigger.py
[2024-05-27T09:03:48.931+0000] {logging_mixin.py:188} INFO - [2024-05-27T09:03:48.930+0000] {dag.py:3096} INFO - Sync 1 DAGs
[2024-05-27T09:03:48.980+0000] {logging_mixin.py:188} INFO - [2024-05-27T09:03:48.980+0000] {dag.py:3954} INFO - Setting next_dagrun for latest_only_with_trigger to 2024-05-27 04:00:00+00:00, run_after=2024-05-27 08:00:00+00:00
[2024-05-27T09:03:50.070+0000] {processor.py:183} INFO - Processing /home/airflow/.local/lib/python3.12/site-packages/airflow/example_dags/example_latest_only_with_trigger.py took 2.783 seconds
[2024-05-27T09:05:23.284+0000] {processor.py:161} INFO - Started process (PID=390) to work on /home/airflow/.local/lib/python3.12/site-packages/airflow/example_dags/example_latest_only_with_trigger.py
[2024-05-27T09:05:23.288+0000] {processor.py:830} INFO - Processing file /home/airflow/.local/lib/python3.12/site-packages/airflow/example_dags/example_latest_only_with_trigger.py for tasks to queue
[2024-05-27T09:05:23.290+0000] {logging_mixin.py:188} INFO - [2024-05-27T09:05:23.290+0000] {dagbag.py:545} INFO - Filling up the DagBag from /home/airflow/.local/lib/python3.12/site-packages/airflow/example_dags/example_latest_only_with_trigger.py
[2024-05-27T09:05:23.310+0000] {processor.py:840} INFO - DAG(s) 'latest_only_with_trigger' retrieved from /home/airflow/.local/lib/python3.12/site-packages/airflow/example_dags/example_latest_only_with_trigger.py
[2024-05-27T09:05:23.338+0000] {logging_mixin.py:188} INFO - [2024-05-27T09:05:23.338+0000] {dag.py:3096} INFO - Sync 1 DAGs
[2024-05-27T09:05:23.389+0000] {logging_mixin.py:188} INFO - [2024-05-27T09:05:23.389+0000] {dag.py:3954} INFO - Setting next_dagrun for latest_only_with_trigger to 2024-05-27 04:00:00+00:00, run_after=2024-05-27 08:00:00+00:00
[2024-05-27T09:05:23.409+0000] {processor.py:183} INFO - Processing /home/airflow/.local/lib/python3.12/site-packages/airflow/example_dags/example_latest_only_with_trigger.py took 0.142 seconds
[2024-05-27T09:07:09.712+0000] {processor.py:161} INFO - Started process (PID=455) to work on /home/airflow/.local/lib/python3.12/site-packages/airflow/example_dags/example_latest_only_with_trigger.py
[2024-05-27T09:07:09.715+0000] {processor.py:830} INFO - Processing file /home/airflow/.local/lib/python3.12/site-packages/airflow/example_dags/example_latest_only_with_trigger.py for tasks to queue
[2024-05-27T09:07:09.721+0000] {logging_mixin.py:188} INFO - [2024-05-27T09:07:09.719+0000] {dagbag.py:545} INFO - Filling up the DagBag from /home/airflow/.local/lib/python3.12/site-packages/airflow/example_dags/example_latest_only_with_trigger.py
[2024-05-27T09:07:09.736+0000] {processor.py:840} INFO - DAG(s) 'latest_only_with_trigger' retrieved from /home/airflow/.local/lib/python3.12/site-packages/airflow/example_dags/example_latest_only_with_trigger.py
[2024-05-27T09:07:10.583+0000] {logging_mixin.py:188} INFO - [2024-05-27T09:07:10.582+0000] {dag.py:3096} INFO - Sync 1 DAGs
[2024-05-27T09:07:10.634+0000] {logging_mixin.py:188} INFO - [2024-05-27T09:07:10.633+0000] {dag.py:3954} INFO - Setting next_dagrun for latest_only_with_trigger to 2024-05-27 04:00:00+00:00, run_after=2024-05-27 08:00:00+00:00
[2024-05-27T09:07:11.046+0000] {processor.py:183} INFO - Processing /home/airflow/.local/lib/python3.12/site-packages/airflow/example_dags/example_latest_only_with_trigger.py took 0.976 seconds
[2024-05-27T09:08:44.336+0000] {processor.py:161} INFO - Started process (PID=532) to work on /home/airflow/.local/lib/python3.12/site-packages/airflow/example_dags/example_latest_only_with_trigger.py
[2024-05-27T09:08:44.339+0000] {processor.py:830} INFO - Processing file /home/airflow/.local/lib/python3.12/site-packages/airflow/example_dags/example_latest_only_with_trigger.py for tasks to queue
[2024-05-27T09:08:44.342+0000] {logging_mixin.py:188} INFO - [2024-05-27T09:08:44.341+0000] {dagbag.py:545} INFO - Filling up the DagBag from /home/airflow/.local/lib/python3.12/site-packages/airflow/example_dags/example_latest_only_with_trigger.py
[2024-05-27T09:08:44.358+0000] {processor.py:840} INFO - DAG(s) 'latest_only_with_trigger' retrieved from /home/airflow/.local/lib/python3.12/site-packages/airflow/example_dags/example_latest_only_with_trigger.py
[2024-05-27T09:08:44.444+0000] {logging_mixin.py:188} INFO - [2024-05-27T09:08:44.439+0000] {dag.py:3096} INFO - Sync 1 DAGs
[2024-05-27T09:08:45.055+0000] {logging_mixin.py:188} INFO - [2024-05-27T09:08:45.051+0000] {dag.py:3954} INFO - Setting next_dagrun for latest_only_with_trigger to 2024-05-27 04:00:00+00:00, run_after=2024-05-27 08:00:00+00:00
[2024-05-27T09:08:45.162+0000] {processor.py:183} INFO - Processing /home/airflow/.local/lib/python3.12/site-packages/airflow/example_dags/example_latest_only_with_trigger.py took 0.835 seconds
[2024-05-27T09:11:41.488+0000] {processor.py:161} INFO - Started process (PID=48) to work on /home/airflow/.local/lib/python3.12/site-packages/airflow/example_dags/example_latest_only_with_trigger.py
[2024-05-27T09:11:41.494+0000] {processor.py:830} INFO - Processing file /home/airflow/.local/lib/python3.12/site-packages/airflow/example_dags/example_latest_only_with_trigger.py for tasks to queue
[2024-05-27T09:11:41.498+0000] {logging_mixin.py:188} INFO - [2024-05-27T09:11:41.498+0000] {dagbag.py:545} INFO - Filling up the DagBag from /home/airflow/.local/lib/python3.12/site-packages/airflow/example_dags/example_latest_only_with_trigger.py
[2024-05-27T09:11:41.540+0000] {processor.py:840} INFO - DAG(s) 'latest_only_with_trigger' retrieved from /home/airflow/.local/lib/python3.12/site-packages/airflow/example_dags/example_latest_only_with_trigger.py
[2024-05-27T09:11:41.591+0000] {logging_mixin.py:188} INFO - [2024-05-27T09:11:41.591+0000] {dag.py:3096} INFO - Sync 1 DAGs
[2024-05-27T09:11:41.635+0000] {logging_mixin.py:188} INFO - [2024-05-27T09:11:41.634+0000] {dag.py:3954} INFO - Setting next_dagrun for latest_only_with_trigger to 2024-05-27 04:00:00+00:00, run_after=2024-05-27 08:00:00+00:00
[2024-05-27T09:11:41.683+0000] {processor.py:183} INFO - Processing /home/airflow/.local/lib/python3.12/site-packages/airflow/example_dags/example_latest_only_with_trigger.py took 0.207 seconds
[2024-05-27T09:13:43.092+0000] {processor.py:161} INFO - Started process (PID=112) to work on /home/airflow/.local/lib/python3.12/site-packages/airflow/example_dags/example_latest_only_with_trigger.py
[2024-05-27T09:13:43.149+0000] {processor.py:830} INFO - Processing file /home/airflow/.local/lib/python3.12/site-packages/airflow/example_dags/example_latest_only_with_trigger.py for tasks to queue
[2024-05-27T09:13:43.298+0000] {logging_mixin.py:188} INFO - [2024-05-27T09:13:43.248+0000] {dagbag.py:545} INFO - Filling up the DagBag from /home/airflow/.local/lib/python3.12/site-packages/airflow/example_dags/example_latest_only_with_trigger.py
[2024-05-27T09:13:44.407+0000] {processor.py:840} INFO - DAG(s) 'latest_only_with_trigger' retrieved from /home/airflow/.local/lib/python3.12/site-packages/airflow/example_dags/example_latest_only_with_trigger.py
[2024-05-27T09:13:58.674+0000] {logging_mixin.py:188} INFO - [2024-05-27T09:13:58.655+0000] {dag.py:3096} INFO - Sync 1 DAGs
[2024-05-27T09:13:59.531+0000] {logging_mixin.py:188} INFO - [2024-05-27T09:13:59.508+0000] {dag.py:3954} INFO - Setting next_dagrun for latest_only_with_trigger to 2024-05-27 04:00:00+00:00, run_after=2024-05-27 08:00:00+00:00
[2024-05-27T09:14:14.050+0000] {processor.py:183} INFO - Processing /home/airflow/.local/lib/python3.12/site-packages/airflow/example_dags/example_latest_only_with_trigger.py took 31.083 seconds
[2024-05-27T09:24:43.865+0000] {processor.py:161} INFO - Started process (PID=48) to work on /home/airflow/.local/lib/python3.12/site-packages/airflow/example_dags/example_latest_only_with_trigger.py
[2024-05-27T09:24:43.867+0000] {processor.py:830} INFO - Processing file /home/airflow/.local/lib/python3.12/site-packages/airflow/example_dags/example_latest_only_with_trigger.py for tasks to queue
[2024-05-27T09:24:43.870+0000] {logging_mixin.py:188} INFO - [2024-05-27T09:24:43.869+0000] {dagbag.py:545} INFO - Filling up the DagBag from /home/airflow/.local/lib/python3.12/site-packages/airflow/example_dags/example_latest_only_with_trigger.py
[2024-05-27T09:24:43.883+0000] {processor.py:840} INFO - DAG(s) 'latest_only_with_trigger' retrieved from /home/airflow/.local/lib/python3.12/site-packages/airflow/example_dags/example_latest_only_with_trigger.py
[2024-05-27T09:24:43.902+0000] {logging_mixin.py:188} INFO - [2024-05-27T09:24:43.901+0000] {dag.py:3096} INFO - Sync 1 DAGs
[2024-05-27T09:24:43.988+0000] {logging_mixin.py:188} INFO - [2024-05-27T09:24:43.986+0000] {dag.py:3954} INFO - Setting next_dagrun for latest_only_with_trigger to 2024-05-27 04:00:00+00:00, run_after=2024-05-27 08:00:00+00:00
[2024-05-27T09:24:44.107+0000] {processor.py:183} INFO - Processing /home/airflow/.local/lib/python3.12/site-packages/airflow/example_dags/example_latest_only_with_trigger.py took 0.247 seconds
[2024-05-27T09:28:18.397+0000] {processor.py:161} INFO - Started process (PID=49) to work on /home/airflow/.local/lib/python3.12/site-packages/airflow/example_dags/example_latest_only_with_trigger.py
[2024-05-27T09:28:18.404+0000] {processor.py:830} INFO - Processing file /home/airflow/.local/lib/python3.12/site-packages/airflow/example_dags/example_latest_only_with_trigger.py for tasks to queue
[2024-05-27T09:28:18.419+0000] {logging_mixin.py:188} INFO - [2024-05-27T09:28:18.419+0000] {dagbag.py:545} INFO - Filling up the DagBag from /home/airflow/.local/lib/python3.12/site-packages/airflow/example_dags/example_latest_only_with_trigger.py
[2024-05-27T09:28:18.437+0000] {processor.py:840} INFO - DAG(s) 'latest_only_with_trigger' retrieved from /home/airflow/.local/lib/python3.12/site-packages/airflow/example_dags/example_latest_only_with_trigger.py
[2024-05-27T09:28:18.468+0000] {logging_mixin.py:188} INFO - [2024-05-27T09:28:18.467+0000] {dag.py:3096} INFO - Sync 1 DAGs
[2024-05-27T09:28:18.565+0000] {logging_mixin.py:188} INFO - [2024-05-27T09:28:18.565+0000] {dag.py:3954} INFO - Setting next_dagrun for latest_only_with_trigger to 2024-05-27 04:00:00+00:00, run_after=2024-05-27 08:00:00+00:00
[2024-05-27T09:28:18.705+0000] {processor.py:183} INFO - Processing /home/airflow/.local/lib/python3.12/site-packages/airflow/example_dags/example_latest_only_with_trigger.py took 0.384 seconds
[2024-05-27T09:30:30.986+0000] {processor.py:161} INFO - Started process (PID=127) to work on /home/airflow/.local/lib/python3.12/site-packages/airflow/example_dags/example_latest_only_with_trigger.py
[2024-05-27T09:30:30.991+0000] {processor.py:830} INFO - Processing file /home/airflow/.local/lib/python3.12/site-packages/airflow/example_dags/example_latest_only_with_trigger.py for tasks to queue
[2024-05-27T09:30:31.001+0000] {logging_mixin.py:188} INFO - [2024-05-27T09:30:30.997+0000] {dagbag.py:545} INFO - Filling up the DagBag from /home/airflow/.local/lib/python3.12/site-packages/airflow/example_dags/example_latest_only_with_trigger.py
[2024-05-27T09:30:31.099+0000] {processor.py:840} INFO - DAG(s) 'latest_only_with_trigger' retrieved from /home/airflow/.local/lib/python3.12/site-packages/airflow/example_dags/example_latest_only_with_trigger.py
[2024-05-27T09:30:33.317+0000] {logging_mixin.py:188} INFO - [2024-05-27T09:30:33.310+0000] {dag.py:3096} INFO - Sync 1 DAGs
[2024-05-27T09:30:33.460+0000] {logging_mixin.py:188} INFO - [2024-05-27T09:30:33.460+0000] {dag.py:3954} INFO - Setting next_dagrun for latest_only_with_trigger to 2024-05-27 04:00:00+00:00, run_after=2024-05-27 08:00:00+00:00
[2024-05-27T09:30:33.501+0000] {processor.py:183} INFO - Processing /home/airflow/.local/lib/python3.12/site-packages/airflow/example_dags/example_latest_only_with_trigger.py took 2.544 seconds
[2024-05-27T09:33:37.747+0000] {processor.py:161} INFO - Started process (PID=49) to work on /home/airflow/.local/lib/python3.12/site-packages/airflow/example_dags/example_latest_only_with_trigger.py
[2024-05-27T09:33:37.749+0000] {processor.py:830} INFO - Processing file /home/airflow/.local/lib/python3.12/site-packages/airflow/example_dags/example_latest_only_with_trigger.py for tasks to queue
[2024-05-27T09:33:37.758+0000] {logging_mixin.py:188} INFO - [2024-05-27T09:33:37.758+0000] {dagbag.py:545} INFO - Filling up the DagBag from /home/airflow/.local/lib/python3.12/site-packages/airflow/example_dags/example_latest_only_with_trigger.py
[2024-05-27T09:33:37.787+0000] {processor.py:840} INFO - DAG(s) 'latest_only_with_trigger' retrieved from /home/airflow/.local/lib/python3.12/site-packages/airflow/example_dags/example_latest_only_with_trigger.py
[2024-05-27T09:33:39.303+0000] {logging_mixin.py:188} INFO - [2024-05-27T09:33:39.302+0000] {dag.py:3096} INFO - Sync 1 DAGs
[2024-05-27T09:33:39.365+0000] {logging_mixin.py:188} INFO - [2024-05-27T09:33:39.365+0000] {dag.py:3954} INFO - Setting next_dagrun for latest_only_with_trigger to 2024-05-27 04:00:00+00:00, run_after=2024-05-27 08:00:00+00:00
[2024-05-27T09:33:39.388+0000] {processor.py:183} INFO - Processing /home/airflow/.local/lib/python3.12/site-packages/airflow/example_dags/example_latest_only_with_trigger.py took 1.661 seconds
[2024-05-27T09:35:36.419+0000] {processor.py:161} INFO - Started process (PID=115) to work on /home/airflow/.local/lib/python3.12/site-packages/airflow/example_dags/example_latest_only_with_trigger.py
[2024-05-27T09:35:36.428+0000] {processor.py:830} INFO - Processing file /home/airflow/.local/lib/python3.12/site-packages/airflow/example_dags/example_latest_only_with_trigger.py for tasks to queue
[2024-05-27T09:35:36.456+0000] {logging_mixin.py:188} INFO - [2024-05-27T09:35:36.446+0000] {dagbag.py:545} INFO - Filling up the DagBag from /home/airflow/.local/lib/python3.12/site-packages/airflow/example_dags/example_latest_only_with_trigger.py
[2024-05-27T09:35:36.560+0000] {processor.py:840} INFO - DAG(s) 'latest_only_with_trigger' retrieved from /home/airflow/.local/lib/python3.12/site-packages/airflow/example_dags/example_latest_only_with_trigger.py
[2024-05-27T09:35:43.435+0000] {logging_mixin.py:188} INFO - [2024-05-27T09:35:43.434+0000] {dag.py:3096} INFO - Sync 1 DAGs
[2024-05-27T09:35:43.995+0000] {logging_mixin.py:188} INFO - [2024-05-27T09:35:43.995+0000] {dag.py:3954} INFO - Setting next_dagrun for latest_only_with_trigger to 2024-05-27 04:00:00+00:00, run_after=2024-05-27 08:00:00+00:00
[2024-05-27T09:35:44.091+0000] {processor.py:183} INFO - Processing /home/airflow/.local/lib/python3.12/site-packages/airflow/example_dags/example_latest_only_with_trigger.py took 7.699 seconds
[2024-05-27T09:40:27.299+0000] {processor.py:161} INFO - Started process (PID=218) to work on /home/airflow/.local/lib/python3.12/site-packages/airflow/example_dags/example_latest_only_with_trigger.py
[2024-05-27T09:40:27.333+0000] {processor.py:830} INFO - Processing file /home/airflow/.local/lib/python3.12/site-packages/airflow/example_dags/example_latest_only_with_trigger.py for tasks to queue
[2024-05-27T09:40:27.363+0000] {logging_mixin.py:188} INFO - [2024-05-27T09:40:27.346+0000] {dagbag.py:545} INFO - Filling up the DagBag from /home/airflow/.local/lib/python3.12/site-packages/airflow/example_dags/example_latest_only_with_trigger.py
[2024-05-27T09:40:28.168+0000] {processor.py:840} INFO - DAG(s) 'latest_only_with_trigger' retrieved from /home/airflow/.local/lib/python3.12/site-packages/airflow/example_dags/example_latest_only_with_trigger.py
[2024-05-27T09:40:28.996+0000] {logging_mixin.py:188} INFO - [2024-05-27T09:40:28.971+0000] {dag.py:3096} INFO - Sync 1 DAGs
[2024-05-27T09:40:32.543+0000] {logging_mixin.py:188} INFO - [2024-05-27T09:40:32.542+0000] {dag.py:3954} INFO - Setting next_dagrun for latest_only_with_trigger to 2024-05-27 04:00:00+00:00, run_after=2024-05-27 08:00:00+00:00
[2024-05-27T09:40:33.078+0000] {processor.py:183} INFO - Processing /home/airflow/.local/lib/python3.12/site-packages/airflow/example_dags/example_latest_only_with_trigger.py took 8.834 seconds
[2024-05-27T09:43:04.729+0000] {processor.py:161} INFO - Started process (PID=294) to work on /home/airflow/.local/lib/python3.12/site-packages/airflow/example_dags/example_latest_only_with_trigger.py
[2024-05-27T09:43:04.748+0000] {processor.py:830} INFO - Processing file /home/airflow/.local/lib/python3.12/site-packages/airflow/example_dags/example_latest_only_with_trigger.py for tasks to queue
[2024-05-27T09:43:05.583+0000] {logging_mixin.py:188} INFO - [2024-05-27T09:43:05.564+0000] {dagbag.py:545} INFO - Filling up the DagBag from /home/airflow/.local/lib/python3.12/site-packages/airflow/example_dags/example_latest_only_with_trigger.py
[2024-05-27T09:43:06.508+0000] {processor.py:840} INFO - DAG(s) 'latest_only_with_trigger' retrieved from /home/airflow/.local/lib/python3.12/site-packages/airflow/example_dags/example_latest_only_with_trigger.py
[2024-05-27T09:43:06.789+0000] {logging_mixin.py:188} INFO - [2024-05-27T09:43:06.787+0000] {dag.py:3096} INFO - Sync 1 DAGs
[2024-05-27T09:43:07.861+0000] {logging_mixin.py:188} INFO - [2024-05-27T09:43:07.858+0000] {dag.py:3954} INFO - Setting next_dagrun for latest_only_with_trigger to 2024-05-27 04:00:00+00:00, run_after=2024-05-27 08:00:00+00:00
[2024-05-27T09:43:07.895+0000] {processor.py:183} INFO - Processing /home/airflow/.local/lib/python3.12/site-packages/airflow/example_dags/example_latest_only_with_trigger.py took 3.359 seconds
[2024-05-27T10:07:08.996+0000] {processor.py:161} INFO - Started process (PID=49) to work on /home/airflow/.local/lib/python3.12/site-packages/airflow/example_dags/example_latest_only_with_trigger.py
[2024-05-27T10:07:08.999+0000] {processor.py:830} INFO - Processing file /home/airflow/.local/lib/python3.12/site-packages/airflow/example_dags/example_latest_only_with_trigger.py for tasks to queue
[2024-05-27T10:07:09.002+0000] {logging_mixin.py:188} INFO - [2024-05-27T10:07:09.002+0000] {dagbag.py:545} INFO - Filling up the DagBag from /home/airflow/.local/lib/python3.12/site-packages/airflow/example_dags/example_latest_only_with_trigger.py
[2024-05-27T10:07:09.033+0000] {processor.py:840} INFO - DAG(s) 'latest_only_with_trigger' retrieved from /home/airflow/.local/lib/python3.12/site-packages/airflow/example_dags/example_latest_only_with_trigger.py
[2024-05-27T10:07:09.065+0000] {logging_mixin.py:188} INFO - [2024-05-27T10:07:09.065+0000] {dag.py:3096} INFO - Sync 1 DAGs
[2024-05-27T10:07:09.109+0000] {logging_mixin.py:188} INFO - [2024-05-27T10:07:09.108+0000] {dag.py:3954} INFO - Setting next_dagrun for latest_only_with_trigger to 2024-05-27 04:00:00+00:00, run_after=2024-05-27 08:00:00+00:00
[2024-05-27T10:07:09.136+0000] {processor.py:183} INFO - Processing /home/airflow/.local/lib/python3.12/site-packages/airflow/example_dags/example_latest_only_with_trigger.py took 0.147 seconds
[2024-05-27T10:07:40.484+0000] {processor.py:161} INFO - Started process (PID=107) to work on /home/airflow/.local/lib/python3.12/site-packages/airflow/example_dags/example_latest_only_with_trigger.py
[2024-05-27T10:07:40.486+0000] {processor.py:830} INFO - Processing file /home/airflow/.local/lib/python3.12/site-packages/airflow/example_dags/example_latest_only_with_trigger.py for tasks to queue
[2024-05-27T10:07:40.488+0000] {logging_mixin.py:188} INFO - [2024-05-27T10:07:40.488+0000] {dagbag.py:545} INFO - Filling up the DagBag from /home/airflow/.local/lib/python3.12/site-packages/airflow/example_dags/example_latest_only_with_trigger.py
[2024-05-27T10:07:40.494+0000] {processor.py:840} INFO - DAG(s) 'latest_only_with_trigger' retrieved from /home/airflow/.local/lib/python3.12/site-packages/airflow/example_dags/example_latest_only_with_trigger.py
[2024-05-27T10:07:40.570+0000] {logging_mixin.py:188} INFO - [2024-05-27T10:07:40.570+0000] {dag.py:3096} INFO - Sync 1 DAGs
[2024-05-27T10:07:40.585+0000] {logging_mixin.py:188} INFO - [2024-05-27T10:07:40.585+0000] {dag.py:3954} INFO - Setting next_dagrun for latest_only_with_trigger to 2024-05-27 04:00:00+00:00, run_after=2024-05-27 08:00:00+00:00
[2024-05-27T10:07:40.599+0000] {processor.py:183} INFO - Processing /home/airflow/.local/lib/python3.12/site-packages/airflow/example_dags/example_latest_only_with_trigger.py took 0.119 seconds
