[2024-05-27T08:51:47.304+0000] {processor.py:161} INFO - Started process (PID=34) to work on /home/airflow/.local/lib/python3.12/site-packages/airflow/example_dags/example_params_trigger_ui.py
[2024-05-27T08:51:47.306+0000] {processor.py:830} INFO - Processing file /home/airflow/.local/lib/python3.12/site-packages/airflow/example_dags/example_params_trigger_ui.py for tasks to queue
[2024-05-27T08:51:47.310+0000] {logging_mixin.py:188} INFO - [2024-05-27T08:51:47.309+0000] {dagbag.py:545} INFO - Filling up the DagBag from /home/airflow/.local/lib/python3.12/site-packages/airflow/example_dags/example_params_trigger_ui.py
[2024-05-27T08:51:47.343+0000] {processor.py:840} INFO - DAG(s) 'example_params_trigger_ui' retrieved from /home/airflow/.local/lib/python3.12/site-packages/airflow/example_dags/example_params_trigger_ui.py
[2024-05-27T08:51:47.725+0000] {logging_mixin.py:188} INFO - [2024-05-27T08:51:47.725+0000] {override.py:1829} INFO - Created Permission View: can edit on DAG:example_params_trigger_ui
[2024-05-27T08:51:47.734+0000] {logging_mixin.py:188} INFO - [2024-05-27T08:51:47.734+0000] {override.py:1829} INFO - Created Permission View: can read on DAG:example_params_trigger_ui
[2024-05-27T08:51:47.750+0000] {logging_mixin.py:188} INFO - [2024-05-27T08:51:47.749+0000] {override.py:1829} INFO - Created Permission View: can delete on DAG:example_params_trigger_ui
[2024-05-27T08:51:47.751+0000] {logging_mixin.py:188} INFO - [2024-05-27T08:51:47.751+0000] {dag.py:3096} INFO - Sync 1 DAGs
[2024-05-27T08:51:47.773+0000] {logging_mixin.py:188} INFO - [2024-05-27T08:51:47.773+0000] {dag.py:3118} INFO - Creating ORM DAG for example_params_trigger_ui
[2024-05-27T08:51:47.780+0000] {logging_mixin.py:188} INFO - [2024-05-27T08:51:47.779+0000] {dag.py:3954} INFO - Setting next_dagrun for example_params_trigger_ui to None, run_after=None
[2024-05-27T08:51:47.828+0000] {processor.py:183} INFO - Processing /home/airflow/.local/lib/python3.12/site-packages/airflow/example_dags/example_params_trigger_ui.py took 0.533 seconds
[2024-05-27T08:52:23.036+0000] {processor.py:161} INFO - Started process (PID=97) to work on /home/airflow/.local/lib/python3.12/site-packages/airflow/example_dags/example_params_trigger_ui.py
[2024-05-27T08:52:23.039+0000] {processor.py:830} INFO - Processing file /home/airflow/.local/lib/python3.12/site-packages/airflow/example_dags/example_params_trigger_ui.py for tasks to queue
[2024-05-27T08:52:23.041+0000] {logging_mixin.py:188} INFO - [2024-05-27T08:52:23.041+0000] {dagbag.py:545} INFO - Filling up the DagBag from /home/airflow/.local/lib/python3.12/site-packages/airflow/example_dags/example_params_trigger_ui.py
[2024-05-27T08:52:23.058+0000] {processor.py:840} INFO - DAG(s) 'example_params_trigger_ui' retrieved from /home/airflow/.local/lib/python3.12/site-packages/airflow/example_dags/example_params_trigger_ui.py
[2024-05-27T08:52:23.094+0000] {logging_mixin.py:188} INFO - [2024-05-27T08:52:23.094+0000] {dag.py:3096} INFO - Sync 1 DAGs
[2024-05-27T08:52:23.103+0000] {logging_mixin.py:188} INFO - [2024-05-27T08:52:23.103+0000] {dag.py:3954} INFO - Setting next_dagrun for example_params_trigger_ui to None, run_after=None
[2024-05-27T08:52:23.118+0000] {processor.py:183} INFO - Processing /home/airflow/.local/lib/python3.12/site-packages/airflow/example_dags/example_params_trigger_ui.py took 0.087 seconds
[2024-05-27T08:53:06.383+0000] {processor.py:161} INFO - Started process (PID=149) to work on /home/airflow/.local/lib/python3.12/site-packages/airflow/example_dags/example_params_trigger_ui.py
[2024-05-27T08:53:06.387+0000] {processor.py:830} INFO - Processing file /home/airflow/.local/lib/python3.12/site-packages/airflow/example_dags/example_params_trigger_ui.py for tasks to queue
[2024-05-27T08:53:06.390+0000] {logging_mixin.py:188} INFO - [2024-05-27T08:53:06.389+0000] {dagbag.py:545} INFO - Filling up the DagBag from /home/airflow/.local/lib/python3.12/site-packages/airflow/example_dags/example_params_trigger_ui.py
[2024-05-27T08:53:06.415+0000] {processor.py:840} INFO - DAG(s) 'example_params_trigger_ui' retrieved from /home/airflow/.local/lib/python3.12/site-packages/airflow/example_dags/example_params_trigger_ui.py
[2024-05-27T08:53:07.205+0000] {logging_mixin.py:188} INFO - [2024-05-27T08:53:07.204+0000] {dag.py:3096} INFO - Sync 1 DAGs
[2024-05-27T08:53:07.219+0000] {logging_mixin.py:188} INFO - [2024-05-27T08:53:07.219+0000] {dag.py:3954} INFO - Setting next_dagrun for example_params_trigger_ui to None, run_after=None
[2024-05-27T08:53:07.260+0000] {processor.py:183} INFO - Processing /home/airflow/.local/lib/python3.12/site-packages/airflow/example_dags/example_params_trigger_ui.py took 0.903 seconds
[2024-05-27T08:55:42.208+0000] {processor.py:161} INFO - Started process (PID=34) to work on /home/airflow/.local/lib/python3.12/site-packages/airflow/example_dags/example_params_trigger_ui.py
[2024-05-27T08:55:42.214+0000] {processor.py:830} INFO - Processing file /home/airflow/.local/lib/python3.12/site-packages/airflow/example_dags/example_params_trigger_ui.py for tasks to queue
[2024-05-27T08:55:42.216+0000] {logging_mixin.py:188} INFO - [2024-05-27T08:55:42.216+0000] {dagbag.py:545} INFO - Filling up the DagBag from /home/airflow/.local/lib/python3.12/site-packages/airflow/example_dags/example_params_trigger_ui.py
[2024-05-27T08:55:42.235+0000] {processor.py:840} INFO - DAG(s) 'example_params_trigger_ui' retrieved from /home/airflow/.local/lib/python3.12/site-packages/airflow/example_dags/example_params_trigger_ui.py
[2024-05-27T08:55:42.244+0000] {logging_mixin.py:188} INFO - [2024-05-27T08:55:42.244+0000] {dag.py:3096} INFO - Sync 1 DAGs
[2024-05-27T08:55:42.256+0000] {logging_mixin.py:188} INFO - [2024-05-27T08:55:42.256+0000] {dag.py:3954} INFO - Setting next_dagrun for example_params_trigger_ui to None, run_after=None
[2024-05-27T08:55:42.283+0000] {processor.py:183} INFO - Processing /home/airflow/.local/lib/python3.12/site-packages/airflow/example_dags/example_params_trigger_ui.py took 0.080 seconds
[2024-05-27T08:56:25.820+0000] {processor.py:161} INFO - Started process (PID=93) to work on /home/airflow/.local/lib/python3.12/site-packages/airflow/example_dags/example_params_trigger_ui.py
[2024-05-27T08:56:25.824+0000] {processor.py:830} INFO - Processing file /home/airflow/.local/lib/python3.12/site-packages/airflow/example_dags/example_params_trigger_ui.py for tasks to queue
[2024-05-27T08:56:25.829+0000] {logging_mixin.py:188} INFO - [2024-05-27T08:56:25.828+0000] {dagbag.py:545} INFO - Filling up the DagBag from /home/airflow/.local/lib/python3.12/site-packages/airflow/example_dags/example_params_trigger_ui.py
[2024-05-27T08:56:25.860+0000] {processor.py:840} INFO - DAG(s) 'example_params_trigger_ui' retrieved from /home/airflow/.local/lib/python3.12/site-packages/airflow/example_dags/example_params_trigger_ui.py
[2024-05-27T08:56:26.418+0000] {logging_mixin.py:188} INFO - [2024-05-27T08:56:26.408+0000] {dag.py:3096} INFO - Sync 1 DAGs
[2024-05-27T08:56:27.173+0000] {logging_mixin.py:188} INFO - [2024-05-27T08:56:26.986+0000] {dag.py:3954} INFO - Setting next_dagrun for example_params_trigger_ui to None, run_after=None
[2024-05-27T08:56:34.948+0000] {processor.py:183} INFO - Processing /home/airflow/.local/lib/python3.12/site-packages/airflow/example_dags/example_params_trigger_ui.py took 9.133 seconds
[2024-05-27T08:59:17.851+0000] {processor.py:161} INFO - Started process (PID=178) to work on /home/airflow/.local/lib/python3.12/site-packages/airflow/example_dags/example_params_trigger_ui.py
[2024-05-27T08:59:17.854+0000] {processor.py:830} INFO - Processing file /home/airflow/.local/lib/python3.12/site-packages/airflow/example_dags/example_params_trigger_ui.py for tasks to queue
[2024-05-27T08:59:17.863+0000] {logging_mixin.py:188} INFO - [2024-05-27T08:59:17.857+0000] {dagbag.py:545} INFO - Filling up the DagBag from /home/airflow/.local/lib/python3.12/site-packages/airflow/example_dags/example_params_trigger_ui.py
[2024-05-27T08:59:17.914+0000] {processor.py:840} INFO - DAG(s) 'example_params_trigger_ui' retrieved from /home/airflow/.local/lib/python3.12/site-packages/airflow/example_dags/example_params_trigger_ui.py
[2024-05-27T08:59:17.986+0000] {logging_mixin.py:188} INFO - [2024-05-27T08:59:17.979+0000] {dag.py:3096} INFO - Sync 1 DAGs
[2024-05-27T08:59:18.035+0000] {logging_mixin.py:188} INFO - [2024-05-27T08:59:18.034+0000] {dag.py:3954} INFO - Setting next_dagrun for example_params_trigger_ui to None, run_after=None
[2024-05-27T08:59:18.142+0000] {processor.py:183} INFO - Processing /home/airflow/.local/lib/python3.12/site-packages/airflow/example_dags/example_params_trigger_ui.py took 0.297 seconds
[2024-05-27T09:01:10.072+0000] {processor.py:161} INFO - Started process (PID=244) to work on /home/airflow/.local/lib/python3.12/site-packages/airflow/example_dags/example_params_trigger_ui.py
[2024-05-27T09:01:10.075+0000] {processor.py:830} INFO - Processing file /home/airflow/.local/lib/python3.12/site-packages/airflow/example_dags/example_params_trigger_ui.py for tasks to queue
[2024-05-27T09:01:10.078+0000] {logging_mixin.py:188} INFO - [2024-05-27T09:01:10.077+0000] {dagbag.py:545} INFO - Filling up the DagBag from /home/airflow/.local/lib/python3.12/site-packages/airflow/example_dags/example_params_trigger_ui.py
[2024-05-27T09:01:10.135+0000] {processor.py:840} INFO - DAG(s) 'example_params_trigger_ui' retrieved from /home/airflow/.local/lib/python3.12/site-packages/airflow/example_dags/example_params_trigger_ui.py
[2024-05-27T09:01:10.239+0000] {logging_mixin.py:188} INFO - [2024-05-27T09:01:10.236+0000] {dag.py:3096} INFO - Sync 1 DAGs
[2024-05-27T09:01:10.305+0000] {logging_mixin.py:188} INFO - [2024-05-27T09:01:10.303+0000] {dag.py:3954} INFO - Setting next_dagrun for example_params_trigger_ui to None, run_after=None
[2024-05-27T09:01:12.840+0000] {processor.py:183} INFO - Processing /home/airflow/.local/lib/python3.12/site-packages/airflow/example_dags/example_params_trigger_ui.py took 2.781 seconds
[2024-05-27T09:03:13.558+0000] {processor.py:161} INFO - Started process (PID=294) to work on /home/airflow/.local/lib/python3.12/site-packages/airflow/example_dags/example_params_trigger_ui.py
[2024-05-27T09:03:13.561+0000] {processor.py:830} INFO - Processing file /home/airflow/.local/lib/python3.12/site-packages/airflow/example_dags/example_params_trigger_ui.py for tasks to queue
[2024-05-27T09:03:13.573+0000] {logging_mixin.py:188} INFO - [2024-05-27T09:03:13.570+0000] {dagbag.py:545} INFO - Filling up the DagBag from /home/airflow/.local/lib/python3.12/site-packages/airflow/example_dags/example_params_trigger_ui.py
[2024-05-27T09:03:16.233+0000] {processor.py:840} INFO - DAG(s) 'example_params_trigger_ui' retrieved from /home/airflow/.local/lib/python3.12/site-packages/airflow/example_dags/example_params_trigger_ui.py
[2024-05-27T09:03:17.413+0000] {logging_mixin.py:188} INFO - [2024-05-27T09:03:17.408+0000] {dag.py:3096} INFO - Sync 1 DAGs
[2024-05-27T09:03:17.435+0000] {logging_mixin.py:188} INFO - [2024-05-27T09:03:17.435+0000] {dag.py:3954} INFO - Setting next_dagrun for example_params_trigger_ui to None, run_after=None
[2024-05-27T09:03:17.489+0000] {processor.py:183} INFO - Processing /home/airflow/.local/lib/python3.12/site-packages/airflow/example_dags/example_params_trigger_ui.py took 3.948 seconds
[2024-05-27T09:05:13.422+0000] {processor.py:161} INFO - Started process (PID=370) to work on /home/airflow/.local/lib/python3.12/site-packages/airflow/example_dags/example_params_trigger_ui.py
[2024-05-27T09:05:13.439+0000] {processor.py:830} INFO - Processing file /home/airflow/.local/lib/python3.12/site-packages/airflow/example_dags/example_params_trigger_ui.py for tasks to queue
[2024-05-27T09:05:13.449+0000] {logging_mixin.py:188} INFO - [2024-05-27T09:05:13.448+0000] {dagbag.py:545} INFO - Filling up the DagBag from /home/airflow/.local/lib/python3.12/site-packages/airflow/example_dags/example_params_trigger_ui.py
[2024-05-27T09:05:13.824+0000] {processor.py:840} INFO - DAG(s) 'example_params_trigger_ui' retrieved from /home/airflow/.local/lib/python3.12/site-packages/airflow/example_dags/example_params_trigger_ui.py
[2024-05-27T09:05:14.541+0000] {logging_mixin.py:188} INFO - [2024-05-27T09:05:14.527+0000] {dag.py:3096} INFO - Sync 1 DAGs
[2024-05-27T09:05:14.761+0000] {logging_mixin.py:188} INFO - [2024-05-27T09:05:14.755+0000] {dag.py:3954} INFO - Setting next_dagrun for example_params_trigger_ui to None, run_after=None
[2024-05-27T09:05:14.911+0000] {processor.py:183} INFO - Processing /home/airflow/.local/lib/python3.12/site-packages/airflow/example_dags/example_params_trigger_ui.py took 1.520 seconds
[2024-05-27T09:06:13.854+0000] {processor.py:161} INFO - Started process (PID=434) to work on /home/airflow/.local/lib/python3.12/site-packages/airflow/example_dags/example_params_trigger_ui.py
[2024-05-27T09:06:13.858+0000] {processor.py:830} INFO - Processing file /home/airflow/.local/lib/python3.12/site-packages/airflow/example_dags/example_params_trigger_ui.py for tasks to queue
[2024-05-27T09:06:13.865+0000] {logging_mixin.py:188} INFO - [2024-05-27T09:06:13.861+0000] {dagbag.py:545} INFO - Filling up the DagBag from /home/airflow/.local/lib/python3.12/site-packages/airflow/example_dags/example_params_trigger_ui.py
[2024-05-27T09:06:14.668+0000] {processor.py:840} INFO - DAG(s) 'example_params_trigger_ui' retrieved from /home/airflow/.local/lib/python3.12/site-packages/airflow/example_dags/example_params_trigger_ui.py
[2024-05-27T09:06:16.287+0000] {logging_mixin.py:188} INFO - [2024-05-27T09:06:16.285+0000] {dag.py:3096} INFO - Sync 1 DAGs
[2024-05-27T09:06:16.341+0000] {logging_mixin.py:188} INFO - [2024-05-27T09:06:16.326+0000] {dag.py:3954} INFO - Setting next_dagrun for example_params_trigger_ui to None, run_after=None
[2024-05-27T09:06:32.202+0000] {processor.py:183} INFO - Processing /home/airflow/.local/lib/python3.12/site-packages/airflow/example_dags/example_params_trigger_ui.py took 22.162 seconds
[2024-05-27T09:07:28.872+0000] {processor.py:161} INFO - Started process (PID=468) to work on /home/airflow/.local/lib/python3.12/site-packages/airflow/example_dags/example_params_trigger_ui.py
[2024-05-27T09:07:28.882+0000] {processor.py:830} INFO - Processing file /home/airflow/.local/lib/python3.12/site-packages/airflow/example_dags/example_params_trigger_ui.py for tasks to queue
[2024-05-27T09:07:28.888+0000] {logging_mixin.py:188} INFO - [2024-05-27T09:07:28.888+0000] {dagbag.py:545} INFO - Filling up the DagBag from /home/airflow/.local/lib/python3.12/site-packages/airflow/example_dags/example_params_trigger_ui.py
[2024-05-27T09:07:28.980+0000] {processor.py:840} INFO - DAG(s) 'example_params_trigger_ui' retrieved from /home/airflow/.local/lib/python3.12/site-packages/airflow/example_dags/example_params_trigger_ui.py
[2024-05-27T09:07:33.295+0000] {logging_mixin.py:188} INFO - [2024-05-27T09:07:33.291+0000] {dag.py:3096} INFO - Sync 1 DAGs
[2024-05-27T09:07:33.313+0000] {logging_mixin.py:188} INFO - [2024-05-27T09:07:33.313+0000] {dag.py:3954} INFO - Setting next_dagrun for example_params_trigger_ui to None, run_after=None
[2024-05-27T09:07:33.347+0000] {processor.py:183} INFO - Processing /home/airflow/.local/lib/python3.12/site-packages/airflow/example_dags/example_params_trigger_ui.py took 4.486 seconds
[2024-05-27T09:08:30.803+0000] {processor.py:161} INFO - Started process (PID=519) to work on /home/airflow/.local/lib/python3.12/site-packages/airflow/example_dags/example_params_trigger_ui.py
[2024-05-27T09:08:30.810+0000] {processor.py:830} INFO - Processing file /home/airflow/.local/lib/python3.12/site-packages/airflow/example_dags/example_params_trigger_ui.py for tasks to queue
[2024-05-27T09:08:30.823+0000] {logging_mixin.py:188} INFO - [2024-05-27T09:08:30.818+0000] {dagbag.py:545} INFO - Filling up the DagBag from /home/airflow/.local/lib/python3.12/site-packages/airflow/example_dags/example_params_trigger_ui.py
[2024-05-27T09:08:31.080+0000] {processor.py:840} INFO - DAG(s) 'example_params_trigger_ui' retrieved from /home/airflow/.local/lib/python3.12/site-packages/airflow/example_dags/example_params_trigger_ui.py
[2024-05-27T09:08:31.249+0000] {logging_mixin.py:188} INFO - [2024-05-27T09:08:31.247+0000] {dag.py:3096} INFO - Sync 1 DAGs
[2024-05-27T09:08:31.283+0000] {logging_mixin.py:188} INFO - [2024-05-27T09:08:31.282+0000] {dag.py:3954} INFO - Setting next_dagrun for example_params_trigger_ui to None, run_after=None
[2024-05-27T09:08:31.323+0000] {processor.py:183} INFO - Processing /home/airflow/.local/lib/python3.12/site-packages/airflow/example_dags/example_params_trigger_ui.py took 0.541 seconds
[2024-05-27T09:10:12.428+0000] {processor.py:161} INFO - Started process (PID=591) to work on /home/airflow/.local/lib/python3.12/site-packages/airflow/example_dags/example_params_trigger_ui.py
[2024-05-27T09:10:12.433+0000] {processor.py:830} INFO - Processing file /home/airflow/.local/lib/python3.12/site-packages/airflow/example_dags/example_params_trigger_ui.py for tasks to queue
[2024-05-27T09:10:12.438+0000] {logging_mixin.py:188} INFO - [2024-05-27T09:10:12.435+0000] {dagbag.py:545} INFO - Filling up the DagBag from /home/airflow/.local/lib/python3.12/site-packages/airflow/example_dags/example_params_trigger_ui.py
[2024-05-27T09:10:12.608+0000] {processor.py:840} INFO - DAG(s) 'example_params_trigger_ui' retrieved from /home/airflow/.local/lib/python3.12/site-packages/airflow/example_dags/example_params_trigger_ui.py
[2024-05-27T09:10:12.969+0000] {logging_mixin.py:188} INFO - [2024-05-27T09:10:12.969+0000] {dag.py:3096} INFO - Sync 1 DAGs
[2024-05-27T09:10:12.671+0000] {logging_mixin.py:188} INFO - [2024-05-27T09:10:12.665+0000] {dag.py:3954} INFO - Setting next_dagrun for example_params_trigger_ui to None, run_after=None
[2024-05-27T09:10:12.804+0000] {processor.py:183} INFO - Processing /home/airflow/.local/lib/python3.12/site-packages/airflow/example_dags/example_params_trigger_ui.py took 0.830 seconds
[2024-05-27T09:11:39.136+0000] {processor.py:161} INFO - Started process (PID=34) to work on /home/airflow/.local/lib/python3.12/site-packages/airflow/example_dags/example_params_trigger_ui.py
[2024-05-27T09:11:39.139+0000] {processor.py:830} INFO - Processing file /home/airflow/.local/lib/python3.12/site-packages/airflow/example_dags/example_params_trigger_ui.py for tasks to queue
[2024-05-27T09:11:39.142+0000] {logging_mixin.py:188} INFO - [2024-05-27T09:11:39.141+0000] {dagbag.py:545} INFO - Filling up the DagBag from /home/airflow/.local/lib/python3.12/site-packages/airflow/example_dags/example_params_trigger_ui.py
[2024-05-27T09:11:39.158+0000] {processor.py:840} INFO - DAG(s) 'example_params_trigger_ui' retrieved from /home/airflow/.local/lib/python3.12/site-packages/airflow/example_dags/example_params_trigger_ui.py
[2024-05-27T09:11:39.174+0000] {logging_mixin.py:188} INFO - [2024-05-27T09:11:39.174+0000] {dag.py:3096} INFO - Sync 1 DAGs
[2024-05-27T09:11:39.189+0000] {logging_mixin.py:188} INFO - [2024-05-27T09:11:39.189+0000] {dag.py:3954} INFO - Setting next_dagrun for example_params_trigger_ui to None, run_after=None
[2024-05-27T09:11:39.212+0000] {processor.py:183} INFO - Processing /home/airflow/.local/lib/python3.12/site-packages/airflow/example_dags/example_params_trigger_ui.py took 0.081 seconds
[2024-05-27T09:12:17.709+0000] {processor.py:161} INFO - Started process (PID=92) to work on /home/airflow/.local/lib/python3.12/site-packages/airflow/example_dags/example_params_trigger_ui.py
[2024-05-27T09:12:17.711+0000] {processor.py:830} INFO - Processing file /home/airflow/.local/lib/python3.12/site-packages/airflow/example_dags/example_params_trigger_ui.py for tasks to queue
[2024-05-27T09:12:17.714+0000] {logging_mixin.py:188} INFO - [2024-05-27T09:12:17.713+0000] {dagbag.py:545} INFO - Filling up the DagBag from /home/airflow/.local/lib/python3.12/site-packages/airflow/example_dags/example_params_trigger_ui.py
[2024-05-27T09:12:17.730+0000] {processor.py:840} INFO - DAG(s) 'example_params_trigger_ui' retrieved from /home/airflow/.local/lib/python3.12/site-packages/airflow/example_dags/example_params_trigger_ui.py
[2024-05-27T09:12:18.362+0000] {logging_mixin.py:188} INFO - [2024-05-27T09:12:18.352+0000] {dag.py:3096} INFO - Sync 1 DAGs
[2024-05-27T09:12:18.410+0000] {logging_mixin.py:188} INFO - [2024-05-27T09:12:18.406+0000] {dag.py:3954} INFO - Setting next_dagrun for example_params_trigger_ui to None, run_after=None
[2024-05-27T09:12:18.523+0000] {processor.py:183} INFO - Processing /home/airflow/.local/lib/python3.12/site-packages/airflow/example_dags/example_params_trigger_ui.py took 0.819 seconds
[2024-05-27T09:24:41.962+0000] {processor.py:161} INFO - Started process (PID=34) to work on /home/airflow/.local/lib/python3.12/site-packages/airflow/example_dags/example_params_trigger_ui.py
[2024-05-27T09:24:41.967+0000] {processor.py:830} INFO - Processing file /home/airflow/.local/lib/python3.12/site-packages/airflow/example_dags/example_params_trigger_ui.py for tasks to queue
[2024-05-27T09:24:41.969+0000] {logging_mixin.py:188} INFO - [2024-05-27T09:24:41.969+0000] {dagbag.py:545} INFO - Filling up the DagBag from /home/airflow/.local/lib/python3.12/site-packages/airflow/example_dags/example_params_trigger_ui.py
[2024-05-27T09:24:41.990+0000] {processor.py:840} INFO - DAG(s) 'example_params_trigger_ui' retrieved from /home/airflow/.local/lib/python3.12/site-packages/airflow/example_dags/example_params_trigger_ui.py
[2024-05-27T09:24:42.002+0000] {logging_mixin.py:188} INFO - [2024-05-27T09:24:42.002+0000] {dag.py:3096} INFO - Sync 1 DAGs
[2024-05-27T09:24:42.017+0000] {logging_mixin.py:188} INFO - [2024-05-27T09:24:42.017+0000] {dag.py:3954} INFO - Setting next_dagrun for example_params_trigger_ui to None, run_after=None
[2024-05-27T09:24:42.042+0000] {processor.py:183} INFO - Processing /home/airflow/.local/lib/python3.12/site-packages/airflow/example_dags/example_params_trigger_ui.py took 0.085 seconds
[2024-05-27T09:26:24.635+0000] {processor.py:161} INFO - Started process (PID=105) to work on /home/airflow/.local/lib/python3.12/site-packages/airflow/example_dags/example_params_trigger_ui.py
[2024-05-27T09:26:24.641+0000] {processor.py:830} INFO - Processing file /home/airflow/.local/lib/python3.12/site-packages/airflow/example_dags/example_params_trigger_ui.py for tasks to queue
[2024-05-27T09:26:24.646+0000] {logging_mixin.py:188} INFO - [2024-05-27T09:26:24.644+0000] {dagbag.py:545} INFO - Filling up the DagBag from /home/airflow/.local/lib/python3.12/site-packages/airflow/example_dags/example_params_trigger_ui.py
[2024-05-27T09:26:24.778+0000] {processor.py:840} INFO - DAG(s) 'example_params_trigger_ui' retrieved from /home/airflow/.local/lib/python3.12/site-packages/airflow/example_dags/example_params_trigger_ui.py
[2024-05-27T09:26:40.059+0000] {logging_mixin.py:188} INFO - [2024-05-27T09:26:40.054+0000] {dag.py:3096} INFO - Sync 1 DAGs
[2024-05-27T09:26:40.173+0000] {logging_mixin.py:188} INFO - [2024-05-27T09:26:40.172+0000] {dag.py:3954} INFO - Setting next_dagrun for example_params_trigger_ui to None, run_after=None
[2024-05-27T09:26:41.989+0000] {processor.py:183} INFO - Processing /home/airflow/.local/lib/python3.12/site-packages/airflow/example_dags/example_params_trigger_ui.py took 18.378 seconds
[2024-05-27T09:28:15.869+0000] {processor.py:161} INFO - Started process (PID=35) to work on /home/airflow/.local/lib/python3.12/site-packages/airflow/example_dags/example_params_trigger_ui.py
[2024-05-27T09:28:15.871+0000] {processor.py:830} INFO - Processing file /home/airflow/.local/lib/python3.12/site-packages/airflow/example_dags/example_params_trigger_ui.py for tasks to queue
[2024-05-27T09:28:15.874+0000] {logging_mixin.py:188} INFO - [2024-05-27T09:28:15.874+0000] {dagbag.py:545} INFO - Filling up the DagBag from /home/airflow/.local/lib/python3.12/site-packages/airflow/example_dags/example_params_trigger_ui.py
[2024-05-27T09:28:15.893+0000] {processor.py:840} INFO - DAG(s) 'example_params_trigger_ui' retrieved from /home/airflow/.local/lib/python3.12/site-packages/airflow/example_dags/example_params_trigger_ui.py
[2024-05-27T09:28:15.905+0000] {logging_mixin.py:188} INFO - [2024-05-27T09:28:15.905+0000] {dag.py:3096} INFO - Sync 1 DAGs
[2024-05-27T09:28:15.919+0000] {logging_mixin.py:188} INFO - [2024-05-27T09:28:15.919+0000] {dag.py:3954} INFO - Setting next_dagrun for example_params_trigger_ui to None, run_after=None
[2024-05-27T09:28:15.939+0000] {processor.py:183} INFO - Processing /home/airflow/.local/lib/python3.12/site-packages/airflow/example_dags/example_params_trigger_ui.py took 0.076 seconds
[2024-05-27T09:29:02.901+0000] {processor.py:161} INFO - Started process (PID=95) to work on /home/airflow/.local/lib/python3.12/site-packages/airflow/example_dags/example_params_trigger_ui.py
[2024-05-27T09:29:02.903+0000] {processor.py:830} INFO - Processing file /home/airflow/.local/lib/python3.12/site-packages/airflow/example_dags/example_params_trigger_ui.py for tasks to queue
[2024-05-27T09:29:02.915+0000] {logging_mixin.py:188} INFO - [2024-05-27T09:29:02.909+0000] {dagbag.py:545} INFO - Filling up the DagBag from /home/airflow/.local/lib/python3.12/site-packages/airflow/example_dags/example_params_trigger_ui.py
[2024-05-27T09:29:03.128+0000] {processor.py:840} INFO - DAG(s) 'example_params_trigger_ui' retrieved from /home/airflow/.local/lib/python3.12/site-packages/airflow/example_dags/example_params_trigger_ui.py
[2024-05-27T09:29:11.592+0000] {logging_mixin.py:188} INFO - [2024-05-27T09:29:11.591+0000] {dag.py:3096} INFO - Sync 1 DAGs
[2024-05-27T09:29:11.667+0000] {logging_mixin.py:188} INFO - [2024-05-27T09:29:11.667+0000] {dag.py:3954} INFO - Setting next_dagrun for example_params_trigger_ui to None, run_after=None
[2024-05-27T09:29:12.028+0000] {processor.py:183} INFO - Processing /home/airflow/.local/lib/python3.12/site-packages/airflow/example_dags/example_params_trigger_ui.py took 9.144 seconds
[2024-05-27T09:31:48.558+0000] {processor.py:161} INFO - Started process (PID=147) to work on /home/airflow/.local/lib/python3.12/site-packages/airflow/example_dags/example_params_trigger_ui.py
[2024-05-27T09:31:48.564+0000] {processor.py:830} INFO - Processing file /home/airflow/.local/lib/python3.12/site-packages/airflow/example_dags/example_params_trigger_ui.py for tasks to queue
[2024-05-27T09:31:48.581+0000] {logging_mixin.py:188} INFO - [2024-05-27T09:31:48.573+0000] {dagbag.py:545} INFO - Filling up the DagBag from /home/airflow/.local/lib/python3.12/site-packages/airflow/example_dags/example_params_trigger_ui.py
[2024-05-27T09:31:48.825+0000] {processor.py:840} INFO - DAG(s) 'example_params_trigger_ui' retrieved from /home/airflow/.local/lib/python3.12/site-packages/airflow/example_dags/example_params_trigger_ui.py
[2024-05-27T09:31:49.082+0000] {logging_mixin.py:188} INFO - [2024-05-27T09:31:49.082+0000] {dag.py:3096} INFO - Sync 1 DAGs
[2024-05-27T09:31:49.103+0000] {logging_mixin.py:188} INFO - [2024-05-27T09:31:49.102+0000] {dag.py:3954} INFO - Setting next_dagrun for example_params_trigger_ui to None, run_after=None
[2024-05-27T09:31:49.164+0000] {processor.py:183} INFO - Processing /home/airflow/.local/lib/python3.12/site-packages/airflow/example_dags/example_params_trigger_ui.py took 0.651 seconds
[2024-05-27T09:33:35.347+0000] {processor.py:161} INFO - Started process (PID=35) to work on /home/airflow/.local/lib/python3.12/site-packages/airflow/example_dags/example_params_trigger_ui.py
[2024-05-27T09:33:35.350+0000] {processor.py:830} INFO - Processing file /home/airflow/.local/lib/python3.12/site-packages/airflow/example_dags/example_params_trigger_ui.py for tasks to queue
[2024-05-27T09:33:35.355+0000] {logging_mixin.py:188} INFO - [2024-05-27T09:33:35.355+0000] {dagbag.py:545} INFO - Filling up the DagBag from /home/airflow/.local/lib/python3.12/site-packages/airflow/example_dags/example_params_trigger_ui.py
[2024-05-27T09:33:35.404+0000] {processor.py:840} INFO - DAG(s) 'example_params_trigger_ui' retrieved from /home/airflow/.local/lib/python3.12/site-packages/airflow/example_dags/example_params_trigger_ui.py
[2024-05-27T09:33:35.420+0000] {logging_mixin.py:188} INFO - [2024-05-27T09:33:35.420+0000] {dag.py:3096} INFO - Sync 1 DAGs
[2024-05-27T09:33:35.438+0000] {logging_mixin.py:188} INFO - [2024-05-27T09:33:35.437+0000] {dag.py:3954} INFO - Setting next_dagrun for example_params_trigger_ui to None, run_after=None
[2024-05-27T09:33:35.465+0000] {processor.py:183} INFO - Processing /home/airflow/.local/lib/python3.12/site-packages/airflow/example_dags/example_params_trigger_ui.py took 0.135 seconds
[2024-05-27T09:34:19.128+0000] {processor.py:161} INFO - Started process (PID=94) to work on /home/airflow/.local/lib/python3.12/site-packages/airflow/example_dags/example_params_trigger_ui.py
[2024-05-27T09:34:19.130+0000] {processor.py:830} INFO - Processing file /home/airflow/.local/lib/python3.12/site-packages/airflow/example_dags/example_params_trigger_ui.py for tasks to queue
[2024-05-27T09:34:19.133+0000] {logging_mixin.py:188} INFO - [2024-05-27T09:34:19.132+0000] {dagbag.py:545} INFO - Filling up the DagBag from /home/airflow/.local/lib/python3.12/site-packages/airflow/example_dags/example_params_trigger_ui.py
[2024-05-27T09:34:19.178+0000] {processor.py:840} INFO - DAG(s) 'example_params_trigger_ui' retrieved from /home/airflow/.local/lib/python3.12/site-packages/airflow/example_dags/example_params_trigger_ui.py
[2024-05-27T09:34:19.893+0000] {logging_mixin.py:188} INFO - [2024-05-27T09:34:19.884+0000] {dag.py:3096} INFO - Sync 1 DAGs
[2024-05-27T09:34:26.241+0000] {logging_mixin.py:188} INFO - [2024-05-27T09:34:26.036+0000] {dag.py:3954} INFO - Setting next_dagrun for example_params_trigger_ui to None, run_after=None
[2024-05-27T09:34:49.661+0000] {processor.py:183} INFO - Processing /home/airflow/.local/lib/python3.12/site-packages/airflow/example_dags/example_params_trigger_ui.py took 30.537 seconds
[2024-05-27T09:39:15.915+0000] {processor.py:161} INFO - Started process (PID=191) to work on /home/airflow/.local/lib/python3.12/site-packages/airflow/example_dags/example_params_trigger_ui.py
[2024-05-27T09:39:15.931+0000] {processor.py:830} INFO - Processing file /home/airflow/.local/lib/python3.12/site-packages/airflow/example_dags/example_params_trigger_ui.py for tasks to queue
[2024-05-27T09:39:15.967+0000] {logging_mixin.py:188} INFO - [2024-05-27T09:39:15.958+0000] {dagbag.py:545} INFO - Filling up the DagBag from /home/airflow/.local/lib/python3.12/site-packages/airflow/example_dags/example_params_trigger_ui.py
[2024-05-27T09:39:17.707+0000] {processor.py:840} INFO - DAG(s) 'example_params_trigger_ui' retrieved from /home/airflow/.local/lib/python3.12/site-packages/airflow/example_dags/example_params_trigger_ui.py
[2024-05-27T09:39:26.943+0000] {logging_mixin.py:188} INFO - [2024-05-27T09:39:26.942+0000] {dag.py:3096} INFO - Sync 1 DAGs
[2024-05-27T09:39:27.751+0000] {logging_mixin.py:188} INFO - [2024-05-27T09:39:27.737+0000] {dag.py:3954} INFO - Setting next_dagrun for example_params_trigger_ui to None, run_after=None
[2024-05-27T09:39:28.514+0000] {processor.py:183} INFO - Processing /home/airflow/.local/lib/python3.12/site-packages/airflow/example_dags/example_params_trigger_ui.py took 12.184 seconds
[2024-05-27T09:42:11.009+0000] {processor.py:161} INFO - Started process (PID=266) to work on /home/airflow/.local/lib/python3.12/site-packages/airflow/example_dags/example_params_trigger_ui.py
[2024-05-27T09:42:11.011+0000] {processor.py:830} INFO - Processing file /home/airflow/.local/lib/python3.12/site-packages/airflow/example_dags/example_params_trigger_ui.py for tasks to queue
[2024-05-27T09:42:11.014+0000] {logging_mixin.py:188} INFO - [2024-05-27T09:42:11.013+0000] {dagbag.py:545} INFO - Filling up the DagBag from /home/airflow/.local/lib/python3.12/site-packages/airflow/example_dags/example_params_trigger_ui.py
[2024-05-27T09:42:11.953+0000] {processor.py:840} INFO - DAG(s) 'example_params_trigger_ui' retrieved from /home/airflow/.local/lib/python3.12/site-packages/airflow/example_dags/example_params_trigger_ui.py
[2024-05-27T09:42:13.357+0000] {logging_mixin.py:188} INFO - [2024-05-27T09:42:13.326+0000] {dag.py:3096} INFO - Sync 1 DAGs
[2024-05-27T09:42:16.017+0000] {logging_mixin.py:188} INFO - [2024-05-27T09:42:16.015+0000] {dag.py:3954} INFO - Setting next_dagrun for example_params_trigger_ui to None, run_after=None
[2024-05-27T09:42:16.846+0000] {processor.py:183} INFO - Processing /home/airflow/.local/lib/python3.12/site-packages/airflow/example_dags/example_params_trigger_ui.py took 5.844 seconds
[2024-05-27T10:07:07.764+0000] {processor.py:161} INFO - Started process (PID=35) to work on /home/airflow/.local/lib/python3.12/site-packages/airflow/example_dags/example_params_trigger_ui.py
[2024-05-27T10:07:07.767+0000] {processor.py:830} INFO - Processing file /home/airflow/.local/lib/python3.12/site-packages/airflow/example_dags/example_params_trigger_ui.py for tasks to queue
[2024-05-27T10:07:07.769+0000] {logging_mixin.py:188} INFO - [2024-05-27T10:07:07.769+0000] {dagbag.py:545} INFO - Filling up the DagBag from /home/airflow/.local/lib/python3.12/site-packages/airflow/example_dags/example_params_trigger_ui.py
[2024-05-27T10:07:07.785+0000] {processor.py:840} INFO - DAG(s) 'example_params_trigger_ui' retrieved from /home/airflow/.local/lib/python3.12/site-packages/airflow/example_dags/example_params_trigger_ui.py
[2024-05-27T10:07:07.807+0000] {logging_mixin.py:188} INFO - [2024-05-27T10:07:07.807+0000] {dag.py:3096} INFO - Sync 1 DAGs
[2024-05-27T10:07:07.844+0000] {logging_mixin.py:188} INFO - [2024-05-27T10:07:07.844+0000] {dag.py:3954} INFO - Setting next_dagrun for example_params_trigger_ui to None, run_after=None
[2024-05-27T10:07:07.886+0000] {processor.py:183} INFO - Processing /home/airflow/.local/lib/python3.12/site-packages/airflow/example_dags/example_params_trigger_ui.py took 0.127 seconds
[2024-05-27T10:07:39.162+0000] {processor.py:161} INFO - Started process (PID=93) to work on /home/airflow/.local/lib/python3.12/site-packages/airflow/example_dags/example_params_trigger_ui.py
[2024-05-27T10:07:39.164+0000] {processor.py:830} INFO - Processing file /home/airflow/.local/lib/python3.12/site-packages/airflow/example_dags/example_params_trigger_ui.py for tasks to queue
[2024-05-27T10:07:39.167+0000] {logging_mixin.py:188} INFO - [2024-05-27T10:07:39.166+0000] {dagbag.py:545} INFO - Filling up the DagBag from /home/airflow/.local/lib/python3.12/site-packages/airflow/example_dags/example_params_trigger_ui.py
[2024-05-27T10:07:39.178+0000] {processor.py:840} INFO - DAG(s) 'example_params_trigger_ui' retrieved from /home/airflow/.local/lib/python3.12/site-packages/airflow/example_dags/example_params_trigger_ui.py
[2024-05-27T10:07:39.290+0000] {logging_mixin.py:188} INFO - [2024-05-27T10:07:39.290+0000] {dag.py:3096} INFO - Sync 1 DAGs
[2024-05-27T10:07:39.300+0000] {logging_mixin.py:188} INFO - [2024-05-27T10:07:39.300+0000] {dag.py:3954} INFO - Setting next_dagrun for example_params_trigger_ui to None, run_after=None
[2024-05-27T10:07:39.318+0000] {processor.py:183} INFO - Processing /home/airflow/.local/lib/python3.12/site-packages/airflow/example_dags/example_params_trigger_ui.py took 0.159 seconds
