[2024-05-27T08:51:50.078+0000] {processor.py:161} INFO - Started process (PID=38) to work on /home/airflow/.local/lib/python3.12/site-packages/airflow/example_dags/example_datasets.py
[2024-05-27T08:51:50.084+0000] {processor.py:830} INFO - Processing file /home/airflow/.local/lib/python3.12/site-packages/airflow/example_dags/example_datasets.py for tasks to queue
[2024-05-27T08:51:50.087+0000] {logging_mixin.py:188} INFO - [2024-05-27T08:51:50.087+0000] {dagbag.py:545} INFO - Filling up the DagBag from /home/airflow/.local/lib/python3.12/site-packages/airflow/example_dags/example_datasets.py
[2024-05-27T08:51:50.118+0000] {processor.py:840} INFO - DAG(s) 'dataset_consumes_1_never_scheduled', 'dataset_consumes_unknown_never_scheduled', 'dataset_produces_2', 'dataset_consumes_1', 'conditional_dataset_and_time_based_timetable', 'dataset_produces_1', 'dataset_consumes_1_and_2', 'consume_1_or_2_with_dataset_expressions', 'consume_1_and_2_with_dataset_expressions', 'consume_1_or_both_2_and_3_with_dataset_expressions' retrieved from /home/airflow/.local/lib/python3.12/site-packages/airflow/example_dags/example_datasets.py
[2024-05-27T08:51:51.128+0000] {logging_mixin.py:188} INFO - [2024-05-27T08:51:51.128+0000] {override.py:1829} INFO - Created Permission View: can edit on DAG:dataset_consumes_1_never_scheduled
[2024-05-27T08:51:51.141+0000] {logging_mixin.py:188} INFO - [2024-05-27T08:51:51.141+0000] {override.py:1829} INFO - Created Permission View: can read on DAG:dataset_consumes_1_never_scheduled
[2024-05-27T08:51:51.147+0000] {logging_mixin.py:188} INFO - [2024-05-27T08:51:51.147+0000] {override.py:1829} INFO - Created Permission View: can delete on DAG:dataset_consumes_1_never_scheduled
[2024-05-27T08:51:51.157+0000] {logging_mixin.py:188} INFO - [2024-05-27T08:51:51.157+0000] {override.py:1829} INFO - Created Permission View: can edit on DAG:dataset_consumes_unknown_never_scheduled
[2024-05-27T08:51:51.163+0000] {logging_mixin.py:188} INFO - [2024-05-27T08:51:51.163+0000] {override.py:1829} INFO - Created Permission View: can read on DAG:dataset_consumes_unknown_never_scheduled
[2024-05-27T08:51:51.168+0000] {logging_mixin.py:188} INFO - [2024-05-27T08:51:51.167+0000] {override.py:1829} INFO - Created Permission View: can delete on DAG:dataset_consumes_unknown_never_scheduled
[2024-05-27T08:51:51.176+0000] {logging_mixin.py:188} INFO - [2024-05-27T08:51:51.175+0000] {override.py:1829} INFO - Created Permission View: can edit on DAG:dataset_produces_2
[2024-05-27T08:51:51.181+0000] {logging_mixin.py:188} INFO - [2024-05-27T08:51:51.181+0000] {override.py:1829} INFO - Created Permission View: can read on DAG:dataset_produces_2
[2024-05-27T08:51:51.186+0000] {logging_mixin.py:188} INFO - [2024-05-27T08:51:51.186+0000] {override.py:1829} INFO - Created Permission View: can delete on DAG:dataset_produces_2
[2024-05-27T08:51:51.195+0000] {logging_mixin.py:188} INFO - [2024-05-27T08:51:51.195+0000] {override.py:1829} INFO - Created Permission View: can edit on DAG:dataset_consumes_1
[2024-05-27T08:51:51.200+0000] {logging_mixin.py:188} INFO - [2024-05-27T08:51:51.200+0000] {override.py:1829} INFO - Created Permission View: can read on DAG:dataset_consumes_1
[2024-05-27T08:51:51.207+0000] {logging_mixin.py:188} INFO - [2024-05-27T08:51:51.207+0000] {override.py:1829} INFO - Created Permission View: can delete on DAG:dataset_consumes_1
[2024-05-27T08:51:51.216+0000] {logging_mixin.py:188} INFO - [2024-05-27T08:51:51.216+0000] {override.py:1829} INFO - Created Permission View: can edit on DAG:conditional_dataset_and_time_based_timetable
[2024-05-27T08:51:51.221+0000] {logging_mixin.py:188} INFO - [2024-05-27T08:51:51.221+0000] {override.py:1829} INFO - Created Permission View: can read on DAG:conditional_dataset_and_time_based_timetable
[2024-05-27T08:51:51.228+0000] {logging_mixin.py:188} INFO - [2024-05-27T08:51:51.227+0000] {override.py:1829} INFO - Created Permission View: can delete on DAG:conditional_dataset_and_time_based_timetable
[2024-05-27T08:51:51.240+0000] {logging_mixin.py:188} INFO - [2024-05-27T08:51:51.240+0000] {override.py:1829} INFO - Created Permission View: can edit on DAG:dataset_produces_1
[2024-05-27T08:51:51.250+0000] {logging_mixin.py:188} INFO - [2024-05-27T08:51:51.249+0000] {override.py:1829} INFO - Created Permission View: can read on DAG:dataset_produces_1
[2024-05-27T08:51:51.260+0000] {logging_mixin.py:188} INFO - [2024-05-27T08:51:51.260+0000] {override.py:1829} INFO - Created Permission View: can delete on DAG:dataset_produces_1
[2024-05-27T08:51:51.270+0000] {logging_mixin.py:188} INFO - [2024-05-27T08:51:51.270+0000] {override.py:1829} INFO - Created Permission View: can edit on DAG:dataset_consumes_1_and_2
[2024-05-27T08:51:51.276+0000] {logging_mixin.py:188} INFO - [2024-05-27T08:51:51.276+0000] {override.py:1829} INFO - Created Permission View: can read on DAG:dataset_consumes_1_and_2
[2024-05-27T08:51:51.282+0000] {logging_mixin.py:188} INFO - [2024-05-27T08:51:51.282+0000] {override.py:1829} INFO - Created Permission View: can delete on DAG:dataset_consumes_1_and_2
[2024-05-27T08:51:51.292+0000] {logging_mixin.py:188} INFO - [2024-05-27T08:51:51.292+0000] {override.py:1829} INFO - Created Permission View: can edit on DAG:consume_1_or_2_with_dataset_expressions
[2024-05-27T08:51:51.299+0000] {logging_mixin.py:188} INFO - [2024-05-27T08:51:51.298+0000] {override.py:1829} INFO - Created Permission View: can read on DAG:consume_1_or_2_with_dataset_expressions
[2024-05-27T08:51:51.305+0000] {logging_mixin.py:188} INFO - [2024-05-27T08:51:51.305+0000] {override.py:1829} INFO - Created Permission View: can delete on DAG:consume_1_or_2_with_dataset_expressions
[2024-05-27T08:51:51.317+0000] {logging_mixin.py:188} INFO - [2024-05-27T08:51:51.316+0000] {override.py:1829} INFO - Created Permission View: can edit on DAG:consume_1_and_2_with_dataset_expressions
[2024-05-27T08:51:51.323+0000] {logging_mixin.py:188} INFO - [2024-05-27T08:51:51.323+0000] {override.py:1829} INFO - Created Permission View: can read on DAG:consume_1_and_2_with_dataset_expressions
[2024-05-27T08:51:51.328+0000] {logging_mixin.py:188} INFO - [2024-05-27T08:51:51.328+0000] {override.py:1829} INFO - Created Permission View: can delete on DAG:consume_1_and_2_with_dataset_expressions
[2024-05-27T08:51:51.338+0000] {logging_mixin.py:188} INFO - [2024-05-27T08:51:51.338+0000] {override.py:1829} INFO - Created Permission View: can edit on DAG:consume_1_or_both_2_and_3_with_dataset_expressions
[2024-05-27T08:51:51.344+0000] {logging_mixin.py:188} INFO - [2024-05-27T08:51:51.344+0000] {override.py:1829} INFO - Created Permission View: can read on DAG:consume_1_or_both_2_and_3_with_dataset_expressions
[2024-05-27T08:51:51.350+0000] {logging_mixin.py:188} INFO - [2024-05-27T08:51:51.350+0000] {override.py:1829} INFO - Created Permission View: can delete on DAG:consume_1_or_both_2_and_3_with_dataset_expressions
[2024-05-27T08:51:51.352+0000] {logging_mixin.py:188} INFO - [2024-05-27T08:51:51.352+0000] {dag.py:3096} INFO - Sync 10 DAGs
[2024-05-27T08:51:51.360+0000] {logging_mixin.py:188} INFO - [2024-05-27T08:51:51.360+0000] {dag.py:3118} INFO - Creating ORM DAG for dataset_produces_1
[2024-05-27T08:51:51.361+0000] {logging_mixin.py:188} INFO - [2024-05-27T08:51:51.361+0000] {dag.py:3118} INFO - Creating ORM DAG for dataset_consumes_1
[2024-05-27T08:51:51.363+0000] {logging_mixin.py:188} INFO - [2024-05-27T08:51:51.363+0000] {dag.py:3118} INFO - Creating ORM DAG for dataset_consumes_1_and_2
[2024-05-27T08:51:51.364+0000] {logging_mixin.py:188} INFO - [2024-05-27T08:51:51.364+0000] {dag.py:3118} INFO - Creating ORM DAG for dataset_produces_2
[2024-05-27T08:51:51.365+0000] {logging_mixin.py:188} INFO - [2024-05-27T08:51:51.365+0000] {dag.py:3118} INFO - Creating ORM DAG for dataset_consumes_1_never_scheduled
[2024-05-27T08:51:51.366+0000] {logging_mixin.py:188} INFO - [2024-05-27T08:51:51.366+0000] {dag.py:3118} INFO - Creating ORM DAG for consume_1_or_both_2_and_3_with_dataset_expressions
[2024-05-27T08:51:51.368+0000] {logging_mixin.py:188} INFO - [2024-05-27T08:51:51.368+0000] {dag.py:3118} INFO - Creating ORM DAG for consume_1_or_2_with_dataset_expressions
[2024-05-27T08:51:51.371+0000] {logging_mixin.py:188} INFO - [2024-05-27T08:51:51.371+0000] {dag.py:3118} INFO - Creating ORM DAG for consume_1_and_2_with_dataset_expressions
[2024-05-27T08:51:51.373+0000] {logging_mixin.py:188} INFO - [2024-05-27T08:51:51.373+0000] {dag.py:3118} INFO - Creating ORM DAG for conditional_dataset_and_time_based_timetable
[2024-05-27T08:51:51.374+0000] {logging_mixin.py:188} INFO - [2024-05-27T08:51:51.374+0000] {dag.py:3118} INFO - Creating ORM DAG for dataset_consumes_unknown_never_scheduled
[2024-05-27T08:51:51.386+0000] {logging_mixin.py:188} INFO - [2024-05-27T08:51:51.386+0000] {dag.py:3954} INFO - Setting next_dagrun for conditional_dataset_and_time_based_timetable to 2024-05-22 01:00:00+00:00, run_after=2024-05-22 01:00:00+00:00
[2024-05-27T08:51:51.389+0000] {logging_mixin.py:188} INFO - [2024-05-27T08:51:51.388+0000] {dag.py:3954} INFO - Setting next_dagrun for consume_1_and_2_with_dataset_expressions to None, run_after=None
[2024-05-27T08:51:51.390+0000] {logging_mixin.py:188} INFO - [2024-05-27T08:51:51.390+0000] {dag.py:3954} INFO - Setting next_dagrun for consume_1_or_2_with_dataset_expressions to None, run_after=None
[2024-05-27T08:51:51.391+0000] {logging_mixin.py:188} INFO - [2024-05-27T08:51:51.391+0000] {dag.py:3954} INFO - Setting next_dagrun for consume_1_or_both_2_and_3_with_dataset_expressions to None, run_after=None
[2024-05-27T08:51:51.393+0000] {logging_mixin.py:188} INFO - [2024-05-27T08:51:51.392+0000] {dag.py:3954} INFO - Setting next_dagrun for dataset_consumes_1 to None, run_after=None
[2024-05-27T08:51:51.395+0000] {logging_mixin.py:188} INFO - [2024-05-27T08:51:51.395+0000] {dag.py:3954} INFO - Setting next_dagrun for dataset_consumes_1_and_2 to None, run_after=None
[2024-05-27T08:51:51.396+0000] {logging_mixin.py:188} INFO - [2024-05-27T08:51:51.396+0000] {dag.py:3954} INFO - Setting next_dagrun for dataset_consumes_1_never_scheduled to None, run_after=None
[2024-05-27T08:51:51.398+0000] {logging_mixin.py:188} INFO - [2024-05-27T08:51:51.398+0000] {dag.py:3954} INFO - Setting next_dagrun for dataset_consumes_unknown_never_scheduled to None, run_after=None
[2024-05-27T08:51:51.399+0000] {logging_mixin.py:188} INFO - [2024-05-27T08:51:51.399+0000] {dag.py:3954} INFO - Setting next_dagrun for dataset_produces_1 to 2024-05-26 00:00:00+00:00, run_after=2024-05-27 00:00:00+00:00
[2024-05-27T08:51:51.401+0000] {logging_mixin.py:188} INFO - [2024-05-27T08:51:51.401+0000] {dag.py:3954} INFO - Setting next_dagrun for dataset_produces_2 to None, run_after=None
[2024-05-27T08:51:51.448+0000] {processor.py:183} INFO - Processing /home/airflow/.local/lib/python3.12/site-packages/airflow/example_dags/example_datasets.py took 1.375 seconds
[2024-05-27T08:52:23.243+0000] {processor.py:161} INFO - Started process (PID=101) to work on /home/airflow/.local/lib/python3.12/site-packages/airflow/example_dags/example_datasets.py
[2024-05-27T08:52:23.245+0000] {processor.py:830} INFO - Processing file /home/airflow/.local/lib/python3.12/site-packages/airflow/example_dags/example_datasets.py for tasks to queue
[2024-05-27T08:52:23.248+0000] {logging_mixin.py:188} INFO - [2024-05-27T08:52:23.248+0000] {dagbag.py:545} INFO - Filling up the DagBag from /home/airflow/.local/lib/python3.12/site-packages/airflow/example_dags/example_datasets.py
[2024-05-27T08:52:23.281+0000] {processor.py:840} INFO - DAG(s) 'consume_1_or_both_2_and_3_with_dataset_expressions', 'consume_1_or_2_with_dataset_expressions', 'conditional_dataset_and_time_based_timetable', 'consume_1_and_2_with_dataset_expressions', 'dataset_consumes_unknown_never_scheduled', 'dataset_consumes_1_never_scheduled', 'dataset_consumes_1', 'dataset_produces_1', 'dataset_produces_2', 'dataset_consumes_1_and_2' retrieved from /home/airflow/.local/lib/python3.12/site-packages/airflow/example_dags/example_datasets.py
[2024-05-27T08:52:23.316+0000] {logging_mixin.py:188} INFO - [2024-05-27T08:52:23.316+0000] {dag.py:3096} INFO - Sync 10 DAGs
[2024-05-27T08:52:23.335+0000] {logging_mixin.py:188} INFO - [2024-05-27T08:52:23.335+0000] {dag.py:3954} INFO - Setting next_dagrun for conditional_dataset_and_time_based_timetable to 2024-05-22 01:00:00+00:00, run_after=2024-05-22 01:00:00+00:00
[2024-05-27T08:52:23.340+0000] {logging_mixin.py:188} INFO - [2024-05-27T08:52:23.340+0000] {dag.py:3954} INFO - Setting next_dagrun for consume_1_and_2_with_dataset_expressions to None, run_after=None
[2024-05-27T08:52:23.351+0000] {logging_mixin.py:188} INFO - [2024-05-27T08:52:23.351+0000] {dag.py:3954} INFO - Setting next_dagrun for consume_1_or_2_with_dataset_expressions to None, run_after=None
[2024-05-27T08:52:23.353+0000] {logging_mixin.py:188} INFO - [2024-05-27T08:52:23.353+0000] {dag.py:3954} INFO - Setting next_dagrun for consume_1_or_both_2_and_3_with_dataset_expressions to None, run_after=None
[2024-05-27T08:52:23.356+0000] {logging_mixin.py:188} INFO - [2024-05-27T08:52:23.355+0000] {dag.py:3954} INFO - Setting next_dagrun for dataset_consumes_1 to None, run_after=None
[2024-05-27T08:52:23.358+0000] {logging_mixin.py:188} INFO - [2024-05-27T08:52:23.358+0000] {dag.py:3954} INFO - Setting next_dagrun for dataset_consumes_1_and_2 to None, run_after=None
[2024-05-27T08:52:23.360+0000] {logging_mixin.py:188} INFO - [2024-05-27T08:52:23.360+0000] {dag.py:3954} INFO - Setting next_dagrun for dataset_consumes_1_never_scheduled to None, run_after=None
[2024-05-27T08:52:23.362+0000] {logging_mixin.py:188} INFO - [2024-05-27T08:52:23.362+0000] {dag.py:3954} INFO - Setting next_dagrun for dataset_consumes_unknown_never_scheduled to None, run_after=None
[2024-05-27T08:52:23.365+0000] {logging_mixin.py:188} INFO - [2024-05-27T08:52:23.365+0000] {dag.py:3954} INFO - Setting next_dagrun for dataset_produces_1 to 2024-05-26 00:00:00+00:00, run_after=2024-05-27 00:00:00+00:00
[2024-05-27T08:52:23.368+0000] {logging_mixin.py:188} INFO - [2024-05-27T08:52:23.368+0000] {dag.py:3954} INFO - Setting next_dagrun for dataset_produces_2 to None, run_after=None
[2024-05-27T08:52:23.412+0000] {processor.py:183} INFO - Processing /home/airflow/.local/lib/python3.12/site-packages/airflow/example_dags/example_datasets.py took 0.174 seconds
[2024-05-27T08:53:09.210+0000] {processor.py:161} INFO - Started process (PID=153) to work on /home/airflow/.local/lib/python3.12/site-packages/airflow/example_dags/example_datasets.py
[2024-05-27T08:53:09.217+0000] {processor.py:830} INFO - Processing file /home/airflow/.local/lib/python3.12/site-packages/airflow/example_dags/example_datasets.py for tasks to queue
[2024-05-27T08:53:09.222+0000] {logging_mixin.py:188} INFO - [2024-05-27T08:53:09.220+0000] {dagbag.py:545} INFO - Filling up the DagBag from /home/airflow/.local/lib/python3.12/site-packages/airflow/example_dags/example_datasets.py
[2024-05-27T08:53:10.576+0000] {processor.py:840} INFO - DAG(s) 'dataset_consumes_1_never_scheduled', 'dataset_consumes_unknown_never_scheduled', 'dataset_consumes_1', 'conditional_dataset_and_time_based_timetable', 'dataset_produces_1', 'dataset_consumes_1_and_2', 'dataset_produces_2', 'consume_1_and_2_with_dataset_expressions', 'consume_1_or_2_with_dataset_expressions', 'consume_1_or_both_2_and_3_with_dataset_expressions' retrieved from /home/airflow/.local/lib/python3.12/site-packages/airflow/example_dags/example_datasets.py
[2024-05-27T08:53:10.897+0000] {logging_mixin.py:188} INFO - [2024-05-27T08:53:10.897+0000] {dag.py:3096} INFO - Sync 10 DAGs
[2024-05-27T08:53:10.964+0000] {logging_mixin.py:188} INFO - [2024-05-27T08:53:10.963+0000] {dag.py:3954} INFO - Setting next_dagrun for conditional_dataset_and_time_based_timetable to 2024-05-22 01:00:00+00:00, run_after=2024-05-22 01:00:00+00:00
[2024-05-27T08:53:10.981+0000] {logging_mixin.py:188} INFO - [2024-05-27T08:53:10.981+0000] {dag.py:3954} INFO - Setting next_dagrun for consume_1_and_2_with_dataset_expressions to None, run_after=None
[2024-05-27T08:53:10.985+0000] {logging_mixin.py:188} INFO - [2024-05-27T08:53:10.985+0000] {dag.py:3954} INFO - Setting next_dagrun for consume_1_or_2_with_dataset_expressions to None, run_after=None
[2024-05-27T08:53:10.989+0000] {logging_mixin.py:188} INFO - [2024-05-27T08:53:10.989+0000] {dag.py:3954} INFO - Setting next_dagrun for consume_1_or_both_2_and_3_with_dataset_expressions to None, run_after=None
[2024-05-27T08:53:10.994+0000] {logging_mixin.py:188} INFO - [2024-05-27T08:53:10.994+0000] {dag.py:3954} INFO - Setting next_dagrun for dataset_consumes_1 to None, run_after=None
[2024-05-27T08:53:10.998+0000] {logging_mixin.py:188} INFO - [2024-05-27T08:53:10.997+0000] {dag.py:3954} INFO - Setting next_dagrun for dataset_consumes_1_and_2 to None, run_after=None
[2024-05-27T08:53:11.002+0000] {logging_mixin.py:188} INFO - [2024-05-27T08:53:11.001+0000] {dag.py:3954} INFO - Setting next_dagrun for dataset_consumes_1_never_scheduled to None, run_after=None
[2024-05-27T08:53:11.004+0000] {logging_mixin.py:188} INFO - [2024-05-27T08:53:11.004+0000] {dag.py:3954} INFO - Setting next_dagrun for dataset_consumes_unknown_never_scheduled to None, run_after=None
[2024-05-27T08:53:11.007+0000] {logging_mixin.py:188} INFO - [2024-05-27T08:53:11.007+0000] {dag.py:3954} INFO - Setting next_dagrun for dataset_produces_1 to 2024-05-26 00:00:00+00:00, run_after=2024-05-27 00:00:00+00:00
[2024-05-27T08:53:11.010+0000] {logging_mixin.py:188} INFO - [2024-05-27T08:53:11.010+0000] {dag.py:3954} INFO - Setting next_dagrun for dataset_produces_2 to None, run_after=None
[2024-05-27T08:53:52.096+0000] {processor.py:183} INFO - Processing /home/airflow/.local/lib/python3.12/site-packages/airflow/example_dags/example_datasets.py took 42.898 seconds
[2024-05-27T08:55:42.427+0000] {processor.py:161} INFO - Started process (PID=38) to work on /home/airflow/.local/lib/python3.12/site-packages/airflow/example_dags/example_datasets.py
[2024-05-27T08:55:42.430+0000] {processor.py:830} INFO - Processing file /home/airflow/.local/lib/python3.12/site-packages/airflow/example_dags/example_datasets.py for tasks to queue
[2024-05-27T08:55:42.433+0000] {logging_mixin.py:188} INFO - [2024-05-27T08:55:42.432+0000] {dagbag.py:545} INFO - Filling up the DagBag from /home/airflow/.local/lib/python3.12/site-packages/airflow/example_dags/example_datasets.py
[2024-05-27T08:55:42.459+0000] {processor.py:840} INFO - DAG(s) 'consume_1_and_2_with_dataset_expressions', 'dataset_consumes_1', 'dataset_consumes_1_never_scheduled', 'conditional_dataset_and_time_based_timetable', 'consume_1_or_2_with_dataset_expressions', 'dataset_produces_2', 'dataset_consumes_unknown_never_scheduled', 'dataset_consumes_1_and_2', 'dataset_produces_1', 'consume_1_or_both_2_and_3_with_dataset_expressions' retrieved from /home/airflow/.local/lib/python3.12/site-packages/airflow/example_dags/example_datasets.py
[2024-05-27T08:55:42.475+0000] {logging_mixin.py:188} INFO - [2024-05-27T08:55:42.475+0000] {dag.py:3096} INFO - Sync 10 DAGs
[2024-05-27T08:55:42.499+0000] {logging_mixin.py:188} INFO - [2024-05-27T08:55:42.499+0000] {dag.py:3954} INFO - Setting next_dagrun for conditional_dataset_and_time_based_timetable to 2024-05-22 01:00:00+00:00, run_after=2024-05-22 01:00:00+00:00
[2024-05-27T08:55:42.503+0000] {logging_mixin.py:188} INFO - [2024-05-27T08:55:42.503+0000] {dag.py:3954} INFO - Setting next_dagrun for consume_1_and_2_with_dataset_expressions to None, run_after=None
[2024-05-27T08:55:42.505+0000] {logging_mixin.py:188} INFO - [2024-05-27T08:55:42.505+0000] {dag.py:3954} INFO - Setting next_dagrun for consume_1_or_2_with_dataset_expressions to None, run_after=None
[2024-05-27T08:55:42.507+0000] {logging_mixin.py:188} INFO - [2024-05-27T08:55:42.507+0000] {dag.py:3954} INFO - Setting next_dagrun for consume_1_or_both_2_and_3_with_dataset_expressions to None, run_after=None
[2024-05-27T08:55:42.511+0000] {logging_mixin.py:188} INFO - [2024-05-27T08:55:42.510+0000] {dag.py:3954} INFO - Setting next_dagrun for dataset_consumes_1 to None, run_after=None
[2024-05-27T08:55:42.513+0000] {logging_mixin.py:188} INFO - [2024-05-27T08:55:42.512+0000] {dag.py:3954} INFO - Setting next_dagrun for dataset_consumes_1_and_2 to None, run_after=None
[2024-05-27T08:55:42.515+0000] {logging_mixin.py:188} INFO - [2024-05-27T08:55:42.515+0000] {dag.py:3954} INFO - Setting next_dagrun for dataset_consumes_1_never_scheduled to None, run_after=None
[2024-05-27T08:55:42.517+0000] {logging_mixin.py:188} INFO - [2024-05-27T08:55:42.517+0000] {dag.py:3954} INFO - Setting next_dagrun for dataset_consumes_unknown_never_scheduled to None, run_after=None
[2024-05-27T08:55:42.520+0000] {logging_mixin.py:188} INFO - [2024-05-27T08:55:42.520+0000] {dag.py:3954} INFO - Setting next_dagrun for dataset_produces_1 to 2024-05-26 00:00:00+00:00, run_after=2024-05-27 00:00:00+00:00
[2024-05-27T08:55:42.523+0000] {logging_mixin.py:188} INFO - [2024-05-27T08:55:42.522+0000] {dag.py:3954} INFO - Setting next_dagrun for dataset_produces_2 to None, run_after=None
[2024-05-27T08:55:42.636+0000] {processor.py:183} INFO - Processing /home/airflow/.local/lib/python3.12/site-packages/airflow/example_dags/example_datasets.py took 0.214 seconds
[2024-05-27T08:56:47.444+0000] {processor.py:161} INFO - Started process (PID=103) to work on /home/airflow/.local/lib/python3.12/site-packages/airflow/example_dags/example_datasets.py
[2024-05-27T08:56:47.449+0000] {processor.py:830} INFO - Processing file /home/airflow/.local/lib/python3.12/site-packages/airflow/example_dags/example_datasets.py for tasks to queue
[2024-05-27T08:56:47.453+0000] {logging_mixin.py:188} INFO - [2024-05-27T08:56:47.453+0000] {dagbag.py:545} INFO - Filling up the DagBag from /home/airflow/.local/lib/python3.12/site-packages/airflow/example_dags/example_datasets.py
[2024-05-27T08:56:47.510+0000] {processor.py:840} INFO - DAG(s) 'conditional_dataset_and_time_based_timetable', 'dataset_produces_2', 'dataset_consumes_1_and_2', 'dataset_consumes_unknown_never_scheduled', 'consume_1_and_2_with_dataset_expressions', 'dataset_consumes_1', 'consume_1_or_2_with_dataset_expressions', 'dataset_consumes_1_never_scheduled', 'consume_1_or_both_2_and_3_with_dataset_expressions', 'dataset_produces_1' retrieved from /home/airflow/.local/lib/python3.12/site-packages/airflow/example_dags/example_datasets.py
[2024-05-27T08:56:49.490+0000] {logging_mixin.py:188} INFO - [2024-05-27T08:56:49.488+0000] {dag.py:3096} INFO - Sync 10 DAGs
[2024-05-27T08:56:49.529+0000] {logging_mixin.py:188} INFO - [2024-05-27T08:56:49.529+0000] {dag.py:3954} INFO - Setting next_dagrun for conditional_dataset_and_time_based_timetable to 2024-05-22 01:00:00+00:00, run_after=2024-05-22 01:00:00+00:00
[2024-05-27T08:56:49.535+0000] {logging_mixin.py:188} INFO - [2024-05-27T08:56:49.535+0000] {dag.py:3954} INFO - Setting next_dagrun for consume_1_and_2_with_dataset_expressions to None, run_after=None
[2024-05-27T08:56:49.538+0000] {logging_mixin.py:188} INFO - [2024-05-27T08:56:49.538+0000] {dag.py:3954} INFO - Setting next_dagrun for consume_1_or_2_with_dataset_expressions to None, run_after=None
[2024-05-27T08:56:49.542+0000] {logging_mixin.py:188} INFO - [2024-05-27T08:56:49.542+0000] {dag.py:3954} INFO - Setting next_dagrun for consume_1_or_both_2_and_3_with_dataset_expressions to None, run_after=None
[2024-05-27T08:56:49.544+0000] {logging_mixin.py:188} INFO - [2024-05-27T08:56:49.544+0000] {dag.py:3954} INFO - Setting next_dagrun for dataset_consumes_1 to None, run_after=None
[2024-05-27T08:56:49.547+0000] {logging_mixin.py:188} INFO - [2024-05-27T08:56:49.547+0000] {dag.py:3954} INFO - Setting next_dagrun for dataset_consumes_1_and_2 to None, run_after=None
[2024-05-27T08:56:49.549+0000] {logging_mixin.py:188} INFO - [2024-05-27T08:56:49.549+0000] {dag.py:3954} INFO - Setting next_dagrun for dataset_consumes_1_never_scheduled to None, run_after=None
[2024-05-27T08:56:49.552+0000] {logging_mixin.py:188} INFO - [2024-05-27T08:56:49.552+0000] {dag.py:3954} INFO - Setting next_dagrun for dataset_consumes_unknown_never_scheduled to None, run_after=None
[2024-05-27T08:56:49.556+0000] {logging_mixin.py:188} INFO - [2024-05-27T08:56:49.556+0000] {dag.py:3954} INFO - Setting next_dagrun for dataset_produces_1 to 2024-05-26 00:00:00+00:00, run_after=2024-05-27 00:00:00+00:00
[2024-05-27T08:56:49.561+0000] {logging_mixin.py:188} INFO - [2024-05-27T08:56:49.560+0000] {dag.py:3954} INFO - Setting next_dagrun for dataset_produces_2 to None, run_after=None
[2024-05-27T08:56:51.019+0000] {processor.py:183} INFO - Processing /home/airflow/.local/lib/python3.12/site-packages/airflow/example_dags/example_datasets.py took 3.593 seconds
[2024-05-27T08:59:23.092+0000] {processor.py:161} INFO - Started process (PID=189) to work on /home/airflow/.local/lib/python3.12/site-packages/airflow/example_dags/example_datasets.py
[2024-05-27T08:59:23.104+0000] {processor.py:830} INFO - Processing file /home/airflow/.local/lib/python3.12/site-packages/airflow/example_dags/example_datasets.py for tasks to queue
[2024-05-27T08:59:23.115+0000] {logging_mixin.py:188} INFO - [2024-05-27T08:59:23.111+0000] {dagbag.py:545} INFO - Filling up the DagBag from /home/airflow/.local/lib/python3.12/site-packages/airflow/example_dags/example_datasets.py
[2024-05-27T08:59:24.988+0000] {processor.py:840} INFO - DAG(s) 'consume_1_or_2_with_dataset_expressions', 'consume_1_and_2_with_dataset_expressions', 'consume_1_or_both_2_and_3_with_dataset_expressions', 'dataset_consumes_unknown_never_scheduled', 'dataset_produces_2', 'dataset_consumes_1', 'dataset_consumes_1_never_scheduled', 'dataset_consumes_1_and_2', 'conditional_dataset_and_time_based_timetable', 'dataset_produces_1' retrieved from /home/airflow/.local/lib/python3.12/site-packages/airflow/example_dags/example_datasets.py
[2024-05-27T08:59:26.259+0000] {logging_mixin.py:188} INFO - [2024-05-27T08:59:26.259+0000] {dag.py:3096} INFO - Sync 10 DAGs
[2024-05-27T08:59:26.356+0000] {logging_mixin.py:188} INFO - [2024-05-27T08:59:26.356+0000] {dag.py:3954} INFO - Setting next_dagrun for conditional_dataset_and_time_based_timetable to 2024-05-22 01:00:00+00:00, run_after=2024-05-22 01:00:00+00:00
[2024-05-27T08:59:26.370+0000] {logging_mixin.py:188} INFO - [2024-05-27T08:59:26.369+0000] {dag.py:3954} INFO - Setting next_dagrun for consume_1_and_2_with_dataset_expressions to None, run_after=None
[2024-05-27T08:59:26.375+0000] {logging_mixin.py:188} INFO - [2024-05-27T08:59:26.375+0000] {dag.py:3954} INFO - Setting next_dagrun for consume_1_or_2_with_dataset_expressions to None, run_after=None
[2024-05-27T08:59:26.381+0000] {logging_mixin.py:188} INFO - [2024-05-27T08:59:26.379+0000] {dag.py:3954} INFO - Setting next_dagrun for consume_1_or_both_2_and_3_with_dataset_expressions to None, run_after=None
[2024-05-27T08:59:26.384+0000] {logging_mixin.py:188} INFO - [2024-05-27T08:59:26.384+0000] {dag.py:3954} INFO - Setting next_dagrun for dataset_consumes_1 to None, run_after=None
[2024-05-27T08:59:26.388+0000] {logging_mixin.py:188} INFO - [2024-05-27T08:59:26.388+0000] {dag.py:3954} INFO - Setting next_dagrun for dataset_consumes_1_and_2 to None, run_after=None
[2024-05-27T08:59:26.391+0000] {logging_mixin.py:188} INFO - [2024-05-27T08:59:26.391+0000] {dag.py:3954} INFO - Setting next_dagrun for dataset_consumes_1_never_scheduled to None, run_after=None
[2024-05-27T08:59:26.396+0000] {logging_mixin.py:188} INFO - [2024-05-27T08:59:26.396+0000] {dag.py:3954} INFO - Setting next_dagrun for dataset_consumes_unknown_never_scheduled to None, run_after=None
[2024-05-27T08:59:26.401+0000] {logging_mixin.py:188} INFO - [2024-05-27T08:59:26.401+0000] {dag.py:3954} INFO - Setting next_dagrun for dataset_produces_1 to 2024-05-26 00:00:00+00:00, run_after=2024-05-27 00:00:00+00:00
[2024-05-27T08:59:26.405+0000] {logging_mixin.py:188} INFO - [2024-05-27T08:59:26.405+0000] {dag.py:3954} INFO - Setting next_dagrun for dataset_produces_2 to None, run_after=None
[2024-05-27T08:59:26.557+0000] {processor.py:183} INFO - Processing /home/airflow/.local/lib/python3.12/site-packages/airflow/example_dags/example_datasets.py took 3.494 seconds
[2024-05-27T09:01:21.267+0000] {processor.py:161} INFO - Started process (PID=248) to work on /home/airflow/.local/lib/python3.12/site-packages/airflow/example_dags/example_datasets.py
[2024-05-27T09:01:21.272+0000] {processor.py:830} INFO - Processing file /home/airflow/.local/lib/python3.12/site-packages/airflow/example_dags/example_datasets.py for tasks to queue
[2024-05-27T09:01:21.277+0000] {logging_mixin.py:188} INFO - [2024-05-27T09:01:21.275+0000] {dagbag.py:545} INFO - Filling up the DagBag from /home/airflow/.local/lib/python3.12/site-packages/airflow/example_dags/example_datasets.py
[2024-05-27T09:01:21.477+0000] {processor.py:840} INFO - DAG(s) 'dataset_consumes_unknown_never_scheduled', 'dataset_produces_2', 'consume_1_or_both_2_and_3_with_dataset_expressions', 'dataset_consumes_1', 'consume_1_and_2_with_dataset_expressions', 'conditional_dataset_and_time_based_timetable', 'consume_1_or_2_with_dataset_expressions', 'dataset_consumes_1_and_2', 'dataset_consumes_1_never_scheduled', 'dataset_produces_1' retrieved from /home/airflow/.local/lib/python3.12/site-packages/airflow/example_dags/example_datasets.py
[2024-05-27T09:01:22.157+0000] {logging_mixin.py:188} INFO - [2024-05-27T09:01:22.157+0000] {dag.py:3096} INFO - Sync 10 DAGs
[2024-05-27T09:01:24.149+0000] {logging_mixin.py:188} INFO - [2024-05-27T09:01:24.148+0000] {dag.py:3954} INFO - Setting next_dagrun for conditional_dataset_and_time_based_timetable to 2024-05-22 01:00:00+00:00, run_after=2024-05-22 01:00:00+00:00
[2024-05-27T09:01:24.172+0000] {logging_mixin.py:188} INFO - [2024-05-27T09:01:24.172+0000] {dag.py:3954} INFO - Setting next_dagrun for consume_1_and_2_with_dataset_expressions to None, run_after=None
[2024-05-27T09:01:24.177+0000] {logging_mixin.py:188} INFO - [2024-05-27T09:01:24.177+0000] {dag.py:3954} INFO - Setting next_dagrun for consume_1_or_2_with_dataset_expressions to None, run_after=None
[2024-05-27T09:01:24.186+0000] {logging_mixin.py:188} INFO - [2024-05-27T09:01:24.186+0000] {dag.py:3954} INFO - Setting next_dagrun for consume_1_or_both_2_and_3_with_dataset_expressions to None, run_after=None
[2024-05-27T09:01:24.192+0000] {logging_mixin.py:188} INFO - [2024-05-27T09:01:24.192+0000] {dag.py:3954} INFO - Setting next_dagrun for dataset_consumes_1 to None, run_after=None
[2024-05-27T09:01:24.202+0000] {logging_mixin.py:188} INFO - [2024-05-27T09:01:24.202+0000] {dag.py:3954} INFO - Setting next_dagrun for dataset_consumes_1_and_2 to None, run_after=None
[2024-05-27T09:01:24.210+0000] {logging_mixin.py:188} INFO - [2024-05-27T09:01:24.210+0000] {dag.py:3954} INFO - Setting next_dagrun for dataset_consumes_1_never_scheduled to None, run_after=None
[2024-05-27T09:01:24.213+0000] {logging_mixin.py:188} INFO - [2024-05-27T09:01:24.213+0000] {dag.py:3954} INFO - Setting next_dagrun for dataset_consumes_unknown_never_scheduled to None, run_after=None
[2024-05-27T09:01:24.229+0000] {logging_mixin.py:188} INFO - [2024-05-27T09:01:24.229+0000] {dag.py:3954} INFO - Setting next_dagrun for dataset_produces_1 to 2024-05-26 00:00:00+00:00, run_after=2024-05-27 00:00:00+00:00
[2024-05-27T09:01:24.232+0000] {logging_mixin.py:188} INFO - [2024-05-27T09:01:24.232+0000] {dag.py:3954} INFO - Setting next_dagrun for dataset_produces_2 to None, run_after=None
[2024-05-27T09:01:27.636+0000] {processor.py:183} INFO - Processing /home/airflow/.local/lib/python3.12/site-packages/airflow/example_dags/example_datasets.py took 6.686 seconds
[2024-05-27T09:03:26.860+0000] {processor.py:161} INFO - Started process (PID=298) to work on /home/airflow/.local/lib/python3.12/site-packages/airflow/example_dags/example_datasets.py
[2024-05-27T09:03:26.864+0000] {processor.py:830} INFO - Processing file /home/airflow/.local/lib/python3.12/site-packages/airflow/example_dags/example_datasets.py for tasks to queue
[2024-05-27T09:03:26.872+0000] {logging_mixin.py:188} INFO - [2024-05-27T09:03:26.872+0000] {dagbag.py:545} INFO - Filling up the DagBag from /home/airflow/.local/lib/python3.12/site-packages/airflow/example_dags/example_datasets.py
[2024-05-27T09:03:27.026+0000] {processor.py:840} INFO - DAG(s) 'dataset_consumes_1_never_scheduled', 'dataset_produces_1', 'dataset_consumes_unknown_never_scheduled', 'consume_1_or_both_2_and_3_with_dataset_expressions', 'conditional_dataset_and_time_based_timetable', 'dataset_consumes_1_and_2', 'consume_1_and_2_with_dataset_expressions', 'consume_1_or_2_with_dataset_expressions', 'dataset_consumes_1', 'dataset_produces_2' retrieved from /home/airflow/.local/lib/python3.12/site-packages/airflow/example_dags/example_datasets.py
[2024-05-27T09:03:29.379+0000] {logging_mixin.py:188} INFO - [2024-05-27T09:03:29.320+0000] {dag.py:3096} INFO - Sync 10 DAGs
[2024-05-27T09:03:30.222+0000] {logging_mixin.py:188} INFO - [2024-05-27T09:03:30.221+0000] {dag.py:3954} INFO - Setting next_dagrun for conditional_dataset_and_time_based_timetable to 2024-05-22 01:00:00+00:00, run_after=2024-05-22 01:00:00+00:00
[2024-05-27T09:03:30.232+0000] {logging_mixin.py:188} INFO - [2024-05-27T09:03:30.232+0000] {dag.py:3954} INFO - Setting next_dagrun for consume_1_and_2_with_dataset_expressions to None, run_after=None
[2024-05-27T09:03:30.235+0000] {logging_mixin.py:188} INFO - [2024-05-27T09:03:30.234+0000] {dag.py:3954} INFO - Setting next_dagrun for consume_1_or_2_with_dataset_expressions to None, run_after=None
[2024-05-27T09:03:30.237+0000] {logging_mixin.py:188} INFO - [2024-05-27T09:03:30.237+0000] {dag.py:3954} INFO - Setting next_dagrun for consume_1_or_both_2_and_3_with_dataset_expressions to None, run_after=None
[2024-05-27T09:03:30.242+0000] {logging_mixin.py:188} INFO - [2024-05-27T09:03:30.241+0000] {dag.py:3954} INFO - Setting next_dagrun for dataset_consumes_1 to None, run_after=None
[2024-05-27T09:03:30.244+0000] {logging_mixin.py:188} INFO - [2024-05-27T09:03:30.244+0000] {dag.py:3954} INFO - Setting next_dagrun for dataset_consumes_1_and_2 to None, run_after=None
[2024-05-27T09:03:30.249+0000] {logging_mixin.py:188} INFO - [2024-05-27T09:03:30.248+0000] {dag.py:3954} INFO - Setting next_dagrun for dataset_consumes_1_never_scheduled to None, run_after=None
[2024-05-27T09:03:30.256+0000] {logging_mixin.py:188} INFO - [2024-05-27T09:03:30.256+0000] {dag.py:3954} INFO - Setting next_dagrun for dataset_consumes_unknown_never_scheduled to None, run_after=None
[2024-05-27T09:03:30.262+0000] {logging_mixin.py:188} INFO - [2024-05-27T09:03:30.262+0000] {dag.py:3954} INFO - Setting next_dagrun for dataset_produces_1 to 2024-05-26 00:00:00+00:00, run_after=2024-05-27 00:00:00+00:00
[2024-05-27T09:03:30.270+0000] {logging_mixin.py:188} INFO - [2024-05-27T09:03:30.269+0000] {dag.py:3954} INFO - Setting next_dagrun for dataset_produces_2 to None, run_after=None
[2024-05-27T09:03:30.354+0000] {processor.py:183} INFO - Processing /home/airflow/.local/lib/python3.12/site-packages/airflow/example_dags/example_datasets.py took 3.506 seconds
[2024-05-27T09:05:15.456+0000] {processor.py:161} INFO - Started process (PID=380) to work on /home/airflow/.local/lib/python3.12/site-packages/airflow/example_dags/example_datasets.py
[2024-05-27T09:05:15.463+0000] {processor.py:830} INFO - Processing file /home/airflow/.local/lib/python3.12/site-packages/airflow/example_dags/example_datasets.py for tasks to queue
[2024-05-27T09:05:15.467+0000] {logging_mixin.py:188} INFO - [2024-05-27T09:05:15.467+0000] {dagbag.py:545} INFO - Filling up the DagBag from /home/airflow/.local/lib/python3.12/site-packages/airflow/example_dags/example_datasets.py
[2024-05-27T09:05:15.632+0000] {processor.py:840} INFO - DAG(s) 'conditional_dataset_and_time_based_timetable', 'dataset_consumes_1_never_scheduled', 'dataset_consumes_1_and_2', 'dataset_consumes_1', 'dataset_produces_1', 'dataset_produces_2', 'consume_1_or_both_2_and_3_with_dataset_expressions', 'consume_1_or_2_with_dataset_expressions', 'consume_1_and_2_with_dataset_expressions', 'dataset_consumes_unknown_never_scheduled' retrieved from /home/airflow/.local/lib/python3.12/site-packages/airflow/example_dags/example_datasets.py
[2024-05-27T09:05:15.785+0000] {logging_mixin.py:188} INFO - [2024-05-27T09:05:15.785+0000] {dag.py:3096} INFO - Sync 10 DAGs
[2024-05-27T09:05:15.856+0000] {logging_mixin.py:188} INFO - [2024-05-27T09:05:15.856+0000] {dag.py:3954} INFO - Setting next_dagrun for conditional_dataset_and_time_based_timetable to 2024-05-22 01:00:00+00:00, run_after=2024-05-22 01:00:00+00:00
[2024-05-27T09:05:15.865+0000] {logging_mixin.py:188} INFO - [2024-05-27T09:05:15.865+0000] {dag.py:3954} INFO - Setting next_dagrun for consume_1_and_2_with_dataset_expressions to None, run_after=None
[2024-05-27T09:05:15.878+0000] {logging_mixin.py:188} INFO - [2024-05-27T09:05:15.877+0000] {dag.py:3954} INFO - Setting next_dagrun for consume_1_or_2_with_dataset_expressions to None, run_after=None
[2024-05-27T09:05:15.883+0000] {logging_mixin.py:188} INFO - [2024-05-27T09:05:15.883+0000] {dag.py:3954} INFO - Setting next_dagrun for consume_1_or_both_2_and_3_with_dataset_expressions to None, run_after=None
[2024-05-27T09:05:15.894+0000] {logging_mixin.py:188} INFO - [2024-05-27T09:05:15.893+0000] {dag.py:3954} INFO - Setting next_dagrun for dataset_consumes_1 to None, run_after=None
[2024-05-27T09:05:15.906+0000] {logging_mixin.py:188} INFO - [2024-05-27T09:05:15.905+0000] {dag.py:3954} INFO - Setting next_dagrun for dataset_consumes_1_and_2 to None, run_after=None
[2024-05-27T09:05:15.909+0000] {logging_mixin.py:188} INFO - [2024-05-27T09:05:15.909+0000] {dag.py:3954} INFO - Setting next_dagrun for dataset_consumes_1_never_scheduled to None, run_after=None
[2024-05-27T09:05:15.912+0000] {logging_mixin.py:188} INFO - [2024-05-27T09:05:15.912+0000] {dag.py:3954} INFO - Setting next_dagrun for dataset_consumes_unknown_never_scheduled to None, run_after=None
[2024-05-27T09:05:15.920+0000] {logging_mixin.py:188} INFO - [2024-05-27T09:05:15.920+0000] {dag.py:3954} INFO - Setting next_dagrun for dataset_produces_1 to 2024-05-26 00:00:00+00:00, run_after=2024-05-27 00:00:00+00:00
[2024-05-27T09:05:15.925+0000] {logging_mixin.py:188} INFO - [2024-05-27T09:05:15.924+0000] {dag.py:3954} INFO - Setting next_dagrun for dataset_produces_2 to None, run_after=None
[2024-05-27T09:05:16.030+0000] {processor.py:183} INFO - Processing /home/airflow/.local/lib/python3.12/site-packages/airflow/example_dags/example_datasets.py took 0.589 seconds
[2024-05-27T09:06:41.471+0000] {processor.py:161} INFO - Started process (PID=439) to work on /home/airflow/.local/lib/python3.12/site-packages/airflow/example_dags/example_datasets.py
[2024-05-27T09:06:41.489+0000] {processor.py:830} INFO - Processing file /home/airflow/.local/lib/python3.12/site-packages/airflow/example_dags/example_datasets.py for tasks to queue
[2024-05-27T09:06:41.497+0000] {logging_mixin.py:188} INFO - [2024-05-27T09:06:41.494+0000] {dagbag.py:545} INFO - Filling up the DagBag from /home/airflow/.local/lib/python3.12/site-packages/airflow/example_dags/example_datasets.py
[2024-05-27T09:06:42.221+0000] {processor.py:840} INFO - DAG(s) 'dataset_consumes_1_never_scheduled', 'dataset_consumes_1_and_2', 'dataset_consumes_unknown_never_scheduled', 'conditional_dataset_and_time_based_timetable', 'dataset_consumes_1', 'consume_1_or_both_2_and_3_with_dataset_expressions', 'dataset_produces_1', 'consume_1_or_2_with_dataset_expressions', 'dataset_produces_2', 'consume_1_and_2_with_dataset_expressions' retrieved from /home/airflow/.local/lib/python3.12/site-packages/airflow/example_dags/example_datasets.py
[2024-05-27T09:06:42.505+0000] {logging_mixin.py:188} INFO - [2024-05-27T09:06:42.491+0000] {dag.py:3096} INFO - Sync 10 DAGs
[2024-05-27T09:06:42.681+0000] {logging_mixin.py:188} INFO - [2024-05-27T09:06:42.666+0000] {dag.py:3954} INFO - Setting next_dagrun for conditional_dataset_and_time_based_timetable to 2024-05-22 01:00:00+00:00, run_after=2024-05-22 01:00:00+00:00
[2024-05-27T09:06:42.704+0000] {logging_mixin.py:188} INFO - [2024-05-27T09:06:42.703+0000] {dag.py:3954} INFO - Setting next_dagrun for consume_1_and_2_with_dataset_expressions to None, run_after=None
[2024-05-27T09:06:42.711+0000] {logging_mixin.py:188} INFO - [2024-05-27T09:06:42.710+0000] {dag.py:3954} INFO - Setting next_dagrun for consume_1_or_2_with_dataset_expressions to None, run_after=None
[2024-05-27T09:06:42.715+0000] {logging_mixin.py:188} INFO - [2024-05-27T09:06:42.715+0000] {dag.py:3954} INFO - Setting next_dagrun for consume_1_or_both_2_and_3_with_dataset_expressions to None, run_after=None
[2024-05-27T09:06:42.720+0000] {logging_mixin.py:188} INFO - [2024-05-27T09:06:42.720+0000] {dag.py:3954} INFO - Setting next_dagrun for dataset_consumes_1 to None, run_after=None
[2024-05-27T09:06:42.724+0000] {logging_mixin.py:188} INFO - [2024-05-27T09:06:42.724+0000] {dag.py:3954} INFO - Setting next_dagrun for dataset_consumes_1_and_2 to None, run_after=None
[2024-05-27T09:06:42.727+0000] {logging_mixin.py:188} INFO - [2024-05-27T09:06:42.727+0000] {dag.py:3954} INFO - Setting next_dagrun for dataset_consumes_1_never_scheduled to None, run_after=None
[2024-05-27T09:06:42.730+0000] {logging_mixin.py:188} INFO - [2024-05-27T09:06:42.729+0000] {dag.py:3954} INFO - Setting next_dagrun for dataset_consumes_unknown_never_scheduled to None, run_after=None
[2024-05-27T09:06:42.734+0000] {logging_mixin.py:188} INFO - [2024-05-27T09:06:42.734+0000] {dag.py:3954} INFO - Setting next_dagrun for dataset_produces_1 to 2024-05-26 00:00:00+00:00, run_after=2024-05-27 00:00:00+00:00
[2024-05-27T09:06:42.737+0000] {logging_mixin.py:188} INFO - [2024-05-27T09:06:42.737+0000] {dag.py:3954} INFO - Setting next_dagrun for dataset_produces_2 to None, run_after=None
[2024-05-27T09:06:43.817+0000] {processor.py:183} INFO - Processing /home/airflow/.local/lib/python3.12/site-packages/airflow/example_dags/example_datasets.py took 2.373 seconds
[2024-05-27T09:07:36.781+0000] {processor.py:161} INFO - Started process (PID=472) to work on /home/airflow/.local/lib/python3.12/site-packages/airflow/example_dags/example_datasets.py
[2024-05-27T09:07:36.783+0000] {processor.py:830} INFO - Processing file /home/airflow/.local/lib/python3.12/site-packages/airflow/example_dags/example_datasets.py for tasks to queue
[2024-05-27T09:07:36.785+0000] {logging_mixin.py:188} INFO - [2024-05-27T09:07:36.784+0000] {dagbag.py:545} INFO - Filling up the DagBag from /home/airflow/.local/lib/python3.12/site-packages/airflow/example_dags/example_datasets.py
[2024-05-27T09:07:36.862+0000] {processor.py:840} INFO - DAG(s) 'consume_1_or_both_2_and_3_with_dataset_expressions', 'dataset_consumes_1_and_2', 'dataset_produces_1', 'consume_1_or_2_with_dataset_expressions', 'dataset_produces_2', 'conditional_dataset_and_time_based_timetable', 'dataset_consumes_1_never_scheduled', 'consume_1_and_2_with_dataset_expressions', 'dataset_consumes_1', 'dataset_consumes_unknown_never_scheduled' retrieved from /home/airflow/.local/lib/python3.12/site-packages/airflow/example_dags/example_datasets.py
[2024-05-27T09:07:36.940+0000] {logging_mixin.py:188} INFO - [2024-05-27T09:07:36.939+0000] {dag.py:3096} INFO - Sync 10 DAGs
[2024-05-27T09:07:36.993+0000] {logging_mixin.py:188} INFO - [2024-05-27T09:07:36.993+0000] {dag.py:3954} INFO - Setting next_dagrun for conditional_dataset_and_time_based_timetable to 2024-05-22 01:00:00+00:00, run_after=2024-05-22 01:00:00+00:00
[2024-05-27T09:07:36.999+0000] {logging_mixin.py:188} INFO - [2024-05-27T09:07:36.999+0000] {dag.py:3954} INFO - Setting next_dagrun for consume_1_and_2_with_dataset_expressions to None, run_after=None
[2024-05-27T09:07:37.004+0000] {logging_mixin.py:188} INFO - [2024-05-27T09:07:37.004+0000] {dag.py:3954} INFO - Setting next_dagrun for consume_1_or_2_with_dataset_expressions to None, run_after=None
[2024-05-27T09:07:37.009+0000] {logging_mixin.py:188} INFO - [2024-05-27T09:07:37.009+0000] {dag.py:3954} INFO - Setting next_dagrun for consume_1_or_both_2_and_3_with_dataset_expressions to None, run_after=None
[2024-05-27T09:07:37.012+0000] {logging_mixin.py:188} INFO - [2024-05-27T09:07:37.012+0000] {dag.py:3954} INFO - Setting next_dagrun for dataset_consumes_1 to None, run_after=None
[2024-05-27T09:07:37.015+0000] {logging_mixin.py:188} INFO - [2024-05-27T09:07:37.015+0000] {dag.py:3954} INFO - Setting next_dagrun for dataset_consumes_1_and_2 to None, run_after=None
[2024-05-27T09:07:37.019+0000] {logging_mixin.py:188} INFO - [2024-05-27T09:07:37.019+0000] {dag.py:3954} INFO - Setting next_dagrun for dataset_consumes_1_never_scheduled to None, run_after=None
[2024-05-27T09:07:37.025+0000] {logging_mixin.py:188} INFO - [2024-05-27T09:07:37.025+0000] {dag.py:3954} INFO - Setting next_dagrun for dataset_consumes_unknown_never_scheduled to None, run_after=None
[2024-05-27T09:07:37.033+0000] {logging_mixin.py:188} INFO - [2024-05-27T09:07:37.032+0000] {dag.py:3954} INFO - Setting next_dagrun for dataset_produces_1 to 2024-05-26 00:00:00+00:00, run_after=2024-05-27 00:00:00+00:00
[2024-05-27T09:07:37.039+0000] {logging_mixin.py:188} INFO - [2024-05-27T09:07:37.038+0000] {dag.py:3954} INFO - Setting next_dagrun for dataset_produces_2 to None, run_after=None
[2024-05-27T09:07:37.212+0000] {processor.py:183} INFO - Processing /home/airflow/.local/lib/python3.12/site-packages/airflow/example_dags/example_datasets.py took 0.439 seconds
[2024-05-27T09:08:32.806+0000] {processor.py:161} INFO - Started process (PID=523) to work on /home/airflow/.local/lib/python3.12/site-packages/airflow/example_dags/example_datasets.py
[2024-05-27T09:08:32.811+0000] {processor.py:830} INFO - Processing file /home/airflow/.local/lib/python3.12/site-packages/airflow/example_dags/example_datasets.py for tasks to queue
[2024-05-27T09:08:32.815+0000] {logging_mixin.py:188} INFO - [2024-05-27T09:08:32.814+0000] {dagbag.py:545} INFO - Filling up the DagBag from /home/airflow/.local/lib/python3.12/site-packages/airflow/example_dags/example_datasets.py
[2024-05-27T09:08:33.480+0000] {processor.py:840} INFO - DAG(s) 'dataset_produces_1', 'dataset_produces_2', 'dataset_consumes_unknown_never_scheduled', 'conditional_dataset_and_time_based_timetable', 'dataset_consumes_1_never_scheduled', 'dataset_consumes_1', 'consume_1_and_2_with_dataset_expressions', 'dataset_consumes_1_and_2', 'consume_1_or_both_2_and_3_with_dataset_expressions', 'consume_1_or_2_with_dataset_expressions' retrieved from /home/airflow/.local/lib/python3.12/site-packages/airflow/example_dags/example_datasets.py
[2024-05-27T09:08:34.898+0000] {logging_mixin.py:188} INFO - [2024-05-27T09:08:34.898+0000] {dag.py:3096} INFO - Sync 10 DAGs
[2024-05-27T09:08:35.003+0000] {logging_mixin.py:188} INFO - [2024-05-27T09:08:34.996+0000] {dag.py:3954} INFO - Setting next_dagrun for conditional_dataset_and_time_based_timetable to 2024-05-22 01:00:00+00:00, run_after=2024-05-22 01:00:00+00:00
[2024-05-27T09:08:35.018+0000] {logging_mixin.py:188} INFO - [2024-05-27T09:08:35.018+0000] {dag.py:3954} INFO - Setting next_dagrun for consume_1_and_2_with_dataset_expressions to None, run_after=None
[2024-05-27T09:08:35.022+0000] {logging_mixin.py:188} INFO - [2024-05-27T09:08:35.022+0000] {dag.py:3954} INFO - Setting next_dagrun for consume_1_or_2_with_dataset_expressions to None, run_after=None
[2024-05-27T09:08:35.024+0000] {logging_mixin.py:188} INFO - [2024-05-27T09:08:35.024+0000] {dag.py:3954} INFO - Setting next_dagrun for consume_1_or_both_2_and_3_with_dataset_expressions to None, run_after=None
[2024-05-27T09:08:35.026+0000] {logging_mixin.py:188} INFO - [2024-05-27T09:08:35.026+0000] {dag.py:3954} INFO - Setting next_dagrun for dataset_consumes_1 to None, run_after=None
[2024-05-27T09:08:35.030+0000] {logging_mixin.py:188} INFO - [2024-05-27T09:08:35.030+0000] {dag.py:3954} INFO - Setting next_dagrun for dataset_consumes_1_and_2 to None, run_after=None
[2024-05-27T09:08:35.032+0000] {logging_mixin.py:188} INFO - [2024-05-27T09:08:35.032+0000] {dag.py:3954} INFO - Setting next_dagrun for dataset_consumes_1_never_scheduled to None, run_after=None
[2024-05-27T09:08:35.035+0000] {logging_mixin.py:188} INFO - [2024-05-27T09:08:35.035+0000] {dag.py:3954} INFO - Setting next_dagrun for dataset_consumes_unknown_never_scheduled to None, run_after=None
[2024-05-27T09:08:35.038+0000] {logging_mixin.py:188} INFO - [2024-05-27T09:08:35.038+0000] {dag.py:3954} INFO - Setting next_dagrun for dataset_produces_1 to 2024-05-26 00:00:00+00:00, run_after=2024-05-27 00:00:00+00:00
[2024-05-27T09:08:35.042+0000] {logging_mixin.py:188} INFO - [2024-05-27T09:08:35.042+0000] {dag.py:3954} INFO - Setting next_dagrun for dataset_produces_2 to None, run_after=None
[2024-05-27T09:08:38.680+0000] {processor.py:183} INFO - Processing /home/airflow/.local/lib/python3.12/site-packages/airflow/example_dags/example_datasets.py took 5.881 seconds
[2024-05-27T09:11:39.416+0000] {processor.py:161} INFO - Started process (PID=38) to work on /home/airflow/.local/lib/python3.12/site-packages/airflow/example_dags/example_datasets.py
[2024-05-27T09:11:39.420+0000] {processor.py:830} INFO - Processing file /home/airflow/.local/lib/python3.12/site-packages/airflow/example_dags/example_datasets.py for tasks to queue
[2024-05-27T09:11:39.423+0000] {logging_mixin.py:188} INFO - [2024-05-27T09:11:39.423+0000] {dagbag.py:545} INFO - Filling up the DagBag from /home/airflow/.local/lib/python3.12/site-packages/airflow/example_dags/example_datasets.py
[2024-05-27T09:11:39.449+0000] {processor.py:840} INFO - DAG(s) 'consume_1_and_2_with_dataset_expressions', 'dataset_consumes_1', 'dataset_consumes_unknown_never_scheduled', 'consume_1_or_both_2_and_3_with_dataset_expressions', 'dataset_consumes_1_never_scheduled', 'conditional_dataset_and_time_based_timetable', 'dataset_produces_2', 'dataset_consumes_1_and_2', 'dataset_produces_1', 'consume_1_or_2_with_dataset_expressions' retrieved from /home/airflow/.local/lib/python3.12/site-packages/airflow/example_dags/example_datasets.py
[2024-05-27T09:11:39.469+0000] {logging_mixin.py:188} INFO - [2024-05-27T09:11:39.469+0000] {dag.py:3096} INFO - Sync 10 DAGs
[2024-05-27T09:11:39.503+0000] {logging_mixin.py:188} INFO - [2024-05-27T09:11:39.503+0000] {dag.py:3954} INFO - Setting next_dagrun for conditional_dataset_and_time_based_timetable to 2024-05-22 01:00:00+00:00, run_after=2024-05-22 01:00:00+00:00
[2024-05-27T09:11:39.510+0000] {logging_mixin.py:188} INFO - [2024-05-27T09:11:39.510+0000] {dag.py:3954} INFO - Setting next_dagrun for consume_1_and_2_with_dataset_expressions to None, run_after=None
[2024-05-27T09:11:39.513+0000] {logging_mixin.py:188} INFO - [2024-05-27T09:11:39.513+0000] {dag.py:3954} INFO - Setting next_dagrun for consume_1_or_2_with_dataset_expressions to None, run_after=None
[2024-05-27T09:11:39.515+0000] {logging_mixin.py:188} INFO - [2024-05-27T09:11:39.515+0000] {dag.py:3954} INFO - Setting next_dagrun for consume_1_or_both_2_and_3_with_dataset_expressions to None, run_after=None
[2024-05-27T09:11:39.517+0000] {logging_mixin.py:188} INFO - [2024-05-27T09:11:39.517+0000] {dag.py:3954} INFO - Setting next_dagrun for dataset_consumes_1 to None, run_after=None
[2024-05-27T09:11:39.519+0000] {logging_mixin.py:188} INFO - [2024-05-27T09:11:39.519+0000] {dag.py:3954} INFO - Setting next_dagrun for dataset_consumes_1_and_2 to None, run_after=None
[2024-05-27T09:11:39.521+0000] {logging_mixin.py:188} INFO - [2024-05-27T09:11:39.521+0000] {dag.py:3954} INFO - Setting next_dagrun for dataset_consumes_1_never_scheduled to None, run_after=None
[2024-05-27T09:11:39.524+0000] {logging_mixin.py:188} INFO - [2024-05-27T09:11:39.524+0000] {dag.py:3954} INFO - Setting next_dagrun for dataset_consumes_unknown_never_scheduled to None, run_after=None
[2024-05-27T09:11:39.527+0000] {logging_mixin.py:188} INFO - [2024-05-27T09:11:39.527+0000] {dag.py:3954} INFO - Setting next_dagrun for dataset_produces_1 to 2024-05-26 00:00:00+00:00, run_after=2024-05-27 00:00:00+00:00
[2024-05-27T09:11:39.529+0000] {logging_mixin.py:188} INFO - [2024-05-27T09:11:39.529+0000] {dag.py:3954} INFO - Setting next_dagrun for dataset_produces_2 to None, run_after=None
[2024-05-27T09:11:39.564+0000] {processor.py:183} INFO - Processing /home/airflow/.local/lib/python3.12/site-packages/airflow/example_dags/example_datasets.py took 0.152 seconds
[2024-05-27T09:12:20.108+0000] {processor.py:161} INFO - Started process (PID=96) to work on /home/airflow/.local/lib/python3.12/site-packages/airflow/example_dags/example_datasets.py
[2024-05-27T09:12:20.113+0000] {processor.py:830} INFO - Processing file /home/airflow/.local/lib/python3.12/site-packages/airflow/example_dags/example_datasets.py for tasks to queue
[2024-05-27T09:12:20.117+0000] {logging_mixin.py:188} INFO - [2024-05-27T09:12:20.115+0000] {dagbag.py:545} INFO - Filling up the DagBag from /home/airflow/.local/lib/python3.12/site-packages/airflow/example_dags/example_datasets.py
[2024-05-27T09:12:20.156+0000] {processor.py:840} INFO - DAG(s) 'consume_1_and_2_with_dataset_expressions', 'conditional_dataset_and_time_based_timetable', 'dataset_consumes_unknown_never_scheduled', 'dataset_consumes_1_and_2', 'dataset_consumes_1', 'consume_1_or_both_2_and_3_with_dataset_expressions', 'consume_1_or_2_with_dataset_expressions', 'dataset_consumes_1_never_scheduled', 'dataset_produces_1', 'dataset_produces_2' retrieved from /home/airflow/.local/lib/python3.12/site-packages/airflow/example_dags/example_datasets.py
[2024-05-27T09:12:41.651+0000] {logging_mixin.py:188} INFO - [2024-05-27T09:12:41.645+0000] {dag.py:3096} INFO - Sync 10 DAGs
[2024-05-27T09:12:42.008+0000] {logging_mixin.py:188} INFO - [2024-05-27T09:12:41.990+0000] {dag.py:3954} INFO - Setting next_dagrun for conditional_dataset_and_time_based_timetable to 2024-05-22 01:00:00+00:00, run_after=2024-05-22 01:00:00+00:00
[2024-05-27T09:12:42.094+0000] {logging_mixin.py:188} INFO - [2024-05-27T09:12:42.088+0000] {dag.py:3954} INFO - Setting next_dagrun for consume_1_and_2_with_dataset_expressions to None, run_after=None
[2024-05-27T09:12:42.171+0000] {logging_mixin.py:188} INFO - [2024-05-27T09:12:42.167+0000] {dag.py:3954} INFO - Setting next_dagrun for consume_1_or_2_with_dataset_expressions to None, run_after=None
[2024-05-27T09:12:42.268+0000] {logging_mixin.py:188} INFO - [2024-05-27T09:12:42.262+0000] {dag.py:3954} INFO - Setting next_dagrun for consume_1_or_both_2_and_3_with_dataset_expressions to None, run_after=None
[2024-05-27T09:12:42.326+0000] {logging_mixin.py:188} INFO - [2024-05-27T09:12:42.320+0000] {dag.py:3954} INFO - Setting next_dagrun for dataset_consumes_1 to None, run_after=None
[2024-05-27T09:12:42.370+0000] {logging_mixin.py:188} INFO - [2024-05-27T09:12:42.366+0000] {dag.py:3954} INFO - Setting next_dagrun for dataset_consumes_1_and_2 to None, run_after=None
[2024-05-27T09:12:42.414+0000] {logging_mixin.py:188} INFO - [2024-05-27T09:12:42.410+0000] {dag.py:3954} INFO - Setting next_dagrun for dataset_consumes_1_never_scheduled to None, run_after=None
[2024-05-27T09:12:42.434+0000] {logging_mixin.py:188} INFO - [2024-05-27T09:12:42.429+0000] {dag.py:3954} INFO - Setting next_dagrun for dataset_consumes_unknown_never_scheduled to None, run_after=None
[2024-05-27T09:12:42.462+0000] {logging_mixin.py:188} INFO - [2024-05-27T09:12:42.461+0000] {dag.py:3954} INFO - Setting next_dagrun for dataset_produces_1 to 2024-05-26 00:00:00+00:00, run_after=2024-05-27 00:00:00+00:00
[2024-05-27T09:12:42.503+0000] {logging_mixin.py:188} INFO - [2024-05-27T09:12:42.492+0000] {dag.py:3954} INFO - Setting next_dagrun for dataset_produces_2 to None, run_after=None
[2024-05-27T09:13:03.753+0000] {processor.py:183} INFO - Processing /home/airflow/.local/lib/python3.12/site-packages/airflow/example_dags/example_datasets.py took 43.366 seconds
[2024-05-27T09:24:42.192+0000] {processor.py:161} INFO - Started process (PID=38) to work on /home/airflow/.local/lib/python3.12/site-packages/airflow/example_dags/example_datasets.py
[2024-05-27T09:24:42.195+0000] {processor.py:830} INFO - Processing file /home/airflow/.local/lib/python3.12/site-packages/airflow/example_dags/example_datasets.py for tasks to queue
[2024-05-27T09:24:42.197+0000] {logging_mixin.py:188} INFO - [2024-05-27T09:24:42.197+0000] {dagbag.py:545} INFO - Filling up the DagBag from /home/airflow/.local/lib/python3.12/site-packages/airflow/example_dags/example_datasets.py
[2024-05-27T09:24:42.221+0000] {processor.py:840} INFO - DAG(s) 'dataset_produces_1', 'consume_1_and_2_with_dataset_expressions', 'dataset_consumes_1_never_scheduled', 'dataset_produces_2', 'dataset_consumes_unknown_never_scheduled', 'consume_1_or_both_2_and_3_with_dataset_expressions', 'conditional_dataset_and_time_based_timetable', 'dataset_consumes_1_and_2', 'consume_1_or_2_with_dataset_expressions', 'dataset_consumes_1' retrieved from /home/airflow/.local/lib/python3.12/site-packages/airflow/example_dags/example_datasets.py
[2024-05-27T09:24:42.235+0000] {logging_mixin.py:188} INFO - [2024-05-27T09:24:42.235+0000] {dag.py:3096} INFO - Sync 10 DAGs
[2024-05-27T09:24:42.267+0000] {logging_mixin.py:188} INFO - [2024-05-27T09:24:42.267+0000] {dag.py:3954} INFO - Setting next_dagrun for conditional_dataset_and_time_based_timetable to 2024-05-22 01:00:00+00:00, run_after=2024-05-22 01:00:00+00:00
[2024-05-27T09:24:42.274+0000] {logging_mixin.py:188} INFO - [2024-05-27T09:24:42.274+0000] {dag.py:3954} INFO - Setting next_dagrun for consume_1_and_2_with_dataset_expressions to None, run_after=None
[2024-05-27T09:24:42.277+0000] {logging_mixin.py:188} INFO - [2024-05-27T09:24:42.277+0000] {dag.py:3954} INFO - Setting next_dagrun for consume_1_or_2_with_dataset_expressions to None, run_after=None
[2024-05-27T09:24:42.279+0000] {logging_mixin.py:188} INFO - [2024-05-27T09:24:42.279+0000] {dag.py:3954} INFO - Setting next_dagrun for consume_1_or_both_2_and_3_with_dataset_expressions to None, run_after=None
[2024-05-27T09:24:42.281+0000] {logging_mixin.py:188} INFO - [2024-05-27T09:24:42.281+0000] {dag.py:3954} INFO - Setting next_dagrun for dataset_consumes_1 to None, run_after=None
[2024-05-27T09:24:42.283+0000] {logging_mixin.py:188} INFO - [2024-05-27T09:24:42.283+0000] {dag.py:3954} INFO - Setting next_dagrun for dataset_consumes_1_and_2 to None, run_after=None
[2024-05-27T09:24:42.285+0000] {logging_mixin.py:188} INFO - [2024-05-27T09:24:42.285+0000] {dag.py:3954} INFO - Setting next_dagrun for dataset_consumes_1_never_scheduled to None, run_after=None
[2024-05-27T09:24:42.286+0000] {logging_mixin.py:188} INFO - [2024-05-27T09:24:42.286+0000] {dag.py:3954} INFO - Setting next_dagrun for dataset_consumes_unknown_never_scheduled to None, run_after=None
[2024-05-27T09:24:42.289+0000] {logging_mixin.py:188} INFO - [2024-05-27T09:24:42.289+0000] {dag.py:3954} INFO - Setting next_dagrun for dataset_produces_1 to 2024-05-26 00:00:00+00:00, run_after=2024-05-27 00:00:00+00:00
[2024-05-27T09:24:42.291+0000] {logging_mixin.py:188} INFO - [2024-05-27T09:24:42.291+0000] {dag.py:3954} INFO - Setting next_dagrun for dataset_produces_2 to None, run_after=None
[2024-05-27T09:24:42.398+0000] {processor.py:183} INFO - Processing /home/airflow/.local/lib/python3.12/site-packages/airflow/example_dags/example_datasets.py took 0.210 seconds
[2024-05-27T09:28:16.332+0000] {processor.py:161} INFO - Started process (PID=39) to work on /home/airflow/.local/lib/python3.12/site-packages/airflow/example_dags/example_datasets.py
[2024-05-27T09:28:16.335+0000] {processor.py:830} INFO - Processing file /home/airflow/.local/lib/python3.12/site-packages/airflow/example_dags/example_datasets.py for tasks to queue
[2024-05-27T09:28:16.340+0000] {logging_mixin.py:188} INFO - [2024-05-27T09:28:16.339+0000] {dagbag.py:545} INFO - Filling up the DagBag from /home/airflow/.local/lib/python3.12/site-packages/airflow/example_dags/example_datasets.py
[2024-05-27T09:28:16.384+0000] {processor.py:840} INFO - DAG(s) 'dataset_consumes_1', 'consume_1_and_2_with_dataset_expressions', 'consume_1_or_both_2_and_3_with_dataset_expressions', 'dataset_produces_2', 'dataset_produces_1', 'dataset_consumes_1_and_2', 'dataset_consumes_1_never_scheduled', 'dataset_consumes_unknown_never_scheduled', 'consume_1_or_2_with_dataset_expressions', 'conditional_dataset_and_time_based_timetable' retrieved from /home/airflow/.local/lib/python3.12/site-packages/airflow/example_dags/example_datasets.py
[2024-05-27T09:28:16.439+0000] {logging_mixin.py:188} INFO - [2024-05-27T09:28:16.438+0000] {dag.py:3096} INFO - Sync 10 DAGs
[2024-05-27T09:28:16.536+0000] {logging_mixin.py:188} INFO - [2024-05-27T09:28:16.535+0000] {dag.py:3954} INFO - Setting next_dagrun for conditional_dataset_and_time_based_timetable to 2024-05-22 01:00:00+00:00, run_after=2024-05-22 01:00:00+00:00
[2024-05-27T09:28:16.545+0000] {logging_mixin.py:188} INFO - [2024-05-27T09:28:16.545+0000] {dag.py:3954} INFO - Setting next_dagrun for consume_1_and_2_with_dataset_expressions to None, run_after=None
[2024-05-27T09:28:16.548+0000] {logging_mixin.py:188} INFO - [2024-05-27T09:28:16.548+0000] {dag.py:3954} INFO - Setting next_dagrun for consume_1_or_2_with_dataset_expressions to None, run_after=None
[2024-05-27T09:28:16.551+0000] {logging_mixin.py:188} INFO - [2024-05-27T09:28:16.551+0000] {dag.py:3954} INFO - Setting next_dagrun for consume_1_or_both_2_and_3_with_dataset_expressions to None, run_after=None
[2024-05-27T09:28:16.558+0000] {logging_mixin.py:188} INFO - [2024-05-27T09:28:16.557+0000] {dag.py:3954} INFO - Setting next_dagrun for dataset_consumes_1 to None, run_after=None
[2024-05-27T09:28:16.561+0000] {logging_mixin.py:188} INFO - [2024-05-27T09:28:16.561+0000] {dag.py:3954} INFO - Setting next_dagrun for dataset_consumes_1_and_2 to None, run_after=None
[2024-05-27T09:28:16.564+0000] {logging_mixin.py:188} INFO - [2024-05-27T09:28:16.563+0000] {dag.py:3954} INFO - Setting next_dagrun for dataset_consumes_1_never_scheduled to None, run_after=None
[2024-05-27T09:28:16.566+0000] {logging_mixin.py:188} INFO - [2024-05-27T09:28:16.566+0000] {dag.py:3954} INFO - Setting next_dagrun for dataset_consumes_unknown_never_scheduled to None, run_after=None
[2024-05-27T09:28:16.570+0000] {logging_mixin.py:188} INFO - [2024-05-27T09:28:16.570+0000] {dag.py:3954} INFO - Setting next_dagrun for dataset_produces_1 to 2024-05-26 00:00:00+00:00, run_after=2024-05-27 00:00:00+00:00
[2024-05-27T09:28:16.576+0000] {logging_mixin.py:188} INFO - [2024-05-27T09:28:16.576+0000] {dag.py:3954} INFO - Setting next_dagrun for dataset_produces_2 to None, run_after=None
[2024-05-27T09:28:16.704+0000] {processor.py:183} INFO - Processing /home/airflow/.local/lib/python3.12/site-packages/airflow/example_dags/example_datasets.py took 0.378 seconds
[2024-05-27T09:29:19.070+0000] {processor.py:161} INFO - Started process (PID=106) to work on /home/airflow/.local/lib/python3.12/site-packages/airflow/example_dags/example_datasets.py
[2024-05-27T09:29:19.073+0000] {processor.py:830} INFO - Processing file /home/airflow/.local/lib/python3.12/site-packages/airflow/example_dags/example_datasets.py for tasks to queue
[2024-05-27T09:29:19.083+0000] {logging_mixin.py:188} INFO - [2024-05-27T09:29:19.083+0000] {dagbag.py:545} INFO - Filling up the DagBag from /home/airflow/.local/lib/python3.12/site-packages/airflow/example_dags/example_datasets.py
[2024-05-27T09:29:19.523+0000] {processor.py:840} INFO - DAG(s) 'dataset_consumes_1_never_scheduled', 'consume_1_and_2_with_dataset_expressions', 'dataset_produces_2', 'consume_1_or_2_with_dataset_expressions', 'consume_1_or_both_2_and_3_with_dataset_expressions', 'dataset_consumes_1', 'dataset_produces_1', 'dataset_consumes_unknown_never_scheduled', 'conditional_dataset_and_time_based_timetable', 'dataset_consumes_1_and_2' retrieved from /home/airflow/.local/lib/python3.12/site-packages/airflow/example_dags/example_datasets.py
[2024-05-27T09:29:27.561+0000] {logging_mixin.py:188} INFO - [2024-05-27T09:29:27.553+0000] {dag.py:3096} INFO - Sync 10 DAGs
[2024-05-27T09:29:28.652+0000] {logging_mixin.py:188} INFO - [2024-05-27T09:29:28.646+0000] {dag.py:3954} INFO - Setting next_dagrun for conditional_dataset_and_time_based_timetable to 2024-05-22 01:00:00+00:00, run_after=2024-05-22 01:00:00+00:00
[2024-05-27T09:29:28.669+0000] {logging_mixin.py:188} INFO - [2024-05-27T09:29:28.669+0000] {dag.py:3954} INFO - Setting next_dagrun for consume_1_and_2_with_dataset_expressions to None, run_after=None
[2024-05-27T09:29:29.220+0000] {logging_mixin.py:188} INFO - [2024-05-27T09:29:29.115+0000] {dag.py:3954} INFO - Setting next_dagrun for consume_1_or_2_with_dataset_expressions to None, run_after=None
[2024-05-27T09:29:32.561+0000] {logging_mixin.py:188} INFO - [2024-05-27T09:29:32.559+0000] {dag.py:3954} INFO - Setting next_dagrun for consume_1_or_both_2_and_3_with_dataset_expressions to None, run_after=None
[2024-05-27T09:29:32.577+0000] {logging_mixin.py:188} INFO - [2024-05-27T09:29:32.577+0000] {dag.py:3954} INFO - Setting next_dagrun for dataset_consumes_1 to None, run_after=None
[2024-05-27T09:29:32.593+0000] {logging_mixin.py:188} INFO - [2024-05-27T09:29:32.592+0000] {dag.py:3954} INFO - Setting next_dagrun for dataset_consumes_1_and_2 to None, run_after=None
[2024-05-27T09:29:32.595+0000] {logging_mixin.py:188} INFO - [2024-05-27T09:29:32.595+0000] {dag.py:3954} INFO - Setting next_dagrun for dataset_consumes_1_never_scheduled to None, run_after=None
[2024-05-27T09:29:32.598+0000] {logging_mixin.py:188} INFO - [2024-05-27T09:29:32.598+0000] {dag.py:3954} INFO - Setting next_dagrun for dataset_consumes_unknown_never_scheduled to None, run_after=None
[2024-05-27T09:29:32.604+0000] {logging_mixin.py:188} INFO - [2024-05-27T09:29:32.604+0000] {dag.py:3954} INFO - Setting next_dagrun for dataset_produces_1 to 2024-05-26 00:00:00+00:00, run_after=2024-05-27 00:00:00+00:00
[2024-05-27T09:29:32.644+0000] {logging_mixin.py:188} INFO - [2024-05-27T09:29:32.644+0000] {dag.py:3954} INFO - Setting next_dagrun for dataset_produces_2 to None, run_after=None
[2024-05-27T09:29:34.091+0000] {processor.py:183} INFO - Processing /home/airflow/.local/lib/python3.12/site-packages/airflow/example_dags/example_datasets.py took 15.026 seconds
[2024-05-27T09:31:49.488+0000] {processor.py:161} INFO - Started process (PID=151) to work on /home/airflow/.local/lib/python3.12/site-packages/airflow/example_dags/example_datasets.py
[2024-05-27T09:31:49.508+0000] {processor.py:830} INFO - Processing file /home/airflow/.local/lib/python3.12/site-packages/airflow/example_dags/example_datasets.py for tasks to queue
[2024-05-27T09:31:49.525+0000] {logging_mixin.py:188} INFO - [2024-05-27T09:31:49.524+0000] {dagbag.py:545} INFO - Filling up the DagBag from /home/airflow/.local/lib/python3.12/site-packages/airflow/example_dags/example_datasets.py
[2024-05-27T09:31:49.631+0000] {processor.py:840} INFO - DAG(s) 'dataset_consumes_1', 'dataset_consumes_unknown_never_scheduled', 'consume_1_or_2_with_dataset_expressions', 'conditional_dataset_and_time_based_timetable', 'dataset_produces_1', 'consume_1_or_both_2_and_3_with_dataset_expressions', 'consume_1_and_2_with_dataset_expressions', 'dataset_consumes_1_and_2', 'dataset_consumes_1_never_scheduled', 'dataset_produces_2' retrieved from /home/airflow/.local/lib/python3.12/site-packages/airflow/example_dags/example_datasets.py
[2024-05-27T09:31:49.789+0000] {logging_mixin.py:188} INFO - [2024-05-27T09:31:49.789+0000] {dag.py:3096} INFO - Sync 10 DAGs
[2024-05-27T09:31:50.702+0000] {logging_mixin.py:188} INFO - [2024-05-27T09:31:50.702+0000] {dag.py:3954} INFO - Setting next_dagrun for conditional_dataset_and_time_based_timetable to 2024-05-22 01:00:00+00:00, run_after=2024-05-22 01:00:00+00:00
[2024-05-27T09:31:50.725+0000] {logging_mixin.py:188} INFO - [2024-05-27T09:31:50.725+0000] {dag.py:3954} INFO - Setting next_dagrun for consume_1_and_2_with_dataset_expressions to None, run_after=None
[2024-05-27T09:31:50.730+0000] {logging_mixin.py:188} INFO - [2024-05-27T09:31:50.730+0000] {dag.py:3954} INFO - Setting next_dagrun for consume_1_or_2_with_dataset_expressions to None, run_after=None
[2024-05-27T09:31:50.735+0000] {logging_mixin.py:188} INFO - [2024-05-27T09:31:50.735+0000] {dag.py:3954} INFO - Setting next_dagrun for consume_1_or_both_2_and_3_with_dataset_expressions to None, run_after=None
[2024-05-27T09:31:50.737+0000] {logging_mixin.py:188} INFO - [2024-05-27T09:31:50.737+0000] {dag.py:3954} INFO - Setting next_dagrun for dataset_consumes_1 to None, run_after=None
[2024-05-27T09:31:50.740+0000] {logging_mixin.py:188} INFO - [2024-05-27T09:31:50.740+0000] {dag.py:3954} INFO - Setting next_dagrun for dataset_consumes_1_and_2 to None, run_after=None
[2024-05-27T09:31:50.742+0000] {logging_mixin.py:188} INFO - [2024-05-27T09:31:50.742+0000] {dag.py:3954} INFO - Setting next_dagrun for dataset_consumes_1_never_scheduled to None, run_after=None
[2024-05-27T09:31:50.747+0000] {logging_mixin.py:188} INFO - [2024-05-27T09:31:50.747+0000] {dag.py:3954} INFO - Setting next_dagrun for dataset_consumes_unknown_never_scheduled to None, run_after=None
[2024-05-27T09:31:50.751+0000] {logging_mixin.py:188} INFO - [2024-05-27T09:31:50.751+0000] {dag.py:3954} INFO - Setting next_dagrun for dataset_produces_1 to 2024-05-26 00:00:00+00:00, run_after=2024-05-27 00:00:00+00:00
[2024-05-27T09:31:50.754+0000] {logging_mixin.py:188} INFO - [2024-05-27T09:31:50.754+0000] {dag.py:3954} INFO - Setting next_dagrun for dataset_produces_2 to None, run_after=None
[2024-05-27T09:31:50.845+0000] {processor.py:183} INFO - Processing /home/airflow/.local/lib/python3.12/site-packages/airflow/example_dags/example_datasets.py took 1.363 seconds
[2024-05-27T09:33:35.606+0000] {processor.py:161} INFO - Started process (PID=39) to work on /home/airflow/.local/lib/python3.12/site-packages/airflow/example_dags/example_datasets.py
[2024-05-27T09:33:35.608+0000] {processor.py:830} INFO - Processing file /home/airflow/.local/lib/python3.12/site-packages/airflow/example_dags/example_datasets.py for tasks to queue
[2024-05-27T09:33:35.611+0000] {logging_mixin.py:188} INFO - [2024-05-27T09:33:35.610+0000] {dagbag.py:545} INFO - Filling up the DagBag from /home/airflow/.local/lib/python3.12/site-packages/airflow/example_dags/example_datasets.py
[2024-05-27T09:33:35.627+0000] {processor.py:840} INFO - DAG(s) 'consume_1_and_2_with_dataset_expressions', 'dataset_consumes_1', 'consume_1_or_both_2_and_3_with_dataset_expressions', 'consume_1_or_2_with_dataset_expressions', 'dataset_consumes_unknown_never_scheduled', 'dataset_produces_2', 'dataset_consumes_1_never_scheduled', 'dataset_consumes_1_and_2', 'dataset_produces_1', 'conditional_dataset_and_time_based_timetable' retrieved from /home/airflow/.local/lib/python3.12/site-packages/airflow/example_dags/example_datasets.py
[2024-05-27T09:33:35.657+0000] {logging_mixin.py:188} INFO - [2024-05-27T09:33:35.657+0000] {dag.py:3096} INFO - Sync 10 DAGs
[2024-05-27T09:33:35.678+0000] {logging_mixin.py:188} INFO - [2024-05-27T09:33:35.678+0000] {dag.py:3954} INFO - Setting next_dagrun for conditional_dataset_and_time_based_timetable to 2024-05-22 01:00:00+00:00, run_after=2024-05-22 01:00:00+00:00
[2024-05-27T09:33:35.682+0000] {logging_mixin.py:188} INFO - [2024-05-27T09:33:35.682+0000] {dag.py:3954} INFO - Setting next_dagrun for consume_1_and_2_with_dataset_expressions to None, run_after=None
[2024-05-27T09:33:35.685+0000] {logging_mixin.py:188} INFO - [2024-05-27T09:33:35.685+0000] {dag.py:3954} INFO - Setting next_dagrun for consume_1_or_2_with_dataset_expressions to None, run_after=None
[2024-05-27T09:33:35.688+0000] {logging_mixin.py:188} INFO - [2024-05-27T09:33:35.688+0000] {dag.py:3954} INFO - Setting next_dagrun for consume_1_or_both_2_and_3_with_dataset_expressions to None, run_after=None
[2024-05-27T09:33:35.690+0000] {logging_mixin.py:188} INFO - [2024-05-27T09:33:35.690+0000] {dag.py:3954} INFO - Setting next_dagrun for dataset_consumes_1 to None, run_after=None
[2024-05-27T09:33:35.692+0000] {logging_mixin.py:188} INFO - [2024-05-27T09:33:35.692+0000] {dag.py:3954} INFO - Setting next_dagrun for dataset_consumes_1_and_2 to None, run_after=None
[2024-05-27T09:33:35.695+0000] {logging_mixin.py:188} INFO - [2024-05-27T09:33:35.695+0000] {dag.py:3954} INFO - Setting next_dagrun for dataset_consumes_1_never_scheduled to None, run_after=None
[2024-05-27T09:33:35.697+0000] {logging_mixin.py:188} INFO - [2024-05-27T09:33:35.697+0000] {dag.py:3954} INFO - Setting next_dagrun for dataset_consumes_unknown_never_scheduled to None, run_after=None
[2024-05-27T09:33:35.703+0000] {logging_mixin.py:188} INFO - [2024-05-27T09:33:35.703+0000] {dag.py:3954} INFO - Setting next_dagrun for dataset_produces_1 to 2024-05-26 00:00:00+00:00, run_after=2024-05-27 00:00:00+00:00
[2024-05-27T09:33:35.705+0000] {logging_mixin.py:188} INFO - [2024-05-27T09:33:35.705+0000] {dag.py:3954} INFO - Setting next_dagrun for dataset_produces_2 to None, run_after=None
[2024-05-27T09:33:35.771+0000] {processor.py:183} INFO - Processing /home/airflow/.local/lib/python3.12/site-packages/airflow/example_dags/example_datasets.py took 0.170 seconds
[2024-05-27T09:35:13.783+0000] {processor.py:161} INFO - Started process (PID=98) to work on /home/airflow/.local/lib/python3.12/site-packages/airflow/example_dags/example_datasets.py
[2024-05-27T09:35:13.788+0000] {processor.py:830} INFO - Processing file /home/airflow/.local/lib/python3.12/site-packages/airflow/example_dags/example_datasets.py for tasks to queue
[2024-05-27T09:35:14.238+0000] {logging_mixin.py:188} INFO - [2024-05-27T09:35:13.809+0000] {dagbag.py:545} INFO - Filling up the DagBag from /home/airflow/.local/lib/python3.12/site-packages/airflow/example_dags/example_datasets.py
[2024-05-27T09:35:14.457+0000] {processor.py:840} INFO - DAG(s) 'consume_1_and_2_with_dataset_expressions', 'dataset_consumes_1_and_2', 'consume_1_or_both_2_and_3_with_dataset_expressions', 'dataset_produces_1', 'dataset_consumes_1', 'dataset_produces_2', 'conditional_dataset_and_time_based_timetable', 'dataset_consumes_1_never_scheduled', 'consume_1_or_2_with_dataset_expressions', 'dataset_consumes_unknown_never_scheduled' retrieved from /home/airflow/.local/lib/python3.12/site-packages/airflow/example_dags/example_datasets.py
[2024-05-27T09:35:18.095+0000] {logging_mixin.py:188} INFO - [2024-05-27T09:35:18.084+0000] {dag.py:3096} INFO - Sync 10 DAGs
[2024-05-27T09:35:18.290+0000] {logging_mixin.py:188} INFO - [2024-05-27T09:35:18.288+0000] {dag.py:3954} INFO - Setting next_dagrun for conditional_dataset_and_time_based_timetable to 2024-05-22 01:00:00+00:00, run_after=2024-05-22 01:00:00+00:00
[2024-05-27T09:35:18.756+0000] {logging_mixin.py:188} INFO - [2024-05-27T09:35:18.749+0000] {dag.py:3954} INFO - Setting next_dagrun for consume_1_and_2_with_dataset_expressions to None, run_after=None
[2024-05-27T09:35:18.785+0000] {logging_mixin.py:188} INFO - [2024-05-27T09:35:18.780+0000] {dag.py:3954} INFO - Setting next_dagrun for consume_1_or_2_with_dataset_expressions to None, run_after=None
[2024-05-27T09:35:20.307+0000] {logging_mixin.py:188} INFO - [2024-05-27T09:35:20.301+0000] {dag.py:3954} INFO - Setting next_dagrun for consume_1_or_both_2_and_3_with_dataset_expressions to None, run_after=None
[2024-05-27T09:35:20.320+0000] {logging_mixin.py:188} INFO - [2024-05-27T09:35:20.319+0000] {dag.py:3954} INFO - Setting next_dagrun for dataset_consumes_1 to None, run_after=None
[2024-05-27T09:35:20.324+0000] {logging_mixin.py:188} INFO - [2024-05-27T09:35:20.324+0000] {dag.py:3954} INFO - Setting next_dagrun for dataset_consumes_1_and_2 to None, run_after=None
[2024-05-27T09:35:20.327+0000] {logging_mixin.py:188} INFO - [2024-05-27T09:35:20.326+0000] {dag.py:3954} INFO - Setting next_dagrun for dataset_consumes_1_never_scheduled to None, run_after=None
[2024-05-27T09:35:20.329+0000] {logging_mixin.py:188} INFO - [2024-05-27T09:35:20.329+0000] {dag.py:3954} INFO - Setting next_dagrun for dataset_consumes_unknown_never_scheduled to None, run_after=None
[2024-05-27T09:35:20.333+0000] {logging_mixin.py:188} INFO - [2024-05-27T09:35:20.333+0000] {dag.py:3954} INFO - Setting next_dagrun for dataset_produces_1 to 2024-05-26 00:00:00+00:00, run_after=2024-05-27 00:00:00+00:00
[2024-05-27T09:35:20.336+0000] {logging_mixin.py:188} INFO - [2024-05-27T09:35:20.335+0000] {dag.py:3954} INFO - Setting next_dagrun for dataset_produces_2 to None, run_after=None
[2024-05-27T09:35:20.134+0000] {processor.py:183} INFO - Processing /home/airflow/.local/lib/python3.12/site-packages/airflow/example_dags/example_datasets.py took 6.634 seconds
[2024-05-27T09:39:31.330+0000] {processor.py:161} INFO - Started process (PID=202) to work on /home/airflow/.local/lib/python3.12/site-packages/airflow/example_dags/example_datasets.py
[2024-05-27T09:39:31.342+0000] {processor.py:830} INFO - Processing file /home/airflow/.local/lib/python3.12/site-packages/airflow/example_dags/example_datasets.py for tasks to queue
[2024-05-27T09:39:31.350+0000] {logging_mixin.py:188} INFO - [2024-05-27T09:39:31.345+0000] {dagbag.py:545} INFO - Filling up the DagBag from /home/airflow/.local/lib/python3.12/site-packages/airflow/example_dags/example_datasets.py
[2024-05-27T09:39:36.133+0000] {processor.py:840} INFO - DAG(s) 'consume_1_or_2_with_dataset_expressions', 'dataset_produces_2', 'dataset_consumes_unknown_never_scheduled', 'consume_1_or_both_2_and_3_with_dataset_expressions', 'conditional_dataset_and_time_based_timetable', 'dataset_consumes_1_and_2', 'dataset_consumes_1', 'dataset_consumes_1_never_scheduled', 'dataset_produces_1', 'consume_1_and_2_with_dataset_expressions' retrieved from /home/airflow/.local/lib/python3.12/site-packages/airflow/example_dags/example_datasets.py
[2024-05-27T09:39:42.180+0000] {logging_mixin.py:188} INFO - [2024-05-27T09:39:42.163+0000] {dag.py:3096} INFO - Sync 10 DAGs
[2024-05-27T09:39:43.310+0000] {logging_mixin.py:188} INFO - [2024-05-27T09:39:43.292+0000] {dag.py:3954} INFO - Setting next_dagrun for conditional_dataset_and_time_based_timetable to 2024-05-22 01:00:00+00:00, run_after=2024-05-22 01:00:00+00:00
[2024-05-27T09:39:43.571+0000] {logging_mixin.py:188} INFO - [2024-05-27T09:39:43.553+0000] {dag.py:3954} INFO - Setting next_dagrun for consume_1_and_2_with_dataset_expressions to None, run_after=None
[2024-05-27T09:39:45.254+0000] {logging_mixin.py:188} INFO - [2024-05-27T09:39:45.243+0000] {dag.py:3954} INFO - Setting next_dagrun for consume_1_or_2_with_dataset_expressions to None, run_after=None
[2024-05-27T09:39:45.260+0000] {logging_mixin.py:188} INFO - [2024-05-27T09:39:45.260+0000] {dag.py:3954} INFO - Setting next_dagrun for consume_1_or_both_2_and_3_with_dataset_expressions to None, run_after=None
[2024-05-27T09:39:45.266+0000] {logging_mixin.py:188} INFO - [2024-05-27T09:39:45.266+0000] {dag.py:3954} INFO - Setting next_dagrun for dataset_consumes_1 to None, run_after=None
[2024-05-27T09:39:45.270+0000] {logging_mixin.py:188} INFO - [2024-05-27T09:39:45.270+0000] {dag.py:3954} INFO - Setting next_dagrun for dataset_consumes_1_and_2 to None, run_after=None
[2024-05-27T09:39:45.273+0000] {logging_mixin.py:188} INFO - [2024-05-27T09:39:45.273+0000] {dag.py:3954} INFO - Setting next_dagrun for dataset_consumes_1_never_scheduled to None, run_after=None
[2024-05-27T09:39:45.277+0000] {logging_mixin.py:188} INFO - [2024-05-27T09:39:45.277+0000] {dag.py:3954} INFO - Setting next_dagrun for dataset_consumes_unknown_never_scheduled to None, run_after=None
[2024-05-27T09:39:45.295+0000] {logging_mixin.py:188} INFO - [2024-05-27T09:39:45.294+0000] {dag.py:3954} INFO - Setting next_dagrun for dataset_produces_1 to 2024-05-26 00:00:00+00:00, run_after=2024-05-27 00:00:00+00:00
[2024-05-27T09:39:45.299+0000] {logging_mixin.py:188} INFO - [2024-05-27T09:39:45.298+0000] {dag.py:3954} INFO - Setting next_dagrun for dataset_produces_2 to None, run_after=None
[2024-05-27T09:39:45.473+0000] {processor.py:183} INFO - Processing /home/airflow/.local/lib/python3.12/site-packages/airflow/example_dags/example_datasets.py took 14.168 seconds
[2024-05-27T09:42:24.870+0000] {processor.py:161} INFO - Started process (PID=277) to work on /home/airflow/.local/lib/python3.12/site-packages/airflow/example_dags/example_datasets.py
[2024-05-27T09:42:25.896+0000] {processor.py:830} INFO - Processing file /home/airflow/.local/lib/python3.12/site-packages/airflow/example_dags/example_datasets.py for tasks to queue
[2024-05-27T09:42:25.954+0000] {logging_mixin.py:188} INFO - [2024-05-27T09:42:25.915+0000] {dagbag.py:545} INFO - Filling up the DagBag from /home/airflow/.local/lib/python3.12/site-packages/airflow/example_dags/example_datasets.py
[2024-05-27T09:42:28.961+0000] {processor.py:840} INFO - DAG(s) 'dataset_consumes_1_and_2', 'conditional_dataset_and_time_based_timetable', 'dataset_consumes_unknown_never_scheduled', 'dataset_produces_1', 'dataset_produces_2', 'consume_1_or_both_2_and_3_with_dataset_expressions', 'consume_1_and_2_with_dataset_expressions', 'consume_1_or_2_with_dataset_expressions', 'dataset_consumes_1_never_scheduled', 'dataset_consumes_1' retrieved from /home/airflow/.local/lib/python3.12/site-packages/airflow/example_dags/example_datasets.py
[2024-05-27T09:42:29.365+0000] {logging_mixin.py:188} INFO - [2024-05-27T09:42:29.364+0000] {dag.py:3096} INFO - Sync 10 DAGs
[2024-05-27T09:42:30.371+0000] {logging_mixin.py:188} INFO - [2024-05-27T09:42:30.343+0000] {dag.py:3954} INFO - Setting next_dagrun for conditional_dataset_and_time_based_timetable to 2024-05-22 01:00:00+00:00, run_after=2024-05-22 01:00:00+00:00
[2024-05-27T09:42:30.887+0000] {logging_mixin.py:188} INFO - [2024-05-27T09:42:30.886+0000] {dag.py:3954} INFO - Setting next_dagrun for consume_1_and_2_with_dataset_expressions to None, run_after=None
[2024-05-27T09:42:30.897+0000] {logging_mixin.py:188} INFO - [2024-05-27T09:42:30.897+0000] {dag.py:3954} INFO - Setting next_dagrun for consume_1_or_2_with_dataset_expressions to None, run_after=None
[2024-05-27T09:42:30.899+0000] {logging_mixin.py:188} INFO - [2024-05-27T09:42:30.899+0000] {dag.py:3954} INFO - Setting next_dagrun for consume_1_or_both_2_and_3_with_dataset_expressions to None, run_after=None
[2024-05-27T09:42:30.904+0000] {logging_mixin.py:188} INFO - [2024-05-27T09:42:30.904+0000] {dag.py:3954} INFO - Setting next_dagrun for dataset_consumes_1 to None, run_after=None
[2024-05-27T09:42:30.907+0000] {logging_mixin.py:188} INFO - [2024-05-27T09:42:30.907+0000] {dag.py:3954} INFO - Setting next_dagrun for dataset_consumes_1_and_2 to None, run_after=None
[2024-05-27T09:42:30.911+0000] {logging_mixin.py:188} INFO - [2024-05-27T09:42:30.911+0000] {dag.py:3954} INFO - Setting next_dagrun for dataset_consumes_1_never_scheduled to None, run_after=None
[2024-05-27T09:42:30.914+0000] {logging_mixin.py:188} INFO - [2024-05-27T09:42:30.914+0000] {dag.py:3954} INFO - Setting next_dagrun for dataset_consumes_unknown_never_scheduled to None, run_after=None
[2024-05-27T09:42:30.921+0000] {logging_mixin.py:188} INFO - [2024-05-27T09:42:30.921+0000] {dag.py:3954} INFO - Setting next_dagrun for dataset_produces_1 to 2024-05-26 00:00:00+00:00, run_after=2024-05-27 00:00:00+00:00
[2024-05-27T09:42:30.923+0000] {logging_mixin.py:188} INFO - [2024-05-27T09:42:30.923+0000] {dag.py:3954} INFO - Setting next_dagrun for dataset_produces_2 to None, run_after=None
[2024-05-27T09:42:31.096+0000] {processor.py:183} INFO - Processing /home/airflow/.local/lib/python3.12/site-packages/airflow/example_dags/example_datasets.py took 6.396 seconds
[2024-05-27T10:07:08.065+0000] {processor.py:161} INFO - Started process (PID=39) to work on /home/airflow/.local/lib/python3.12/site-packages/airflow/example_dags/example_datasets.py
[2024-05-27T10:07:08.068+0000] {processor.py:830} INFO - Processing file /home/airflow/.local/lib/python3.12/site-packages/airflow/example_dags/example_datasets.py for tasks to queue
[2024-05-27T10:07:08.070+0000] {logging_mixin.py:188} INFO - [2024-05-27T10:07:08.070+0000] {dagbag.py:545} INFO - Filling up the DagBag from /home/airflow/.local/lib/python3.12/site-packages/airflow/example_dags/example_datasets.py
[2024-05-27T10:07:08.086+0000] {processor.py:840} INFO - DAG(s) 'dataset_consumes_unknown_never_scheduled', 'consume_1_and_2_with_dataset_expressions', 'consume_1_or_both_2_and_3_with_dataset_expressions', 'dataset_produces_2', 'dataset_consumes_1', 'dataset_produces_1', 'conditional_dataset_and_time_based_timetable', 'dataset_consumes_1_and_2', 'consume_1_or_2_with_dataset_expressions', 'dataset_consumes_1_never_scheduled' retrieved from /home/airflow/.local/lib/python3.12/site-packages/airflow/example_dags/example_datasets.py
[2024-05-27T10:07:08.101+0000] {logging_mixin.py:188} INFO - [2024-05-27T10:07:08.101+0000] {dag.py:3096} INFO - Sync 10 DAGs
[2024-05-27T10:07:08.128+0000] {logging_mixin.py:188} INFO - [2024-05-27T10:07:08.128+0000] {dag.py:3954} INFO - Setting next_dagrun for conditional_dataset_and_time_based_timetable to 2024-05-22 01:00:00+00:00, run_after=2024-05-22 01:00:00+00:00
[2024-05-27T10:07:08.132+0000] {logging_mixin.py:188} INFO - [2024-05-27T10:07:08.132+0000] {dag.py:3954} INFO - Setting next_dagrun for consume_1_and_2_with_dataset_expressions to None, run_after=None
[2024-05-27T10:07:08.134+0000] {logging_mixin.py:188} INFO - [2024-05-27T10:07:08.134+0000] {dag.py:3954} INFO - Setting next_dagrun for consume_1_or_2_with_dataset_expressions to None, run_after=None
[2024-05-27T10:07:08.137+0000] {logging_mixin.py:188} INFO - [2024-05-27T10:07:08.137+0000] {dag.py:3954} INFO - Setting next_dagrun for consume_1_or_both_2_and_3_with_dataset_expressions to None, run_after=None
[2024-05-27T10:07:08.139+0000] {logging_mixin.py:188} INFO - [2024-05-27T10:07:08.138+0000] {dag.py:3954} INFO - Setting next_dagrun for dataset_consumes_1 to None, run_after=None
[2024-05-27T10:07:08.143+0000] {logging_mixin.py:188} INFO - [2024-05-27T10:07:08.143+0000] {dag.py:3954} INFO - Setting next_dagrun for dataset_consumes_1_and_2 to None, run_after=None
[2024-05-27T10:07:08.145+0000] {logging_mixin.py:188} INFO - [2024-05-27T10:07:08.145+0000] {dag.py:3954} INFO - Setting next_dagrun for dataset_consumes_1_never_scheduled to None, run_after=None
[2024-05-27T10:07:08.147+0000] {logging_mixin.py:188} INFO - [2024-05-27T10:07:08.147+0000] {dag.py:3954} INFO - Setting next_dagrun for dataset_consumes_unknown_never_scheduled to None, run_after=None
[2024-05-27T10:07:08.150+0000] {logging_mixin.py:188} INFO - [2024-05-27T10:07:08.150+0000] {dag.py:3954} INFO - Setting next_dagrun for dataset_produces_1 to 2024-05-26 00:00:00+00:00, run_after=2024-05-27 00:00:00+00:00
[2024-05-27T10:07:08.156+0000] {logging_mixin.py:188} INFO - [2024-05-27T10:07:08.155+0000] {dag.py:3954} INFO - Setting next_dagrun for dataset_produces_2 to None, run_after=None
[2024-05-27T10:07:08.190+0000] {processor.py:183} INFO - Processing /home/airflow/.local/lib/python3.12/site-packages/airflow/example_dags/example_datasets.py took 0.129 seconds
[2024-05-27T10:07:39.515+0000] {processor.py:161} INFO - Started process (PID=97) to work on /home/airflow/.local/lib/python3.12/site-packages/airflow/example_dags/example_datasets.py
[2024-05-27T10:07:39.518+0000] {processor.py:830} INFO - Processing file /home/airflow/.local/lib/python3.12/site-packages/airflow/example_dags/example_datasets.py for tasks to queue
[2024-05-27T10:07:39.521+0000] {logging_mixin.py:188} INFO - [2024-05-27T10:07:39.521+0000] {dagbag.py:545} INFO - Filling up the DagBag from /home/airflow/.local/lib/python3.12/site-packages/airflow/example_dags/example_datasets.py
[2024-05-27T10:07:39.533+0000] {processor.py:840} INFO - DAG(s) 'dataset_consumes_1_never_scheduled', 'dataset_produces_2', 'consume_1_or_both_2_and_3_with_dataset_expressions', 'conditional_dataset_and_time_based_timetable', 'dataset_consumes_unknown_never_scheduled', 'dataset_consumes_1', 'dataset_consumes_1_and_2', 'consume_1_or_2_with_dataset_expressions', 'dataset_produces_1', 'consume_1_and_2_with_dataset_expressions' retrieved from /home/airflow/.local/lib/python3.12/site-packages/airflow/example_dags/example_datasets.py
[2024-05-27T10:07:39.676+0000] {logging_mixin.py:188} INFO - [2024-05-27T10:07:39.675+0000] {dag.py:3096} INFO - Sync 10 DAGs
[2024-05-27T10:07:39.691+0000] {logging_mixin.py:188} INFO - [2024-05-27T10:07:39.691+0000] {dag.py:3954} INFO - Setting next_dagrun for conditional_dataset_and_time_based_timetable to 2024-05-22 01:00:00+00:00, run_after=2024-05-22 01:00:00+00:00
[2024-05-27T10:07:39.694+0000] {logging_mixin.py:188} INFO - [2024-05-27T10:07:39.694+0000] {dag.py:3954} INFO - Setting next_dagrun for consume_1_and_2_with_dataset_expressions to None, run_after=None
[2024-05-27T10:07:39.696+0000] {logging_mixin.py:188} INFO - [2024-05-27T10:07:39.696+0000] {dag.py:3954} INFO - Setting next_dagrun for consume_1_or_2_with_dataset_expressions to None, run_after=None
[2024-05-27T10:07:39.699+0000] {logging_mixin.py:188} INFO - [2024-05-27T10:07:39.698+0000] {dag.py:3954} INFO - Setting next_dagrun for consume_1_or_both_2_and_3_with_dataset_expressions to None, run_after=None
[2024-05-27T10:07:39.700+0000] {logging_mixin.py:188} INFO - [2024-05-27T10:07:39.700+0000] {dag.py:3954} INFO - Setting next_dagrun for dataset_consumes_1 to None, run_after=None
[2024-05-27T10:07:39.702+0000] {logging_mixin.py:188} INFO - [2024-05-27T10:07:39.702+0000] {dag.py:3954} INFO - Setting next_dagrun for dataset_consumes_1_and_2 to None, run_after=None
[2024-05-27T10:07:39.704+0000] {logging_mixin.py:188} INFO - [2024-05-27T10:07:39.704+0000] {dag.py:3954} INFO - Setting next_dagrun for dataset_consumes_1_never_scheduled to None, run_after=None
[2024-05-27T10:07:39.705+0000] {logging_mixin.py:188} INFO - [2024-05-27T10:07:39.705+0000] {dag.py:3954} INFO - Setting next_dagrun for dataset_consumes_unknown_never_scheduled to None, run_after=None
[2024-05-27T10:07:39.709+0000] {logging_mixin.py:188} INFO - [2024-05-27T10:07:39.709+0000] {dag.py:3954} INFO - Setting next_dagrun for dataset_produces_1 to 2024-05-26 00:00:00+00:00, run_after=2024-05-27 00:00:00+00:00
[2024-05-27T10:07:39.710+0000] {logging_mixin.py:188} INFO - [2024-05-27T10:07:39.710+0000] {dag.py:3954} INFO - Setting next_dagrun for dataset_produces_2 to None, run_after=None
[2024-05-27T10:07:39.735+0000] {processor.py:183} INFO - Processing /home/airflow/.local/lib/python3.12/site-packages/airflow/example_dags/example_datasets.py took 0.225 seconds
