[2024-05-27T08:51:45.815+0000] {processor.py:161} INFO - Started process (PID=28) to work on /home/airflow/.local/lib/python3.12/site-packages/airflow/example_dags/example_skip_dag.py
[2024-05-27T08:51:45.816+0000] {processor.py:830} INFO - Processing file /home/airflow/.local/lib/python3.12/site-packages/airflow/example_dags/example_skip_dag.py for tasks to queue
[2024-05-27T08:51:45.819+0000] {logging_mixin.py:188} INFO - [2024-05-27T08:51:45.819+0000] {dagbag.py:545} INFO - Filling up the DagBag from /home/airflow/.local/lib/python3.12/site-packages/airflow/example_dags/example_skip_dag.py
[2024-05-27T08:51:45.827+0000] {processor.py:840} INFO - DAG(s) 'example_skip_dag' retrieved from /home/airflow/.local/lib/python3.12/site-packages/airflow/example_dags/example_skip_dag.py
[2024-05-27T08:51:45.909+0000] {logging_mixin.py:188} INFO - [2024-05-27T08:51:45.909+0000] {override.py:1829} INFO - Created Permission View: can edit on DAG:example_skip_dag
[2024-05-27T08:51:45.918+0000] {logging_mixin.py:188} INFO - [2024-05-27T08:51:45.918+0000] {override.py:1829} INFO - Created Permission View: can read on DAG:example_skip_dag
[2024-05-27T08:51:45.925+0000] {logging_mixin.py:188} INFO - [2024-05-27T08:51:45.924+0000] {override.py:1829} INFO - Created Permission View: can delete on DAG:example_skip_dag
[2024-05-27T08:51:45.926+0000] {logging_mixin.py:188} INFO - [2024-05-27T08:51:45.926+0000] {dag.py:3096} INFO - Sync 1 DAGs
[2024-05-27T08:51:45.934+0000] {logging_mixin.py:188} INFO - [2024-05-27T08:51:45.934+0000] {dag.py:3118} INFO - Creating ORM DAG for example_skip_dag
[2024-05-27T08:51:45.942+0000] {logging_mixin.py:188} INFO - [2024-05-27T08:51:45.942+0000] {dag.py:3954} INFO - Setting next_dagrun for example_skip_dag to 2024-05-26 00:00:00+00:00, run_after=2024-05-27 00:00:00+00:00
[2024-05-27T08:51:45.955+0000] {processor.py:183} INFO - Processing /home/airflow/.local/lib/python3.12/site-packages/airflow/example_dags/example_skip_dag.py took 0.146 seconds
[2024-05-27T08:52:22.603+0000] {processor.py:161} INFO - Started process (PID=91) to work on /home/airflow/.local/lib/python3.12/site-packages/airflow/example_dags/example_skip_dag.py
[2024-05-27T08:52:22.606+0000] {processor.py:830} INFO - Processing file /home/airflow/.local/lib/python3.12/site-packages/airflow/example_dags/example_skip_dag.py for tasks to queue
[2024-05-27T08:52:22.609+0000] {logging_mixin.py:188} INFO - [2024-05-27T08:52:22.608+0000] {dagbag.py:545} INFO - Filling up the DagBag from /home/airflow/.local/lib/python3.12/site-packages/airflow/example_dags/example_skip_dag.py
[2024-05-27T08:52:22.618+0000] {processor.py:840} INFO - DAG(s) 'example_skip_dag' retrieved from /home/airflow/.local/lib/python3.12/site-packages/airflow/example_dags/example_skip_dag.py
[2024-05-27T08:52:22.665+0000] {logging_mixin.py:188} INFO - [2024-05-27T08:52:22.665+0000] {dag.py:3096} INFO - Sync 1 DAGs
[2024-05-27T08:52:22.683+0000] {logging_mixin.py:188} INFO - [2024-05-27T08:52:22.683+0000] {dag.py:3954} INFO - Setting next_dagrun for example_skip_dag to 2024-05-26 00:00:00+00:00, run_after=2024-05-27 00:00:00+00:00
[2024-05-27T08:52:22.698+0000] {processor.py:183} INFO - Processing /home/airflow/.local/lib/python3.12/site-packages/airflow/example_dags/example_skip_dag.py took 0.107 seconds
[2024-05-27T08:52:59.696+0000] {processor.py:161} INFO - Started process (PID=143) to work on /home/airflow/.local/lib/python3.12/site-packages/airflow/example_dags/example_skip_dag.py
[2024-05-27T08:52:59.703+0000] {processor.py:830} INFO - Processing file /home/airflow/.local/lib/python3.12/site-packages/airflow/example_dags/example_skip_dag.py for tasks to queue
[2024-05-27T08:52:59.732+0000] {logging_mixin.py:188} INFO - [2024-05-27T08:52:59.730+0000] {dagbag.py:545} INFO - Filling up the DagBag from /home/airflow/.local/lib/python3.12/site-packages/airflow/example_dags/example_skip_dag.py
[2024-05-27T08:53:00.717+0000] {processor.py:840} INFO - DAG(s) 'example_skip_dag' retrieved from /home/airflow/.local/lib/python3.12/site-packages/airflow/example_dags/example_skip_dag.py
[2024-05-27T08:53:01.031+0000] {logging_mixin.py:188} INFO - [2024-05-27T08:53:01.017+0000] {dag.py:3096} INFO - Sync 1 DAGs
[2024-05-27T08:53:02.233+0000] {logging_mixin.py:188} INFO - [2024-05-27T08:53:02.232+0000] {dag.py:3954} INFO - Setting next_dagrun for example_skip_dag to 2024-05-26 00:00:00+00:00, run_after=2024-05-27 00:00:00+00:00
[2024-05-27T08:53:02.321+0000] {processor.py:183} INFO - Processing /home/airflow/.local/lib/python3.12/site-packages/airflow/example_dags/example_skip_dag.py took 3.940 seconds
[2024-05-27T08:55:41.773+0000] {processor.py:161} INFO - Started process (PID=28) to work on /home/airflow/.local/lib/python3.12/site-packages/airflow/example_dags/example_skip_dag.py
[2024-05-27T08:55:41.775+0000] {processor.py:830} INFO - Processing file /home/airflow/.local/lib/python3.12/site-packages/airflow/example_dags/example_skip_dag.py for tasks to queue
[2024-05-27T08:55:41.777+0000] {logging_mixin.py:188} INFO - [2024-05-27T08:55:41.777+0000] {dagbag.py:545} INFO - Filling up the DagBag from /home/airflow/.local/lib/python3.12/site-packages/airflow/example_dags/example_skip_dag.py
[2024-05-27T08:55:41.786+0000] {processor.py:840} INFO - DAG(s) 'example_skip_dag' retrieved from /home/airflow/.local/lib/python3.12/site-packages/airflow/example_dags/example_skip_dag.py
[2024-05-27T08:55:41.799+0000] {logging_mixin.py:188} INFO - [2024-05-27T08:55:41.799+0000] {dag.py:3096} INFO - Sync 1 DAGs
[2024-05-27T08:55:41.818+0000] {logging_mixin.py:188} INFO - [2024-05-27T08:55:41.818+0000] {dag.py:3954} INFO - Setting next_dagrun for example_skip_dag to 2024-05-26 00:00:00+00:00, run_after=2024-05-27 00:00:00+00:00
[2024-05-27T08:55:41.833+0000] {processor.py:183} INFO - Processing /home/airflow/.local/lib/python3.12/site-packages/airflow/example_dags/example_skip_dag.py took 0.065 seconds
[2024-05-27T08:56:24.433+0000] {processor.py:161} INFO - Started process (PID=87) to work on /home/airflow/.local/lib/python3.12/site-packages/airflow/example_dags/example_skip_dag.py
[2024-05-27T08:56:24.438+0000] {processor.py:830} INFO - Processing file /home/airflow/.local/lib/python3.12/site-packages/airflow/example_dags/example_skip_dag.py for tasks to queue
[2024-05-27T08:56:24.454+0000] {logging_mixin.py:188} INFO - [2024-05-27T08:56:24.450+0000] {dagbag.py:545} INFO - Filling up the DagBag from /home/airflow/.local/lib/python3.12/site-packages/airflow/example_dags/example_skip_dag.py
[2024-05-27T08:56:24.520+0000] {processor.py:840} INFO - DAG(s) 'example_skip_dag' retrieved from /home/airflow/.local/lib/python3.12/site-packages/airflow/example_dags/example_skip_dag.py
[2024-05-27T08:56:24.839+0000] {logging_mixin.py:188} INFO - [2024-05-27T08:56:24.835+0000] {dag.py:3096} INFO - Sync 1 DAGs
[2024-05-27T08:56:24.892+0000] {logging_mixin.py:188} INFO - [2024-05-27T08:56:24.891+0000] {dag.py:3954} INFO - Setting next_dagrun for example_skip_dag to 2024-05-26 00:00:00+00:00, run_after=2024-05-27 00:00:00+00:00
[2024-05-27T08:56:25.052+0000] {processor.py:183} INFO - Processing /home/airflow/.local/lib/python3.12/site-packages/airflow/example_dags/example_skip_dag.py took 0.652 seconds
[2024-05-27T08:59:03.693+0000] {processor.py:161} INFO - Started process (PID=172) to work on /home/airflow/.local/lib/python3.12/site-packages/airflow/example_dags/example_skip_dag.py
[2024-05-27T08:59:03.734+0000] {processor.py:830} INFO - Processing file /home/airflow/.local/lib/python3.12/site-packages/airflow/example_dags/example_skip_dag.py for tasks to queue
[2024-05-27T08:59:03.754+0000] {logging_mixin.py:188} INFO - [2024-05-27T08:59:03.753+0000] {dagbag.py:545} INFO - Filling up the DagBag from /home/airflow/.local/lib/python3.12/site-packages/airflow/example_dags/example_skip_dag.py
[2024-05-27T08:59:03.802+0000] {processor.py:840} INFO - DAG(s) 'example_skip_dag' retrieved from /home/airflow/.local/lib/python3.12/site-packages/airflow/example_dags/example_skip_dag.py
[2024-05-27T08:59:04.613+0000] {logging_mixin.py:188} INFO - [2024-05-27T08:59:04.603+0000] {dag.py:3096} INFO - Sync 1 DAGs
[2024-05-27T08:59:04.339+0000] {logging_mixin.py:188} INFO - [2024-05-27T08:59:04.332+0000] {dag.py:3954} INFO - Setting next_dagrun for example_skip_dag to 2024-05-26 00:00:00+00:00, run_after=2024-05-27 00:00:00+00:00
[2024-05-27T08:59:14.144+0000] {processor.py:183} INFO - Processing /home/airflow/.local/lib/python3.12/site-packages/airflow/example_dags/example_skip_dag.py took 11.570 seconds
[2024-05-27T09:01:05.243+0000] {processor.py:161} INFO - Started process (PID=238) to work on /home/airflow/.local/lib/python3.12/site-packages/airflow/example_dags/example_skip_dag.py
[2024-05-27T09:01:05.249+0000] {processor.py:830} INFO - Processing file /home/airflow/.local/lib/python3.12/site-packages/airflow/example_dags/example_skip_dag.py for tasks to queue
[2024-05-27T09:01:05.261+0000] {logging_mixin.py:188} INFO - [2024-05-27T09:01:05.255+0000] {dagbag.py:545} INFO - Filling up the DagBag from /home/airflow/.local/lib/python3.12/site-packages/airflow/example_dags/example_skip_dag.py
[2024-05-27T09:01:05.352+0000] {processor.py:840} INFO - DAG(s) 'example_skip_dag' retrieved from /home/airflow/.local/lib/python3.12/site-packages/airflow/example_dags/example_skip_dag.py
[2024-05-27T09:01:05.127+0000] {logging_mixin.py:188} INFO - [2024-05-27T09:01:05.126+0000] {dag.py:3096} INFO - Sync 1 DAGs
[2024-05-27T09:01:05.172+0000] {logging_mixin.py:188} INFO - [2024-05-27T09:01:05.171+0000] {dag.py:3954} INFO - Setting next_dagrun for example_skip_dag to 2024-05-26 00:00:00+00:00, run_after=2024-05-27 00:00:00+00:00
[2024-05-27T09:01:05.220+0000] {processor.py:183} INFO - Processing /home/airflow/.local/lib/python3.12/site-packages/airflow/example_dags/example_skip_dag.py took 0.379 seconds
[2024-05-27T09:03:06.204+0000] {processor.py:161} INFO - Started process (PID=288) to work on /home/airflow/.local/lib/python3.12/site-packages/airflow/example_dags/example_skip_dag.py
[2024-05-27T09:03:06.207+0000] {processor.py:830} INFO - Processing file /home/airflow/.local/lib/python3.12/site-packages/airflow/example_dags/example_skip_dag.py for tasks to queue
[2024-05-27T09:03:06.212+0000] {logging_mixin.py:188} INFO - [2024-05-27T09:03:06.211+0000] {dagbag.py:545} INFO - Filling up the DagBag from /home/airflow/.local/lib/python3.12/site-packages/airflow/example_dags/example_skip_dag.py
[2024-05-27T09:03:06.250+0000] {processor.py:840} INFO - DAG(s) 'example_skip_dag' retrieved from /home/airflow/.local/lib/python3.12/site-packages/airflow/example_dags/example_skip_dag.py
[2024-05-27T09:03:07.706+0000] {logging_mixin.py:188} INFO - [2024-05-27T09:03:07.705+0000] {dag.py:3096} INFO - Sync 1 DAGs
[2024-05-27T09:03:07.730+0000] {logging_mixin.py:188} INFO - [2024-05-27T09:03:07.730+0000] {dag.py:3954} INFO - Setting next_dagrun for example_skip_dag to 2024-05-26 00:00:00+00:00, run_after=2024-05-27 00:00:00+00:00
[2024-05-27T09:03:07.786+0000] {processor.py:183} INFO - Processing /home/airflow/.local/lib/python3.12/site-packages/airflow/example_dags/example_skip_dag.py took 1.592 seconds
[2024-05-27T09:04:50.929+0000] {processor.py:161} INFO - Started process (PID=364) to work on /home/airflow/.local/lib/python3.12/site-packages/airflow/example_dags/example_skip_dag.py
[2024-05-27T09:04:50.937+0000] {processor.py:830} INFO - Processing file /home/airflow/.local/lib/python3.12/site-packages/airflow/example_dags/example_skip_dag.py for tasks to queue
[2024-05-27T09:04:50.945+0000] {logging_mixin.py:188} INFO - [2024-05-27T09:04:50.942+0000] {dagbag.py:545} INFO - Filling up the DagBag from /home/airflow/.local/lib/python3.12/site-packages/airflow/example_dags/example_skip_dag.py
[2024-05-27T09:04:51.075+0000] {processor.py:840} INFO - DAG(s) 'example_skip_dag' retrieved from /home/airflow/.local/lib/python3.12/site-packages/airflow/example_dags/example_skip_dag.py
[2024-05-27T09:04:55.002+0000] {logging_mixin.py:188} INFO - [2024-05-27T09:04:54.996+0000] {dag.py:3096} INFO - Sync 1 DAGs
[2024-05-27T09:04:56.669+0000] {logging_mixin.py:188} INFO - [2024-05-27T09:04:56.669+0000] {dag.py:3954} INFO - Setting next_dagrun for example_skip_dag to 2024-05-26 00:00:00+00:00, run_after=2024-05-27 00:00:00+00:00
[2024-05-27T09:04:56.832+0000] {processor.py:183} INFO - Processing /home/airflow/.local/lib/python3.12/site-packages/airflow/example_dags/example_skip_dag.py took 6.315 seconds
[2024-05-27T09:05:49.304+0000] {processor.py:161} INFO - Started process (PID=415) to work on /home/airflow/.local/lib/python3.12/site-packages/airflow/example_dags/example_skip_dag.py
[2024-05-27T09:05:49.307+0000] {processor.py:830} INFO - Processing file /home/airflow/.local/lib/python3.12/site-packages/airflow/example_dags/example_skip_dag.py for tasks to queue
[2024-05-27T09:05:49.310+0000] {logging_mixin.py:188} INFO - [2024-05-27T09:05:49.310+0000] {dagbag.py:545} INFO - Filling up the DagBag from /home/airflow/.local/lib/python3.12/site-packages/airflow/example_dags/example_skip_dag.py
[2024-05-27T09:05:49.338+0000] {processor.py:840} INFO - DAG(s) 'example_skip_dag' retrieved from /home/airflow/.local/lib/python3.12/site-packages/airflow/example_dags/example_skip_dag.py
[2024-05-27T09:05:49.466+0000] {logging_mixin.py:188} INFO - [2024-05-27T09:05:49.466+0000] {dag.py:3096} INFO - Sync 1 DAGs
[2024-05-27T09:05:49.583+0000] {logging_mixin.py:188} INFO - [2024-05-27T09:05:49.582+0000] {dag.py:3954} INFO - Setting next_dagrun for example_skip_dag to 2024-05-26 00:00:00+00:00, run_after=2024-05-27 00:00:00+00:00
[2024-05-27T09:05:50.358+0000] {processor.py:183} INFO - Processing /home/airflow/.local/lib/python3.12/site-packages/airflow/example_dags/example_skip_dag.py took 1.072 seconds
[2024-05-27T09:07:25.433+0000] {processor.py:161} INFO - Started process (PID=462) to work on /home/airflow/.local/lib/python3.12/site-packages/airflow/example_dags/example_skip_dag.py
[2024-05-27T09:07:25.447+0000] {processor.py:830} INFO - Processing file /home/airflow/.local/lib/python3.12/site-packages/airflow/example_dags/example_skip_dag.py for tasks to queue
[2024-05-27T09:07:25.457+0000] {logging_mixin.py:188} INFO - [2024-05-27T09:07:25.456+0000] {dagbag.py:545} INFO - Filling up the DagBag from /home/airflow/.local/lib/python3.12/site-packages/airflow/example_dags/example_skip_dag.py
[2024-05-27T09:07:25.500+0000] {processor.py:840} INFO - DAG(s) 'example_skip_dag' retrieved from /home/airflow/.local/lib/python3.12/site-packages/airflow/example_dags/example_skip_dag.py
[2024-05-27T09:07:25.690+0000] {logging_mixin.py:188} INFO - [2024-05-27T09:07:25.686+0000] {dag.py:3096} INFO - Sync 1 DAGs
[2024-05-27T09:07:25.729+0000] {logging_mixin.py:188} INFO - [2024-05-27T09:07:25.729+0000] {dag.py:3954} INFO - Setting next_dagrun for example_skip_dag to 2024-05-26 00:00:00+00:00, run_after=2024-05-27 00:00:00+00:00
[2024-05-27T09:07:25.770+0000] {processor.py:183} INFO - Processing /home/airflow/.local/lib/python3.12/site-packages/airflow/example_dags/example_skip_dag.py took 0.351 seconds
[2024-05-27T09:08:17.409+0000] {processor.py:161} INFO - Started process (PID=513) to work on /home/airflow/.local/lib/python3.12/site-packages/airflow/example_dags/example_skip_dag.py
[2024-05-27T09:08:17.427+0000] {processor.py:830} INFO - Processing file /home/airflow/.local/lib/python3.12/site-packages/airflow/example_dags/example_skip_dag.py for tasks to queue
[2024-05-27T09:08:17.442+0000] {logging_mixin.py:188} INFO - [2024-05-27T09:08:17.435+0000] {dagbag.py:545} INFO - Filling up the DagBag from /home/airflow/.local/lib/python3.12/site-packages/airflow/example_dags/example_skip_dag.py
[2024-05-27T09:08:17.509+0000] {processor.py:840} INFO - DAG(s) 'example_skip_dag' retrieved from /home/airflow/.local/lib/python3.12/site-packages/airflow/example_dags/example_skip_dag.py
[2024-05-27T09:08:21.315+0000] {logging_mixin.py:188} INFO - [2024-05-27T09:08:21.315+0000] {dag.py:3096} INFO - Sync 1 DAGs
[2024-05-27T09:08:22.786+0000] {logging_mixin.py:188} INFO - [2024-05-27T09:08:22.780+0000] {dag.py:3954} INFO - Setting next_dagrun for example_skip_dag to 2024-05-26 00:00:00+00:00, run_after=2024-05-27 00:00:00+00:00
[2024-05-27T09:08:22.844+0000] {processor.py:183} INFO - Processing /home/airflow/.local/lib/python3.12/site-packages/airflow/example_dags/example_skip_dag.py took 5.470 seconds
[2024-05-27T09:09:58.274+0000] {processor.py:161} INFO - Started process (PID=585) to work on /home/airflow/.local/lib/python3.12/site-packages/airflow/example_dags/example_skip_dag.py
[2024-05-27T09:09:58.279+0000] {processor.py:830} INFO - Processing file /home/airflow/.local/lib/python3.12/site-packages/airflow/example_dags/example_skip_dag.py for tasks to queue
[2024-05-27T09:09:58.284+0000] {logging_mixin.py:188} INFO - [2024-05-27T09:09:58.282+0000] {dagbag.py:545} INFO - Filling up the DagBag from /home/airflow/.local/lib/python3.12/site-packages/airflow/example_dags/example_skip_dag.py
[2024-05-27T09:09:58.316+0000] {processor.py:840} INFO - DAG(s) 'example_skip_dag' retrieved from /home/airflow/.local/lib/python3.12/site-packages/airflow/example_dags/example_skip_dag.py
[2024-05-27T09:09:59.747+0000] {logging_mixin.py:188} INFO - [2024-05-27T09:09:59.646+0000] {dag.py:3096} INFO - Sync 1 DAGs
[2024-05-27T09:10:03.771+0000] {logging_mixin.py:188} INFO - [2024-05-27T09:10:03.770+0000] {dag.py:3954} INFO - Setting next_dagrun for example_skip_dag to 2024-05-26 00:00:00+00:00, run_after=2024-05-27 00:00:00+00:00
[2024-05-27T09:10:05.204+0000] {processor.py:183} INFO - Processing /home/airflow/.local/lib/python3.12/site-packages/airflow/example_dags/example_skip_dag.py took 6.953 seconds
[2024-05-27T09:11:38.797+0000] {processor.py:161} INFO - Started process (PID=28) to work on /home/airflow/.local/lib/python3.12/site-packages/airflow/example_dags/example_skip_dag.py
[2024-05-27T09:11:38.799+0000] {processor.py:830} INFO - Processing file /home/airflow/.local/lib/python3.12/site-packages/airflow/example_dags/example_skip_dag.py for tasks to queue
[2024-05-27T09:11:38.802+0000] {logging_mixin.py:188} INFO - [2024-05-27T09:11:38.802+0000] {dagbag.py:545} INFO - Filling up the DagBag from /home/airflow/.local/lib/python3.12/site-packages/airflow/example_dags/example_skip_dag.py
[2024-05-27T09:11:38.810+0000] {processor.py:840} INFO - DAG(s) 'example_skip_dag' retrieved from /home/airflow/.local/lib/python3.12/site-packages/airflow/example_dags/example_skip_dag.py
[2024-05-27T09:11:38.824+0000] {logging_mixin.py:188} INFO - [2024-05-27T09:11:38.823+0000] {dag.py:3096} INFO - Sync 1 DAGs
[2024-05-27T09:11:38.851+0000] {logging_mixin.py:188} INFO - [2024-05-27T09:11:38.851+0000] {dag.py:3954} INFO - Setting next_dagrun for example_skip_dag to 2024-05-26 00:00:00+00:00, run_after=2024-05-27 00:00:00+00:00
[2024-05-27T09:11:38.876+0000] {processor.py:183} INFO - Processing /home/airflow/.local/lib/python3.12/site-packages/airflow/example_dags/example_skip_dag.py took 0.084 seconds
[2024-05-27T09:12:15.005+0000] {processor.py:161} INFO - Started process (PID=86) to work on /home/airflow/.local/lib/python3.12/site-packages/airflow/example_dags/example_skip_dag.py
[2024-05-27T09:12:15.009+0000] {processor.py:830} INFO - Processing file /home/airflow/.local/lib/python3.12/site-packages/airflow/example_dags/example_skip_dag.py for tasks to queue
[2024-05-27T09:12:15.022+0000] {logging_mixin.py:188} INFO - [2024-05-27T09:12:15.021+0000] {dagbag.py:545} INFO - Filling up the DagBag from /home/airflow/.local/lib/python3.12/site-packages/airflow/example_dags/example_skip_dag.py
[2024-05-27T09:12:15.048+0000] {processor.py:840} INFO - DAG(s) 'example_skip_dag' retrieved from /home/airflow/.local/lib/python3.12/site-packages/airflow/example_dags/example_skip_dag.py
[2024-05-27T09:12:15.296+0000] {logging_mixin.py:188} INFO - [2024-05-27T09:12:15.295+0000] {dag.py:3096} INFO - Sync 1 DAGs
[2024-05-27T09:12:15.329+0000] {logging_mixin.py:188} INFO - [2024-05-27T09:12:15.329+0000] {dag.py:3954} INFO - Setting next_dagrun for example_skip_dag to 2024-05-26 00:00:00+00:00, run_after=2024-05-27 00:00:00+00:00
[2024-05-27T09:12:15.354+0000] {processor.py:183} INFO - Processing /home/airflow/.local/lib/python3.12/site-packages/airflow/example_dags/example_skip_dag.py took 0.422 seconds
[2024-05-27T09:24:41.589+0000] {processor.py:161} INFO - Started process (PID=28) to work on /home/airflow/.local/lib/python3.12/site-packages/airflow/example_dags/example_skip_dag.py
[2024-05-27T09:24:41.592+0000] {processor.py:830} INFO - Processing file /home/airflow/.local/lib/python3.12/site-packages/airflow/example_dags/example_skip_dag.py for tasks to queue
[2024-05-27T09:24:41.595+0000] {logging_mixin.py:188} INFO - [2024-05-27T09:24:41.595+0000] {dagbag.py:545} INFO - Filling up the DagBag from /home/airflow/.local/lib/python3.12/site-packages/airflow/example_dags/example_skip_dag.py
[2024-05-27T09:24:41.608+0000] {processor.py:840} INFO - DAG(s) 'example_skip_dag' retrieved from /home/airflow/.local/lib/python3.12/site-packages/airflow/example_dags/example_skip_dag.py
[2024-05-27T09:24:41.625+0000] {logging_mixin.py:188} INFO - [2024-05-27T09:24:41.625+0000] {dag.py:3096} INFO - Sync 1 DAGs
[2024-05-27T09:24:41.645+0000] {logging_mixin.py:188} INFO - [2024-05-27T09:24:41.645+0000] {dag.py:3954} INFO - Setting next_dagrun for example_skip_dag to 2024-05-26 00:00:00+00:00, run_after=2024-05-27 00:00:00+00:00
[2024-05-27T09:24:41.667+0000] {processor.py:183} INFO - Processing /home/airflow/.local/lib/python3.12/site-packages/airflow/example_dags/example_skip_dag.py took 0.083 seconds
[2024-05-27T09:25:35.415+0000] {processor.py:161} INFO - Started process (PID=93) to work on /home/airflow/.local/lib/python3.12/site-packages/airflow/example_dags/example_skip_dag.py
[2024-05-27T09:25:35.420+0000] {processor.py:830} INFO - Processing file /home/airflow/.local/lib/python3.12/site-packages/airflow/example_dags/example_skip_dag.py for tasks to queue
[2024-05-27T09:25:35.447+0000] {logging_mixin.py:188} INFO - [2024-05-27T09:25:35.443+0000] {dagbag.py:545} INFO - Filling up the DagBag from /home/airflow/.local/lib/python3.12/site-packages/airflow/example_dags/example_skip_dag.py
[2024-05-27T09:25:35.503+0000] {processor.py:840} INFO - DAG(s) 'example_skip_dag' retrieved from /home/airflow/.local/lib/python3.12/site-packages/airflow/example_dags/example_skip_dag.py
[2024-05-27T09:25:42.772+0000] {logging_mixin.py:188} INFO - [2024-05-27T09:25:42.695+0000] {dag.py:3096} INFO - Sync 1 DAGs
[2024-05-27T09:25:55.929+0000] {logging_mixin.py:188} INFO - [2024-05-27T09:25:55.553+0000] {dag.py:3954} INFO - Setting next_dagrun for example_skip_dag to 2024-05-26 00:00:00+00:00, run_after=2024-05-27 00:00:00+00:00
[2024-05-27T09:26:00.478+0000] {processor.py:183} INFO - Processing /home/airflow/.local/lib/python3.12/site-packages/airflow/example_dags/example_skip_dag.py took 25.209 seconds
[2024-05-27T09:27:22.430+0000] {processor.py:161} INFO - Started process (PID=123) to work on /home/airflow/.local/lib/python3.12/site-packages/airflow/example_dags/example_skip_dag.py
[2024-05-27T09:27:22.437+0000] {processor.py:830} INFO - Processing file /home/airflow/.local/lib/python3.12/site-packages/airflow/example_dags/example_skip_dag.py for tasks to queue
[2024-05-27T09:27:22.499+0000] {logging_mixin.py:188} INFO - [2024-05-27T09:27:22.493+0000] {dagbag.py:545} INFO - Filling up the DagBag from /home/airflow/.local/lib/python3.12/site-packages/airflow/example_dags/example_skip_dag.py
[2024-05-27T09:27:22.631+0000] {processor.py:840} INFO - DAG(s) 'example_skip_dag' retrieved from /home/airflow/.local/lib/python3.12/site-packages/airflow/example_dags/example_skip_dag.py
[2024-05-27T09:27:26.497+0000] {logging_mixin.py:188} INFO - [2024-05-27T09:27:26.495+0000] {process_utils.py:263} INFO - Waiting up to 5 seconds for processes to exit...
[2024-05-27T09:28:15.475+0000] {processor.py:161} INFO - Started process (PID=29) to work on /home/airflow/.local/lib/python3.12/site-packages/airflow/example_dags/example_skip_dag.py
[2024-05-27T09:28:15.477+0000] {processor.py:830} INFO - Processing file /home/airflow/.local/lib/python3.12/site-packages/airflow/example_dags/example_skip_dag.py for tasks to queue
[2024-05-27T09:28:15.481+0000] {logging_mixin.py:188} INFO - [2024-05-27T09:28:15.481+0000] {dagbag.py:545} INFO - Filling up the DagBag from /home/airflow/.local/lib/python3.12/site-packages/airflow/example_dags/example_skip_dag.py
[2024-05-27T09:28:15.491+0000] {processor.py:840} INFO - DAG(s) 'example_skip_dag' retrieved from /home/airflow/.local/lib/python3.12/site-packages/airflow/example_dags/example_skip_dag.py
[2024-05-27T09:28:15.504+0000] {logging_mixin.py:188} INFO - [2024-05-27T09:28:15.504+0000] {dag.py:3096} INFO - Sync 1 DAGs
[2024-05-27T09:28:15.532+0000] {logging_mixin.py:188} INFO - [2024-05-27T09:28:15.531+0000] {dag.py:3954} INFO - Setting next_dagrun for example_skip_dag to 2024-05-26 00:00:00+00:00, run_after=2024-05-27 00:00:00+00:00
[2024-05-27T09:28:15.550+0000] {processor.py:183} INFO - Processing /home/airflow/.local/lib/python3.12/site-packages/airflow/example_dags/example_skip_dag.py took 0.081 seconds
[2024-05-27T09:28:53.758+0000] {processor.py:161} INFO - Started process (PID=89) to work on /home/airflow/.local/lib/python3.12/site-packages/airflow/example_dags/example_skip_dag.py
[2024-05-27T09:28:53.760+0000] {processor.py:830} INFO - Processing file /home/airflow/.local/lib/python3.12/site-packages/airflow/example_dags/example_skip_dag.py for tasks to queue
[2024-05-27T09:28:53.768+0000] {logging_mixin.py:188} INFO - [2024-05-27T09:28:53.766+0000] {dagbag.py:545} INFO - Filling up the DagBag from /home/airflow/.local/lib/python3.12/site-packages/airflow/example_dags/example_skip_dag.py
[2024-05-27T09:28:53.792+0000] {processor.py:840} INFO - DAG(s) 'example_skip_dag' retrieved from /home/airflow/.local/lib/python3.12/site-packages/airflow/example_dags/example_skip_dag.py
[2024-05-27T09:28:54.031+0000] {logging_mixin.py:188} INFO - [2024-05-27T09:28:54.026+0000] {dag.py:3096} INFO - Sync 1 DAGs
[2024-05-27T09:28:54.135+0000] {logging_mixin.py:188} INFO - [2024-05-27T09:28:54.130+0000] {dag.py:3954} INFO - Setting next_dagrun for example_skip_dag to 2024-05-26 00:00:00+00:00, run_after=2024-05-27 00:00:00+00:00
[2024-05-27T09:28:54.846+0000] {processor.py:183} INFO - Processing /home/airflow/.local/lib/python3.12/site-packages/airflow/example_dags/example_skip_dag.py took 1.097 seconds
[2024-05-27T09:31:24.407+0000] {processor.py:161} INFO - Started process (PID=141) to work on /home/airflow/.local/lib/python3.12/site-packages/airflow/example_dags/example_skip_dag.py
[2024-05-27T09:31:24.412+0000] {processor.py:830} INFO - Processing file /home/airflow/.local/lib/python3.12/site-packages/airflow/example_dags/example_skip_dag.py for tasks to queue
[2024-05-27T09:31:24.474+0000] {logging_mixin.py:188} INFO - [2024-05-27T09:31:24.444+0000] {dagbag.py:545} INFO - Filling up the DagBag from /home/airflow/.local/lib/python3.12/site-packages/airflow/example_dags/example_skip_dag.py
[2024-05-27T09:31:24.540+0000] {processor.py:840} INFO - DAG(s) 'example_skip_dag' retrieved from /home/airflow/.local/lib/python3.12/site-packages/airflow/example_dags/example_skip_dag.py
[2024-05-27T09:31:24.706+0000] {logging_mixin.py:188} INFO - [2024-05-27T09:31:24.705+0000] {dag.py:3096} INFO - Sync 1 DAGs
[2024-05-27T09:31:24.852+0000] {logging_mixin.py:188} INFO - [2024-05-27T09:31:24.852+0000] {dag.py:3954} INFO - Setting next_dagrun for example_skip_dag to 2024-05-26 00:00:00+00:00, run_after=2024-05-27 00:00:00+00:00
[2024-05-27T09:31:27.540+0000] {processor.py:183} INFO - Processing /home/airflow/.local/lib/python3.12/site-packages/airflow/example_dags/example_skip_dag.py took 3.186 seconds
[2024-05-27T09:33:34.919+0000] {processor.py:161} INFO - Started process (PID=29) to work on /home/airflow/.local/lib/python3.12/site-packages/airflow/example_dags/example_skip_dag.py
[2024-05-27T09:33:34.920+0000] {processor.py:830} INFO - Processing file /home/airflow/.local/lib/python3.12/site-packages/airflow/example_dags/example_skip_dag.py for tasks to queue
[2024-05-27T09:33:34.923+0000] {logging_mixin.py:188} INFO - [2024-05-27T09:33:34.923+0000] {dagbag.py:545} INFO - Filling up the DagBag from /home/airflow/.local/lib/python3.12/site-packages/airflow/example_dags/example_skip_dag.py
[2024-05-27T09:33:34.931+0000] {processor.py:840} INFO - DAG(s) 'example_skip_dag' retrieved from /home/airflow/.local/lib/python3.12/site-packages/airflow/example_dags/example_skip_dag.py
[2024-05-27T09:33:34.944+0000] {logging_mixin.py:188} INFO - [2024-05-27T09:33:34.944+0000] {dag.py:3096} INFO - Sync 1 DAGs
[2024-05-27T09:33:34.963+0000] {logging_mixin.py:188} INFO - [2024-05-27T09:33:34.963+0000] {dag.py:3954} INFO - Setting next_dagrun for example_skip_dag to 2024-05-26 00:00:00+00:00, run_after=2024-05-27 00:00:00+00:00
[2024-05-27T09:33:34.978+0000] {processor.py:183} INFO - Processing /home/airflow/.local/lib/python3.12/site-packages/airflow/example_dags/example_skip_dag.py took 0.064 seconds
[2024-05-27T09:34:15.560+0000] {processor.py:161} INFO - Started process (PID=88) to work on /home/airflow/.local/lib/python3.12/site-packages/airflow/example_dags/example_skip_dag.py
[2024-05-27T09:34:15.562+0000] {processor.py:830} INFO - Processing file /home/airflow/.local/lib/python3.12/site-packages/airflow/example_dags/example_skip_dag.py for tasks to queue
[2024-05-27T09:34:15.566+0000] {logging_mixin.py:188} INFO - [2024-05-27T09:34:15.565+0000] {dagbag.py:545} INFO - Filling up the DagBag from /home/airflow/.local/lib/python3.12/site-packages/airflow/example_dags/example_skip_dag.py
[2024-05-27T09:34:15.587+0000] {processor.py:840} INFO - DAG(s) 'example_skip_dag' retrieved from /home/airflow/.local/lib/python3.12/site-packages/airflow/example_dags/example_skip_dag.py
[2024-05-27T09:34:15.763+0000] {logging_mixin.py:188} INFO - [2024-05-27T09:34:15.759+0000] {dag.py:3096} INFO - Sync 1 DAGs
[2024-05-27T09:34:15.832+0000] {logging_mixin.py:188} INFO - [2024-05-27T09:34:15.826+0000] {dag.py:3954} INFO - Setting next_dagrun for example_skip_dag to 2024-05-26 00:00:00+00:00, run_after=2024-05-27 00:00:00+00:00
[2024-05-27T09:34:16.244+0000] {processor.py:183} INFO - Processing /home/airflow/.local/lib/python3.12/site-packages/airflow/example_dags/example_skip_dag.py took 0.694 seconds
[2024-05-27T09:38:54.913+0000] {processor.py:161} INFO - Started process (PID=185) to work on /home/airflow/.local/lib/python3.12/site-packages/airflow/example_dags/example_skip_dag.py
[2024-05-27T09:38:54.933+0000] {processor.py:830} INFO - Processing file /home/airflow/.local/lib/python3.12/site-packages/airflow/example_dags/example_skip_dag.py for tasks to queue
[2024-05-27T09:38:54.962+0000] {logging_mixin.py:188} INFO - [2024-05-27T09:38:54.947+0000] {dagbag.py:545} INFO - Filling up the DagBag from /home/airflow/.local/lib/python3.12/site-packages/airflow/example_dags/example_skip_dag.py
[2024-05-27T09:38:56.352+0000] {processor.py:840} INFO - DAG(s) 'example_skip_dag' retrieved from /home/airflow/.local/lib/python3.12/site-packages/airflow/example_dags/example_skip_dag.py
[2024-05-27T09:38:58.144+0000] {logging_mixin.py:188} INFO - [2024-05-27T09:38:58.125+0000] {dag.py:3096} INFO - Sync 1 DAGs
[2024-05-27T09:38:59.972+0000] {logging_mixin.py:188} INFO - [2024-05-27T09:38:59.957+0000] {dag.py:3954} INFO - Setting next_dagrun for example_skip_dag to 2024-05-26 00:00:00+00:00, run_after=2024-05-27 00:00:00+00:00
[2024-05-27T09:39:00.791+0000] {processor.py:183} INFO - Processing /home/airflow/.local/lib/python3.12/site-packages/airflow/example_dags/example_skip_dag.py took 6.441 seconds
[2024-05-27T09:42:00.759+0000] {processor.py:161} INFO - Started process (PID=260) to work on /home/airflow/.local/lib/python3.12/site-packages/airflow/example_dags/example_skip_dag.py
[2024-05-27T09:42:01.344+0000] {processor.py:830} INFO - Processing file /home/airflow/.local/lib/python3.12/site-packages/airflow/example_dags/example_skip_dag.py for tasks to queue
[2024-05-27T09:42:01.362+0000] {logging_mixin.py:188} INFO - [2024-05-27T09:42:01.354+0000] {dagbag.py:545} INFO - Filling up the DagBag from /home/airflow/.local/lib/python3.12/site-packages/airflow/example_dags/example_skip_dag.py
[2024-05-27T09:42:01.654+0000] {processor.py:840} INFO - DAG(s) 'example_skip_dag' retrieved from /home/airflow/.local/lib/python3.12/site-packages/airflow/example_dags/example_skip_dag.py
[2024-05-27T09:42:01.995+0000] {logging_mixin.py:188} INFO - [2024-05-27T09:42:01.979+0000] {dag.py:3096} INFO - Sync 1 DAGs
[2024-05-27T09:42:03.124+0000] {logging_mixin.py:188} INFO - [2024-05-27T09:42:03.118+0000] {dag.py:3954} INFO - Setting next_dagrun for example_skip_dag to 2024-05-26 00:00:00+00:00, run_after=2024-05-27 00:00:00+00:00
[2024-05-27T09:42:03.167+0000] {processor.py:183} INFO - Processing /home/airflow/.local/lib/python3.12/site-packages/airflow/example_dags/example_skip_dag.py took 4.217 seconds
[2024-05-27T10:07:07.438+0000] {processor.py:161} INFO - Started process (PID=29) to work on /home/airflow/.local/lib/python3.12/site-packages/airflow/example_dags/example_skip_dag.py
[2024-05-27T10:07:07.440+0000] {processor.py:830} INFO - Processing file /home/airflow/.local/lib/python3.12/site-packages/airflow/example_dags/example_skip_dag.py for tasks to queue
[2024-05-27T10:07:07.443+0000] {logging_mixin.py:188} INFO - [2024-05-27T10:07:07.442+0000] {dagbag.py:545} INFO - Filling up the DagBag from /home/airflow/.local/lib/python3.12/site-packages/airflow/example_dags/example_skip_dag.py
[2024-05-27T10:07:07.451+0000] {processor.py:840} INFO - DAG(s) 'example_skip_dag' retrieved from /home/airflow/.local/lib/python3.12/site-packages/airflow/example_dags/example_skip_dag.py
[2024-05-27T10:07:07.461+0000] {logging_mixin.py:188} INFO - [2024-05-27T10:07:07.460+0000] {dag.py:3096} INFO - Sync 1 DAGs
[2024-05-27T10:07:07.495+0000] {logging_mixin.py:188} INFO - [2024-05-27T10:07:07.495+0000] {dag.py:3954} INFO - Setting next_dagrun for example_skip_dag to 2024-05-26 00:00:00+00:00, run_after=2024-05-27 00:00:00+00:00
[2024-05-27T10:07:07.530+0000] {processor.py:183} INFO - Processing /home/airflow/.local/lib/python3.12/site-packages/airflow/example_dags/example_skip_dag.py took 0.098 seconds
[2024-05-27T10:07:38.729+0000] {processor.py:161} INFO - Started process (PID=87) to work on /home/airflow/.local/lib/python3.12/site-packages/airflow/example_dags/example_skip_dag.py
[2024-05-27T10:07:38.731+0000] {processor.py:830} INFO - Processing file /home/airflow/.local/lib/python3.12/site-packages/airflow/example_dags/example_skip_dag.py for tasks to queue
[2024-05-27T10:07:38.734+0000] {logging_mixin.py:188} INFO - [2024-05-27T10:07:38.733+0000] {dagbag.py:545} INFO - Filling up the DagBag from /home/airflow/.local/lib/python3.12/site-packages/airflow/example_dags/example_skip_dag.py
[2024-05-27T10:07:38.740+0000] {processor.py:840} INFO - DAG(s) 'example_skip_dag' retrieved from /home/airflow/.local/lib/python3.12/site-packages/airflow/example_dags/example_skip_dag.py
[2024-05-27T10:07:38.807+0000] {logging_mixin.py:188} INFO - [2024-05-27T10:07:38.807+0000] {dag.py:3096} INFO - Sync 1 DAGs
[2024-05-27T10:07:38.819+0000] {logging_mixin.py:188} INFO - [2024-05-27T10:07:38.819+0000] {dag.py:3954} INFO - Setting next_dagrun for example_skip_dag to 2024-05-26 00:00:00+00:00, run_after=2024-05-27 00:00:00+00:00
[2024-05-27T10:07:38.832+0000] {processor.py:183} INFO - Processing /home/airflow/.local/lib/python3.12/site-packages/airflow/example_dags/example_skip_dag.py took 0.107 seconds
