[2024-05-27T08:51:55.055+0000] {processor.py:161} INFO - Started process (PID=70) to work on /home/airflow/.local/lib/python3.12/site-packages/airflow/example_dags/example_sla_dag.py
[2024-05-27T08:51:55.057+0000] {processor.py:830} INFO - Processing file /home/airflow/.local/lib/python3.12/site-packages/airflow/example_dags/example_sla_dag.py for tasks to queue
[2024-05-27T08:51:55.060+0000] {logging_mixin.py:188} INFO - [2024-05-27T08:51:55.059+0000] {dagbag.py:545} INFO - Filling up the DagBag from /home/airflow/.local/lib/python3.12/site-packages/airflow/example_dags/example_sla_dag.py
[2024-05-27T08:51:55.069+0000] {processor.py:840} INFO - DAG(s) 'example_sla_dag' retrieved from /home/airflow/.local/lib/python3.12/site-packages/airflow/example_dags/example_sla_dag.py
[2024-05-27T08:51:55.148+0000] {logging_mixin.py:188} INFO - [2024-05-27T08:51:55.148+0000] {override.py:1829} INFO - Created Permission View: can edit on DAG:example_sla_dag
[2024-05-27T08:51:55.157+0000] {logging_mixin.py:188} INFO - [2024-05-27T08:51:55.157+0000] {override.py:1829} INFO - Created Permission View: can read on DAG:example_sla_dag
[2024-05-27T08:51:55.166+0000] {logging_mixin.py:188} INFO - [2024-05-27T08:51:55.166+0000] {override.py:1829} INFO - Created Permission View: can delete on DAG:example_sla_dag
[2024-05-27T08:51:55.168+0000] {logging_mixin.py:188} INFO - [2024-05-27T08:51:55.168+0000] {dag.py:3096} INFO - Sync 1 DAGs
[2024-05-27T08:51:55.181+0000] {logging_mixin.py:188} INFO - [2024-05-27T08:51:55.181+0000] {dag.py:3118} INFO - Creating ORM DAG for example_sla_dag
[2024-05-27T08:51:55.194+0000] {logging_mixin.py:188} INFO - [2024-05-27T08:51:55.194+0000] {dag.py:3954} INFO - Setting next_dagrun for example_sla_dag to 2024-05-27 08:48:00+00:00, run_after=2024-05-27 08:50:00+00:00
[2024-05-27T08:51:55.207+0000] {processor.py:183} INFO - Processing /home/airflow/.local/lib/python3.12/site-packages/airflow/example_dags/example_sla_dag.py took 0.157 seconds
[2024-05-27T08:52:26.233+0000] {processor.py:161} INFO - Started process (PID=133) to work on /home/airflow/.local/lib/python3.12/site-packages/airflow/example_dags/example_sla_dag.py
[2024-05-27T08:52:26.236+0000] {processor.py:830} INFO - Processing file /home/airflow/.local/lib/python3.12/site-packages/airflow/example_dags/example_sla_dag.py for tasks to queue
[2024-05-27T08:52:26.239+0000] {logging_mixin.py:188} INFO - [2024-05-27T08:52:26.239+0000] {dagbag.py:545} INFO - Filling up the DagBag from /home/airflow/.local/lib/python3.12/site-packages/airflow/example_dags/example_sla_dag.py
[2024-05-27T08:52:26.252+0000] {processor.py:840} INFO - DAG(s) 'example_sla_dag' retrieved from /home/airflow/.local/lib/python3.12/site-packages/airflow/example_dags/example_sla_dag.py
[2024-05-27T08:52:26.299+0000] {logging_mixin.py:188} INFO - [2024-05-27T08:52:26.296+0000] {dag.py:3096} INFO - Sync 1 DAGs
[2024-05-27T08:52:26.345+0000] {logging_mixin.py:188} INFO - [2024-05-27T08:52:26.345+0000] {dag.py:3954} INFO - Setting next_dagrun for example_sla_dag to 2024-05-27 08:50:00+00:00, run_after=2024-05-27 08:52:00+00:00
[2024-05-27T08:52:26.411+0000] {processor.py:183} INFO - Processing /home/airflow/.local/lib/python3.12/site-packages/airflow/example_dags/example_sla_dag.py took 0.186 seconds
[2024-05-27T08:55:52.313+0000] {processor.py:161} INFO - Started process (PID=70) to work on /home/airflow/.local/lib/python3.12/site-packages/airflow/example_dags/example_sla_dag.py
[2024-05-27T08:55:52.315+0000] {processor.py:830} INFO - Processing file /home/airflow/.local/lib/python3.12/site-packages/airflow/example_dags/example_sla_dag.py for tasks to queue
[2024-05-27T08:55:52.318+0000] {logging_mixin.py:188} INFO - [2024-05-27T08:55:52.318+0000] {dagbag.py:545} INFO - Filling up the DagBag from /home/airflow/.local/lib/python3.12/site-packages/airflow/example_dags/example_sla_dag.py
[2024-05-27T08:55:52.329+0000] {processor.py:840} INFO - DAG(s) 'example_sla_dag' retrieved from /home/airflow/.local/lib/python3.12/site-packages/airflow/example_dags/example_sla_dag.py
[2024-05-27T08:55:52.340+0000] {logging_mixin.py:188} INFO - [2024-05-27T08:55:52.339+0000] {dag.py:3096} INFO - Sync 1 DAGs
[2024-05-27T08:55:52.362+0000] {logging_mixin.py:188} INFO - [2024-05-27T08:55:52.362+0000] {dag.py:3954} INFO - Setting next_dagrun for example_sla_dag to 2024-05-27 08:52:00+00:00, run_after=2024-05-27 08:54:00+00:00
[2024-05-27T08:55:52.381+0000] {processor.py:183} INFO - Processing /home/airflow/.local/lib/python3.12/site-packages/airflow/example_dags/example_sla_dag.py took 0.073 seconds
[2024-05-27T08:58:28.517+0000] {processor.py:161} INFO - Started process (PID=156) to work on /home/airflow/.local/lib/python3.12/site-packages/airflow/example_dags/example_sla_dag.py
[2024-05-27T08:58:28.546+0000] {processor.py:830} INFO - Processing file /home/airflow/.local/lib/python3.12/site-packages/airflow/example_dags/example_sla_dag.py for tasks to queue
[2024-05-27T08:58:28.665+0000] {logging_mixin.py:188} INFO - [2024-05-27T08:58:28.629+0000] {dagbag.py:545} INFO - Filling up the DagBag from /home/airflow/.local/lib/python3.12/site-packages/airflow/example_dags/example_sla_dag.py
[2024-05-27T08:58:30.262+0000] {processor.py:840} INFO - DAG(s) 'example_sla_dag' retrieved from /home/airflow/.local/lib/python3.12/site-packages/airflow/example_dags/example_sla_dag.py
[2024-05-27T08:58:36.452+0000] {logging_mixin.py:188} INFO - [2024-05-27T08:58:36.335+0000] {dag.py:3096} INFO - Sync 1 DAGs
[2024-05-27T08:58:38.682+0000] {logging_mixin.py:188} INFO - [2024-05-27T08:58:38.673+0000] {dag.py:3954} INFO - Setting next_dagrun for example_sla_dag to 2024-05-27 08:56:00+00:00, run_after=2024-05-27 08:58:00+00:00
[2024-05-27T08:58:38.838+0000] {processor.py:183} INFO - Processing /home/airflow/.local/lib/python3.12/site-packages/airflow/example_dags/example_sla_dag.py took 9.477 seconds
[2024-05-27T09:02:32.837+0000] {processor.py:161} INFO - Started process (PID=276) to work on /home/airflow/.local/lib/python3.12/site-packages/airflow/example_dags/example_sla_dag.py
[2024-05-27T09:02:32.846+0000] {processor.py:830} INFO - Processing file /home/airflow/.local/lib/python3.12/site-packages/airflow/example_dags/example_sla_dag.py for tasks to queue
[2024-05-27T09:02:32.849+0000] {logging_mixin.py:188} INFO - [2024-05-27T09:02:32.849+0000] {dagbag.py:545} INFO - Filling up the DagBag from /home/airflow/.local/lib/python3.12/site-packages/airflow/example_dags/example_sla_dag.py
[2024-05-27T09:02:32.924+0000] {processor.py:840} INFO - DAG(s) 'example_sla_dag' retrieved from /home/airflow/.local/lib/python3.12/site-packages/airflow/example_dags/example_sla_dag.py
[2024-05-27T09:02:35.059+0000] {logging_mixin.py:188} INFO - [2024-05-27T09:02:35.044+0000] {dag.py:3096} INFO - Sync 1 DAGs
[2024-05-27T09:02:35.821+0000] {logging_mixin.py:188} INFO - [2024-05-27T09:02:35.817+0000] {dag.py:3954} INFO - Setting next_dagrun for example_sla_dag to 2024-05-27 09:00:00+00:00, run_after=2024-05-27 09:02:00+00:00
[2024-05-27T09:02:35.886+0000] {processor.py:183} INFO - Processing /home/airflow/.local/lib/python3.12/site-packages/airflow/example_dags/example_sla_dag.py took 3.061 seconds
[2024-05-27T09:04:32.216+0000] {processor.py:161} INFO - Started process (PID=342) to work on /home/airflow/.local/lib/python3.12/site-packages/airflow/example_dags/example_sla_dag.py
[2024-05-27T09:04:32.223+0000] {processor.py:830} INFO - Processing file /home/airflow/.local/lib/python3.12/site-packages/airflow/example_dags/example_sla_dag.py for tasks to queue
[2024-05-27T09:04:32.238+0000] {logging_mixin.py:188} INFO - [2024-05-27T09:04:32.229+0000] {dagbag.py:545} INFO - Filling up the DagBag from /home/airflow/.local/lib/python3.12/site-packages/airflow/example_dags/example_sla_dag.py
[2024-05-27T09:04:32.408+0000] {processor.py:840} INFO - DAG(s) 'example_sla_dag' retrieved from /home/airflow/.local/lib/python3.12/site-packages/airflow/example_dags/example_sla_dag.py
[2024-05-27T09:04:40.173+0000] {logging_mixin.py:188} INFO - [2024-05-27T09:04:39.267+0000] {dag.py:3096} INFO - Sync 1 DAGs
[2024-05-27T09:04:41.860+0000] {logging_mixin.py:188} INFO - [2024-05-27T09:04:41.854+0000] {dag.py:3954} INFO - Setting next_dagrun for example_sla_dag to 2024-05-27 09:02:00+00:00, run_after=2024-05-27 09:04:00+00:00
[2024-05-27T09:04:43.556+0000] {processor.py:183} INFO - Processing /home/airflow/.local/lib/python3.12/site-packages/airflow/example_dags/example_sla_dag.py took 11.014 seconds
[2024-05-27T09:06:07.615+0000] {processor.py:161} INFO - Started process (PID=427) to work on /home/airflow/.local/lib/python3.12/site-packages/airflow/example_dags/example_sla_dag.py
[2024-05-27T09:06:07.617+0000] {processor.py:830} INFO - Processing file /home/airflow/.local/lib/python3.12/site-packages/airflow/example_dags/example_sla_dag.py for tasks to queue
[2024-05-27T09:06:07.620+0000] {logging_mixin.py:188} INFO - [2024-05-27T09:06:07.620+0000] {dagbag.py:545} INFO - Filling up the DagBag from /home/airflow/.local/lib/python3.12/site-packages/airflow/example_dags/example_sla_dag.py
[2024-05-27T09:06:07.664+0000] {processor.py:840} INFO - DAG(s) 'example_sla_dag' retrieved from /home/airflow/.local/lib/python3.12/site-packages/airflow/example_dags/example_sla_dag.py
[2024-05-27T09:06:07.715+0000] {logging_mixin.py:188} INFO - [2024-05-27T09:06:07.715+0000] {dag.py:3096} INFO - Sync 1 DAGs
[2024-05-27T09:06:07.840+0000] {logging_mixin.py:188} INFO - [2024-05-27T09:06:07.840+0000] {dag.py:3954} INFO - Setting next_dagrun for example_sla_dag to 2024-05-27 09:04:00+00:00, run_after=2024-05-27 09:06:00+00:00
[2024-05-27T09:06:07.873+0000] {processor.py:183} INFO - Processing /home/airflow/.local/lib/python3.12/site-packages/airflow/example_dags/example_sla_dag.py took 0.269 seconds
[2024-05-27T09:07:59.399+0000] {processor.py:161} INFO - Started process (PID=497) to work on /home/airflow/.local/lib/python3.12/site-packages/airflow/example_dags/example_sla_dag.py
[2024-05-27T09:07:59.513+0000] {processor.py:830} INFO - Processing file /home/airflow/.local/lib/python3.12/site-packages/airflow/example_dags/example_sla_dag.py for tasks to queue
[2024-05-27T09:07:59.724+0000] {logging_mixin.py:188} INFO - [2024-05-27T09:07:59.554+0000] {dagbag.py:545} INFO - Filling up the DagBag from /home/airflow/.local/lib/python3.12/site-packages/airflow/example_dags/example_sla_dag.py
[2024-05-27T09:08:03.970+0000] {processor.py:840} INFO - DAG(s) 'example_sla_dag' retrieved from /home/airflow/.local/lib/python3.12/site-packages/airflow/example_dags/example_sla_dag.py
[2024-05-27T09:08:04.124+0000] {logging_mixin.py:188} INFO - [2024-05-27T09:08:04.112+0000] {dag.py:3096} INFO - Sync 1 DAGs
[2024-05-27T09:08:04.350+0000] {logging_mixin.py:188} INFO - [2024-05-27T09:08:04.346+0000] {dag.py:3954} INFO - Setting next_dagrun for example_sla_dag to 2024-05-27 09:06:00+00:00, run_after=2024-05-27 09:08:00+00:00
[2024-05-27T09:08:04.424+0000] {processor.py:183} INFO - Processing /home/airflow/.local/lib/python3.12/site-packages/airflow/example_dags/example_sla_dag.py took 7.583 seconds
[2024-05-27T09:09:42.530+0000] {processor.py:161} INFO - Started process (PID=569) to work on /home/airflow/.local/lib/python3.12/site-packages/airflow/example_dags/example_sla_dag.py
[2024-05-27T09:09:42.533+0000] {processor.py:830} INFO - Processing file /home/airflow/.local/lib/python3.12/site-packages/airflow/example_dags/example_sla_dag.py for tasks to queue
[2024-05-27T09:09:42.536+0000] {logging_mixin.py:188} INFO - [2024-05-27T09:09:42.535+0000] {dagbag.py:545} INFO - Filling up the DagBag from /home/airflow/.local/lib/python3.12/site-packages/airflow/example_dags/example_sla_dag.py
[2024-05-27T09:09:43.066+0000] {processor.py:840} INFO - DAG(s) 'example_sla_dag' retrieved from /home/airflow/.local/lib/python3.12/site-packages/airflow/example_dags/example_sla_dag.py
[2024-05-27T09:09:44.768+0000] {logging_mixin.py:188} INFO - [2024-05-27T09:09:44.741+0000] {dag.py:3096} INFO - Sync 1 DAGs
[2024-05-27T09:09:49.464+0000] {logging_mixin.py:188} INFO - [2024-05-27T09:09:49.463+0000] {dag.py:3954} INFO - Setting next_dagrun for example_sla_dag to 2024-05-27 09:06:00+00:00, run_after=2024-05-27 09:08:00+00:00
[2024-05-27T09:09:50.200+0000] {processor.py:183} INFO - Processing /home/airflow/.local/lib/python3.12/site-packages/airflow/example_dags/example_sla_dag.py took 8.481 seconds
[2024-05-27T09:11:46.639+0000] {processor.py:161} INFO - Started process (PID=70) to work on /home/airflow/.local/lib/python3.12/site-packages/airflow/example_dags/example_sla_dag.py
[2024-05-27T09:11:46.641+0000] {processor.py:830} INFO - Processing file /home/airflow/.local/lib/python3.12/site-packages/airflow/example_dags/example_sla_dag.py for tasks to queue
[2024-05-27T09:11:46.643+0000] {logging_mixin.py:188} INFO - [2024-05-27T09:11:46.643+0000] {dagbag.py:545} INFO - Filling up the DagBag from /home/airflow/.local/lib/python3.12/site-packages/airflow/example_dags/example_sla_dag.py
[2024-05-27T09:11:46.651+0000] {processor.py:840} INFO - DAG(s) 'example_sla_dag' retrieved from /home/airflow/.local/lib/python3.12/site-packages/airflow/example_dags/example_sla_dag.py
[2024-05-27T09:11:46.665+0000] {logging_mixin.py:188} INFO - [2024-05-27T09:11:46.665+0000] {dag.py:3096} INFO - Sync 1 DAGs
[2024-05-27T09:11:46.691+0000] {logging_mixin.py:188} INFO - [2024-05-27T09:11:46.691+0000] {dag.py:3954} INFO - Setting next_dagrun for example_sla_dag to 2024-05-27 09:08:00+00:00, run_after=2024-05-27 09:10:00+00:00
[2024-05-27T09:11:46.711+0000] {processor.py:183} INFO - Processing /home/airflow/.local/lib/python3.12/site-packages/airflow/example_dags/example_sla_dag.py took 0.076 seconds
[2024-05-27T09:24:47.802+0000] {processor.py:161} INFO - Started process (PID=70) to work on /home/airflow/.local/lib/python3.12/site-packages/airflow/example_dags/example_sla_dag.py
[2024-05-27T09:24:47.804+0000] {processor.py:830} INFO - Processing file /home/airflow/.local/lib/python3.12/site-packages/airflow/example_dags/example_sla_dag.py for tasks to queue
[2024-05-27T09:24:47.807+0000] {logging_mixin.py:188} INFO - [2024-05-27T09:24:47.806+0000] {dagbag.py:545} INFO - Filling up the DagBag from /home/airflow/.local/lib/python3.12/site-packages/airflow/example_dags/example_sla_dag.py
[2024-05-27T09:24:47.816+0000] {processor.py:840} INFO - DAG(s) 'example_sla_dag' retrieved from /home/airflow/.local/lib/python3.12/site-packages/airflow/example_dags/example_sla_dag.py
[2024-05-27T09:24:47.827+0000] {logging_mixin.py:188} INFO - [2024-05-27T09:24:47.827+0000] {dag.py:3096} INFO - Sync 1 DAGs
[2024-05-27T09:24:47.845+0000] {logging_mixin.py:188} INFO - [2024-05-27T09:24:47.845+0000] {dag.py:3954} INFO - Setting next_dagrun for example_sla_dag to 2024-05-27 09:22:00+00:00, run_after=2024-05-27 09:24:00+00:00
[2024-05-27T09:24:47.857+0000] {processor.py:183} INFO - Processing /home/airflow/.local/lib/python3.12/site-packages/airflow/example_dags/example_sla_dag.py took 0.060 seconds
[2024-05-27T09:28:23.260+0000] {processor.py:161} INFO - Started process (PID=71) to work on /home/airflow/.local/lib/python3.12/site-packages/airflow/example_dags/example_sla_dag.py
[2024-05-27T09:28:23.262+0000] {processor.py:830} INFO - Processing file /home/airflow/.local/lib/python3.12/site-packages/airflow/example_dags/example_sla_dag.py for tasks to queue
[2024-05-27T09:28:23.264+0000] {logging_mixin.py:188} INFO - [2024-05-27T09:28:23.264+0000] {dagbag.py:545} INFO - Filling up the DagBag from /home/airflow/.local/lib/python3.12/site-packages/airflow/example_dags/example_sla_dag.py
[2024-05-27T09:28:23.273+0000] {processor.py:840} INFO - DAG(s) 'example_sla_dag' retrieved from /home/airflow/.local/lib/python3.12/site-packages/airflow/example_dags/example_sla_dag.py
[2024-05-27T09:28:23.283+0000] {logging_mixin.py:188} INFO - [2024-05-27T09:28:23.283+0000] {dag.py:3096} INFO - Sync 1 DAGs
[2024-05-27T09:28:23.309+0000] {logging_mixin.py:188} INFO - [2024-05-27T09:28:23.309+0000] {dag.py:3954} INFO - Setting next_dagrun for example_sla_dag to 2024-05-27 09:26:00+00:00, run_after=2024-05-27 09:28:00+00:00
[2024-05-27T09:28:23.327+0000] {processor.py:183} INFO - Processing /home/airflow/.local/lib/python3.12/site-packages/airflow/example_dags/example_sla_dag.py took 0.072 seconds
[2024-05-27T09:33:43.739+0000] {processor.py:161} INFO - Started process (PID=71) to work on /home/airflow/.local/lib/python3.12/site-packages/airflow/example_dags/example_sla_dag.py
[2024-05-27T09:33:43.742+0000] {processor.py:830} INFO - Processing file /home/airflow/.local/lib/python3.12/site-packages/airflow/example_dags/example_sla_dag.py for tasks to queue
[2024-05-27T09:33:43.744+0000] {logging_mixin.py:188} INFO - [2024-05-27T09:33:43.744+0000] {dagbag.py:545} INFO - Filling up the DagBag from /home/airflow/.local/lib/python3.12/site-packages/airflow/example_dags/example_sla_dag.py
[2024-05-27T09:33:43.758+0000] {processor.py:840} INFO - DAG(s) 'example_sla_dag' retrieved from /home/airflow/.local/lib/python3.12/site-packages/airflow/example_dags/example_sla_dag.py
[2024-05-27T09:33:43.777+0000] {logging_mixin.py:188} INFO - [2024-05-27T09:33:43.776+0000] {dag.py:3096} INFO - Sync 1 DAGs
[2024-05-27T09:33:43.802+0000] {logging_mixin.py:188} INFO - [2024-05-27T09:33:43.802+0000] {dag.py:3954} INFO - Setting next_dagrun for example_sla_dag to 2024-05-27 09:30:00+00:00, run_after=2024-05-27 09:32:00+00:00
[2024-05-27T09:33:43.819+0000] {processor.py:183} INFO - Processing /home/airflow/.local/lib/python3.12/site-packages/airflow/example_dags/example_sla_dag.py took 0.085 seconds
[2024-05-27T09:38:07.753+0000] {processor.py:161} INFO - Started process (PID=162) to work on /home/airflow/.local/lib/python3.12/site-packages/airflow/example_dags/example_sla_dag.py
[2024-05-27T09:38:07.766+0000] {processor.py:830} INFO - Processing file /home/airflow/.local/lib/python3.12/site-packages/airflow/example_dags/example_sla_dag.py for tasks to queue
[2024-05-27T09:38:07.797+0000] {logging_mixin.py:188} INFO - [2024-05-27T09:38:07.786+0000] {dagbag.py:545} INFO - Filling up the DagBag from /home/airflow/.local/lib/python3.12/site-packages/airflow/example_dags/example_sla_dag.py
[2024-05-27T09:38:09.856+0000] {processor.py:840} INFO - DAG(s) 'example_sla_dag' retrieved from /home/airflow/.local/lib/python3.12/site-packages/airflow/example_dags/example_sla_dag.py
[2024-05-27T09:38:20.743+0000] {logging_mixin.py:188} INFO - [2024-05-27T09:38:20.704+0000] {dag.py:3096} INFO - Sync 1 DAGs
[2024-05-27T09:38:34.582+0000] {logging_mixin.py:188} INFO - [2024-05-27T09:38:34.574+0000] {dag.py:3954} INFO - Setting next_dagrun for example_sla_dag to 2024-05-27 09:36:00+00:00, run_after=2024-05-27 09:38:00+00:00
[2024-05-27T09:38:36.184+0000] {processor.py:183} INFO - Processing /home/airflow/.local/lib/python3.12/site-packages/airflow/example_dags/example_sla_dag.py took 28.583 seconds
[2024-05-27T09:43:26.292+0000] {processor.py:161} INFO - Started process (PID=306) to work on /home/airflow/.local/lib/python3.12/site-packages/airflow/example_dags/example_sla_dag.py
[2024-05-27T09:43:26.295+0000] {processor.py:830} INFO - Processing file /home/airflow/.local/lib/python3.12/site-packages/airflow/example_dags/example_sla_dag.py for tasks to queue
[2024-05-27T09:43:26.301+0000] {logging_mixin.py:188} INFO - [2024-05-27T09:43:26.297+0000] {dagbag.py:545} INFO - Filling up the DagBag from /home/airflow/.local/lib/python3.12/site-packages/airflow/example_dags/example_sla_dag.py
[2024-05-27T09:43:26.339+0000] {processor.py:840} INFO - DAG(s) 'example_sla_dag' retrieved from /home/airflow/.local/lib/python3.12/site-packages/airflow/example_dags/example_sla_dag.py
[2024-05-27T09:43:26.912+0000] {logging_mixin.py:188} INFO - [2024-05-27T09:43:26.906+0000] {dag.py:3096} INFO - Sync 1 DAGs
[2024-05-27T09:43:27.080+0000] {logging_mixin.py:188} INFO - [2024-05-27T09:43:27.076+0000] {dag.py:3954} INFO - Setting next_dagrun for example_sla_dag to 2024-05-27 09:40:00+00:00, run_after=2024-05-27 09:42:00+00:00
[2024-05-27T09:43:28.946+0000] {processor.py:183} INFO - Processing /home/airflow/.local/lib/python3.12/site-packages/airflow/example_dags/example_sla_dag.py took 2.677 seconds
[2024-05-27T10:07:10.886+0000] {processor.py:161} INFO - Started process (PID=71) to work on /home/airflow/.local/lib/python3.12/site-packages/airflow/example_dags/example_sla_dag.py
[2024-05-27T10:07:10.888+0000] {processor.py:830} INFO - Processing file /home/airflow/.local/lib/python3.12/site-packages/airflow/example_dags/example_sla_dag.py for tasks to queue
[2024-05-27T10:07:10.891+0000] {logging_mixin.py:188} INFO - [2024-05-27T10:07:10.891+0000] {dagbag.py:545} INFO - Filling up the DagBag from /home/airflow/.local/lib/python3.12/site-packages/airflow/example_dags/example_sla_dag.py
[2024-05-27T10:07:10.899+0000] {processor.py:840} INFO - DAG(s) 'example_sla_dag' retrieved from /home/airflow/.local/lib/python3.12/site-packages/airflow/example_dags/example_sla_dag.py
[2024-05-27T10:07:10.908+0000] {logging_mixin.py:188} INFO - [2024-05-27T10:07:10.908+0000] {dag.py:3096} INFO - Sync 1 DAGs
[2024-05-27T10:07:10.926+0000] {logging_mixin.py:188} INFO - [2024-05-27T10:07:10.926+0000] {dag.py:3954} INFO - Setting next_dagrun for example_sla_dag to 2024-05-27 10:04:00+00:00, run_after=2024-05-27 10:06:00+00:00
[2024-05-27T10:07:10.940+0000] {processor.py:183} INFO - Processing /home/airflow/.local/lib/python3.12/site-packages/airflow/example_dags/example_sla_dag.py took 0.059 seconds
[2024-05-27T10:07:42.431+0000] {processor.py:161} INFO - Started process (PID=129) to work on /home/airflow/.local/lib/python3.12/site-packages/airflow/example_dags/example_sla_dag.py
[2024-05-27T10:07:42.434+0000] {processor.py:830} INFO - Processing file /home/airflow/.local/lib/python3.12/site-packages/airflow/example_dags/example_sla_dag.py for tasks to queue
[2024-05-27T10:07:42.436+0000] {logging_mixin.py:188} INFO - [2024-05-27T10:07:42.436+0000] {dagbag.py:545} INFO - Filling up the DagBag from /home/airflow/.local/lib/python3.12/site-packages/airflow/example_dags/example_sla_dag.py
[2024-05-27T10:07:42.443+0000] {processor.py:840} INFO - DAG(s) 'example_sla_dag' retrieved from /home/airflow/.local/lib/python3.12/site-packages/airflow/example_dags/example_sla_dag.py
[2024-05-27T10:07:42.510+0000] {logging_mixin.py:188} INFO - [2024-05-27T10:07:42.510+0000] {dag.py:3096} INFO - Sync 1 DAGs
[2024-05-27T10:07:42.525+0000] {logging_mixin.py:188} INFO - [2024-05-27T10:07:42.524+0000] {dag.py:3954} INFO - Setting next_dagrun for example_sla_dag to 2024-05-27 10:04:00+00:00, run_after=2024-05-27 10:06:00+00:00
[2024-05-27T10:07:42.537+0000] {processor.py:183} INFO - Processing /home/airflow/.local/lib/python3.12/site-packages/airflow/example_dags/example_sla_dag.py took 0.111 seconds
