[2024-05-27T08:51:45.417+0000] {processor.py:161} INFO - Started process (PID=27) to work on /home/airflow/.local/lib/python3.12/site-packages/airflow/example_dags/example_time_delta_sensor_async.py
[2024-05-27T08:51:45.420+0000] {processor.py:830} INFO - Processing file /home/airflow/.local/lib/python3.12/site-packages/airflow/example_dags/example_time_delta_sensor_async.py for tasks to queue
[2024-05-27T08:51:45.430+0000] {logging_mixin.py:188} INFO - [2024-05-27T08:51:45.429+0000] {dagbag.py:545} INFO - Filling up the DagBag from /home/airflow/.local/lib/python3.12/site-packages/airflow/example_dags/example_time_delta_sensor_async.py
[2024-05-27T08:51:45.438+0000] {processor.py:840} INFO - DAG(s) 'example_time_delta_sensor_async' retrieved from /home/airflow/.local/lib/python3.12/site-packages/airflow/example_dags/example_time_delta_sensor_async.py
[2024-05-27T08:51:45.729+0000] {logging_mixin.py:188} INFO - [2024-05-27T08:51:45.729+0000] {override.py:1829} INFO - Created Permission View: can edit on DAG:example_time_delta_sensor_async
[2024-05-27T08:51:45.743+0000] {logging_mixin.py:188} INFO - [2024-05-27T08:51:45.742+0000] {override.py:1829} INFO - Created Permission View: can read on DAG:example_time_delta_sensor_async
[2024-05-27T08:51:45.748+0000] {logging_mixin.py:188} INFO - [2024-05-27T08:51:45.748+0000] {override.py:1829} INFO - Created Permission View: can delete on DAG:example_time_delta_sensor_async
[2024-05-27T08:51:45.750+0000] {logging_mixin.py:188} INFO - [2024-05-27T08:51:45.750+0000] {dag.py:3096} INFO - Sync 1 DAGs
[2024-05-27T08:51:45.758+0000] {logging_mixin.py:188} INFO - [2024-05-27T08:51:45.758+0000] {dag.py:3118} INFO - Creating ORM DAG for example_time_delta_sensor_async
[2024-05-27T08:51:45.759+0000] {logging_mixin.py:188} INFO - [2024-05-27T08:51:45.759+0000] {dag.py:3954} INFO - Setting next_dagrun for example_time_delta_sensor_async to None, run_after=None
[2024-05-27T08:51:45.775+0000] {processor.py:183} INFO - Processing /home/airflow/.local/lib/python3.12/site-packages/airflow/example_dags/example_time_delta_sensor_async.py took 0.364 seconds
[2024-05-27T08:52:15.873+0000] {processor.py:161} INFO - Started process (PID=90) to work on /home/airflow/.local/lib/python3.12/site-packages/airflow/example_dags/example_time_delta_sensor_async.py
[2024-05-27T08:52:15.877+0000] {processor.py:830} INFO - Processing file /home/airflow/.local/lib/python3.12/site-packages/airflow/example_dags/example_time_delta_sensor_async.py for tasks to queue
[2024-05-27T08:52:15.883+0000] {logging_mixin.py:188} INFO - [2024-05-27T08:52:15.880+0000] {dagbag.py:545} INFO - Filling up the DagBag from /home/airflow/.local/lib/python3.12/site-packages/airflow/example_dags/example_time_delta_sensor_async.py
[2024-05-27T08:52:16.029+0000] {processor.py:840} INFO - DAG(s) 'example_time_delta_sensor_async' retrieved from /home/airflow/.local/lib/python3.12/site-packages/airflow/example_dags/example_time_delta_sensor_async.py
[2024-05-27T08:52:18.235+0000] {logging_mixin.py:188} INFO - [2024-05-27T08:52:18.227+0000] {dag.py:3096} INFO - Sync 1 DAGs
[2024-05-27T08:52:22.396+0000] {logging_mixin.py:188} INFO - [2024-05-27T08:52:22.388+0000] {dag.py:3954} INFO - Setting next_dagrun for example_time_delta_sensor_async to None, run_after=None
[2024-05-27T08:52:22.531+0000] {processor.py:183} INFO - Processing /home/airflow/.local/lib/python3.12/site-packages/airflow/example_dags/example_time_delta_sensor_async.py took 6.677 seconds
[2024-05-27T08:52:53.190+0000] {processor.py:161} INFO - Started process (PID=142) to work on /home/airflow/.local/lib/python3.12/site-packages/airflow/example_dags/example_time_delta_sensor_async.py
[2024-05-27T08:52:54.606+0000] {processor.py:830} INFO - Processing file /home/airflow/.local/lib/python3.12/site-packages/airflow/example_dags/example_time_delta_sensor_async.py for tasks to queue
[2024-05-27T08:52:54.631+0000] {logging_mixin.py:188} INFO - [2024-05-27T08:52:54.621+0000] {dagbag.py:545} INFO - Filling up the DagBag from /home/airflow/.local/lib/python3.12/site-packages/airflow/example_dags/example_time_delta_sensor_async.py
[2024-05-27T08:52:55.426+0000] {processor.py:840} INFO - DAG(s) 'example_time_delta_sensor_async' retrieved from /home/airflow/.local/lib/python3.12/site-packages/airflow/example_dags/example_time_delta_sensor_async.py
[2024-05-27T08:52:56.261+0000] {logging_mixin.py:188} INFO - [2024-05-27T08:52:56.256+0000] {dag.py:3096} INFO - Sync 1 DAGs
[2024-05-27T08:52:56.358+0000] {logging_mixin.py:188} INFO - [2024-05-27T08:52:56.358+0000] {dag.py:3954} INFO - Setting next_dagrun for example_time_delta_sensor_async to None, run_after=None
[2024-05-27T08:52:57.161+0000] {processor.py:183} INFO - Processing /home/airflow/.local/lib/python3.12/site-packages/airflow/example_dags/example_time_delta_sensor_async.py took 4.050 seconds
[2024-05-27T08:55:41.634+0000] {processor.py:161} INFO - Started process (PID=27) to work on /home/airflow/.local/lib/python3.12/site-packages/airflow/example_dags/example_time_delta_sensor_async.py
[2024-05-27T08:55:41.641+0000] {processor.py:830} INFO - Processing file /home/airflow/.local/lib/python3.12/site-packages/airflow/example_dags/example_time_delta_sensor_async.py for tasks to queue
[2024-05-27T08:55:41.644+0000] {logging_mixin.py:188} INFO - [2024-05-27T08:55:41.644+0000] {dagbag.py:545} INFO - Filling up the DagBag from /home/airflow/.local/lib/python3.12/site-packages/airflow/example_dags/example_time_delta_sensor_async.py
[2024-05-27T08:55:41.653+0000] {processor.py:840} INFO - DAG(s) 'example_time_delta_sensor_async' retrieved from /home/airflow/.local/lib/python3.12/site-packages/airflow/example_dags/example_time_delta_sensor_async.py
[2024-05-27T08:55:41.700+0000] {logging_mixin.py:188} INFO - [2024-05-27T08:55:41.699+0000] {dag.py:3096} INFO - Sync 1 DAGs
[2024-05-27T08:55:41.719+0000] {logging_mixin.py:188} INFO - [2024-05-27T08:55:41.719+0000] {dag.py:3954} INFO - Setting next_dagrun for example_time_delta_sensor_async to None, run_after=None
[2024-05-27T08:55:41.743+0000] {processor.py:183} INFO - Processing /home/airflow/.local/lib/python3.12/site-packages/airflow/example_dags/example_time_delta_sensor_async.py took 0.113 seconds
[2024-05-27T08:56:12.612+0000] {processor.py:161} INFO - Started process (PID=86) to work on /home/airflow/.local/lib/python3.12/site-packages/airflow/example_dags/example_time_delta_sensor_async.py
[2024-05-27T08:56:12.616+0000] {processor.py:830} INFO - Processing file /home/airflow/.local/lib/python3.12/site-packages/airflow/example_dags/example_time_delta_sensor_async.py for tasks to queue
[2024-05-27T08:56:12.634+0000] {logging_mixin.py:188} INFO - [2024-05-27T08:56:12.630+0000] {dagbag.py:545} INFO - Filling up the DagBag from /home/airflow/.local/lib/python3.12/site-packages/airflow/example_dags/example_time_delta_sensor_async.py
[2024-05-27T08:56:12.670+0000] {processor.py:840} INFO - DAG(s) 'example_time_delta_sensor_async' retrieved from /home/airflow/.local/lib/python3.12/site-packages/airflow/example_dags/example_time_delta_sensor_async.py
[2024-05-27T08:56:20.513+0000] {logging_mixin.py:188} INFO - [2024-05-27T08:56:20.505+0000] {dag.py:3096} INFO - Sync 1 DAGs
[2024-05-27T08:56:20.628+0000] {logging_mixin.py:188} INFO - [2024-05-27T08:56:20.599+0000] {dag.py:3954} INFO - Setting next_dagrun for example_time_delta_sensor_async to None, run_after=None
[2024-05-27T08:56:24.302+0000] {processor.py:183} INFO - Processing /home/airflow/.local/lib/python3.12/site-packages/airflow/example_dags/example_time_delta_sensor_async.py took 11.721 seconds
[2024-05-27T08:58:58.558+0000] {processor.py:161} INFO - Started process (PID=171) to work on /home/airflow/.local/lib/python3.12/site-packages/airflow/example_dags/example_time_delta_sensor_async.py
[2024-05-27T08:58:58.569+0000] {processor.py:830} INFO - Processing file /home/airflow/.local/lib/python3.12/site-packages/airflow/example_dags/example_time_delta_sensor_async.py for tasks to queue
[2024-05-27T08:58:58.607+0000] {logging_mixin.py:188} INFO - [2024-05-27T08:58:58.599+0000] {dagbag.py:545} INFO - Filling up the DagBag from /home/airflow/.local/lib/python3.12/site-packages/airflow/example_dags/example_time_delta_sensor_async.py
[2024-05-27T08:58:58.755+0000] {processor.py:840} INFO - DAG(s) 'example_time_delta_sensor_async' retrieved from /home/airflow/.local/lib/python3.12/site-packages/airflow/example_dags/example_time_delta_sensor_async.py
[2024-05-27T08:58:59.183+0000] {logging_mixin.py:188} INFO - [2024-05-27T08:58:59.180+0000] {dag.py:3096} INFO - Sync 1 DAGs
[2024-05-27T08:58:59.237+0000] {logging_mixin.py:188} INFO - [2024-05-27T08:58:59.229+0000] {dag.py:3954} INFO - Setting next_dagrun for example_time_delta_sensor_async to None, run_after=None
[2024-05-27T08:59:02.136+0000] {processor.py:183} INFO - Processing /home/airflow/.local/lib/python3.12/site-packages/airflow/example_dags/example_time_delta_sensor_async.py took 5.197 seconds
[2024-05-27T09:01:05.243+0000] {processor.py:161} INFO - Started process (PID=231) to work on /home/airflow/.local/lib/python3.12/site-packages/airflow/example_dags/example_time_delta_sensor_async.py
[2024-05-27T09:01:05.249+0000] {processor.py:830} INFO - Processing file /home/airflow/.local/lib/python3.12/site-packages/airflow/example_dags/example_time_delta_sensor_async.py for tasks to queue
[2024-05-27T09:01:05.260+0000] {logging_mixin.py:188} INFO - [2024-05-27T09:01:05.256+0000] {dagbag.py:545} INFO - Filling up the DagBag from /home/airflow/.local/lib/python3.12/site-packages/airflow/example_dags/example_time_delta_sensor_async.py
[2024-05-27T09:01:05.352+0000] {processor.py:840} INFO - DAG(s) 'example_time_delta_sensor_async' retrieved from /home/airflow/.local/lib/python3.12/site-packages/airflow/example_dags/example_time_delta_sensor_async.py
[2024-05-27T09:01:05.123+0000] {logging_mixin.py:188} INFO - [2024-05-27T09:01:05.123+0000] {dag.py:3096} INFO - Sync 1 DAGs
[2024-05-27T09:01:05.142+0000] {logging_mixin.py:188} INFO - [2024-05-27T09:01:05.141+0000] {dag.py:3954} INFO - Setting next_dagrun for example_time_delta_sensor_async to None, run_after=None
[2024-05-27T09:01:05.179+0000] {processor.py:183} INFO - Processing /home/airflow/.local/lib/python3.12/site-packages/airflow/example_dags/example_time_delta_sensor_async.py took 0.337 seconds
[2024-05-27T09:03:04.319+0000] {processor.py:161} INFO - Started process (PID=287) to work on /home/airflow/.local/lib/python3.12/site-packages/airflow/example_dags/example_time_delta_sensor_async.py
[2024-05-27T09:03:04.325+0000] {processor.py:830} INFO - Processing file /home/airflow/.local/lib/python3.12/site-packages/airflow/example_dags/example_time_delta_sensor_async.py for tasks to queue
[2024-05-27T09:03:04.378+0000] {logging_mixin.py:188} INFO - [2024-05-27T09:03:04.370+0000] {dagbag.py:545} INFO - Filling up the DagBag from /home/airflow/.local/lib/python3.12/site-packages/airflow/example_dags/example_time_delta_sensor_async.py
[2024-05-27T09:03:04.550+0000] {processor.py:840} INFO - DAG(s) 'example_time_delta_sensor_async' retrieved from /home/airflow/.local/lib/python3.12/site-packages/airflow/example_dags/example_time_delta_sensor_async.py
[2024-05-27T09:03:05.917+0000] {logging_mixin.py:188} INFO - [2024-05-27T09:03:05.916+0000] {dag.py:3096} INFO - Sync 1 DAGs
[2024-05-27T09:03:05.977+0000] {logging_mixin.py:188} INFO - [2024-05-27T09:03:05.972+0000] {dag.py:3954} INFO - Setting next_dagrun for example_time_delta_sensor_async to None, run_after=None
[2024-05-27T09:03:06.151+0000] {processor.py:183} INFO - Processing /home/airflow/.local/lib/python3.12/site-packages/airflow/example_dags/example_time_delta_sensor_async.py took 1.891 seconds
[2024-05-27T09:04:50.507+0000] {processor.py:161} INFO - Started process (PID=363) to work on /home/airflow/.local/lib/python3.12/site-packages/airflow/example_dags/example_time_delta_sensor_async.py
[2024-05-27T09:04:50.512+0000] {processor.py:830} INFO - Processing file /home/airflow/.local/lib/python3.12/site-packages/airflow/example_dags/example_time_delta_sensor_async.py for tasks to queue
[2024-05-27T09:04:50.987+0000] {logging_mixin.py:188} INFO - [2024-05-27T09:04:50.986+0000] {dagbag.py:545} INFO - Filling up the DagBag from /home/airflow/.local/lib/python3.12/site-packages/airflow/example_dags/example_time_delta_sensor_async.py
[2024-05-27T09:04:51.075+0000] {processor.py:840} INFO - DAG(s) 'example_time_delta_sensor_async' retrieved from /home/airflow/.local/lib/python3.12/site-packages/airflow/example_dags/example_time_delta_sensor_async.py
[2024-05-27T09:04:55.011+0000] {logging_mixin.py:188} INFO - [2024-05-27T09:04:55.010+0000] {dag.py:3096} INFO - Sync 1 DAGs
[2024-05-27T09:04:55.550+0000] {logging_mixin.py:188} INFO - [2024-05-27T09:04:55.418+0000] {dag.py:3954} INFO - Setting next_dagrun for example_time_delta_sensor_async to None, run_after=None
[2024-05-27T09:04:56.833+0000] {processor.py:183} INFO - Processing /home/airflow/.local/lib/python3.12/site-packages/airflow/example_dags/example_time_delta_sensor_async.py took 6.392 seconds
[2024-05-27T09:05:47.288+0000] {processor.py:161} INFO - Started process (PID=412) to work on /home/airflow/.local/lib/python3.12/site-packages/airflow/example_dags/example_time_delta_sensor_async.py
[2024-05-27T09:05:48.276+0000] {processor.py:830} INFO - Processing file /home/airflow/.local/lib/python3.12/site-packages/airflow/example_dags/example_time_delta_sensor_async.py for tasks to queue
[2024-05-27T09:05:48.281+0000] {logging_mixin.py:188} INFO - [2024-05-27T09:05:48.278+0000] {dagbag.py:545} INFO - Filling up the DagBag from /home/airflow/.local/lib/python3.12/site-packages/airflow/example_dags/example_time_delta_sensor_async.py
[2024-05-27T09:05:48.298+0000] {processor.py:840} INFO - DAG(s) 'example_time_delta_sensor_async' retrieved from /home/airflow/.local/lib/python3.12/site-packages/airflow/example_dags/example_time_delta_sensor_async.py
[2024-05-27T09:05:49.164+0000] {logging_mixin.py:188} INFO - [2024-05-27T09:05:49.159+0000] {dag.py:3096} INFO - Sync 1 DAGs
[2024-05-27T09:05:49.198+0000] {logging_mixin.py:188} INFO - [2024-05-27T09:05:49.198+0000] {dag.py:3954} INFO - Setting next_dagrun for example_time_delta_sensor_async to None, run_after=None
[2024-05-27T09:05:49.238+0000] {processor.py:183} INFO - Processing /home/airflow/.local/lib/python3.12/site-packages/airflow/example_dags/example_time_delta_sensor_async.py took 4.220 seconds
[2024-05-27T09:07:25.378+0000] {processor.py:161} INFO - Started process (PID=461) to work on /home/airflow/.local/lib/python3.12/site-packages/airflow/example_dags/example_time_delta_sensor_async.py
[2024-05-27T09:07:25.395+0000] {processor.py:830} INFO - Processing file /home/airflow/.local/lib/python3.12/site-packages/airflow/example_dags/example_time_delta_sensor_async.py for tasks to queue
[2024-05-27T09:07:25.402+0000] {logging_mixin.py:188} INFO - [2024-05-27T09:07:25.401+0000] {dagbag.py:545} INFO - Filling up the DagBag from /home/airflow/.local/lib/python3.12/site-packages/airflow/example_dags/example_time_delta_sensor_async.py
[2024-05-27T09:07:25.430+0000] {processor.py:840} INFO - DAG(s) 'example_time_delta_sensor_async' retrieved from /home/airflow/.local/lib/python3.12/site-packages/airflow/example_dags/example_time_delta_sensor_async.py
[2024-05-27T09:07:25.689+0000] {logging_mixin.py:188} INFO - [2024-05-27T09:07:25.688+0000] {dag.py:3096} INFO - Sync 1 DAGs
[2024-05-27T09:07:25.709+0000] {logging_mixin.py:188} INFO - [2024-05-27T09:07:25.708+0000] {dag.py:3954} INFO - Setting next_dagrun for example_time_delta_sensor_async to None, run_after=None
[2024-05-27T09:07:25.735+0000] {processor.py:183} INFO - Processing /home/airflow/.local/lib/python3.12/site-packages/airflow/example_dags/example_time_delta_sensor_async.py took 0.385 seconds
[2024-05-27T09:08:17.262+0000] {processor.py:161} INFO - Started process (PID=512) to work on /home/airflow/.local/lib/python3.12/site-packages/airflow/example_dags/example_time_delta_sensor_async.py
[2024-05-27T09:08:17.273+0000] {processor.py:830} INFO - Processing file /home/airflow/.local/lib/python3.12/site-packages/airflow/example_dags/example_time_delta_sensor_async.py for tasks to queue
[2024-05-27T09:08:17.284+0000] {logging_mixin.py:188} INFO - [2024-05-27T09:08:17.275+0000] {dagbag.py:545} INFO - Filling up the DagBag from /home/airflow/.local/lib/python3.12/site-packages/airflow/example_dags/example_time_delta_sensor_async.py
[2024-05-27T09:08:17.303+0000] {processor.py:840} INFO - DAG(s) 'example_time_delta_sensor_async' retrieved from /home/airflow/.local/lib/python3.12/site-packages/airflow/example_dags/example_time_delta_sensor_async.py
[2024-05-27T09:08:21.301+0000] {logging_mixin.py:188} INFO - [2024-05-27T09:08:21.299+0000] {dag.py:3096} INFO - Sync 1 DAGs
[2024-05-27T09:08:21.354+0000] {logging_mixin.py:188} INFO - [2024-05-27T09:08:21.353+0000] {dag.py:3954} INFO - Setting next_dagrun for example_time_delta_sensor_async to None, run_after=None
[2024-05-27T09:08:22.807+0000] {processor.py:183} INFO - Processing /home/airflow/.local/lib/python3.12/site-packages/airflow/example_dags/example_time_delta_sensor_async.py took 5.566 seconds
[2024-05-27T09:09:56.423+0000] {processor.py:161} INFO - Started process (PID=578) to work on /home/airflow/.local/lib/python3.12/site-packages/airflow/example_dags/example_time_delta_sensor_async.py
[2024-05-27T09:09:56.428+0000] {processor.py:830} INFO - Processing file /home/airflow/.local/lib/python3.12/site-packages/airflow/example_dags/example_time_delta_sensor_async.py for tasks to queue
[2024-05-27T09:09:56.429+0000] {logging_mixin.py:188} INFO - [2024-05-27T09:09:56.429+0000] {dagbag.py:545} INFO - Filling up the DagBag from /home/airflow/.local/lib/python3.12/site-packages/airflow/example_dags/example_time_delta_sensor_async.py
[2024-05-27T09:09:56.485+0000] {processor.py:840} INFO - DAG(s) 'example_time_delta_sensor_async' retrieved from /home/airflow/.local/lib/python3.12/site-packages/airflow/example_dags/example_time_delta_sensor_async.py
[2024-05-27T09:09:57.785+0000] {logging_mixin.py:188} INFO - [2024-05-27T09:09:57.777+0000] {dag.py:3096} INFO - Sync 1 DAGs
[2024-05-27T09:09:57.939+0000] {logging_mixin.py:188} INFO - [2024-05-27T09:09:57.935+0000] {dag.py:3954} INFO - Setting next_dagrun for example_time_delta_sensor_async to None, run_after=None
[2024-05-27T09:09:58.155+0000] {processor.py:183} INFO - Processing /home/airflow/.local/lib/python3.12/site-packages/airflow/example_dags/example_time_delta_sensor_async.py took 1.750 seconds
[2024-05-27T09:11:38.681+0000] {processor.py:161} INFO - Started process (PID=27) to work on /home/airflow/.local/lib/python3.12/site-packages/airflow/example_dags/example_time_delta_sensor_async.py
[2024-05-27T09:11:38.683+0000] {processor.py:830} INFO - Processing file /home/airflow/.local/lib/python3.12/site-packages/airflow/example_dags/example_time_delta_sensor_async.py for tasks to queue
[2024-05-27T09:11:38.686+0000] {logging_mixin.py:188} INFO - [2024-05-27T09:11:38.686+0000] {dagbag.py:545} INFO - Filling up the DagBag from /home/airflow/.local/lib/python3.12/site-packages/airflow/example_dags/example_time_delta_sensor_async.py
[2024-05-27T09:11:38.697+0000] {processor.py:840} INFO - DAG(s) 'example_time_delta_sensor_async' retrieved from /home/airflow/.local/lib/python3.12/site-packages/airflow/example_dags/example_time_delta_sensor_async.py
[2024-05-27T09:11:38.730+0000] {logging_mixin.py:188} INFO - [2024-05-27T09:11:38.730+0000] {dag.py:3096} INFO - Sync 1 DAGs
[2024-05-27T09:11:38.743+0000] {logging_mixin.py:188} INFO - [2024-05-27T09:11:38.743+0000] {dag.py:3954} INFO - Setting next_dagrun for example_time_delta_sensor_async to None, run_after=None
[2024-05-27T09:11:38.762+0000] {processor.py:183} INFO - Processing /home/airflow/.local/lib/python3.12/site-packages/airflow/example_dags/example_time_delta_sensor_async.py took 0.087 seconds
[2024-05-27T09:12:09.000+0000] {processor.py:161} INFO - Started process (PID=85) to work on /home/airflow/.local/lib/python3.12/site-packages/airflow/example_dags/example_time_delta_sensor_async.py
[2024-05-27T09:12:09.005+0000] {processor.py:830} INFO - Processing file /home/airflow/.local/lib/python3.12/site-packages/airflow/example_dags/example_time_delta_sensor_async.py for tasks to queue
[2024-05-27T09:12:09.022+0000] {logging_mixin.py:188} INFO - [2024-05-27T09:12:09.021+0000] {dagbag.py:545} INFO - Filling up the DagBag from /home/airflow/.local/lib/python3.12/site-packages/airflow/example_dags/example_time_delta_sensor_async.py
[2024-05-27T09:12:09.078+0000] {processor.py:840} INFO - DAG(s) 'example_time_delta_sensor_async' retrieved from /home/airflow/.local/lib/python3.12/site-packages/airflow/example_dags/example_time_delta_sensor_async.py
[2024-05-27T09:12:14.391+0000] {logging_mixin.py:188} INFO - [2024-05-27T09:12:14.386+0000] {dag.py:3096} INFO - Sync 1 DAGs
[2024-05-27T09:12:14.565+0000] {logging_mixin.py:188} INFO - [2024-05-27T09:12:14.547+0000] {dag.py:3954} INFO - Setting next_dagrun for example_time_delta_sensor_async to None, run_after=None
[2024-05-27T09:12:14.878+0000] {processor.py:183} INFO - Processing /home/airflow/.local/lib/python3.12/site-packages/airflow/example_dags/example_time_delta_sensor_async.py took 5.924 seconds
[2024-05-27T09:24:41.446+0000] {processor.py:161} INFO - Started process (PID=27) to work on /home/airflow/.local/lib/python3.12/site-packages/airflow/example_dags/example_time_delta_sensor_async.py
[2024-05-27T09:24:41.448+0000] {processor.py:830} INFO - Processing file /home/airflow/.local/lib/python3.12/site-packages/airflow/example_dags/example_time_delta_sensor_async.py for tasks to queue
[2024-05-27T09:24:41.451+0000] {logging_mixin.py:188} INFO - [2024-05-27T09:24:41.450+0000] {dagbag.py:545} INFO - Filling up the DagBag from /home/airflow/.local/lib/python3.12/site-packages/airflow/example_dags/example_time_delta_sensor_async.py
[2024-05-27T09:24:41.477+0000] {processor.py:840} INFO - DAG(s) 'example_time_delta_sensor_async' retrieved from /home/airflow/.local/lib/python3.12/site-packages/airflow/example_dags/example_time_delta_sensor_async.py
[2024-05-27T09:24:41.518+0000] {logging_mixin.py:188} INFO - [2024-05-27T09:24:41.518+0000] {dag.py:3096} INFO - Sync 1 DAGs
[2024-05-27T09:24:41.538+0000] {logging_mixin.py:188} INFO - [2024-05-27T09:24:41.537+0000] {dag.py:3954} INFO - Setting next_dagrun for example_time_delta_sensor_async to None, run_after=None
[2024-05-27T09:24:41.566+0000] {processor.py:183} INFO - Processing /home/airflow/.local/lib/python3.12/site-packages/airflow/example_dags/example_time_delta_sensor_async.py took 0.125 seconds
[2024-05-27T09:25:12.379+0000] {processor.py:161} INFO - Started process (PID=86) to work on /home/airflow/.local/lib/python3.12/site-packages/airflow/example_dags/example_time_delta_sensor_async.py
[2024-05-27T09:25:12.383+0000] {processor.py:830} INFO - Processing file /home/airflow/.local/lib/python3.12/site-packages/airflow/example_dags/example_time_delta_sensor_async.py for tasks to queue
[2024-05-27T09:25:12.402+0000] {logging_mixin.py:188} INFO - [2024-05-27T09:25:12.399+0000] {dagbag.py:545} INFO - Filling up the DagBag from /home/airflow/.local/lib/python3.12/site-packages/airflow/example_dags/example_time_delta_sensor_async.py
[2024-05-27T09:25:12.437+0000] {processor.py:840} INFO - DAG(s) 'example_time_delta_sensor_async' retrieved from /home/airflow/.local/lib/python3.12/site-packages/airflow/example_dags/example_time_delta_sensor_async.py
[2024-05-27T09:25:23.483+0000] {logging_mixin.py:188} INFO - [2024-05-27T09:25:23.468+0000] {dag.py:3096} INFO - Sync 1 DAGs
[2024-05-27T09:25:23.723+0000] {logging_mixin.py:188} INFO - [2024-05-27T09:25:23.700+0000] {dag.py:3954} INFO - Setting next_dagrun for example_time_delta_sensor_async to None, run_after=None
[2024-05-27T09:25:35.109+0000] {processor.py:183} INFO - Processing /home/airflow/.local/lib/python3.12/site-packages/airflow/example_dags/example_time_delta_sensor_async.py took 22.699 seconds
[2024-05-27T09:27:07.078+0000] {processor.py:161} INFO - Started process (PID=116) to work on /home/airflow/.local/lib/python3.12/site-packages/airflow/example_dags/example_time_delta_sensor_async.py
[2024-05-27T09:27:07.117+0000] {processor.py:830} INFO - Processing file /home/airflow/.local/lib/python3.12/site-packages/airflow/example_dags/example_time_delta_sensor_async.py for tasks to queue
[2024-05-27T09:27:07.700+0000] {logging_mixin.py:188} INFO - [2024-05-27T09:27:07.670+0000] {dagbag.py:545} INFO - Filling up the DagBag from /home/airflow/.local/lib/python3.12/site-packages/airflow/example_dags/example_time_delta_sensor_async.py
[2024-05-27T09:27:08.894+0000] {processor.py:840} INFO - DAG(s) 'example_time_delta_sensor_async' retrieved from /home/airflow/.local/lib/python3.12/site-packages/airflow/example_dags/example_time_delta_sensor_async.py
[2024-05-27T09:27:16.446+0000] {logging_mixin.py:188} INFO - [2024-05-27T09:27:16.427+0000] {dag.py:3096} INFO - Sync 1 DAGs
[2024-05-27T09:27:18.552+0000] {logging_mixin.py:188} INFO - [2024-05-27T09:27:18.509+0000] {dag.py:3954} INFO - Setting next_dagrun for example_time_delta_sensor_async to None, run_after=None
[2024-05-27T09:27:22.131+0000] {processor.py:183} INFO - Processing /home/airflow/.local/lib/python3.12/site-packages/airflow/example_dags/example_time_delta_sensor_async.py took 16.229 seconds
[2024-05-27T09:28:15.312+0000] {processor.py:161} INFO - Started process (PID=28) to work on /home/airflow/.local/lib/python3.12/site-packages/airflow/example_dags/example_time_delta_sensor_async.py
[2024-05-27T09:28:15.317+0000] {processor.py:830} INFO - Processing file /home/airflow/.local/lib/python3.12/site-packages/airflow/example_dags/example_time_delta_sensor_async.py for tasks to queue
[2024-05-27T09:28:15.326+0000] {logging_mixin.py:188} INFO - [2024-05-27T09:28:15.322+0000] {dagbag.py:545} INFO - Filling up the DagBag from /home/airflow/.local/lib/python3.12/site-packages/airflow/example_dags/example_time_delta_sensor_async.py
[2024-05-27T09:28:15.372+0000] {processor.py:840} INFO - DAG(s) 'example_time_delta_sensor_async' retrieved from /home/airflow/.local/lib/python3.12/site-packages/airflow/example_dags/example_time_delta_sensor_async.py
[2024-05-27T09:28:15.399+0000] {logging_mixin.py:188} INFO - [2024-05-27T09:28:15.398+0000] {dag.py:3096} INFO - Sync 1 DAGs
[2024-05-27T09:28:15.411+0000] {logging_mixin.py:188} INFO - [2024-05-27T09:28:15.411+0000] {dag.py:3954} INFO - Setting next_dagrun for example_time_delta_sensor_async to None, run_after=None
[2024-05-27T09:28:15.439+0000] {processor.py:183} INFO - Processing /home/airflow/.local/lib/python3.12/site-packages/airflow/example_dags/example_time_delta_sensor_async.py took 0.137 seconds
[2024-05-27T09:28:45.799+0000] {processor.py:161} INFO - Started process (PID=88) to work on /home/airflow/.local/lib/python3.12/site-packages/airflow/example_dags/example_time_delta_sensor_async.py
[2024-05-27T09:28:45.803+0000] {processor.py:830} INFO - Processing file /home/airflow/.local/lib/python3.12/site-packages/airflow/example_dags/example_time_delta_sensor_async.py for tasks to queue
[2024-05-27T09:28:45.808+0000] {logging_mixin.py:188} INFO - [2024-05-27T09:28:45.807+0000] {dagbag.py:545} INFO - Filling up the DagBag from /home/airflow/.local/lib/python3.12/site-packages/airflow/example_dags/example_time_delta_sensor_async.py
[2024-05-27T09:28:45.834+0000] {processor.py:840} INFO - DAG(s) 'example_time_delta_sensor_async' retrieved from /home/airflow/.local/lib/python3.12/site-packages/airflow/example_dags/example_time_delta_sensor_async.py
[2024-05-27T09:28:49.866+0000] {logging_mixin.py:188} INFO - [2024-05-27T09:28:49.833+0000] {dag.py:3096} INFO - Sync 1 DAGs
[2024-05-27T09:28:50.145+0000] {logging_mixin.py:188} INFO - [2024-05-27T09:28:50.120+0000] {dag.py:3954} INFO - Setting next_dagrun for example_time_delta_sensor_async to None, run_after=None
[2024-05-27T09:28:53.647+0000] {processor.py:183} INFO - Processing /home/airflow/.local/lib/python3.12/site-packages/airflow/example_dags/example_time_delta_sensor_async.py took 7.856 seconds
[2024-05-27T09:31:19.182+0000] {processor.py:161} INFO - Started process (PID=140) to work on /home/airflow/.local/lib/python3.12/site-packages/airflow/example_dags/example_time_delta_sensor_async.py
[2024-05-27T09:31:19.186+0000] {processor.py:830} INFO - Processing file /home/airflow/.local/lib/python3.12/site-packages/airflow/example_dags/example_time_delta_sensor_async.py for tasks to queue
[2024-05-27T09:31:19.201+0000] {logging_mixin.py:188} INFO - [2024-05-27T09:31:19.199+0000] {dagbag.py:545} INFO - Filling up the DagBag from /home/airflow/.local/lib/python3.12/site-packages/airflow/example_dags/example_time_delta_sensor_async.py
[2024-05-27T09:31:19.378+0000] {processor.py:840} INFO - DAG(s) 'example_time_delta_sensor_async' retrieved from /home/airflow/.local/lib/python3.12/site-packages/airflow/example_dags/example_time_delta_sensor_async.py
[2024-05-27T09:31:20.415+0000] {logging_mixin.py:188} INFO - [2024-05-27T09:31:20.394+0000] {dag.py:3096} INFO - Sync 1 DAGs
[2024-05-27T09:31:24.094+0000] {logging_mixin.py:188} INFO - [2024-05-27T09:31:24.088+0000] {dag.py:3954} INFO - Setting next_dagrun for example_time_delta_sensor_async to None, run_after=None
[2024-05-27T09:31:24.235+0000] {processor.py:183} INFO - Processing /home/airflow/.local/lib/python3.12/site-packages/airflow/example_dags/example_time_delta_sensor_async.py took 5.068 seconds
[2024-05-27T09:33:34.795+0000] {processor.py:161} INFO - Started process (PID=28) to work on /home/airflow/.local/lib/python3.12/site-packages/airflow/example_dags/example_time_delta_sensor_async.py
[2024-05-27T09:33:34.798+0000] {processor.py:830} INFO - Processing file /home/airflow/.local/lib/python3.12/site-packages/airflow/example_dags/example_time_delta_sensor_async.py for tasks to queue
[2024-05-27T09:33:34.800+0000] {logging_mixin.py:188} INFO - [2024-05-27T09:33:34.799+0000] {dagbag.py:545} INFO - Filling up the DagBag from /home/airflow/.local/lib/python3.12/site-packages/airflow/example_dags/example_time_delta_sensor_async.py
[2024-05-27T09:33:34.811+0000] {processor.py:840} INFO - DAG(s) 'example_time_delta_sensor_async' retrieved from /home/airflow/.local/lib/python3.12/site-packages/airflow/example_dags/example_time_delta_sensor_async.py
[2024-05-27T09:33:34.848+0000] {logging_mixin.py:188} INFO - [2024-05-27T09:33:34.848+0000] {dag.py:3096} INFO - Sync 1 DAGs
[2024-05-27T09:33:34.861+0000] {logging_mixin.py:188} INFO - [2024-05-27T09:33:34.860+0000] {dag.py:3954} INFO - Setting next_dagrun for example_time_delta_sensor_async to None, run_after=None
[2024-05-27T09:33:34.884+0000] {processor.py:183} INFO - Processing /home/airflow/.local/lib/python3.12/site-packages/airflow/example_dags/example_time_delta_sensor_async.py took 0.096 seconds
[2024-05-27T09:34:05.283+0000] {processor.py:161} INFO - Started process (PID=87) to work on /home/airflow/.local/lib/python3.12/site-packages/airflow/example_dags/example_time_delta_sensor_async.py
[2024-05-27T09:34:05.285+0000] {processor.py:830} INFO - Processing file /home/airflow/.local/lib/python3.12/site-packages/airflow/example_dags/example_time_delta_sensor_async.py for tasks to queue
[2024-05-27T09:34:05.295+0000] {logging_mixin.py:188} INFO - [2024-05-27T09:34:05.293+0000] {dagbag.py:545} INFO - Filling up the DagBag from /home/airflow/.local/lib/python3.12/site-packages/airflow/example_dags/example_time_delta_sensor_async.py
[2024-05-27T09:34:05.332+0000] {processor.py:840} INFO - DAG(s) 'example_time_delta_sensor_async' retrieved from /home/airflow/.local/lib/python3.12/site-packages/airflow/example_dags/example_time_delta_sensor_async.py
[2024-05-27T09:34:14.639+0000] {logging_mixin.py:188} INFO - [2024-05-27T09:34:14.633+0000] {dag.py:3096} INFO - Sync 1 DAGs
[2024-05-27T09:34:14.772+0000] {logging_mixin.py:188} INFO - [2024-05-27T09:34:14.764+0000] {dag.py:3954} INFO - Setting next_dagrun for example_time_delta_sensor_async to None, run_after=None
[2024-05-27T09:34:15.394+0000] {processor.py:183} INFO - Processing /home/airflow/.local/lib/python3.12/site-packages/airflow/example_dags/example_time_delta_sensor_async.py took 10.126 seconds
[2024-05-27T09:38:51.156+0000] {processor.py:161} INFO - Started process (PID=184) to work on /home/airflow/.local/lib/python3.12/site-packages/airflow/example_dags/example_time_delta_sensor_async.py
[2024-05-27T09:38:51.168+0000] {processor.py:830} INFO - Processing file /home/airflow/.local/lib/python3.12/site-packages/airflow/example_dags/example_time_delta_sensor_async.py for tasks to queue
[2024-05-27T09:38:51.190+0000] {logging_mixin.py:188} INFO - [2024-05-27T09:38:51.179+0000] {dagbag.py:545} INFO - Filling up the DagBag from /home/airflow/.local/lib/python3.12/site-packages/airflow/example_dags/example_time_delta_sensor_async.py
[2024-05-27T09:38:51.320+0000] {processor.py:840} INFO - DAG(s) 'example_time_delta_sensor_async' retrieved from /home/airflow/.local/lib/python3.12/site-packages/airflow/example_dags/example_time_delta_sensor_async.py
[2024-05-27T09:38:52.660+0000] {logging_mixin.py:188} INFO - [2024-05-27T09:38:52.651+0000] {dag.py:3096} INFO - Sync 1 DAGs
[2024-05-27T09:38:52.713+0000] {logging_mixin.py:188} INFO - [2024-05-27T09:38:52.703+0000] {dag.py:3954} INFO - Setting next_dagrun for example_time_delta_sensor_async to None, run_after=None
[2024-05-27T09:38:54.099+0000] {processor.py:183} INFO - Processing /home/airflow/.local/lib/python3.12/site-packages/airflow/example_dags/example_time_delta_sensor_async.py took 3.065 seconds
[2024-05-27T09:41:53.728+0000] {processor.py:161} INFO - Started process (PID=259) to work on /home/airflow/.local/lib/python3.12/site-packages/airflow/example_dags/example_time_delta_sensor_async.py
[2024-05-27T09:41:53.752+0000] {processor.py:830} INFO - Processing file /home/airflow/.local/lib/python3.12/site-packages/airflow/example_dags/example_time_delta_sensor_async.py for tasks to queue
[2024-05-27T09:41:53.771+0000] {logging_mixin.py:188} INFO - [2024-05-27T09:41:53.759+0000] {dagbag.py:545} INFO - Filling up the DagBag from /home/airflow/.local/lib/python3.12/site-packages/airflow/example_dags/example_time_delta_sensor_async.py
[2024-05-27T09:41:54.013+0000] {processor.py:840} INFO - DAG(s) 'example_time_delta_sensor_async' retrieved from /home/airflow/.local/lib/python3.12/site-packages/airflow/example_dags/example_time_delta_sensor_async.py
[2024-05-27T09:41:54.978+0000] {logging_mixin.py:188} INFO - [2024-05-27T09:41:54.965+0000] {dag.py:3096} INFO - Sync 1 DAGs
[2024-05-27T09:41:57.834+0000] {logging_mixin.py:188} INFO - [2024-05-27T09:41:57.600+0000] {dag.py:3954} INFO - Setting next_dagrun for example_time_delta_sensor_async to None, run_after=None
[2024-05-27T09:41:58.702+0000] {processor.py:183} INFO - Processing /home/airflow/.local/lib/python3.12/site-packages/airflow/example_dags/example_time_delta_sensor_async.py took 5.088 seconds
[2024-05-27T10:07:07.316+0000] {processor.py:161} INFO - Started process (PID=28) to work on /home/airflow/.local/lib/python3.12/site-packages/airflow/example_dags/example_time_delta_sensor_async.py
[2024-05-27T10:07:07.318+0000] {processor.py:830} INFO - Processing file /home/airflow/.local/lib/python3.12/site-packages/airflow/example_dags/example_time_delta_sensor_async.py for tasks to queue
[2024-05-27T10:07:07.321+0000] {logging_mixin.py:188} INFO - [2024-05-27T10:07:07.320+0000] {dagbag.py:545} INFO - Filling up the DagBag from /home/airflow/.local/lib/python3.12/site-packages/airflow/example_dags/example_time_delta_sensor_async.py
[2024-05-27T10:07:07.337+0000] {processor.py:840} INFO - DAG(s) 'example_time_delta_sensor_async' retrieved from /home/airflow/.local/lib/python3.12/site-packages/airflow/example_dags/example_time_delta_sensor_async.py
[2024-05-27T10:07:07.366+0000] {logging_mixin.py:188} INFO - [2024-05-27T10:07:07.366+0000] {dag.py:3096} INFO - Sync 1 DAGs
[2024-05-27T10:07:07.379+0000] {logging_mixin.py:188} INFO - [2024-05-27T10:07:07.379+0000] {dag.py:3954} INFO - Setting next_dagrun for example_time_delta_sensor_async to None, run_after=None
[2024-05-27T10:07:07.402+0000] {processor.py:183} INFO - Processing /home/airflow/.local/lib/python3.12/site-packages/airflow/example_dags/example_time_delta_sensor_async.py took 0.095 seconds
[2024-05-27T10:07:38.414+0000] {processor.py:161} INFO - Started process (PID=86) to work on /home/airflow/.local/lib/python3.12/site-packages/airflow/example_dags/example_time_delta_sensor_async.py
[2024-05-27T10:07:38.416+0000] {processor.py:830} INFO - Processing file /home/airflow/.local/lib/python3.12/site-packages/airflow/example_dags/example_time_delta_sensor_async.py for tasks to queue
[2024-05-27T10:07:38.421+0000] {logging_mixin.py:188} INFO - [2024-05-27T10:07:38.421+0000] {dagbag.py:545} INFO - Filling up the DagBag from /home/airflow/.local/lib/python3.12/site-packages/airflow/example_dags/example_time_delta_sensor_async.py
[2024-05-27T10:07:38.428+0000] {processor.py:840} INFO - DAG(s) 'example_time_delta_sensor_async' retrieved from /home/airflow/.local/lib/python3.12/site-packages/airflow/example_dags/example_time_delta_sensor_async.py
[2024-05-27T10:07:38.668+0000] {logging_mixin.py:188} INFO - [2024-05-27T10:07:38.667+0000] {dag.py:3096} INFO - Sync 1 DAGs
[2024-05-27T10:07:38.677+0000] {logging_mixin.py:188} INFO - [2024-05-27T10:07:38.677+0000] {dag.py:3954} INFO - Setting next_dagrun for example_time_delta_sensor_async to None, run_after=None
[2024-05-27T10:07:38.699+0000] {processor.py:183} INFO - Processing /home/airflow/.local/lib/python3.12/site-packages/airflow/example_dags/example_time_delta_sensor_async.py took 0.290 seconds
