[2024-05-27T08:51:47.906+0000] {processor.py:161} INFO - Started process (PID=36) to work on /home/airflow/.local/lib/python3.12/site-packages/airflow/example_dags/example_sensors.py
[2024-05-27T08:51:47.908+0000] {processor.py:830} INFO - Processing file /home/airflow/.local/lib/python3.12/site-packages/airflow/example_dags/example_sensors.py for tasks to queue
[2024-05-27T08:51:47.912+0000] {logging_mixin.py:188} INFO - [2024-05-27T08:51:47.911+0000] {dagbag.py:545} INFO - Filling up the DagBag from /home/airflow/.local/lib/python3.12/site-packages/airflow/example_dags/example_sensors.py
[2024-05-27T08:51:47.971+0000] {processor.py:840} INFO - DAG(s) 'example_sensors' retrieved from /home/airflow/.local/lib/python3.12/site-packages/airflow/example_dags/example_sensors.py
[2024-05-27T08:51:49.934+0000] {logging_mixin.py:188} INFO - [2024-05-27T08:51:49.933+0000] {override.py:1829} INFO - Created Permission View: can edit on DAG:example_sensors
[2024-05-27T08:51:49.944+0000] {logging_mixin.py:188} INFO - [2024-05-27T08:51:49.944+0000] {override.py:1829} INFO - Created Permission View: can read on DAG:example_sensors
[2024-05-27T08:51:49.950+0000] {logging_mixin.py:188} INFO - [2024-05-27T08:51:49.950+0000] {override.py:1829} INFO - Created Permission View: can delete on DAG:example_sensors
[2024-05-27T08:51:49.952+0000] {logging_mixin.py:188} INFO - [2024-05-27T08:51:49.952+0000] {dag.py:3096} INFO - Sync 1 DAGs
[2024-05-27T08:51:49.973+0000] {logging_mixin.py:188} INFO - [2024-05-27T08:51:49.972+0000] {dag.py:3118} INFO - Creating ORM DAG for example_sensors
[2024-05-27T08:51:49.977+0000] {logging_mixin.py:188} INFO - [2024-05-27T08:51:49.976+0000] {dag.py:3954} INFO - Setting next_dagrun for example_sensors to None, run_after=None
[2024-05-27T08:51:50.000+0000] {processor.py:183} INFO - Processing /home/airflow/.local/lib/python3.12/site-packages/airflow/example_dags/example_sensors.py took 2.100 seconds
[2024-05-27T08:52:23.149+0000] {processor.py:161} INFO - Started process (PID=99) to work on /home/airflow/.local/lib/python3.12/site-packages/airflow/example_dags/example_sensors.py
[2024-05-27T08:52:23.152+0000] {processor.py:830} INFO - Processing file /home/airflow/.local/lib/python3.12/site-packages/airflow/example_dags/example_sensors.py for tasks to queue
[2024-05-27T08:52:23.155+0000] {logging_mixin.py:188} INFO - [2024-05-27T08:52:23.154+0000] {dagbag.py:545} INFO - Filling up the DagBag from /home/airflow/.local/lib/python3.12/site-packages/airflow/example_dags/example_sensors.py
[2024-05-27T08:52:23.164+0000] {processor.py:840} INFO - DAG(s) 'example_sensors' retrieved from /home/airflow/.local/lib/python3.12/site-packages/airflow/example_dags/example_sensors.py
[2024-05-27T08:52:23.185+0000] {logging_mixin.py:188} INFO - [2024-05-27T08:52:23.185+0000] {dag.py:3096} INFO - Sync 1 DAGs
[2024-05-27T08:52:23.197+0000] {logging_mixin.py:188} INFO - [2024-05-27T08:52:23.196+0000] {dag.py:3954} INFO - Setting next_dagrun for example_sensors to None, run_after=None
[2024-05-27T08:52:23.212+0000] {processor.py:183} INFO - Processing /home/airflow/.local/lib/python3.12/site-packages/airflow/example_dags/example_sensors.py took 0.067 seconds
[2024-05-27T08:53:07.378+0000] {processor.py:161} INFO - Started process (PID=151) to work on /home/airflow/.local/lib/python3.12/site-packages/airflow/example_dags/example_sensors.py
[2024-05-27T08:53:07.387+0000] {processor.py:830} INFO - Processing file /home/airflow/.local/lib/python3.12/site-packages/airflow/example_dags/example_sensors.py for tasks to queue
[2024-05-27T08:53:07.396+0000] {logging_mixin.py:188} INFO - [2024-05-27T08:53:07.394+0000] {dagbag.py:545} INFO - Filling up the DagBag from /home/airflow/.local/lib/python3.12/site-packages/airflow/example_dags/example_sensors.py
[2024-05-27T08:53:07.581+0000] {processor.py:840} INFO - DAG(s) 'example_sensors' retrieved from /home/airflow/.local/lib/python3.12/site-packages/airflow/example_dags/example_sensors.py
[2024-05-27T08:53:08.276+0000] {logging_mixin.py:188} INFO - [2024-05-27T08:53:08.275+0000] {dag.py:3096} INFO - Sync 1 DAGs
[2024-05-27T08:53:09.008+0000] {logging_mixin.py:188} INFO - [2024-05-27T08:53:09.006+0000] {dag.py:3954} INFO - Setting next_dagrun for example_sensors to None, run_after=None
[2024-05-27T08:53:09.111+0000] {processor.py:183} INFO - Processing /home/airflow/.local/lib/python3.12/site-packages/airflow/example_dags/example_sensors.py took 1.751 seconds
[2024-05-27T08:55:42.325+0000] {processor.py:161} INFO - Started process (PID=36) to work on /home/airflow/.local/lib/python3.12/site-packages/airflow/example_dags/example_sensors.py
[2024-05-27T08:55:42.327+0000] {processor.py:830} INFO - Processing file /home/airflow/.local/lib/python3.12/site-packages/airflow/example_dags/example_sensors.py for tasks to queue
[2024-05-27T08:55:42.330+0000] {logging_mixin.py:188} INFO - [2024-05-27T08:55:42.329+0000] {dagbag.py:545} INFO - Filling up the DagBag from /home/airflow/.local/lib/python3.12/site-packages/airflow/example_dags/example_sensors.py
[2024-05-27T08:55:42.344+0000] {processor.py:840} INFO - DAG(s) 'example_sensors' retrieved from /home/airflow/.local/lib/python3.12/site-packages/airflow/example_dags/example_sensors.py
[2024-05-27T08:55:42.360+0000] {logging_mixin.py:188} INFO - [2024-05-27T08:55:42.360+0000] {dag.py:3096} INFO - Sync 1 DAGs
[2024-05-27T08:55:42.372+0000] {logging_mixin.py:188} INFO - [2024-05-27T08:55:42.371+0000] {dag.py:3954} INFO - Setting next_dagrun for example_sensors to None, run_after=None
[2024-05-27T08:55:42.387+0000] {processor.py:183} INFO - Processing /home/airflow/.local/lib/python3.12/site-packages/airflow/example_dags/example_sensors.py took 0.067 seconds
[2024-05-27T08:56:40.278+0000] {processor.py:161} INFO - Started process (PID=101) to work on /home/airflow/.local/lib/python3.12/site-packages/airflow/example_dags/example_sensors.py
[2024-05-27T08:56:40.398+0000] {processor.py:830} INFO - Processing file /home/airflow/.local/lib/python3.12/site-packages/airflow/example_dags/example_sensors.py for tasks to queue
[2024-05-27T08:56:40.645+0000] {logging_mixin.py:188} INFO - [2024-05-27T08:56:40.614+0000] {dagbag.py:545} INFO - Filling up the DagBag from /home/airflow/.local/lib/python3.12/site-packages/airflow/example_dags/example_sensors.py
[2024-05-27T08:56:43.997+0000] {processor.py:840} INFO - DAG(s) 'example_sensors' retrieved from /home/airflow/.local/lib/python3.12/site-packages/airflow/example_dags/example_sensors.py
[2024-05-27T08:56:45.993+0000] {logging_mixin.py:188} INFO - [2024-05-27T08:56:45.986+0000] {dag.py:3096} INFO - Sync 1 DAGs
[2024-05-27T08:56:46.116+0000] {logging_mixin.py:188} INFO - [2024-05-27T08:56:46.101+0000] {dag.py:3954} INFO - Setting next_dagrun for example_sensors to None, run_after=None
[2024-05-27T08:56:47.356+0000] {processor.py:183} INFO - Processing /home/airflow/.local/lib/python3.12/site-packages/airflow/example_dags/example_sensors.py took 7.373 seconds
[2024-05-27T08:59:18.280+0000] {processor.py:161} INFO - Started process (PID=180) to work on /home/airflow/.local/lib/python3.12/site-packages/airflow/example_dags/example_sensors.py
[2024-05-27T08:59:18.284+0000] {processor.py:830} INFO - Processing file /home/airflow/.local/lib/python3.12/site-packages/airflow/example_dags/example_sensors.py for tasks to queue
[2024-05-27T08:59:18.292+0000] {logging_mixin.py:188} INFO - [2024-05-27T08:59:18.287+0000] {dagbag.py:545} INFO - Filling up the DagBag from /home/airflow/.local/lib/python3.12/site-packages/airflow/example_dags/example_sensors.py
[2024-05-27T08:59:18.320+0000] {processor.py:840} INFO - DAG(s) 'example_sensors' retrieved from /home/airflow/.local/lib/python3.12/site-packages/airflow/example_dags/example_sensors.py
[2024-05-27T08:59:20.702+0000] {logging_mixin.py:188} INFO - [2024-05-27T08:59:20.699+0000] {dag.py:3096} INFO - Sync 1 DAGs
[2024-05-27T08:59:22.218+0000] {logging_mixin.py:188} INFO - [2024-05-27T08:59:22.214+0000] {dag.py:3954} INFO - Setting next_dagrun for example_sensors to None, run_after=None
[2024-05-27T08:59:22.904+0000] {processor.py:183} INFO - Processing /home/airflow/.local/lib/python3.12/site-packages/airflow/example_dags/example_sensors.py took 4.633 seconds
[2024-05-27T09:01:13.069+0000] {processor.py:161} INFO - Started process (PID=246) to work on /home/airflow/.local/lib/python3.12/site-packages/airflow/example_dags/example_sensors.py
[2024-05-27T09:01:13.079+0000] {processor.py:830} INFO - Processing file /home/airflow/.local/lib/python3.12/site-packages/airflow/example_dags/example_sensors.py for tasks to queue
[2024-05-27T09:01:13.082+0000] {logging_mixin.py:188} INFO - [2024-05-27T09:01:13.081+0000] {dagbag.py:545} INFO - Filling up the DagBag from /home/airflow/.local/lib/python3.12/site-packages/airflow/example_dags/example_sensors.py
[2024-05-27T09:01:13.153+0000] {processor.py:840} INFO - DAG(s) 'example_sensors' retrieved from /home/airflow/.local/lib/python3.12/site-packages/airflow/example_dags/example_sensors.py
[2024-05-27T09:01:14.877+0000] {logging_mixin.py:188} INFO - [2024-05-27T09:01:14.863+0000] {dag.py:3096} INFO - Sync 1 DAGs
[2024-05-27T09:01:16.297+0000] {logging_mixin.py:188} INFO - [2024-05-27T09:01:16.288+0000] {dag.py:3954} INFO - Setting next_dagrun for example_sensors to None, run_after=None
[2024-05-27T09:01:16.660+0000] {processor.py:183} INFO - Processing /home/airflow/.local/lib/python3.12/site-packages/airflow/example_dags/example_sensors.py took 3.620 seconds
[2024-05-27T09:03:17.635+0000] {processor.py:161} INFO - Started process (PID=296) to work on /home/airflow/.local/lib/python3.12/site-packages/airflow/example_dags/example_sensors.py
[2024-05-27T09:03:17.646+0000] {processor.py:830} INFO - Processing file /home/airflow/.local/lib/python3.12/site-packages/airflow/example_dags/example_sensors.py for tasks to queue
[2024-05-27T09:03:17.658+0000] {logging_mixin.py:188} INFO - [2024-05-27T09:03:17.653+0000] {dagbag.py:545} INFO - Filling up the DagBag from /home/airflow/.local/lib/python3.12/site-packages/airflow/example_dags/example_sensors.py
[2024-05-27T09:03:19.019+0000] {processor.py:840} INFO - DAG(s) 'example_sensors' retrieved from /home/airflow/.local/lib/python3.12/site-packages/airflow/example_dags/example_sensors.py
[2024-05-27T09:03:19.401+0000] {logging_mixin.py:188} INFO - [2024-05-27T09:03:19.398+0000] {dag.py:3096} INFO - Sync 1 DAGs
[2024-05-27T09:03:19.479+0000] {logging_mixin.py:188} INFO - [2024-05-27T09:03:19.473+0000] {dag.py:3954} INFO - Setting next_dagrun for example_sensors to None, run_after=None
[2024-05-27T09:03:24.678+0000] {processor.py:183} INFO - Processing /home/airflow/.local/lib/python3.12/site-packages/airflow/example_dags/example_sensors.py took 7.071 seconds
[2024-05-27T09:05:14.995+0000] {processor.py:161} INFO - Started process (PID=378) to work on /home/airflow/.local/lib/python3.12/site-packages/airflow/example_dags/example_sensors.py
[2024-05-27T09:05:14.998+0000] {processor.py:830} INFO - Processing file /home/airflow/.local/lib/python3.12/site-packages/airflow/example_dags/example_sensors.py for tasks to queue
[2024-05-27T09:05:15.002+0000] {logging_mixin.py:188} INFO - [2024-05-27T09:05:15.001+0000] {dagbag.py:545} INFO - Filling up the DagBag from /home/airflow/.local/lib/python3.12/site-packages/airflow/example_dags/example_sensors.py
[2024-05-27T09:05:15.029+0000] {processor.py:840} INFO - DAG(s) 'example_sensors' retrieved from /home/airflow/.local/lib/python3.12/site-packages/airflow/example_dags/example_sensors.py
[2024-05-27T09:05:15.148+0000] {logging_mixin.py:188} INFO - [2024-05-27T09:05:15.147+0000] {dag.py:3096} INFO - Sync 1 DAGs
[2024-05-27T09:05:15.167+0000] {logging_mixin.py:188} INFO - [2024-05-27T09:05:15.167+0000] {dag.py:3954} INFO - Setting next_dagrun for example_sensors to None, run_after=None
[2024-05-27T09:05:15.234+0000] {processor.py:183} INFO - Processing /home/airflow/.local/lib/python3.12/site-packages/airflow/example_dags/example_sensors.py took 0.250 seconds
[2024-05-27T09:06:32.428+0000] {processor.py:161} INFO - Started process (PID=437) to work on /home/airflow/.local/lib/python3.12/site-packages/airflow/example_dags/example_sensors.py
[2024-05-27T09:06:32.434+0000] {processor.py:830} INFO - Processing file /home/airflow/.local/lib/python3.12/site-packages/airflow/example_dags/example_sensors.py for tasks to queue
[2024-05-27T09:06:32.445+0000] {logging_mixin.py:188} INFO - [2024-05-27T09:06:32.441+0000] {dagbag.py:545} INFO - Filling up the DagBag from /home/airflow/.local/lib/python3.12/site-packages/airflow/example_dags/example_sensors.py
[2024-05-27T09:06:32.623+0000] {processor.py:840} INFO - DAG(s) 'example_sensors' retrieved from /home/airflow/.local/lib/python3.12/site-packages/airflow/example_dags/example_sensors.py
[2024-05-27T09:06:37.403+0000] {logging_mixin.py:188} INFO - [2024-05-27T09:06:37.391+0000] {dag.py:3096} INFO - Sync 1 DAGs
[2024-05-27T09:06:37.439+0000] {logging_mixin.py:188} INFO - [2024-05-27T09:06:37.439+0000] {dag.py:3954} INFO - Setting next_dagrun for example_sensors to None, run_after=None
[2024-05-27T09:06:37.511+0000] {processor.py:183} INFO - Processing /home/airflow/.local/lib/python3.12/site-packages/airflow/example_dags/example_sensors.py took 5.141 seconds
[2024-05-27T09:07:33.600+0000] {processor.py:161} INFO - Started process (PID=470) to work on /home/airflow/.local/lib/python3.12/site-packages/airflow/example_dags/example_sensors.py
[2024-05-27T09:07:33.632+0000] {processor.py:830} INFO - Processing file /home/airflow/.local/lib/python3.12/site-packages/airflow/example_dags/example_sensors.py for tasks to queue
[2024-05-27T09:07:33.796+0000] {logging_mixin.py:188} INFO - [2024-05-27T09:07:33.694+0000] {dagbag.py:545} INFO - Filling up the DagBag from /home/airflow/.local/lib/python3.12/site-packages/airflow/example_dags/example_sensors.py
[2024-05-27T09:07:36.017+0000] {processor.py:840} INFO - DAG(s) 'example_sensors' retrieved from /home/airflow/.local/lib/python3.12/site-packages/airflow/example_dags/example_sensors.py
[2024-05-27T09:07:36.142+0000] {logging_mixin.py:188} INFO - [2024-05-27T09:07:36.142+0000] {dag.py:3096} INFO - Sync 1 DAGs
[2024-05-27T09:07:36.178+0000] {logging_mixin.py:188} INFO - [2024-05-27T09:07:36.177+0000] {dag.py:3954} INFO - Setting next_dagrun for example_sensors to None, run_after=None
[2024-05-27T09:07:36.731+0000] {processor.py:183} INFO - Processing /home/airflow/.local/lib/python3.12/site-packages/airflow/example_dags/example_sensors.py took 3.258 seconds
[2024-05-27T09:08:31.402+0000] {processor.py:161} INFO - Started process (PID=521) to work on /home/airflow/.local/lib/python3.12/site-packages/airflow/example_dags/example_sensors.py
[2024-05-27T09:08:31.404+0000] {processor.py:830} INFO - Processing file /home/airflow/.local/lib/python3.12/site-packages/airflow/example_dags/example_sensors.py for tasks to queue
[2024-05-27T09:08:31.407+0000] {logging_mixin.py:188} INFO - [2024-05-27T09:08:31.406+0000] {dagbag.py:545} INFO - Filling up the DagBag from /home/airflow/.local/lib/python3.12/site-packages/airflow/example_dags/example_sensors.py
[2024-05-27T09:08:31.431+0000] {processor.py:840} INFO - DAG(s) 'example_sensors' retrieved from /home/airflow/.local/lib/python3.12/site-packages/airflow/example_dags/example_sensors.py
[2024-05-27T09:08:31.497+0000] {logging_mixin.py:188} INFO - [2024-05-27T09:08:31.497+0000] {dag.py:3096} INFO - Sync 1 DAGs
[2024-05-27T09:08:31.536+0000] {logging_mixin.py:188} INFO - [2024-05-27T09:08:31.533+0000] {dag.py:3954} INFO - Setting next_dagrun for example_sensors to None, run_after=None
[2024-05-27T09:08:32.710+0000] {processor.py:183} INFO - Processing /home/airflow/.local/lib/python3.12/site-packages/airflow/example_dags/example_sensors.py took 1.316 seconds
[2024-05-27T09:11:39.261+0000] {processor.py:161} INFO - Started process (PID=36) to work on /home/airflow/.local/lib/python3.12/site-packages/airflow/example_dags/example_sensors.py
[2024-05-27T09:11:39.265+0000] {processor.py:830} INFO - Processing file /home/airflow/.local/lib/python3.12/site-packages/airflow/example_dags/example_sensors.py for tasks to queue
[2024-05-27T09:11:39.268+0000] {logging_mixin.py:188} INFO - [2024-05-27T09:11:39.268+0000] {dagbag.py:545} INFO - Filling up the DagBag from /home/airflow/.local/lib/python3.12/site-packages/airflow/example_dags/example_sensors.py
[2024-05-27T09:11:39.296+0000] {processor.py:840} INFO - DAG(s) 'example_sensors' retrieved from /home/airflow/.local/lib/python3.12/site-packages/airflow/example_dags/example_sensors.py
[2024-05-27T09:11:39.314+0000] {logging_mixin.py:188} INFO - [2024-05-27T09:11:39.314+0000] {dag.py:3096} INFO - Sync 1 DAGs
[2024-05-27T09:11:39.327+0000] {logging_mixin.py:188} INFO - [2024-05-27T09:11:39.326+0000] {dag.py:3954} INFO - Setting next_dagrun for example_sensors to None, run_after=None
[2024-05-27T09:11:39.362+0000] {processor.py:183} INFO - Processing /home/airflow/.local/lib/python3.12/site-packages/airflow/example_dags/example_sensors.py took 0.106 seconds
[2024-05-27T09:12:18.898+0000] {processor.py:161} INFO - Started process (PID=94) to work on /home/airflow/.local/lib/python3.12/site-packages/airflow/example_dags/example_sensors.py
[2024-05-27T09:12:18.901+0000] {processor.py:830} INFO - Processing file /home/airflow/.local/lib/python3.12/site-packages/airflow/example_dags/example_sensors.py for tasks to queue
[2024-05-27T09:12:18.903+0000] {logging_mixin.py:188} INFO - [2024-05-27T09:12:18.903+0000] {dagbag.py:545} INFO - Filling up the DagBag from /home/airflow/.local/lib/python3.12/site-packages/airflow/example_dags/example_sensors.py
[2024-05-27T09:12:18.917+0000] {processor.py:840} INFO - DAG(s) 'example_sensors' retrieved from /home/airflow/.local/lib/python3.12/site-packages/airflow/example_dags/example_sensors.py
[2024-05-27T09:12:19.083+0000] {logging_mixin.py:188} INFO - [2024-05-27T09:12:19.077+0000] {dag.py:3096} INFO - Sync 1 DAGs
[2024-05-27T09:12:19.131+0000] {logging_mixin.py:188} INFO - [2024-05-27T09:12:19.124+0000] {dag.py:3954} INFO - Setting next_dagrun for example_sensors to None, run_after=None
[2024-05-27T09:12:20.017+0000] {processor.py:183} INFO - Processing /home/airflow/.local/lib/python3.12/site-packages/airflow/example_dags/example_sensors.py took 1.125 seconds
[2024-05-27T09:24:42.081+0000] {processor.py:161} INFO - Started process (PID=36) to work on /home/airflow/.local/lib/python3.12/site-packages/airflow/example_dags/example_sensors.py
[2024-05-27T09:24:42.084+0000] {processor.py:830} INFO - Processing file /home/airflow/.local/lib/python3.12/site-packages/airflow/example_dags/example_sensors.py for tasks to queue
[2024-05-27T09:24:42.086+0000] {logging_mixin.py:188} INFO - [2024-05-27T09:24:42.086+0000] {dagbag.py:545} INFO - Filling up the DagBag from /home/airflow/.local/lib/python3.12/site-packages/airflow/example_dags/example_sensors.py
[2024-05-27T09:24:42.100+0000] {processor.py:840} INFO - DAG(s) 'example_sensors' retrieved from /home/airflow/.local/lib/python3.12/site-packages/airflow/example_dags/example_sensors.py
[2024-05-27T09:24:42.118+0000] {logging_mixin.py:188} INFO - [2024-05-27T09:24:42.118+0000] {dag.py:3096} INFO - Sync 1 DAGs
[2024-05-27T09:24:42.132+0000] {logging_mixin.py:188} INFO - [2024-05-27T09:24:42.132+0000] {dag.py:3954} INFO - Setting next_dagrun for example_sensors to None, run_after=None
[2024-05-27T09:24:42.154+0000] {processor.py:183} INFO - Processing /home/airflow/.local/lib/python3.12/site-packages/airflow/example_dags/example_sensors.py took 0.077 seconds
[2024-05-27T09:26:43.174+0000] {processor.py:161} INFO - Started process (PID=113) to work on /home/airflow/.local/lib/python3.12/site-packages/airflow/example_dags/example_sensors.py
[2024-05-27T09:26:43.206+0000] {processor.py:830} INFO - Processing file /home/airflow/.local/lib/python3.12/site-packages/airflow/example_dags/example_sensors.py for tasks to queue
[2024-05-27T09:26:44.548+0000] {logging_mixin.py:188} INFO - [2024-05-27T09:26:44.440+0000] {dagbag.py:545} INFO - Filling up the DagBag from /home/airflow/.local/lib/python3.12/site-packages/airflow/example_dags/example_sensors.py
[2024-05-27T09:26:51.169+0000] {processor.py:840} INFO - DAG(s) 'example_sensors' retrieved from /home/airflow/.local/lib/python3.12/site-packages/airflow/example_dags/example_sensors.py
[2024-05-27T09:27:00.076+0000] {logging_mixin.py:188} INFO - [2024-05-27T09:27:00.059+0000] {dag.py:3096} INFO - Sync 1 DAGs
[2024-05-27T09:27:01.082+0000] {logging_mixin.py:188} INFO - [2024-05-27T09:27:01.078+0000] {dag.py:3954} INFO - Setting next_dagrun for example_sensors to None, run_after=None
[2024-05-27T09:27:02.378+0000] {processor.py:183} INFO - Processing /home/airflow/.local/lib/python3.12/site-packages/airflow/example_dags/example_sensors.py took 20.002 seconds
[2024-05-27T09:28:16.000+0000] {processor.py:161} INFO - Started process (PID=37) to work on /home/airflow/.local/lib/python3.12/site-packages/airflow/example_dags/example_sensors.py
[2024-05-27T09:28:16.012+0000] {processor.py:830} INFO - Processing file /home/airflow/.local/lib/python3.12/site-packages/airflow/example_dags/example_sensors.py for tasks to queue
[2024-05-27T09:28:16.016+0000] {logging_mixin.py:188} INFO - [2024-05-27T09:28:16.015+0000] {dagbag.py:545} INFO - Filling up the DagBag from /home/airflow/.local/lib/python3.12/site-packages/airflow/example_dags/example_sensors.py
[2024-05-27T09:28:16.029+0000] {processor.py:840} INFO - DAG(s) 'example_sensors' retrieved from /home/airflow/.local/lib/python3.12/site-packages/airflow/example_dags/example_sensors.py
[2024-05-27T09:28:16.049+0000] {logging_mixin.py:188} INFO - [2024-05-27T09:28:16.049+0000] {dag.py:3096} INFO - Sync 1 DAGs
[2024-05-27T09:28:16.068+0000] {logging_mixin.py:188} INFO - [2024-05-27T09:28:16.067+0000] {dag.py:3954} INFO - Setting next_dagrun for example_sensors to None, run_after=None
[2024-05-27T09:28:16.121+0000] {processor.py:183} INFO - Processing /home/airflow/.local/lib/python3.12/site-packages/airflow/example_dags/example_sensors.py took 0.127 seconds
[2024-05-27T09:29:12.158+0000] {processor.py:161} INFO - Started process (PID=104) to work on /home/airflow/.local/lib/python3.12/site-packages/airflow/example_dags/example_sensors.py
[2024-05-27T09:29:12.161+0000] {processor.py:830} INFO - Processing file /home/airflow/.local/lib/python3.12/site-packages/airflow/example_dags/example_sensors.py for tasks to queue
[2024-05-27T09:29:12.179+0000] {logging_mixin.py:188} INFO - [2024-05-27T09:29:12.177+0000] {dagbag.py:545} INFO - Filling up the DagBag from /home/airflow/.local/lib/python3.12/site-packages/airflow/example_dags/example_sensors.py
[2024-05-27T09:29:12.247+0000] {processor.py:840} INFO - DAG(s) 'example_sensors' retrieved from /home/airflow/.local/lib/python3.12/site-packages/airflow/example_dags/example_sensors.py
[2024-05-27T09:29:17.972+0000] {logging_mixin.py:188} INFO - [2024-05-27T09:29:17.956+0000] {dag.py:3096} INFO - Sync 1 DAGs
[2024-05-27T09:29:18.096+0000] {logging_mixin.py:188} INFO - [2024-05-27T09:29:18.092+0000] {dag.py:3954} INFO - Setting next_dagrun for example_sensors to None, run_after=None
[2024-05-27T09:29:18.479+0000] {processor.py:183} INFO - Processing /home/airflow/.local/lib/python3.12/site-packages/airflow/example_dags/example_sensors.py took 6.341 seconds
[2024-05-27T09:31:49.201+0000] {processor.py:161} INFO - Started process (PID=149) to work on /home/airflow/.local/lib/python3.12/site-packages/airflow/example_dags/example_sensors.py
[2024-05-27T09:31:49.205+0000] {processor.py:830} INFO - Processing file /home/airflow/.local/lib/python3.12/site-packages/airflow/example_dags/example_sensors.py for tasks to queue
[2024-05-27T09:31:49.211+0000] {logging_mixin.py:188} INFO - [2024-05-27T09:31:49.211+0000] {dagbag.py:545} INFO - Filling up the DagBag from /home/airflow/.local/lib/python3.12/site-packages/airflow/example_dags/example_sensors.py
[2024-05-27T09:31:49.242+0000] {processor.py:840} INFO - DAG(s) 'example_sensors' retrieved from /home/airflow/.local/lib/python3.12/site-packages/airflow/example_dags/example_sensors.py
[2024-05-27T09:31:49.360+0000] {logging_mixin.py:188} INFO - [2024-05-27T09:31:49.359+0000] {dag.py:3096} INFO - Sync 1 DAGs
[2024-05-27T09:31:49.373+0000] {logging_mixin.py:188} INFO - [2024-05-27T09:31:49.373+0000] {dag.py:3954} INFO - Setting next_dagrun for example_sensors to None, run_after=None
[2024-05-27T09:31:49.402+0000] {processor.py:183} INFO - Processing /home/airflow/.local/lib/python3.12/site-packages/airflow/example_dags/example_sensors.py took 0.210 seconds
[2024-05-27T09:33:35.510+0000] {processor.py:161} INFO - Started process (PID=37) to work on /home/airflow/.local/lib/python3.12/site-packages/airflow/example_dags/example_sensors.py
[2024-05-27T09:33:35.512+0000] {processor.py:830} INFO - Processing file /home/airflow/.local/lib/python3.12/site-packages/airflow/example_dags/example_sensors.py for tasks to queue
[2024-05-27T09:33:35.515+0000] {logging_mixin.py:188} INFO - [2024-05-27T09:33:35.515+0000] {dagbag.py:545} INFO - Filling up the DagBag from /home/airflow/.local/lib/python3.12/site-packages/airflow/example_dags/example_sensors.py
[2024-05-27T09:33:35.528+0000] {processor.py:840} INFO - DAG(s) 'example_sensors' retrieved from /home/airflow/.local/lib/python3.12/site-packages/airflow/example_dags/example_sensors.py
[2024-05-27T09:33:35.539+0000] {logging_mixin.py:188} INFO - [2024-05-27T09:33:35.539+0000] {dag.py:3096} INFO - Sync 1 DAGs
[2024-05-27T09:33:35.550+0000] {logging_mixin.py:188} INFO - [2024-05-27T09:33:35.550+0000] {dag.py:3954} INFO - Setting next_dagrun for example_sensors to None, run_after=None
[2024-05-27T09:33:35.573+0000] {processor.py:183} INFO - Processing /home/airflow/.local/lib/python3.12/site-packages/airflow/example_dags/example_sensors.py took 0.067 seconds
[2024-05-27T09:34:55.785+0000] {processor.py:161} INFO - Started process (PID=96) to work on /home/airflow/.local/lib/python3.12/site-packages/airflow/example_dags/example_sensors.py
[2024-05-27T09:34:55.789+0000] {processor.py:830} INFO - Processing file /home/airflow/.local/lib/python3.12/site-packages/airflow/example_dags/example_sensors.py for tasks to queue
[2024-05-27T09:34:55.794+0000] {logging_mixin.py:188} INFO - [2024-05-27T09:34:55.792+0000] {dagbag.py:545} INFO - Filling up the DagBag from /home/airflow/.local/lib/python3.12/site-packages/airflow/example_dags/example_sensors.py
[2024-05-27T09:34:55.825+0000] {processor.py:840} INFO - DAG(s) 'example_sensors' retrieved from /home/airflow/.local/lib/python3.12/site-packages/airflow/example_dags/example_sensors.py
[2024-05-27T09:35:12.116+0000] {logging_mixin.py:188} INFO - [2024-05-27T09:35:12.109+0000] {dag.py:3096} INFO - Sync 1 DAGs
[2024-05-27T09:35:12.299+0000] {logging_mixin.py:188} INFO - [2024-05-27T09:35:12.292+0000] {dag.py:3954} INFO - Setting next_dagrun for example_sensors to None, run_after=None
[2024-05-27T09:35:13.688+0000] {processor.py:183} INFO - Processing /home/airflow/.local/lib/python3.12/site-packages/airflow/example_dags/example_sensors.py took 22.645 seconds
[2024-05-27T09:39:28.758+0000] {processor.py:161} INFO - Started process (PID=200) to work on /home/airflow/.local/lib/python3.12/site-packages/airflow/example_dags/example_sensors.py
[2024-05-27T09:39:28.766+0000] {processor.py:830} INFO - Processing file /home/airflow/.local/lib/python3.12/site-packages/airflow/example_dags/example_sensors.py for tasks to queue
[2024-05-27T09:39:28.780+0000] {logging_mixin.py:188} INFO - [2024-05-27T09:39:28.776+0000] {dagbag.py:545} INFO - Filling up the DagBag from /home/airflow/.local/lib/python3.12/site-packages/airflow/example_dags/example_sensors.py
[2024-05-27T09:39:28.958+0000] {processor.py:840} INFO - DAG(s) 'example_sensors' retrieved from /home/airflow/.local/lib/python3.12/site-packages/airflow/example_dags/example_sensors.py
[2024-05-27T09:39:31.116+0000] {logging_mixin.py:188} INFO - [2024-05-27T09:39:31.115+0000] {dag.py:3096} INFO - Sync 1 DAGs
[2024-05-27T09:39:31.140+0000] {logging_mixin.py:188} INFO - [2024-05-27T09:39:31.139+0000] {dag.py:3954} INFO - Setting next_dagrun for example_sensors to None, run_after=None
[2024-05-27T09:39:31.219+0000] {processor.py:183} INFO - Processing /home/airflow/.local/lib/python3.12/site-packages/airflow/example_dags/example_sensors.py took 2.560 seconds
[2024-05-27T09:42:17.112+0000] {processor.py:161} INFO - Started process (PID=268) to work on /home/airflow/.local/lib/python3.12/site-packages/airflow/example_dags/example_sensors.py
[2024-05-27T09:42:17.119+0000] {processor.py:830} INFO - Processing file /home/airflow/.local/lib/python3.12/site-packages/airflow/example_dags/example_sensors.py for tasks to queue
[2024-05-27T09:42:17.132+0000] {logging_mixin.py:188} INFO - [2024-05-27T09:42:17.126+0000] {dagbag.py:545} INFO - Filling up the DagBag from /home/airflow/.local/lib/python3.12/site-packages/airflow/example_dags/example_sensors.py
[2024-05-27T09:42:18.374+0000] {processor.py:840} INFO - DAG(s) 'example_sensors' retrieved from /home/airflow/.local/lib/python3.12/site-packages/airflow/example_dags/example_sensors.py
[2024-05-27T09:42:21.702+0000] {logging_mixin.py:188} INFO - [2024-05-27T09:42:21.691+0000] {dag.py:3096} INFO - Sync 1 DAGs
[2024-05-27T09:42:21.968+0000] {logging_mixin.py:188} INFO - [2024-05-27T09:42:21.957+0000] {dag.py:3954} INFO - Setting next_dagrun for example_sensors to None, run_after=None
[2024-05-27T09:42:24.448+0000] {processor.py:183} INFO - Processing /home/airflow/.local/lib/python3.12/site-packages/airflow/example_dags/example_sensors.py took 7.439 seconds
[2024-05-27T10:07:07.948+0000] {processor.py:161} INFO - Started process (PID=37) to work on /home/airflow/.local/lib/python3.12/site-packages/airflow/example_dags/example_sensors.py
[2024-05-27T10:07:07.950+0000] {processor.py:830} INFO - Processing file /home/airflow/.local/lib/python3.12/site-packages/airflow/example_dags/example_sensors.py for tasks to queue
[2024-05-27T10:07:07.953+0000] {logging_mixin.py:188} INFO - [2024-05-27T10:07:07.953+0000] {dagbag.py:545} INFO - Filling up the DagBag from /home/airflow/.local/lib/python3.12/site-packages/airflow/example_dags/example_sensors.py
[2024-05-27T10:07:07.969+0000] {processor.py:840} INFO - DAG(s) 'example_sensors' retrieved from /home/airflow/.local/lib/python3.12/site-packages/airflow/example_dags/example_sensors.py
[2024-05-27T10:07:07.983+0000] {logging_mixin.py:188} INFO - [2024-05-27T10:07:07.983+0000] {dag.py:3096} INFO - Sync 1 DAGs
[2024-05-27T10:07:08.001+0000] {logging_mixin.py:188} INFO - [2024-05-27T10:07:08.001+0000] {dag.py:3954} INFO - Setting next_dagrun for example_sensors to None, run_after=None
[2024-05-27T10:07:08.027+0000] {processor.py:183} INFO - Processing /home/airflow/.local/lib/python3.12/site-packages/airflow/example_dags/example_sensors.py took 0.084 seconds
[2024-05-27T10:07:39.348+0000] {processor.py:161} INFO - Started process (PID=95) to work on /home/airflow/.local/lib/python3.12/site-packages/airflow/example_dags/example_sensors.py
[2024-05-27T10:07:39.350+0000] {processor.py:830} INFO - Processing file /home/airflow/.local/lib/python3.12/site-packages/airflow/example_dags/example_sensors.py for tasks to queue
[2024-05-27T10:07:39.353+0000] {logging_mixin.py:188} INFO - [2024-05-27T10:07:39.353+0000] {dagbag.py:545} INFO - Filling up the DagBag from /home/airflow/.local/lib/python3.12/site-packages/airflow/example_dags/example_sensors.py
[2024-05-27T10:07:39.361+0000] {processor.py:840} INFO - DAG(s) 'example_sensors' retrieved from /home/airflow/.local/lib/python3.12/site-packages/airflow/example_dags/example_sensors.py
[2024-05-27T10:07:39.437+0000] {logging_mixin.py:188} INFO - [2024-05-27T10:07:39.437+0000] {dag.py:3096} INFO - Sync 1 DAGs
[2024-05-27T10:07:39.446+0000] {logging_mixin.py:188} INFO - [2024-05-27T10:07:39.446+0000] {dag.py:3954} INFO - Setting next_dagrun for example_sensors to None, run_after=None
[2024-05-27T10:07:39.480+0000] {processor.py:183} INFO - Processing /home/airflow/.local/lib/python3.12/site-packages/airflow/example_dags/example_sensors.py took 0.136 seconds
