[2024-05-27T08:51:52.033+0000] {processor.py:161} INFO - Started process (PID=44) to work on /home/airflow/.local/lib/python3.12/site-packages/airflow/example_dags/example_python_decorator.py
[2024-05-27T08:51:52.036+0000] {processor.py:830} INFO - Processing file /home/airflow/.local/lib/python3.12/site-packages/airflow/example_dags/example_python_decorator.py for tasks to queue
[2024-05-27T08:51:52.039+0000] {logging_mixin.py:188} INFO - [2024-05-27T08:51:52.039+0000] {dagbag.py:545} INFO - Filling up the DagBag from /home/airflow/.local/lib/python3.12/site-packages/airflow/example_dags/example_python_decorator.py
[2024-05-27T08:51:52.054+0000] {processor.py:840} INFO - DAG(s) 'example_python_decorator' retrieved from /home/airflow/.local/lib/python3.12/site-packages/airflow/example_dags/example_python_decorator.py
[2024-05-27T08:51:52.144+0000] {logging_mixin.py:188} INFO - [2024-05-27T08:51:52.143+0000] {override.py:1829} INFO - Created Permission View: can edit on DAG:example_python_decorator
[2024-05-27T08:51:52.152+0000] {logging_mixin.py:188} INFO - [2024-05-27T08:51:52.152+0000] {override.py:1829} INFO - Created Permission View: can read on DAG:example_python_decorator
[2024-05-27T08:51:52.158+0000] {logging_mixin.py:188} INFO - [2024-05-27T08:51:52.158+0000] {override.py:1829} INFO - Created Permission View: can delete on DAG:example_python_decorator
[2024-05-27T08:51:52.160+0000] {logging_mixin.py:188} INFO - [2024-05-27T08:51:52.159+0000] {dag.py:3096} INFO - Sync 1 DAGs
[2024-05-27T08:51:52.167+0000] {logging_mixin.py:188} INFO - [2024-05-27T08:51:52.167+0000] {dag.py:3118} INFO - Creating ORM DAG for example_python_decorator
[2024-05-27T08:51:52.170+0000] {logging_mixin.py:188} INFO - [2024-05-27T08:51:52.169+0000] {dag.py:3954} INFO - Setting next_dagrun for example_python_decorator to None, run_after=None
[2024-05-27T08:51:52.182+0000] {processor.py:183} INFO - Processing /home/airflow/.local/lib/python3.12/site-packages/airflow/example_dags/example_python_decorator.py took 0.154 seconds
[2024-05-27T08:52:23.603+0000] {processor.py:161} INFO - Started process (PID=107) to work on /home/airflow/.local/lib/python3.12/site-packages/airflow/example_dags/example_python_decorator.py
[2024-05-27T08:52:23.605+0000] {processor.py:830} INFO - Processing file /home/airflow/.local/lib/python3.12/site-packages/airflow/example_dags/example_python_decorator.py for tasks to queue
[2024-05-27T08:52:23.607+0000] {logging_mixin.py:188} INFO - [2024-05-27T08:52:23.607+0000] {dagbag.py:545} INFO - Filling up the DagBag from /home/airflow/.local/lib/python3.12/site-packages/airflow/example_dags/example_python_decorator.py
[2024-05-27T08:52:23.618+0000] {processor.py:840} INFO - DAG(s) 'example_python_decorator' retrieved from /home/airflow/.local/lib/python3.12/site-packages/airflow/example_dags/example_python_decorator.py
[2024-05-27T08:52:23.638+0000] {logging_mixin.py:188} INFO - [2024-05-27T08:52:23.637+0000] {dag.py:3096} INFO - Sync 1 DAGs
[2024-05-27T08:52:23.647+0000] {logging_mixin.py:188} INFO - [2024-05-27T08:52:23.647+0000] {dag.py:3954} INFO - Setting next_dagrun for example_python_decorator to None, run_after=None
[2024-05-27T08:52:23.662+0000] {processor.py:183} INFO - Processing /home/airflow/.local/lib/python3.12/site-packages/airflow/example_dags/example_python_decorator.py took 0.064 seconds
[2024-05-27T08:53:53.272+0000] {processor.py:161} INFO - Started process (PID=159) to work on /home/airflow/.local/lib/python3.12/site-packages/airflow/example_dags/example_python_decorator.py
[2024-05-27T08:53:53.275+0000] {processor.py:830} INFO - Processing file /home/airflow/.local/lib/python3.12/site-packages/airflow/example_dags/example_python_decorator.py for tasks to queue
[2024-05-27T08:53:53.278+0000] {logging_mixin.py:188} INFO - [2024-05-27T08:53:53.277+0000] {dagbag.py:545} INFO - Filling up the DagBag from /home/airflow/.local/lib/python3.12/site-packages/airflow/example_dags/example_python_decorator.py
[2024-05-27T08:53:53.366+0000] {processor.py:840} INFO - DAG(s) 'example_python_decorator' retrieved from /home/airflow/.local/lib/python3.12/site-packages/airflow/example_dags/example_python_decorator.py
[2024-05-27T08:53:53.425+0000] {logging_mixin.py:188} INFO - [2024-05-27T08:53:53.425+0000] {dag.py:3096} INFO - Sync 1 DAGs
[2024-05-27T08:53:53.445+0000] {logging_mixin.py:188} INFO - [2024-05-27T08:53:53.445+0000] {dag.py:3954} INFO - Setting next_dagrun for example_python_decorator to None, run_after=None
[2024-05-27T08:53:53.501+0000] {processor.py:183} INFO - Processing /home/airflow/.local/lib/python3.12/site-packages/airflow/example_dags/example_python_decorator.py took 0.235 seconds
[2024-05-27T08:55:43.316+0000] {processor.py:161} INFO - Started process (PID=44) to work on /home/airflow/.local/lib/python3.12/site-packages/airflow/example_dags/example_python_decorator.py
[2024-05-27T08:55:43.327+0000] {processor.py:830} INFO - Processing file /home/airflow/.local/lib/python3.12/site-packages/airflow/example_dags/example_python_decorator.py for tasks to queue
[2024-05-27T08:55:43.333+0000] {logging_mixin.py:188} INFO - [2024-05-27T08:55:43.333+0000] {dagbag.py:545} INFO - Filling up the DagBag from /home/airflow/.local/lib/python3.12/site-packages/airflow/example_dags/example_python_decorator.py
[2024-05-27T08:55:43.372+0000] {processor.py:840} INFO - DAG(s) 'example_python_decorator' retrieved from /home/airflow/.local/lib/python3.12/site-packages/airflow/example_dags/example_python_decorator.py
[2024-05-27T08:55:43.393+0000] {logging_mixin.py:188} INFO - [2024-05-27T08:55:43.392+0000] {dag.py:3096} INFO - Sync 1 DAGs
[2024-05-27T08:55:43.422+0000] {logging_mixin.py:188} INFO - [2024-05-27T08:55:43.422+0000] {dag.py:3954} INFO - Setting next_dagrun for example_python_decorator to None, run_after=None
[2024-05-27T08:55:43.523+0000] {processor.py:183} INFO - Processing /home/airflow/.local/lib/python3.12/site-packages/airflow/example_dags/example_python_decorator.py took 0.209 seconds
[2024-05-27T08:56:56.003+0000] {processor.py:161} INFO - Started process (PID=109) to work on /home/airflow/.local/lib/python3.12/site-packages/airflow/example_dags/example_python_decorator.py
[2024-05-27T08:56:56.006+0000] {processor.py:830} INFO - Processing file /home/airflow/.local/lib/python3.12/site-packages/airflow/example_dags/example_python_decorator.py for tasks to queue
[2024-05-27T08:56:56.010+0000] {logging_mixin.py:188} INFO - [2024-05-27T08:56:56.010+0000] {dagbag.py:545} INFO - Filling up the DagBag from /home/airflow/.local/lib/python3.12/site-packages/airflow/example_dags/example_python_decorator.py
[2024-05-27T08:56:56.066+0000] {processor.py:840} INFO - DAG(s) 'example_python_decorator' retrieved from /home/airflow/.local/lib/python3.12/site-packages/airflow/example_dags/example_python_decorator.py
[2024-05-27T08:56:58.077+0000] {logging_mixin.py:188} INFO - [2024-05-27T08:56:58.074+0000] {dag.py:3096} INFO - Sync 1 DAGs
[2024-05-27T08:56:58.104+0000] {logging_mixin.py:188} INFO - [2024-05-27T08:56:58.104+0000] {dag.py:3954} INFO - Setting next_dagrun for example_python_decorator to None, run_after=None
[2024-05-27T08:56:58.923+0000] {processor.py:183} INFO - Processing /home/airflow/.local/lib/python3.12/site-packages/airflow/example_dags/example_python_decorator.py took 2.929 seconds
[2024-05-27T08:59:44.262+0000] {processor.py:161} INFO - Started process (PID=195) to work on /home/airflow/.local/lib/python3.12/site-packages/airflow/example_dags/example_python_decorator.py
[2024-05-27T08:59:44.280+0000] {processor.py:830} INFO - Processing file /home/airflow/.local/lib/python3.12/site-packages/airflow/example_dags/example_python_decorator.py for tasks to queue
[2024-05-27T08:59:44.294+0000] {logging_mixin.py:188} INFO - [2024-05-27T08:59:44.290+0000] {dagbag.py:545} INFO - Filling up the DagBag from /home/airflow/.local/lib/python3.12/site-packages/airflow/example_dags/example_python_decorator.py
[2024-05-27T08:59:45.858+0000] {processor.py:840} INFO - DAG(s) 'example_python_decorator' retrieved from /home/airflow/.local/lib/python3.12/site-packages/airflow/example_dags/example_python_decorator.py
[2024-05-27T08:59:45.919+0000] {logging_mixin.py:188} INFO - [2024-05-27T08:59:45.918+0000] {dag.py:3096} INFO - Sync 1 DAGs
[2024-05-27T08:59:46.470+0000] {logging_mixin.py:188} INFO - [2024-05-27T08:59:46.465+0000] {dag.py:3954} INFO - Setting next_dagrun for example_python_decorator to None, run_after=None
[2024-05-27T08:59:47.635+0000] {processor.py:183} INFO - Processing /home/airflow/.local/lib/python3.12/site-packages/airflow/example_dags/example_python_decorator.py took 3.395 seconds
[2024-05-27T09:01:38.720+0000] {processor.py:161} INFO - Started process (PID=260) to work on /home/airflow/.local/lib/python3.12/site-packages/airflow/example_dags/example_python_decorator.py
[2024-05-27T09:01:38.806+0000] {processor.py:830} INFO - Processing file /home/airflow/.local/lib/python3.12/site-packages/airflow/example_dags/example_python_decorator.py for tasks to queue
[2024-05-27T09:01:39.123+0000] {logging_mixin.py:188} INFO - [2024-05-27T09:01:38.916+0000] {dagbag.py:545} INFO - Filling up the DagBag from /home/airflow/.local/lib/python3.12/site-packages/airflow/example_dags/example_python_decorator.py
[2024-05-27T09:01:42.753+0000] {processor.py:840} INFO - DAG(s) 'example_python_decorator' retrieved from /home/airflow/.local/lib/python3.12/site-packages/airflow/example_dags/example_python_decorator.py
[2024-05-27T09:01:43.658+0000] {logging_mixin.py:188} INFO - [2024-05-27T09:01:43.656+0000] {dag.py:3096} INFO - Sync 1 DAGs
[2024-05-27T09:01:43.679+0000] {logging_mixin.py:188} INFO - [2024-05-27T09:01:43.679+0000] {dag.py:3954} INFO - Setting next_dagrun for example_python_decorator to None, run_after=None
[2024-05-27T09:01:44.164+0000] {processor.py:183} INFO - Processing /home/airflow/.local/lib/python3.12/site-packages/airflow/example_dags/example_python_decorator.py took 5.539 seconds
[2024-05-27T09:03:43.088+0000] {processor.py:161} INFO - Started process (PID=310) to work on /home/airflow/.local/lib/python3.12/site-packages/airflow/example_dags/example_python_decorator.py
[2024-05-27T09:03:43.090+0000] {processor.py:830} INFO - Processing file /home/airflow/.local/lib/python3.12/site-packages/airflow/example_dags/example_python_decorator.py for tasks to queue
[2024-05-27T09:03:43.096+0000] {logging_mixin.py:188} INFO - [2024-05-27T09:03:43.095+0000] {dagbag.py:545} INFO - Filling up the DagBag from /home/airflow/.local/lib/python3.12/site-packages/airflow/example_dags/example_python_decorator.py
[2024-05-27T09:03:43.867+0000] {processor.py:840} INFO - DAG(s) 'example_python_decorator' retrieved from /home/airflow/.local/lib/python3.12/site-packages/airflow/example_dags/example_python_decorator.py
[2024-05-27T09:03:45.285+0000] {logging_mixin.py:188} INFO - [2024-05-27T09:03:45.284+0000] {dag.py:3096} INFO - Sync 1 DAGs
[2024-05-27T09:03:45.369+0000] {logging_mixin.py:188} INFO - [2024-05-27T09:03:45.368+0000] {dag.py:3954} INFO - Setting next_dagrun for example_python_decorator to None, run_after=None
[2024-05-27T09:03:45.408+0000] {processor.py:183} INFO - Processing /home/airflow/.local/lib/python3.12/site-packages/airflow/example_dags/example_python_decorator.py took 2.329 seconds
[2024-05-27T09:05:16.814+0000] {processor.py:161} INFO - Started process (PID=386) to work on /home/airflow/.local/lib/python3.12/site-packages/airflow/example_dags/example_python_decorator.py
[2024-05-27T09:05:16.821+0000] {processor.py:830} INFO - Processing file /home/airflow/.local/lib/python3.12/site-packages/airflow/example_dags/example_python_decorator.py for tasks to queue
[2024-05-27T09:05:16.822+0000] {logging_mixin.py:188} INFO - [2024-05-27T09:05:16.822+0000] {dagbag.py:545} INFO - Filling up the DagBag from /home/airflow/.local/lib/python3.12/site-packages/airflow/example_dags/example_python_decorator.py
[2024-05-27T09:05:16.844+0000] {processor.py:840} INFO - DAG(s) 'example_python_decorator' retrieved from /home/airflow/.local/lib/python3.12/site-packages/airflow/example_dags/example_python_decorator.py
[2024-05-27T09:05:16.907+0000] {logging_mixin.py:188} INFO - [2024-05-27T09:05:16.904+0000] {dag.py:3096} INFO - Sync 1 DAGs
[2024-05-27T09:05:16.925+0000] {logging_mixin.py:188} INFO - [2024-05-27T09:05:16.925+0000] {dag.py:3954} INFO - Setting next_dagrun for example_python_decorator to None, run_after=None
[2024-05-27T09:05:16.956+0000] {processor.py:183} INFO - Processing /home/airflow/.local/lib/python3.12/site-packages/airflow/example_dags/example_python_decorator.py took 0.147 seconds
[2024-05-27T09:07:02.416+0000] {processor.py:161} INFO - Started process (PID=445) to work on /home/airflow/.local/lib/python3.12/site-packages/airflow/example_dags/example_python_decorator.py
[2024-05-27T09:07:02.426+0000] {processor.py:830} INFO - Processing file /home/airflow/.local/lib/python3.12/site-packages/airflow/example_dags/example_python_decorator.py for tasks to queue
[2024-05-27T09:07:02.431+0000] {logging_mixin.py:188} INFO - [2024-05-27T09:07:02.430+0000] {dagbag.py:545} INFO - Filling up the DagBag from /home/airflow/.local/lib/python3.12/site-packages/airflow/example_dags/example_python_decorator.py
[2024-05-27T09:07:03.341+0000] {processor.py:840} INFO - DAG(s) 'example_python_decorator' retrieved from /home/airflow/.local/lib/python3.12/site-packages/airflow/example_dags/example_python_decorator.py
[2024-05-27T09:07:06.059+0000] {logging_mixin.py:188} INFO - [2024-05-27T09:07:06.053+0000] {dag.py:3096} INFO - Sync 1 DAGs
[2024-05-27T09:07:06.232+0000] {logging_mixin.py:188} INFO - [2024-05-27T09:07:06.217+0000] {dag.py:3954} INFO - Setting next_dagrun for example_python_decorator to None, run_after=None
[2024-05-27T09:07:06.386+0000] {processor.py:183} INFO - Processing /home/airflow/.local/lib/python3.12/site-packages/airflow/example_dags/example_python_decorator.py took 3.998 seconds
[2024-05-27T09:08:40.434+0000] {processor.py:161} INFO - Started process (PID=528) to work on /home/airflow/.local/lib/python3.12/site-packages/airflow/example_dags/example_python_decorator.py
[2024-05-27T09:08:40.447+0000] {processor.py:830} INFO - Processing file /home/airflow/.local/lib/python3.12/site-packages/airflow/example_dags/example_python_decorator.py for tasks to queue
[2024-05-27T09:08:40.455+0000] {logging_mixin.py:188} INFO - [2024-05-27T09:08:40.454+0000] {dagbag.py:545} INFO - Filling up the DagBag from /home/airflow/.local/lib/python3.12/site-packages/airflow/example_dags/example_python_decorator.py
[2024-05-27T09:08:40.523+0000] {processor.py:840} INFO - DAG(s) 'example_python_decorator' retrieved from /home/airflow/.local/lib/python3.12/site-packages/airflow/example_dags/example_python_decorator.py
[2024-05-27T09:08:41.633+0000] {logging_mixin.py:188} INFO - [2024-05-27T09:08:41.629+0000] {dag.py:3096} INFO - Sync 1 DAGs
[2024-05-27T09:08:41.722+0000] {logging_mixin.py:188} INFO - [2024-05-27T09:08:41.696+0000] {dag.py:3954} INFO - Setting next_dagrun for example_python_decorator to None, run_after=None
[2024-05-27T09:08:42.523+0000] {processor.py:183} INFO - Processing /home/airflow/.local/lib/python3.12/site-packages/airflow/example_dags/example_python_decorator.py took 2.146 seconds
[2024-05-27T09:11:40.599+0000] {processor.py:161} INFO - Started process (PID=44) to work on /home/airflow/.local/lib/python3.12/site-packages/airflow/example_dags/example_python_decorator.py
[2024-05-27T09:11:40.601+0000] {processor.py:830} INFO - Processing file /home/airflow/.local/lib/python3.12/site-packages/airflow/example_dags/example_python_decorator.py for tasks to queue
[2024-05-27T09:11:40.605+0000] {logging_mixin.py:188} INFO - [2024-05-27T09:11:40.605+0000] {dagbag.py:545} INFO - Filling up the DagBag from /home/airflow/.local/lib/python3.12/site-packages/airflow/example_dags/example_python_decorator.py
[2024-05-27T09:11:40.672+0000] {processor.py:840} INFO - DAG(s) 'example_python_decorator' retrieved from /home/airflow/.local/lib/python3.12/site-packages/airflow/example_dags/example_python_decorator.py
[2024-05-27T09:11:40.718+0000] {logging_mixin.py:188} INFO - [2024-05-27T09:11:40.717+0000] {dag.py:3096} INFO - Sync 1 DAGs
[2024-05-27T09:11:40.758+0000] {logging_mixin.py:188} INFO - [2024-05-27T09:11:40.758+0000] {dag.py:3954} INFO - Setting next_dagrun for example_python_decorator to None, run_after=None
[2024-05-27T09:11:40.816+0000] {processor.py:183} INFO - Processing /home/airflow/.local/lib/python3.12/site-packages/airflow/example_dags/example_python_decorator.py took 0.224 seconds
[2024-05-27T09:13:22.563+0000] {processor.py:161} INFO - Started process (PID=108) to work on /home/airflow/.local/lib/python3.12/site-packages/airflow/example_dags/example_python_decorator.py
[2024-05-27T09:13:22.568+0000] {processor.py:830} INFO - Processing file /home/airflow/.local/lib/python3.12/site-packages/airflow/example_dags/example_python_decorator.py for tasks to queue
[2024-05-27T09:13:22.596+0000] {logging_mixin.py:188} INFO - [2024-05-27T09:13:22.593+0000] {dagbag.py:545} INFO - Filling up the DagBag from /home/airflow/.local/lib/python3.12/site-packages/airflow/example_dags/example_python_decorator.py
[2024-05-27T09:13:22.981+0000] {processor.py:840} INFO - DAG(s) 'example_python_decorator' retrieved from /home/airflow/.local/lib/python3.12/site-packages/airflow/example_dags/example_python_decorator.py
[2024-05-27T09:13:27.134+0000] {logging_mixin.py:188} INFO - [2024-05-27T09:13:27.134+0000] {dag.py:3096} INFO - Sync 1 DAGs
[2024-05-27T09:13:27.153+0000] {logging_mixin.py:188} INFO - [2024-05-27T09:13:27.153+0000] {dag.py:3954} INFO - Setting next_dagrun for example_python_decorator to None, run_after=None
[2024-05-27T09:13:27.669+0000] {processor.py:183} INFO - Processing /home/airflow/.local/lib/python3.12/site-packages/airflow/example_dags/example_python_decorator.py took 5.146 seconds
[2024-05-27T09:24:43.179+0000] {processor.py:161} INFO - Started process (PID=44) to work on /home/airflow/.local/lib/python3.12/site-packages/airflow/example_dags/example_python_decorator.py
[2024-05-27T09:24:43.182+0000] {processor.py:830} INFO - Processing file /home/airflow/.local/lib/python3.12/site-packages/airflow/example_dags/example_python_decorator.py for tasks to queue
[2024-05-27T09:24:43.185+0000] {logging_mixin.py:188} INFO - [2024-05-27T09:24:43.184+0000] {dagbag.py:545} INFO - Filling up the DagBag from /home/airflow/.local/lib/python3.12/site-packages/airflow/example_dags/example_python_decorator.py
[2024-05-27T09:24:43.228+0000] {processor.py:840} INFO - DAG(s) 'example_python_decorator' retrieved from /home/airflow/.local/lib/python3.12/site-packages/airflow/example_dags/example_python_decorator.py
[2024-05-27T09:24:43.299+0000] {logging_mixin.py:188} INFO - [2024-05-27T09:24:43.299+0000] {dag.py:3096} INFO - Sync 1 DAGs
[2024-05-27T09:24:43.340+0000] {logging_mixin.py:188} INFO - [2024-05-27T09:24:43.339+0000] {dag.py:3954} INFO - Setting next_dagrun for example_python_decorator to None, run_after=None
[2024-05-27T09:24:43.430+0000] {processor.py:183} INFO - Processing /home/airflow/.local/lib/python3.12/site-packages/airflow/example_dags/example_python_decorator.py took 0.257 seconds
[2024-05-27T09:28:17.256+0000] {processor.py:161} INFO - Started process (PID=45) to work on /home/airflow/.local/lib/python3.12/site-packages/airflow/example_dags/example_python_decorator.py
[2024-05-27T09:28:17.261+0000] {processor.py:830} INFO - Processing file /home/airflow/.local/lib/python3.12/site-packages/airflow/example_dags/example_python_decorator.py for tasks to queue
[2024-05-27T09:28:17.267+0000] {logging_mixin.py:188} INFO - [2024-05-27T09:28:17.266+0000] {dagbag.py:545} INFO - Filling up the DagBag from /home/airflow/.local/lib/python3.12/site-packages/airflow/example_dags/example_python_decorator.py
[2024-05-27T09:28:17.316+0000] {processor.py:840} INFO - DAG(s) 'example_python_decorator' retrieved from /home/airflow/.local/lib/python3.12/site-packages/airflow/example_dags/example_python_decorator.py
[2024-05-27T09:28:17.356+0000] {logging_mixin.py:188} INFO - [2024-05-27T09:28:17.355+0000] {dag.py:3096} INFO - Sync 1 DAGs
[2024-05-27T09:28:17.471+0000] {logging_mixin.py:188} INFO - [2024-05-27T09:28:17.471+0000] {dag.py:3954} INFO - Setting next_dagrun for example_python_decorator to None, run_after=None
[2024-05-27T09:28:17.565+0000] {processor.py:183} INFO - Processing /home/airflow/.local/lib/python3.12/site-packages/airflow/example_dags/example_python_decorator.py took 0.323 seconds
[2024-05-27T09:29:58.068+0000] {processor.py:161} INFO - Started process (PID=117) to work on /home/airflow/.local/lib/python3.12/site-packages/airflow/example_dags/example_python_decorator.py
[2024-05-27T09:29:58.074+0000] {processor.py:830} INFO - Processing file /home/airflow/.local/lib/python3.12/site-packages/airflow/example_dags/example_python_decorator.py for tasks to queue
[2024-05-27T09:29:58.080+0000] {logging_mixin.py:188} INFO - [2024-05-27T09:29:58.078+0000] {dagbag.py:545} INFO - Filling up the DagBag from /home/airflow/.local/lib/python3.12/site-packages/airflow/example_dags/example_python_decorator.py
[2024-05-27T09:29:58.493+0000] {processor.py:840} INFO - DAG(s) 'example_python_decorator' retrieved from /home/airflow/.local/lib/python3.12/site-packages/airflow/example_dags/example_python_decorator.py
[2024-05-27T09:30:01.133+0000] {logging_mixin.py:188} INFO - [2024-05-27T09:30:01.132+0000] {dag.py:3096} INFO - Sync 1 DAGs
[2024-05-27T09:30:01.166+0000] {logging_mixin.py:188} INFO - [2024-05-27T09:30:01.165+0000] {dag.py:3954} INFO - Setting next_dagrun for example_python_decorator to None, run_after=None
[2024-05-27T09:30:04.272+0000] {processor.py:183} INFO - Processing /home/airflow/.local/lib/python3.12/site-packages/airflow/example_dags/example_python_decorator.py took 6.213 seconds
[2024-05-27T09:32:09.647+0000] {processor.py:161} INFO - Started process (PID=157) to work on /home/airflow/.local/lib/python3.12/site-packages/airflow/example_dags/example_python_decorator.py
[2024-05-27T09:32:09.656+0000] {processor.py:830} INFO - Processing file /home/airflow/.local/lib/python3.12/site-packages/airflow/example_dags/example_python_decorator.py for tasks to queue
[2024-05-27T09:32:09.689+0000] {logging_mixin.py:188} INFO - [2024-05-27T09:32:09.686+0000] {dagbag.py:545} INFO - Filling up the DagBag from /home/airflow/.local/lib/python3.12/site-packages/airflow/example_dags/example_python_decorator.py
[2024-05-27T09:32:13.921+0000] {logging_mixin.py:188} INFO - [2024-05-27T09:32:13.917+0000] {process_utils.py:263} INFO - Waiting up to 5 seconds for processes to exit...
[2024-05-27T09:33:36.799+0000] {processor.py:161} INFO - Started process (PID=45) to work on /home/airflow/.local/lib/python3.12/site-packages/airflow/example_dags/example_python_decorator.py
[2024-05-27T09:33:36.801+0000] {processor.py:830} INFO - Processing file /home/airflow/.local/lib/python3.12/site-packages/airflow/example_dags/example_python_decorator.py for tasks to queue
[2024-05-27T09:33:36.808+0000] {logging_mixin.py:188} INFO - [2024-05-27T09:33:36.806+0000] {dagbag.py:545} INFO - Filling up the DagBag from /home/airflow/.local/lib/python3.12/site-packages/airflow/example_dags/example_python_decorator.py
[2024-05-27T09:33:36.830+0000] {processor.py:840} INFO - DAG(s) 'example_python_decorator' retrieved from /home/airflow/.local/lib/python3.12/site-packages/airflow/example_dags/example_python_decorator.py
[2024-05-27T09:33:36.892+0000] {logging_mixin.py:188} INFO - [2024-05-27T09:33:36.892+0000] {dag.py:3096} INFO - Sync 1 DAGs
[2024-05-27T09:33:36.921+0000] {logging_mixin.py:188} INFO - [2024-05-27T09:33:36.920+0000] {dag.py:3954} INFO - Setting next_dagrun for example_python_decorator to None, run_after=None
[2024-05-27T09:33:36.989+0000] {processor.py:183} INFO - Processing /home/airflow/.local/lib/python3.12/site-packages/airflow/example_dags/example_python_decorator.py took 0.203 seconds
[2024-05-27T09:35:27.803+0000] {processor.py:161} INFO - Started process (PID=111) to work on /home/airflow/.local/lib/python3.12/site-packages/airflow/example_dags/example_python_decorator.py
[2024-05-27T09:35:27.806+0000] {processor.py:830} INFO - Processing file /home/airflow/.local/lib/python3.12/site-packages/airflow/example_dags/example_python_decorator.py for tasks to queue
[2024-05-27T09:35:27.811+0000] {logging_mixin.py:188} INFO - [2024-05-27T09:35:27.808+0000] {dagbag.py:545} INFO - Filling up the DagBag from /home/airflow/.local/lib/python3.12/site-packages/airflow/example_dags/example_python_decorator.py
[2024-05-27T09:35:28.223+0000] {processor.py:840} INFO - DAG(s) 'example_python_decorator' retrieved from /home/airflow/.local/lib/python3.12/site-packages/airflow/example_dags/example_python_decorator.py
[2024-05-27T09:35:29.155+0000] {logging_mixin.py:188} INFO - [2024-05-27T09:35:29.155+0000] {dag.py:3096} INFO - Sync 1 DAGs
[2024-05-27T09:35:29.198+0000] {logging_mixin.py:188} INFO - [2024-05-27T09:35:29.193+0000] {dag.py:3954} INFO - Setting next_dagrun for example_python_decorator to None, run_after=None
[2024-05-27T09:35:29.916+0000] {processor.py:183} INFO - Processing /home/airflow/.local/lib/python3.12/site-packages/airflow/example_dags/example_python_decorator.py took 2.133 seconds
[2024-05-27T09:39:53.876+0000] {processor.py:161} INFO - Started process (PID=208) to work on /home/airflow/.local/lib/python3.12/site-packages/airflow/example_dags/example_python_decorator.py
[2024-05-27T09:39:53.879+0000] {processor.py:830} INFO - Processing file /home/airflow/.local/lib/python3.12/site-packages/airflow/example_dags/example_python_decorator.py for tasks to queue
[2024-05-27T09:39:53.895+0000] {logging_mixin.py:188} INFO - [2024-05-27T09:39:53.892+0000] {dagbag.py:545} INFO - Filling up the DagBag from /home/airflow/.local/lib/python3.12/site-packages/airflow/example_dags/example_python_decorator.py
[2024-05-27T09:39:54.626+0000] {processor.py:840} INFO - DAG(s) 'example_python_decorator' retrieved from /home/airflow/.local/lib/python3.12/site-packages/airflow/example_dags/example_python_decorator.py
[2024-05-27T09:39:55.500+0000] {logging_mixin.py:188} INFO - [2024-05-27T09:39:55.488+0000] {dag.py:3096} INFO - Sync 1 DAGs
[2024-05-27T09:39:56.554+0000] {logging_mixin.py:188} INFO - [2024-05-27T09:39:56.551+0000] {dag.py:3954} INFO - Setting next_dagrun for example_python_decorator to None, run_after=None
[2024-05-27T09:39:58.423+0000] {processor.py:183} INFO - Processing /home/airflow/.local/lib/python3.12/site-packages/airflow/example_dags/example_python_decorator.py took 5.145 seconds
[2024-05-27T09:42:40.109+0000] {processor.py:161} INFO - Started process (PID=283) to work on /home/airflow/.local/lib/python3.12/site-packages/airflow/example_dags/example_python_decorator.py
[2024-05-27T09:42:40.115+0000] {processor.py:830} INFO - Processing file /home/airflow/.local/lib/python3.12/site-packages/airflow/example_dags/example_python_decorator.py for tasks to queue
[2024-05-27T09:42:40.119+0000] {logging_mixin.py:188} INFO - [2024-05-27T09:42:40.118+0000] {dagbag.py:545} INFO - Filling up the DagBag from /home/airflow/.local/lib/python3.12/site-packages/airflow/example_dags/example_python_decorator.py
[2024-05-27T09:42:41.293+0000] {processor.py:840} INFO - DAG(s) 'example_python_decorator' retrieved from /home/airflow/.local/lib/python3.12/site-packages/airflow/example_dags/example_python_decorator.py
[2024-05-27T09:42:45.846+0000] {logging_mixin.py:188} INFO - [2024-05-27T09:42:45.844+0000] {dag.py:3096} INFO - Sync 1 DAGs
[2024-05-27T09:42:47.091+0000] {logging_mixin.py:188} INFO - [2024-05-27T09:42:47.086+0000] {dag.py:3954} INFO - Setting next_dagrun for example_python_decorator to None, run_after=None
[2024-05-27T09:42:48.213+0000] {processor.py:183} INFO - Processing /home/airflow/.local/lib/python3.12/site-packages/airflow/example_dags/example_python_decorator.py took 8.115 seconds
[2024-05-27T10:07:08.638+0000] {processor.py:161} INFO - Started process (PID=45) to work on /home/airflow/.local/lib/python3.12/site-packages/airflow/example_dags/example_python_decorator.py
[2024-05-27T10:07:08.641+0000] {processor.py:830} INFO - Processing file /home/airflow/.local/lib/python3.12/site-packages/airflow/example_dags/example_python_decorator.py for tasks to queue
[2024-05-27T10:07:08.647+0000] {logging_mixin.py:188} INFO - [2024-05-27T10:07:08.646+0000] {dagbag.py:545} INFO - Filling up the DagBag from /home/airflow/.local/lib/python3.12/site-packages/airflow/example_dags/example_python_decorator.py
[2024-05-27T10:07:08.676+0000] {processor.py:840} INFO - DAG(s) 'example_python_decorator' retrieved from /home/airflow/.local/lib/python3.12/site-packages/airflow/example_dags/example_python_decorator.py
[2024-05-27T10:07:08.702+0000] {logging_mixin.py:188} INFO - [2024-05-27T10:07:08.702+0000] {dag.py:3096} INFO - Sync 1 DAGs
[2024-05-27T10:07:08.738+0000] {logging_mixin.py:188} INFO - [2024-05-27T10:07:08.737+0000] {dag.py:3954} INFO - Setting next_dagrun for example_python_decorator to None, run_after=None
[2024-05-27T10:07:08.768+0000] {processor.py:183} INFO - Processing /home/airflow/.local/lib/python3.12/site-packages/airflow/example_dags/example_python_decorator.py took 0.138 seconds
[2024-05-27T10:07:40.037+0000] {processor.py:161} INFO - Started process (PID=103) to work on /home/airflow/.local/lib/python3.12/site-packages/airflow/example_dags/example_python_decorator.py
[2024-05-27T10:07:40.038+0000] {processor.py:830} INFO - Processing file /home/airflow/.local/lib/python3.12/site-packages/airflow/example_dags/example_python_decorator.py for tasks to queue
[2024-05-27T10:07:40.040+0000] {logging_mixin.py:188} INFO - [2024-05-27T10:07:40.040+0000] {dagbag.py:545} INFO - Filling up the DagBag from /home/airflow/.local/lib/python3.12/site-packages/airflow/example_dags/example_python_decorator.py
[2024-05-27T10:07:40.050+0000] {processor.py:840} INFO - DAG(s) 'example_python_decorator' retrieved from /home/airflow/.local/lib/python3.12/site-packages/airflow/example_dags/example_python_decorator.py
[2024-05-27T10:07:40.116+0000] {logging_mixin.py:188} INFO - [2024-05-27T10:07:40.116+0000] {dag.py:3096} INFO - Sync 1 DAGs
[2024-05-27T10:07:40.125+0000] {logging_mixin.py:188} INFO - [2024-05-27T10:07:40.124+0000] {dag.py:3954} INFO - Setting next_dagrun for example_python_decorator to None, run_after=None
[2024-05-27T10:07:40.141+0000] {processor.py:183} INFO - Processing /home/airflow/.local/lib/python3.12/site-packages/airflow/example_dags/example_python_decorator.py took 0.109 seconds
