[2024-05-27T08:51:53.022+0000] {processor.py:161} INFO - Started process (PID=52) to work on /home/airflow/.local/lib/python3.12/site-packages/airflow/example_dags/example_latest_only.py
[2024-05-27T08:51:53.024+0000] {processor.py:830} INFO - Processing file /home/airflow/.local/lib/python3.12/site-packages/airflow/example_dags/example_latest_only.py for tasks to queue
[2024-05-27T08:51:53.028+0000] {logging_mixin.py:188} INFO - [2024-05-27T08:51:53.026+0000] {dagbag.py:545} INFO - Filling up the DagBag from /home/airflow/.local/lib/python3.12/site-packages/airflow/example_dags/example_latest_only.py
[2024-05-27T08:51:53.051+0000] {processor.py:840} INFO - DAG(s) 'latest_only' retrieved from /home/airflow/.local/lib/python3.12/site-packages/airflow/example_dags/example_latest_only.py
[2024-05-27T08:51:53.162+0000] {logging_mixin.py:188} INFO - [2024-05-27T08:51:53.162+0000] {override.py:1829} INFO - Created Permission View: can edit on DAG:latest_only
[2024-05-27T08:51:53.173+0000] {logging_mixin.py:188} INFO - [2024-05-27T08:51:53.172+0000] {override.py:1829} INFO - Created Permission View: can read on DAG:latest_only
[2024-05-27T08:51:53.180+0000] {logging_mixin.py:188} INFO - [2024-05-27T08:51:53.179+0000] {override.py:1829} INFO - Created Permission View: can delete on DAG:latest_only
[2024-05-27T08:51:53.181+0000] {logging_mixin.py:188} INFO - [2024-05-27T08:51:53.181+0000] {dag.py:3096} INFO - Sync 1 DAGs
[2024-05-27T08:51:53.191+0000] {logging_mixin.py:188} INFO - [2024-05-27T08:51:53.191+0000] {dag.py:3118} INFO - Creating ORM DAG for latest_only
[2024-05-27T08:51:53.201+0000] {logging_mixin.py:188} INFO - [2024-05-27T08:51:53.201+0000] {dag.py:3954} INFO - Setting next_dagrun for latest_only to 2024-05-27 04:00:00+00:00, run_after=2024-05-27 08:00:00+00:00
[2024-05-27T08:51:53.219+0000] {processor.py:183} INFO - Processing /home/airflow/.local/lib/python3.12/site-packages/airflow/example_dags/example_latest_only.py took 0.201 seconds
[2024-05-27T08:52:24.250+0000] {processor.py:161} INFO - Started process (PID=115) to work on /home/airflow/.local/lib/python3.12/site-packages/airflow/example_dags/example_latest_only.py
[2024-05-27T08:52:24.252+0000] {processor.py:830} INFO - Processing file /home/airflow/.local/lib/python3.12/site-packages/airflow/example_dags/example_latest_only.py for tasks to queue
[2024-05-27T08:52:24.256+0000] {logging_mixin.py:188} INFO - [2024-05-27T08:52:24.255+0000] {dagbag.py:545} INFO - Filling up the DagBag from /home/airflow/.local/lib/python3.12/site-packages/airflow/example_dags/example_latest_only.py
[2024-05-27T08:52:24.261+0000] {processor.py:840} INFO - DAG(s) 'latest_only' retrieved from /home/airflow/.local/lib/python3.12/site-packages/airflow/example_dags/example_latest_only.py
[2024-05-27T08:52:24.282+0000] {logging_mixin.py:188} INFO - [2024-05-27T08:52:24.281+0000] {dag.py:3096} INFO - Sync 1 DAGs
[2024-05-27T08:52:24.308+0000] {logging_mixin.py:188} INFO - [2024-05-27T08:52:24.307+0000] {dag.py:3954} INFO - Setting next_dagrun for latest_only to 2024-05-27 04:00:00+00:00, run_after=2024-05-27 08:00:00+00:00
[2024-05-27T08:52:24.334+0000] {processor.py:183} INFO - Processing /home/airflow/.local/lib/python3.12/site-packages/airflow/example_dags/example_latest_only.py took 0.090 seconds
[2024-05-27T08:55:44.813+0000] {processor.py:161} INFO - Started process (PID=52) to work on /home/airflow/.local/lib/python3.12/site-packages/airflow/example_dags/example_latest_only.py
[2024-05-27T08:55:44.816+0000] {processor.py:830} INFO - Processing file /home/airflow/.local/lib/python3.12/site-packages/airflow/example_dags/example_latest_only.py for tasks to queue
[2024-05-27T08:55:44.821+0000] {logging_mixin.py:188} INFO - [2024-05-27T08:55:44.819+0000] {dagbag.py:545} INFO - Filling up the DagBag from /home/airflow/.local/lib/python3.12/site-packages/airflow/example_dags/example_latest_only.py
[2024-05-27T08:55:44.848+0000] {processor.py:840} INFO - DAG(s) 'latest_only' retrieved from /home/airflow/.local/lib/python3.12/site-packages/airflow/example_dags/example_latest_only.py
[2024-05-27T08:55:46.036+0000] {logging_mixin.py:188} INFO - [2024-05-27T08:55:46.033+0000] {dag.py:3096} INFO - Sync 1 DAGs
[2024-05-27T08:55:46.073+0000] {logging_mixin.py:188} INFO - [2024-05-27T08:55:46.072+0000] {dag.py:3954} INFO - Setting next_dagrun for latest_only to 2024-05-27 04:00:00+00:00, run_after=2024-05-27 08:00:00+00:00
[2024-05-27T08:55:46.095+0000] {processor.py:183} INFO - Processing /home/airflow/.local/lib/python3.12/site-packages/airflow/example_dags/example_latest_only.py took 1.307 seconds
[2024-05-27T08:57:11.367+0000] {processor.py:161} INFO - Started process (PID=124) to work on /home/airflow/.local/lib/python3.12/site-packages/airflow/example_dags/example_latest_only.py
[2024-05-27T08:57:11.371+0000] {processor.py:830} INFO - Processing file /home/airflow/.local/lib/python3.12/site-packages/airflow/example_dags/example_latest_only.py for tasks to queue
[2024-05-27T08:57:11.376+0000] {logging_mixin.py:188} INFO - [2024-05-27T08:57:11.375+0000] {dagbag.py:545} INFO - Filling up the DagBag from /home/airflow/.local/lib/python3.12/site-packages/airflow/example_dags/example_latest_only.py
[2024-05-27T08:57:11.388+0000] {processor.py:840} INFO - DAG(s) 'latest_only' retrieved from /home/airflow/.local/lib/python3.12/site-packages/airflow/example_dags/example_latest_only.py
[2024-05-27T08:57:12.246+0000] {logging_mixin.py:188} INFO - [2024-05-27T08:57:12.241+0000] {dag.py:3096} INFO - Sync 1 DAGs
[2024-05-27T08:57:12.272+0000] {logging_mixin.py:188} INFO - [2024-05-27T08:57:12.272+0000] {dag.py:3954} INFO - Setting next_dagrun for latest_only to 2024-05-27 04:00:00+00:00, run_after=2024-05-27 08:00:00+00:00
[2024-05-27T08:57:12.308+0000] {processor.py:183} INFO - Processing /home/airflow/.local/lib/python3.12/site-packages/airflow/example_dags/example_latest_only.py took 0.947 seconds
[2024-05-27T09:00:07.884+0000] {processor.py:161} INFO - Started process (PID=209) to work on /home/airflow/.local/lib/python3.12/site-packages/airflow/example_dags/example_latest_only.py
[2024-05-27T09:00:07.901+0000] {processor.py:830} INFO - Processing file /home/airflow/.local/lib/python3.12/site-packages/airflow/example_dags/example_latest_only.py for tasks to queue
[2024-05-27T09:00:07.914+0000] {logging_mixin.py:188} INFO - [2024-05-27T09:00:07.905+0000] {dagbag.py:545} INFO - Filling up the DagBag from /home/airflow/.local/lib/python3.12/site-packages/airflow/example_dags/example_latest_only.py
[2024-05-27T09:00:07.980+0000] {processor.py:840} INFO - DAG(s) 'latest_only' retrieved from /home/airflow/.local/lib/python3.12/site-packages/airflow/example_dags/example_latest_only.py
[2024-05-27T09:00:19.532+0000] {logging_mixin.py:188} INFO - [2024-05-27T09:00:19.527+0000] {dag.py:3096} INFO - Sync 1 DAGs
[2024-05-27T09:00:20.250+0000] {logging_mixin.py:188} INFO - [2024-05-27T09:00:20.243+0000] {dag.py:3954} INFO - Setting next_dagrun for latest_only to 2024-05-27 04:00:00+00:00, run_after=2024-05-27 08:00:00+00:00
[2024-05-27T09:00:23.182+0000] {processor.py:183} INFO - Processing /home/airflow/.local/lib/python3.12/site-packages/airflow/example_dags/example_latest_only.py took 15.315 seconds
[2024-05-27T09:03:57.824+0000] {processor.py:161} INFO - Started process (PID=318) to work on /home/airflow/.local/lib/python3.12/site-packages/airflow/example_dags/example_latest_only.py
[2024-05-27T09:03:57.829+0000] {processor.py:830} INFO - Processing file /home/airflow/.local/lib/python3.12/site-packages/airflow/example_dags/example_latest_only.py for tasks to queue
[2024-05-27T09:03:57.835+0000] {logging_mixin.py:188} INFO - [2024-05-27T09:03:57.833+0000] {dagbag.py:545} INFO - Filling up the DagBag from /home/airflow/.local/lib/python3.12/site-packages/airflow/example_dags/example_latest_only.py
[2024-05-27T09:03:59.693+0000] {processor.py:840} INFO - DAG(s) 'latest_only' retrieved from /home/airflow/.local/lib/python3.12/site-packages/airflow/example_dags/example_latest_only.py
[2024-05-27T09:04:02.732+0000] {logging_mixin.py:188} INFO - [2024-05-27T09:04:02.730+0000] {dag.py:3096} INFO - Sync 1 DAGs
[2024-05-27T09:04:02.858+0000] {logging_mixin.py:188} INFO - [2024-05-27T09:04:02.857+0000] {dag.py:3954} INFO - Setting next_dagrun for latest_only to 2024-05-27 04:00:00+00:00, run_after=2024-05-27 08:00:00+00:00
[2024-05-27T09:04:02.911+0000] {processor.py:183} INFO - Processing /home/airflow/.local/lib/python3.12/site-packages/airflow/example_dags/example_latest_only.py took 5.110 seconds
[2024-05-27T09:05:28.152+0000] {processor.py:161} INFO - Started process (PID=394) to work on /home/airflow/.local/lib/python3.12/site-packages/airflow/example_dags/example_latest_only.py
[2024-05-27T09:05:28.166+0000] {processor.py:830} INFO - Processing file /home/airflow/.local/lib/python3.12/site-packages/airflow/example_dags/example_latest_only.py for tasks to queue
[2024-05-27T09:05:28.610+0000] {logging_mixin.py:188} INFO - [2024-05-27T09:05:28.174+0000] {dagbag.py:545} INFO - Filling up the DagBag from /home/airflow/.local/lib/python3.12/site-packages/airflow/example_dags/example_latest_only.py
[2024-05-27T09:05:34.944+0000] {processor.py:840} INFO - DAG(s) 'latest_only' retrieved from /home/airflow/.local/lib/python3.12/site-packages/airflow/example_dags/example_latest_only.py
[2024-05-27T09:05:35.973+0000] {logging_mixin.py:188} INFO - [2024-05-27T09:05:35.963+0000] {dag.py:3096} INFO - Sync 1 DAGs
[2024-05-27T09:05:37.315+0000] {logging_mixin.py:188} INFO - [2024-05-27T09:05:37.313+0000] {dag.py:3954} INFO - Setting next_dagrun for latest_only to 2024-05-27 04:00:00+00:00, run_after=2024-05-27 08:00:00+00:00
[2024-05-27T09:05:37.521+0000] {processor.py:183} INFO - Processing /home/airflow/.local/lib/python3.12/site-packages/airflow/example_dags/example_latest_only.py took 9.390 seconds
[2024-05-27T09:07:20.828+0000] {processor.py:161} INFO - Started process (PID=459) to work on /home/airflow/.local/lib/python3.12/site-packages/airflow/example_dags/example_latest_only.py
[2024-05-27T09:07:20.858+0000] {processor.py:830} INFO - Processing file /home/airflow/.local/lib/python3.12/site-packages/airflow/example_dags/example_latest_only.py for tasks to queue
[2024-05-27T09:07:20.879+0000] {logging_mixin.py:188} INFO - [2024-05-27T09:07:20.865+0000] {dagbag.py:545} INFO - Filling up the DagBag from /home/airflow/.local/lib/python3.12/site-packages/airflow/example_dags/example_latest_only.py
[2024-05-27T09:07:23.290+0000] {processor.py:840} INFO - DAG(s) 'latest_only' retrieved from /home/airflow/.local/lib/python3.12/site-packages/airflow/example_dags/example_latest_only.py
[2024-05-27T09:07:23.589+0000] {logging_mixin.py:188} INFO - [2024-05-27T09:07:23.579+0000] {dag.py:3096} INFO - Sync 1 DAGs
[2024-05-27T09:07:24.314+0000] {logging_mixin.py:188} INFO - [2024-05-27T09:07:24.301+0000] {dag.py:3954} INFO - Setting next_dagrun for latest_only to 2024-05-27 04:00:00+00:00, run_after=2024-05-27 08:00:00+00:00
[2024-05-27T09:07:25.281+0000] {processor.py:183} INFO - Processing /home/airflow/.local/lib/python3.12/site-packages/airflow/example_dags/example_latest_only.py took 4.537 seconds
[2024-05-27T09:08:52.781+0000] {processor.py:161} INFO - Started process (PID=542) to work on /home/airflow/.local/lib/python3.12/site-packages/airflow/example_dags/example_latest_only.py
[2024-05-27T09:08:52.791+0000] {processor.py:830} INFO - Processing file /home/airflow/.local/lib/python3.12/site-packages/airflow/example_dags/example_latest_only.py for tasks to queue
[2024-05-27T09:08:52.802+0000] {logging_mixin.py:188} INFO - [2024-05-27T09:08:52.796+0000] {dagbag.py:545} INFO - Filling up the DagBag from /home/airflow/.local/lib/python3.12/site-packages/airflow/example_dags/example_latest_only.py
[2024-05-27T09:08:52.858+0000] {processor.py:840} INFO - DAG(s) 'latest_only' retrieved from /home/airflow/.local/lib/python3.12/site-packages/airflow/example_dags/example_latest_only.py
[2024-05-27T09:08:54.207+0000] {logging_mixin.py:188} INFO - [2024-05-27T09:08:54.203+0000] {dag.py:3096} INFO - Sync 1 DAGs
[2024-05-27T09:08:54.261+0000] {logging_mixin.py:188} INFO - [2024-05-27T09:08:54.261+0000] {dag.py:3954} INFO - Setting next_dagrun for latest_only to 2024-05-27 04:00:00+00:00, run_after=2024-05-27 08:00:00+00:00
[2024-05-27T09:08:54.285+0000] {processor.py:183} INFO - Processing /home/airflow/.local/lib/python3.12/site-packages/airflow/example_dags/example_latest_only.py took 1.568 seconds
[2024-05-27T09:11:44.787+0000] {processor.py:161} INFO - Started process (PID=52) to work on /home/airflow/.local/lib/python3.12/site-packages/airflow/example_dags/example_latest_only.py
[2024-05-27T09:11:44.789+0000] {processor.py:830} INFO - Processing file /home/airflow/.local/lib/python3.12/site-packages/airflow/example_dags/example_latest_only.py for tasks to queue
[2024-05-27T09:11:44.797+0000] {logging_mixin.py:188} INFO - [2024-05-27T09:11:44.796+0000] {dagbag.py:545} INFO - Filling up the DagBag from /home/airflow/.local/lib/python3.12/site-packages/airflow/example_dags/example_latest_only.py
[2024-05-27T09:11:45.171+0000] {processor.py:840} INFO - DAG(s) 'latest_only' retrieved from /home/airflow/.local/lib/python3.12/site-packages/airflow/example_dags/example_latest_only.py
[2024-05-27T09:11:45.269+0000] {logging_mixin.py:188} INFO - [2024-05-27T09:11:45.265+0000] {dag.py:3096} INFO - Sync 1 DAGs
[2024-05-27T09:11:45.322+0000] {logging_mixin.py:188} INFO - [2024-05-27T09:11:45.322+0000] {dag.py:3954} INFO - Setting next_dagrun for latest_only to 2024-05-27 04:00:00+00:00, run_after=2024-05-27 08:00:00+00:00
[2024-05-27T09:11:45.398+0000] {processor.py:183} INFO - Processing /home/airflow/.local/lib/python3.12/site-packages/airflow/example_dags/example_latest_only.py took 0.621 seconds
[2024-05-27T09:14:19.542+0000] {processor.py:161} INFO - Started process (PID=122) to work on /home/airflow/.local/lib/python3.12/site-packages/airflow/example_dags/example_latest_only.py
[2024-05-27T09:14:19.553+0000] {processor.py:830} INFO - Processing file /home/airflow/.local/lib/python3.12/site-packages/airflow/example_dags/example_latest_only.py for tasks to queue
[2024-05-27T09:14:19.674+0000] {logging_mixin.py:188} INFO - [2024-05-27T09:14:19.659+0000] {dagbag.py:545} INFO - Filling up the DagBag from /home/airflow/.local/lib/python3.12/site-packages/airflow/example_dags/example_latest_only.py
[2024-05-27T09:14:20.790+0000] {processor.py:840} INFO - DAG(s) 'latest_only' retrieved from /home/airflow/.local/lib/python3.12/site-packages/airflow/example_dags/example_latest_only.py
[2024-05-27T09:14:34.220+0000] {logging_mixin.py:188} INFO - [2024-05-27T09:14:34.217+0000] {dag.py:3096} INFO - Sync 1 DAGs
[2024-05-27T09:14:36.663+0000] {logging_mixin.py:188} INFO - [2024-05-27T09:14:36.663+0000] {process_utils.py:263} INFO - Waiting up to 5 seconds for processes to exit...
[2024-05-27T09:24:45.820+0000] {processor.py:161} INFO - Started process (PID=52) to work on /home/airflow/.local/lib/python3.12/site-packages/airflow/example_dags/example_latest_only.py
[2024-05-27T09:24:45.823+0000] {processor.py:830} INFO - Processing file /home/airflow/.local/lib/python3.12/site-packages/airflow/example_dags/example_latest_only.py for tasks to queue
[2024-05-27T09:24:45.825+0000] {logging_mixin.py:188} INFO - [2024-05-27T09:24:45.825+0000] {dagbag.py:545} INFO - Filling up the DagBag from /home/airflow/.local/lib/python3.12/site-packages/airflow/example_dags/example_latest_only.py
[2024-05-27T09:24:45.834+0000] {processor.py:840} INFO - DAG(s) 'latest_only' retrieved from /home/airflow/.local/lib/python3.12/site-packages/airflow/example_dags/example_latest_only.py
[2024-05-27T09:24:45.846+0000] {logging_mixin.py:188} INFO - [2024-05-27T09:24:45.846+0000] {dag.py:3096} INFO - Sync 1 DAGs
[2024-05-27T09:24:45.873+0000] {logging_mixin.py:188} INFO - [2024-05-27T09:24:45.873+0000] {dag.py:3954} INFO - Setting next_dagrun for latest_only to 2024-05-27 04:00:00+00:00, run_after=2024-05-27 08:00:00+00:00
[2024-05-27T09:24:45.894+0000] {processor.py:183} INFO - Processing /home/airflow/.local/lib/python3.12/site-packages/airflow/example_dags/example_latest_only.py took 0.081 seconds
[2024-05-27T09:28:21.152+0000] {processor.py:161} INFO - Started process (PID=53) to work on /home/airflow/.local/lib/python3.12/site-packages/airflow/example_dags/example_latest_only.py
[2024-05-27T09:28:21.156+0000] {processor.py:830} INFO - Processing file /home/airflow/.local/lib/python3.12/site-packages/airflow/example_dags/example_latest_only.py for tasks to queue
[2024-05-27T09:28:21.158+0000] {logging_mixin.py:188} INFO - [2024-05-27T09:28:21.158+0000] {dagbag.py:545} INFO - Filling up the DagBag from /home/airflow/.local/lib/python3.12/site-packages/airflow/example_dags/example_latest_only.py
[2024-05-27T09:28:21.168+0000] {processor.py:840} INFO - DAG(s) 'latest_only' retrieved from /home/airflow/.local/lib/python3.12/site-packages/airflow/example_dags/example_latest_only.py
[2024-05-27T09:28:21.183+0000] {logging_mixin.py:188} INFO - [2024-05-27T09:28:21.183+0000] {dag.py:3096} INFO - Sync 1 DAGs
[2024-05-27T09:28:21.224+0000] {logging_mixin.py:188} INFO - [2024-05-27T09:28:21.223+0000] {dag.py:3954} INFO - Setting next_dagrun for latest_only to 2024-05-27 04:00:00+00:00, run_after=2024-05-27 08:00:00+00:00
[2024-05-27T09:28:22.047+0000] {processor.py:183} INFO - Processing /home/airflow/.local/lib/python3.12/site-packages/airflow/example_dags/example_latest_only.py took 0.900 seconds
[2024-05-27T09:30:51.117+0000] {processor.py:161} INFO - Started process (PID=131) to work on /home/airflow/.local/lib/python3.12/site-packages/airflow/example_dags/example_latest_only.py
[2024-05-27T09:30:51.133+0000] {processor.py:830} INFO - Processing file /home/airflow/.local/lib/python3.12/site-packages/airflow/example_dags/example_latest_only.py for tasks to queue
[2024-05-27T09:30:51.189+0000] {logging_mixin.py:188} INFO - [2024-05-27T09:30:51.171+0000] {dagbag.py:545} INFO - Filling up the DagBag from /home/airflow/.local/lib/python3.12/site-packages/airflow/example_dags/example_latest_only.py
[2024-05-27T09:30:52.233+0000] {processor.py:840} INFO - DAG(s) 'latest_only' retrieved from /home/airflow/.local/lib/python3.12/site-packages/airflow/example_dags/example_latest_only.py
[2024-05-27T09:31:08.329+0000] {logging_mixin.py:188} INFO - [2024-05-27T09:31:07.983+0000] {dag.py:3096} INFO - Sync 1 DAGs
[2024-05-27T09:31:11.667+0000] {logging_mixin.py:188} INFO - [2024-05-27T09:31:11.663+0000] {dag.py:3954} INFO - Setting next_dagrun for latest_only to 2024-05-27 04:00:00+00:00, run_after=2024-05-27 08:00:00+00:00
[2024-05-27T09:31:12.803+0000] {processor.py:183} INFO - Processing /home/airflow/.local/lib/python3.12/site-packages/airflow/example_dags/example_latest_only.py took 21.728 seconds
[2024-05-27T09:33:39.687+0000] {processor.py:161} INFO - Started process (PID=53) to work on /home/airflow/.local/lib/python3.12/site-packages/airflow/example_dags/example_latest_only.py
[2024-05-27T09:33:39.689+0000] {processor.py:830} INFO - Processing file /home/airflow/.local/lib/python3.12/site-packages/airflow/example_dags/example_latest_only.py for tasks to queue
[2024-05-27T09:33:39.694+0000] {logging_mixin.py:188} INFO - [2024-05-27T09:33:39.693+0000] {dagbag.py:545} INFO - Filling up the DagBag from /home/airflow/.local/lib/python3.12/site-packages/airflow/example_dags/example_latest_only.py
[2024-05-27T09:33:39.710+0000] {processor.py:840} INFO - DAG(s) 'latest_only' retrieved from /home/airflow/.local/lib/python3.12/site-packages/airflow/example_dags/example_latest_only.py
[2024-05-27T09:33:42.473+0000] {logging_mixin.py:188} INFO - [2024-05-27T09:33:42.473+0000] {dag.py:3096} INFO - Sync 1 DAGs
[2024-05-27T09:33:42.619+0000] {logging_mixin.py:188} INFO - [2024-05-27T09:33:42.618+0000] {dag.py:3954} INFO - Setting next_dagrun for latest_only to 2024-05-27 04:00:00+00:00, run_after=2024-05-27 08:00:00+00:00
[2024-05-27T09:33:42.659+0000] {processor.py:183} INFO - Processing /home/airflow/.local/lib/python3.12/site-packages/airflow/example_dags/example_latest_only.py took 2.977 seconds
[2024-05-27T09:35:46.795+0000] {processor.py:161} INFO - Started process (PID=119) to work on /home/airflow/.local/lib/python3.12/site-packages/airflow/example_dags/example_latest_only.py
[2024-05-27T09:35:46.804+0000] {processor.py:830} INFO - Processing file /home/airflow/.local/lib/python3.12/site-packages/airflow/example_dags/example_latest_only.py for tasks to queue
[2024-05-27T09:35:46.839+0000] {logging_mixin.py:188} INFO - [2024-05-27T09:35:46.831+0000] {dagbag.py:545} INFO - Filling up the DagBag from /home/airflow/.local/lib/python3.12/site-packages/airflow/example_dags/example_latest_only.py
[2024-05-27T09:35:46.981+0000] {processor.py:840} INFO - DAG(s) 'latest_only' retrieved from /home/airflow/.local/lib/python3.12/site-packages/airflow/example_dags/example_latest_only.py
[2024-05-27T09:35:49.008+0000] {logging_mixin.py:188} INFO - [2024-05-27T09:35:49.005+0000] {dag.py:3096} INFO - Sync 1 DAGs
[2024-05-27T09:35:49.589+0000] {logging_mixin.py:188} INFO - [2024-05-27T09:35:49.589+0000] {dag.py:3954} INFO - Setting next_dagrun for latest_only to 2024-05-27 04:00:00+00:00, run_after=2024-05-27 08:00:00+00:00
[2024-05-27T09:35:50.175+0000] {processor.py:183} INFO - Processing /home/airflow/.local/lib/python3.12/site-packages/airflow/example_dags/example_latest_only.py took 3.443 seconds
[2024-05-27T09:40:39.320+0000] {processor.py:161} INFO - Started process (PID=229) to work on /home/airflow/.local/lib/python3.12/site-packages/airflow/example_dags/example_latest_only.py
[2024-05-27T09:40:39.327+0000] {processor.py:830} INFO - Processing file /home/airflow/.local/lib/python3.12/site-packages/airflow/example_dags/example_latest_only.py for tasks to queue
[2024-05-27T09:40:39.339+0000] {logging_mixin.py:188} INFO - [2024-05-27T09:40:39.333+0000] {dagbag.py:545} INFO - Filling up the DagBag from /home/airflow/.local/lib/python3.12/site-packages/airflow/example_dags/example_latest_only.py
[2024-05-27T09:40:39.481+0000] {processor.py:840} INFO - DAG(s) 'latest_only' retrieved from /home/airflow/.local/lib/python3.12/site-packages/airflow/example_dags/example_latest_only.py
[2024-05-27T09:40:40.499+0000] {logging_mixin.py:188} INFO - [2024-05-27T09:40:40.497+0000] {dag.py:3096} INFO - Sync 1 DAGs
[2024-05-27T09:40:41.451+0000] {logging_mixin.py:188} INFO - [2024-05-27T09:40:41.450+0000] {dag.py:3954} INFO - Setting next_dagrun for latest_only to 2024-05-27 04:00:00+00:00, run_after=2024-05-27 08:00:00+00:00
[2024-05-27T09:40:41.492+0000] {processor.py:183} INFO - Processing /home/airflow/.local/lib/python3.12/site-packages/airflow/example_dags/example_latest_only.py took 2.217 seconds
[2024-05-27T09:43:11.359+0000] {processor.py:161} INFO - Started process (PID=298) to work on /home/airflow/.local/lib/python3.12/site-packages/airflow/example_dags/example_latest_only.py
[2024-05-27T09:43:11.365+0000] {processor.py:830} INFO - Processing file /home/airflow/.local/lib/python3.12/site-packages/airflow/example_dags/example_latest_only.py for tasks to queue
[2024-05-27T09:43:11.370+0000] {logging_mixin.py:188} INFO - [2024-05-27T09:43:11.368+0000] {dagbag.py:545} INFO - Filling up the DagBag from /home/airflow/.local/lib/python3.12/site-packages/airflow/example_dags/example_latest_only.py
[2024-05-27T09:43:11.395+0000] {processor.py:840} INFO - DAG(s) 'latest_only' retrieved from /home/airflow/.local/lib/python3.12/site-packages/airflow/example_dags/example_latest_only.py
[2024-05-27T09:43:13.430+0000] {logging_mixin.py:188} INFO - [2024-05-27T09:43:13.427+0000] {dag.py:3096} INFO - Sync 1 DAGs
[2024-05-27T09:43:13.457+0000] {logging_mixin.py:188} INFO - [2024-05-27T09:43:13.457+0000] {dag.py:3954} INFO - Setting next_dagrun for latest_only to 2024-05-27 04:00:00+00:00, run_after=2024-05-27 08:00:00+00:00
[2024-05-27T09:43:13.477+0000] {processor.py:183} INFO - Processing /home/airflow/.local/lib/python3.12/site-packages/airflow/example_dags/example_latest_only.py took 2.203 seconds
[2024-05-27T10:07:09.309+0000] {processor.py:161} INFO - Started process (PID=53) to work on /home/airflow/.local/lib/python3.12/site-packages/airflow/example_dags/example_latest_only.py
[2024-05-27T10:07:09.318+0000] {processor.py:830} INFO - Processing file /home/airflow/.local/lib/python3.12/site-packages/airflow/example_dags/example_latest_only.py for tasks to queue
[2024-05-27T10:07:09.322+0000] {logging_mixin.py:188} INFO - [2024-05-27T10:07:09.321+0000] {dagbag.py:545} INFO - Filling up the DagBag from /home/airflow/.local/lib/python3.12/site-packages/airflow/example_dags/example_latest_only.py
[2024-05-27T10:07:09.341+0000] {processor.py:840} INFO - DAG(s) 'latest_only' retrieved from /home/airflow/.local/lib/python3.12/site-packages/airflow/example_dags/example_latest_only.py
[2024-05-27T10:07:09.366+0000] {logging_mixin.py:188} INFO - [2024-05-27T10:07:09.366+0000] {dag.py:3096} INFO - Sync 1 DAGs
[2024-05-27T10:07:09.401+0000] {logging_mixin.py:188} INFO - [2024-05-27T10:07:09.401+0000] {dag.py:3954} INFO - Setting next_dagrun for latest_only to 2024-05-27 04:00:00+00:00, run_after=2024-05-27 08:00:00+00:00
[2024-05-27T10:07:09.432+0000] {processor.py:183} INFO - Processing /home/airflow/.local/lib/python3.12/site-packages/airflow/example_dags/example_latest_only.py took 0.128 seconds
[2024-05-27T10:07:40.784+0000] {processor.py:161} INFO - Started process (PID=111) to work on /home/airflow/.local/lib/python3.12/site-packages/airflow/example_dags/example_latest_only.py
[2024-05-27T10:07:40.786+0000] {processor.py:830} INFO - Processing file /home/airflow/.local/lib/python3.12/site-packages/airflow/example_dags/example_latest_only.py for tasks to queue
[2024-05-27T10:07:40.789+0000] {logging_mixin.py:188} INFO - [2024-05-27T10:07:40.788+0000] {dagbag.py:545} INFO - Filling up the DagBag from /home/airflow/.local/lib/python3.12/site-packages/airflow/example_dags/example_latest_only.py
[2024-05-27T10:07:40.793+0000] {processor.py:840} INFO - DAG(s) 'latest_only' retrieved from /home/airflow/.local/lib/python3.12/site-packages/airflow/example_dags/example_latest_only.py
[2024-05-27T10:07:40.883+0000] {logging_mixin.py:188} INFO - [2024-05-27T10:07:40.883+0000] {dag.py:3096} INFO - Sync 1 DAGs
[2024-05-27T10:07:40.897+0000] {logging_mixin.py:188} INFO - [2024-05-27T10:07:40.897+0000] {dag.py:3954} INFO - Setting next_dagrun for latest_only to 2024-05-27 04:00:00+00:00, run_after=2024-05-27 08:00:00+00:00
[2024-05-27T10:07:40.911+0000] {processor.py:183} INFO - Processing /home/airflow/.local/lib/python3.12/site-packages/airflow/example_dags/example_latest_only.py took 0.132 seconds
