[2024-05-27T08:51:54.433+0000] {processor.py:161} INFO - Started process (PID=64) to work on /home/airflow/.local/lib/python3.12/site-packages/airflow/example_dags/example_external_task_marker_dag.py
[2024-05-27T08:51:54.435+0000] {processor.py:830} INFO - Processing file /home/airflow/.local/lib/python3.12/site-packages/airflow/example_dags/example_external_task_marker_dag.py for tasks to queue
[2024-05-27T08:51:54.439+0000] {logging_mixin.py:188} INFO - [2024-05-27T08:51:54.439+0000] {dagbag.py:545} INFO - Filling up the DagBag from /home/airflow/.local/lib/python3.12/site-packages/airflow/example_dags/example_external_task_marker_dag.py
[2024-05-27T08:51:54.446+0000] {processor.py:840} INFO - DAG(s) 'example_external_task_marker_child', 'example_external_task_marker_parent' retrieved from /home/airflow/.local/lib/python3.12/site-packages/airflow/example_dags/example_external_task_marker_dag.py
[2024-05-27T08:51:54.528+0000] {logging_mixin.py:188} INFO - [2024-05-27T08:51:54.527+0000] {override.py:1829} INFO - Created Permission View: can edit on DAG:example_external_task_marker_child
[2024-05-27T08:51:54.536+0000] {logging_mixin.py:188} INFO - [2024-05-27T08:51:54.536+0000] {override.py:1829} INFO - Created Permission View: can read on DAG:example_external_task_marker_child
[2024-05-27T08:51:54.543+0000] {logging_mixin.py:188} INFO - [2024-05-27T08:51:54.543+0000] {override.py:1829} INFO - Created Permission View: can delete on DAG:example_external_task_marker_child
[2024-05-27T08:51:54.552+0000] {logging_mixin.py:188} INFO - [2024-05-27T08:51:54.552+0000] {override.py:1829} INFO - Created Permission View: can edit on DAG:example_external_task_marker_parent
[2024-05-27T08:51:54.557+0000] {logging_mixin.py:188} INFO - [2024-05-27T08:51:54.556+0000] {override.py:1829} INFO - Created Permission View: can read on DAG:example_external_task_marker_parent
[2024-05-27T08:51:54.561+0000] {logging_mixin.py:188} INFO - [2024-05-27T08:51:54.561+0000] {override.py:1829} INFO - Created Permission View: can delete on DAG:example_external_task_marker_parent
[2024-05-27T08:51:54.562+0000] {logging_mixin.py:188} INFO - [2024-05-27T08:51:54.562+0000] {dag.py:3096} INFO - Sync 2 DAGs
[2024-05-27T08:51:54.571+0000] {logging_mixin.py:188} INFO - [2024-05-27T08:51:54.570+0000] {dag.py:3118} INFO - Creating ORM DAG for example_external_task_marker_child
[2024-05-27T08:51:54.572+0000] {logging_mixin.py:188} INFO - [2024-05-27T08:51:54.572+0000] {dag.py:3118} INFO - Creating ORM DAG for example_external_task_marker_parent
[2024-05-27T08:51:54.574+0000] {logging_mixin.py:188} INFO - [2024-05-27T08:51:54.574+0000] {dag.py:3954} INFO - Setting next_dagrun for example_external_task_marker_child to None, run_after=None
[2024-05-27T08:51:54.576+0000] {logging_mixin.py:188} INFO - [2024-05-27T08:51:54.576+0000] {dag.py:3954} INFO - Setting next_dagrun for example_external_task_marker_parent to None, run_after=None
[2024-05-27T08:51:54.591+0000] {processor.py:183} INFO - Processing /home/airflow/.local/lib/python3.12/site-packages/airflow/example_dags/example_external_task_marker_dag.py took 0.162 seconds
[2024-05-27T08:52:25.081+0000] {processor.py:161} INFO - Started process (PID=127) to work on /home/airflow/.local/lib/python3.12/site-packages/airflow/example_dags/example_external_task_marker_dag.py
[2024-05-27T08:52:25.083+0000] {processor.py:830} INFO - Processing file /home/airflow/.local/lib/python3.12/site-packages/airflow/example_dags/example_external_task_marker_dag.py for tasks to queue
[2024-05-27T08:52:25.086+0000] {logging_mixin.py:188} INFO - [2024-05-27T08:52:25.085+0000] {dagbag.py:545} INFO - Filling up the DagBag from /home/airflow/.local/lib/python3.12/site-packages/airflow/example_dags/example_external_task_marker_dag.py
[2024-05-27T08:52:25.108+0000] {processor.py:840} INFO - DAG(s) 'example_external_task_marker_child', 'example_external_task_marker_parent' retrieved from /home/airflow/.local/lib/python3.12/site-packages/airflow/example_dags/example_external_task_marker_dag.py
[2024-05-27T08:52:25.147+0000] {logging_mixin.py:188} INFO - [2024-05-27T08:52:25.147+0000] {dag.py:3096} INFO - Sync 2 DAGs
[2024-05-27T08:52:25.161+0000] {logging_mixin.py:188} INFO - [2024-05-27T08:52:25.161+0000] {dag.py:3954} INFO - Setting next_dagrun for example_external_task_marker_child to None, run_after=None
[2024-05-27T08:52:25.167+0000] {logging_mixin.py:188} INFO - [2024-05-27T08:52:25.167+0000] {dag.py:3954} INFO - Setting next_dagrun for example_external_task_marker_parent to None, run_after=None
[2024-05-27T08:52:25.194+0000] {processor.py:183} INFO - Processing /home/airflow/.local/lib/python3.12/site-packages/airflow/example_dags/example_external_task_marker_dag.py took 0.120 seconds
[2024-05-27T08:55:51.918+0000] {processor.py:161} INFO - Started process (PID=64) to work on /home/airflow/.local/lib/python3.12/site-packages/airflow/example_dags/example_external_task_marker_dag.py
[2024-05-27T08:55:51.920+0000] {processor.py:830} INFO - Processing file /home/airflow/.local/lib/python3.12/site-packages/airflow/example_dags/example_external_task_marker_dag.py for tasks to queue
[2024-05-27T08:55:51.923+0000] {logging_mixin.py:188} INFO - [2024-05-27T08:55:51.923+0000] {dagbag.py:545} INFO - Filling up the DagBag from /home/airflow/.local/lib/python3.12/site-packages/airflow/example_dags/example_external_task_marker_dag.py
[2024-05-27T08:55:51.930+0000] {processor.py:840} INFO - DAG(s) 'example_external_task_marker_parent', 'example_external_task_marker_child' retrieved from /home/airflow/.local/lib/python3.12/site-packages/airflow/example_dags/example_external_task_marker_dag.py
[2024-05-27T08:55:51.949+0000] {logging_mixin.py:188} INFO - [2024-05-27T08:55:51.949+0000] {dag.py:3096} INFO - Sync 2 DAGs
[2024-05-27T08:55:51.962+0000] {logging_mixin.py:188} INFO - [2024-05-27T08:55:51.962+0000] {dag.py:3954} INFO - Setting next_dagrun for example_external_task_marker_child to None, run_after=None
[2024-05-27T08:55:51.966+0000] {logging_mixin.py:188} INFO - [2024-05-27T08:55:51.966+0000] {dag.py:3954} INFO - Setting next_dagrun for example_external_task_marker_parent to None, run_after=None
[2024-05-27T08:55:51.980+0000] {processor.py:183} INFO - Processing /home/airflow/.local/lib/python3.12/site-packages/airflow/example_dags/example_external_task_marker_dag.py took 0.070 seconds
[2024-05-27T08:57:46.740+0000] {processor.py:161} INFO - Started process (PID=143) to work on /home/airflow/.local/lib/python3.12/site-packages/airflow/example_dags/example_external_task_marker_dag.py
[2024-05-27T08:57:46.745+0000] {processor.py:830} INFO - Processing file /home/airflow/.local/lib/python3.12/site-packages/airflow/example_dags/example_external_task_marker_dag.py for tasks to queue
[2024-05-27T08:57:46.754+0000] {logging_mixin.py:188} INFO - [2024-05-27T08:57:46.750+0000] {dagbag.py:545} INFO - Filling up the DagBag from /home/airflow/.local/lib/python3.12/site-packages/airflow/example_dags/example_external_task_marker_dag.py
[2024-05-27T08:57:46.862+0000] {processor.py:840} INFO - DAG(s) 'example_external_task_marker_child', 'example_external_task_marker_parent' retrieved from /home/airflow/.local/lib/python3.12/site-packages/airflow/example_dags/example_external_task_marker_dag.py
[2024-05-27T08:57:58.173+0000] {logging_mixin.py:188} INFO - [2024-05-27T08:57:58.153+0000] {dag.py:3096} INFO - Sync 2 DAGs
[2024-05-27T08:57:58.275+0000] {logging_mixin.py:188} INFO - [2024-05-27T08:57:58.274+0000] {dag.py:3954} INFO - Setting next_dagrun for example_external_task_marker_child to None, run_after=None
[2024-05-27T08:57:58.744+0000] {logging_mixin.py:188} INFO - [2024-05-27T08:57:58.742+0000] {dag.py:3954} INFO - Setting next_dagrun for example_external_task_marker_parent to None, run_after=None
[2024-05-27T08:57:59.035+0000] {processor.py:183} INFO - Processing /home/airflow/.local/lib/python3.12/site-packages/airflow/example_dags/example_external_task_marker_dag.py took 12.302 seconds
[2024-05-27T09:00:48.991+0000] {processor.py:161} INFO - Started process (PID=227) to work on /home/airflow/.local/lib/python3.12/site-packages/airflow/example_dags/example_external_task_marker_dag.py
[2024-05-27T09:00:48.995+0000] {processor.py:830} INFO - Processing file /home/airflow/.local/lib/python3.12/site-packages/airflow/example_dags/example_external_task_marker_dag.py for tasks to queue
[2024-05-27T09:00:48.998+0000] {logging_mixin.py:188} INFO - [2024-05-27T09:00:48.997+0000] {dagbag.py:545} INFO - Filling up the DagBag from /home/airflow/.local/lib/python3.12/site-packages/airflow/example_dags/example_external_task_marker_dag.py
[2024-05-27T09:00:49.031+0000] {processor.py:840} INFO - DAG(s) 'example_external_task_marker_child', 'example_external_task_marker_parent' retrieved from /home/airflow/.local/lib/python3.12/site-packages/airflow/example_dags/example_external_task_marker_dag.py
[2024-05-27T09:00:50.585+0000] {logging_mixin.py:188} INFO - [2024-05-27T09:00:50.585+0000] {dag.py:3096} INFO - Sync 2 DAGs
[2024-05-27T09:00:50.655+0000] {logging_mixin.py:188} INFO - [2024-05-27T09:00:50.654+0000] {dag.py:3954} INFO - Setting next_dagrun for example_external_task_marker_child to None, run_after=None
[2024-05-27T09:00:50.663+0000] {logging_mixin.py:188} INFO - [2024-05-27T09:00:50.663+0000] {dag.py:3954} INFO - Setting next_dagrun for example_external_task_marker_parent to None, run_after=None
[2024-05-27T09:00:51.468+0000] {processor.py:183} INFO - Processing /home/airflow/.local/lib/python3.12/site-packages/airflow/example_dags/example_external_task_marker_dag.py took 2.485 seconds
[2024-05-27T09:04:13.079+0000] {processor.py:161} INFO - Started process (PID=336) to work on /home/airflow/.local/lib/python3.12/site-packages/airflow/example_dags/example_external_task_marker_dag.py
[2024-05-27T09:04:13.086+0000] {processor.py:830} INFO - Processing file /home/airflow/.local/lib/python3.12/site-packages/airflow/example_dags/example_external_task_marker_dag.py for tasks to queue
[2024-05-27T09:04:13.093+0000] {logging_mixin.py:188} INFO - [2024-05-27T09:04:13.093+0000] {dagbag.py:545} INFO - Filling up the DagBag from /home/airflow/.local/lib/python3.12/site-packages/airflow/example_dags/example_external_task_marker_dag.py
[2024-05-27T09:04:13.126+0000] {processor.py:840} INFO - DAG(s) 'example_external_task_marker_child', 'example_external_task_marker_parent' retrieved from /home/airflow/.local/lib/python3.12/site-packages/airflow/example_dags/example_external_task_marker_dag.py
[2024-05-27T09:04:20.642+0000] {logging_mixin.py:188} INFO - [2024-05-27T09:04:20.640+0000] {dag.py:3096} INFO - Sync 2 DAGs
[2024-05-27T09:04:20.658+0000] {logging_mixin.py:188} INFO - [2024-05-27T09:04:20.657+0000] {dag.py:3954} INFO - Setting next_dagrun for example_external_task_marker_child to None, run_after=None
[2024-05-27T09:04:20.663+0000] {logging_mixin.py:188} INFO - [2024-05-27T09:04:20.663+0000] {dag.py:3954} INFO - Setting next_dagrun for example_external_task_marker_parent to None, run_after=None
[2024-05-27T09:04:20.691+0000] {processor.py:183} INFO - Processing /home/airflow/.local/lib/python3.12/site-packages/airflow/example_dags/example_external_task_marker_dag.py took 7.630 seconds
[2024-05-27T09:05:52.647+0000] {processor.py:161} INFO - Started process (PID=421) to work on /home/airflow/.local/lib/python3.12/site-packages/airflow/example_dags/example_external_task_marker_dag.py
[2024-05-27T09:05:52.667+0000] {processor.py:830} INFO - Processing file /home/airflow/.local/lib/python3.12/site-packages/airflow/example_dags/example_external_task_marker_dag.py for tasks to queue
[2024-05-27T09:05:53.011+0000] {logging_mixin.py:188} INFO - [2024-05-27T09:05:53.011+0000] {dagbag.py:545} INFO - Filling up the DagBag from /home/airflow/.local/lib/python3.12/site-packages/airflow/example_dags/example_external_task_marker_dag.py
[2024-05-27T09:05:53.041+0000] {processor.py:840} INFO - DAG(s) 'example_external_task_marker_child', 'example_external_task_marker_parent' retrieved from /home/airflow/.local/lib/python3.12/site-packages/airflow/example_dags/example_external_task_marker_dag.py
[2024-05-27T09:05:53.203+0000] {logging_mixin.py:188} INFO - [2024-05-27T09:05:53.202+0000] {dag.py:3096} INFO - Sync 2 DAGs
[2024-05-27T09:05:53.237+0000] {logging_mixin.py:188} INFO - [2024-05-27T09:05:53.236+0000] {dag.py:3954} INFO - Setting next_dagrun for example_external_task_marker_child to None, run_after=None
[2024-05-27T09:05:53.249+0000] {logging_mixin.py:188} INFO - [2024-05-27T09:05:53.248+0000] {dag.py:3954} INFO - Setting next_dagrun for example_external_task_marker_parent to None, run_after=None
[2024-05-27T09:05:53.323+0000] {processor.py:183} INFO - Processing /home/airflow/.local/lib/python3.12/site-packages/airflow/example_dags/example_external_task_marker_dag.py took 0.692 seconds
[2024-05-27T09:07:49.334+0000] {processor.py:161} INFO - Started process (PID=491) to work on /home/airflow/.local/lib/python3.12/site-packages/airflow/example_dags/example_external_task_marker_dag.py
[2024-05-27T09:07:49.337+0000] {processor.py:830} INFO - Processing file /home/airflow/.local/lib/python3.12/site-packages/airflow/example_dags/example_external_task_marker_dag.py for tasks to queue
[2024-05-27T09:07:49.342+0000] {logging_mixin.py:188} INFO - [2024-05-27T09:07:49.342+0000] {dagbag.py:545} INFO - Filling up the DagBag from /home/airflow/.local/lib/python3.12/site-packages/airflow/example_dags/example_external_task_marker_dag.py
[2024-05-27T09:07:49.360+0000] {processor.py:840} INFO - DAG(s) 'example_external_task_marker_parent', 'example_external_task_marker_child' retrieved from /home/airflow/.local/lib/python3.12/site-packages/airflow/example_dags/example_external_task_marker_dag.py
[2024-05-27T09:07:49.401+0000] {logging_mixin.py:188} INFO - [2024-05-27T09:07:49.401+0000] {dag.py:3096} INFO - Sync 2 DAGs
[2024-05-27T09:07:49.413+0000] {logging_mixin.py:188} INFO - [2024-05-27T09:07:49.413+0000] {dag.py:3954} INFO - Setting next_dagrun for example_external_task_marker_child to None, run_after=None
[2024-05-27T09:07:49.418+0000] {logging_mixin.py:188} INFO - [2024-05-27T09:07:49.418+0000] {dag.py:3954} INFO - Setting next_dagrun for example_external_task_marker_parent to None, run_after=None
[2024-05-27T09:07:49.455+0000] {processor.py:183} INFO - Processing /home/airflow/.local/lib/python3.12/site-packages/airflow/example_dags/example_external_task_marker_dag.py took 0.138 seconds
[2024-05-27T09:09:30.822+0000] {processor.py:161} INFO - Started process (PID=563) to work on /home/airflow/.local/lib/python3.12/site-packages/airflow/example_dags/example_external_task_marker_dag.py
[2024-05-27T09:09:30.826+0000] {processor.py:830} INFO - Processing file /home/airflow/.local/lib/python3.12/site-packages/airflow/example_dags/example_external_task_marker_dag.py for tasks to queue
[2024-05-27T09:09:30.828+0000] {logging_mixin.py:188} INFO - [2024-05-27T09:09:30.828+0000] {dagbag.py:545} INFO - Filling up the DagBag from /home/airflow/.local/lib/python3.12/site-packages/airflow/example_dags/example_external_task_marker_dag.py
[2024-05-27T09:09:30.839+0000] {processor.py:840} INFO - DAG(s) 'example_external_task_marker_child', 'example_external_task_marker_parent' retrieved from /home/airflow/.local/lib/python3.12/site-packages/airflow/example_dags/example_external_task_marker_dag.py
[2024-05-27T09:09:30.912+0000] {logging_mixin.py:188} INFO - [2024-05-27T09:09:30.912+0000] {dag.py:3096} INFO - Sync 2 DAGs
[2024-05-27T09:09:30.935+0000] {logging_mixin.py:188} INFO - [2024-05-27T09:09:30.935+0000] {dag.py:3954} INFO - Setting next_dagrun for example_external_task_marker_child to None, run_after=None
[2024-05-27T09:09:30.965+0000] {logging_mixin.py:188} INFO - [2024-05-27T09:09:30.956+0000] {dag.py:3954} INFO - Setting next_dagrun for example_external_task_marker_parent to None, run_after=None
[2024-05-27T09:09:31.027+0000] {processor.py:183} INFO - Processing /home/airflow/.local/lib/python3.12/site-packages/airflow/example_dags/example_external_task_marker_dag.py took 0.211 seconds
[2024-05-27T09:11:46.270+0000] {processor.py:161} INFO - Started process (PID=64) to work on /home/airflow/.local/lib/python3.12/site-packages/airflow/example_dags/example_external_task_marker_dag.py
[2024-05-27T09:11:46.271+0000] {processor.py:830} INFO - Processing file /home/airflow/.local/lib/python3.12/site-packages/airflow/example_dags/example_external_task_marker_dag.py for tasks to queue
[2024-05-27T09:11:46.274+0000] {logging_mixin.py:188} INFO - [2024-05-27T09:11:46.274+0000] {dagbag.py:545} INFO - Filling up the DagBag from /home/airflow/.local/lib/python3.12/site-packages/airflow/example_dags/example_external_task_marker_dag.py
[2024-05-27T09:11:46.281+0000] {processor.py:840} INFO - DAG(s) 'example_external_task_marker_parent', 'example_external_task_marker_child' retrieved from /home/airflow/.local/lib/python3.12/site-packages/airflow/example_dags/example_external_task_marker_dag.py
[2024-05-27T09:11:46.295+0000] {logging_mixin.py:188} INFO - [2024-05-27T09:11:46.294+0000] {dag.py:3096} INFO - Sync 2 DAGs
[2024-05-27T09:11:46.308+0000] {logging_mixin.py:188} INFO - [2024-05-27T09:11:46.308+0000] {dag.py:3954} INFO - Setting next_dagrun for example_external_task_marker_child to None, run_after=None
[2024-05-27T09:11:46.314+0000] {logging_mixin.py:188} INFO - [2024-05-27T09:11:46.314+0000] {dag.py:3954} INFO - Setting next_dagrun for example_external_task_marker_parent to None, run_after=None
[2024-05-27T09:11:46.365+0000] {processor.py:183} INFO - Processing /home/airflow/.local/lib/python3.12/site-packages/airflow/example_dags/example_external_task_marker_dag.py took 0.101 seconds
[2024-05-27T09:24:47.462+0000] {processor.py:161} INFO - Started process (PID=64) to work on /home/airflow/.local/lib/python3.12/site-packages/airflow/example_dags/example_external_task_marker_dag.py
[2024-05-27T09:24:47.464+0000] {processor.py:830} INFO - Processing file /home/airflow/.local/lib/python3.12/site-packages/airflow/example_dags/example_external_task_marker_dag.py for tasks to queue
[2024-05-27T09:24:47.466+0000] {logging_mixin.py:188} INFO - [2024-05-27T09:24:47.466+0000] {dagbag.py:545} INFO - Filling up the DagBag from /home/airflow/.local/lib/python3.12/site-packages/airflow/example_dags/example_external_task_marker_dag.py
[2024-05-27T09:24:47.475+0000] {processor.py:840} INFO - DAG(s) 'example_external_task_marker_parent', 'example_external_task_marker_child' retrieved from /home/airflow/.local/lib/python3.12/site-packages/airflow/example_dags/example_external_task_marker_dag.py
[2024-05-27T09:24:47.486+0000] {logging_mixin.py:188} INFO - [2024-05-27T09:24:47.486+0000] {dag.py:3096} INFO - Sync 2 DAGs
[2024-05-27T09:24:47.498+0000] {logging_mixin.py:188} INFO - [2024-05-27T09:24:47.497+0000] {dag.py:3954} INFO - Setting next_dagrun for example_external_task_marker_child to None, run_after=None
[2024-05-27T09:24:47.504+0000] {logging_mixin.py:188} INFO - [2024-05-27T09:24:47.504+0000] {dag.py:3954} INFO - Setting next_dagrun for example_external_task_marker_parent to None, run_after=None
[2024-05-27T09:24:47.519+0000] {processor.py:183} INFO - Processing /home/airflow/.local/lib/python3.12/site-packages/airflow/example_dags/example_external_task_marker_dag.py took 0.061 seconds
[2024-05-27T09:28:22.961+0000] {processor.py:161} INFO - Started process (PID=65) to work on /home/airflow/.local/lib/python3.12/site-packages/airflow/example_dags/example_external_task_marker_dag.py
[2024-05-27T09:28:22.963+0000] {processor.py:830} INFO - Processing file /home/airflow/.local/lib/python3.12/site-packages/airflow/example_dags/example_external_task_marker_dag.py for tasks to queue
[2024-05-27T09:28:22.966+0000] {logging_mixin.py:188} INFO - [2024-05-27T09:28:22.965+0000] {dagbag.py:545} INFO - Filling up the DagBag from /home/airflow/.local/lib/python3.12/site-packages/airflow/example_dags/example_external_task_marker_dag.py
[2024-05-27T09:28:22.972+0000] {processor.py:840} INFO - DAG(s) 'example_external_task_marker_child', 'example_external_task_marker_parent' retrieved from /home/airflow/.local/lib/python3.12/site-packages/airflow/example_dags/example_external_task_marker_dag.py
[2024-05-27T09:28:22.985+0000] {logging_mixin.py:188} INFO - [2024-05-27T09:28:22.985+0000] {dag.py:3096} INFO - Sync 2 DAGs
[2024-05-27T09:28:22.996+0000] {logging_mixin.py:188} INFO - [2024-05-27T09:28:22.996+0000] {dag.py:3954} INFO - Setting next_dagrun for example_external_task_marker_child to None, run_after=None
[2024-05-27T09:28:23.001+0000] {logging_mixin.py:188} INFO - [2024-05-27T09:28:23.001+0000] {dag.py:3954} INFO - Setting next_dagrun for example_external_task_marker_parent to None, run_after=None
[2024-05-27T09:28:23.020+0000] {processor.py:183} INFO - Processing /home/airflow/.local/lib/python3.12/site-packages/airflow/example_dags/example_external_task_marker_dag.py took 0.064 seconds
[2024-05-27T09:33:43.373+0000] {processor.py:161} INFO - Started process (PID=65) to work on /home/airflow/.local/lib/python3.12/site-packages/airflow/example_dags/example_external_task_marker_dag.py
[2024-05-27T09:33:43.376+0000] {processor.py:830} INFO - Processing file /home/airflow/.local/lib/python3.12/site-packages/airflow/example_dags/example_external_task_marker_dag.py for tasks to queue
[2024-05-27T09:33:43.379+0000] {logging_mixin.py:188} INFO - [2024-05-27T09:33:43.379+0000] {dagbag.py:545} INFO - Filling up the DagBag from /home/airflow/.local/lib/python3.12/site-packages/airflow/example_dags/example_external_task_marker_dag.py
[2024-05-27T09:33:43.388+0000] {processor.py:840} INFO - DAG(s) 'example_external_task_marker_child', 'example_external_task_marker_parent' retrieved from /home/airflow/.local/lib/python3.12/site-packages/airflow/example_dags/example_external_task_marker_dag.py
[2024-05-27T09:33:43.402+0000] {logging_mixin.py:188} INFO - [2024-05-27T09:33:43.402+0000] {dag.py:3096} INFO - Sync 2 DAGs
[2024-05-27T09:33:43.418+0000] {logging_mixin.py:188} INFO - [2024-05-27T09:33:43.418+0000] {dag.py:3954} INFO - Setting next_dagrun for example_external_task_marker_child to None, run_after=None
[2024-05-27T09:33:43.423+0000] {logging_mixin.py:188} INFO - [2024-05-27T09:33:43.422+0000] {dag.py:3954} INFO - Setting next_dagrun for example_external_task_marker_parent to None, run_after=None
[2024-05-27T09:33:43.444+0000] {processor.py:183} INFO - Processing /home/airflow/.local/lib/python3.12/site-packages/airflow/example_dags/example_external_task_marker_dag.py took 0.075 seconds
[2024-05-27T09:37:16.665+0000] {processor.py:161} INFO - Started process (PID=150) to work on /home/airflow/.local/lib/python3.12/site-packages/airflow/example_dags/example_external_task_marker_dag.py
[2024-05-27T09:37:16.675+0000] {processor.py:830} INFO - Processing file /home/airflow/.local/lib/python3.12/site-packages/airflow/example_dags/example_external_task_marker_dag.py for tasks to queue
[2024-05-27T09:37:16.695+0000] {logging_mixin.py:188} INFO - [2024-05-27T09:37:16.688+0000] {dagbag.py:545} INFO - Filling up the DagBag from /home/airflow/.local/lib/python3.12/site-packages/airflow/example_dags/example_external_task_marker_dag.py
[2024-05-27T09:37:17.181+0000] {processor.py:840} INFO - DAG(s) 'example_external_task_marker_child', 'example_external_task_marker_parent' retrieved from /home/airflow/.local/lib/python3.12/site-packages/airflow/example_dags/example_external_task_marker_dag.py
[2024-05-27T09:37:26.078+0000] {logging_mixin.py:188} INFO - [2024-05-27T09:37:26.061+0000] {dag.py:3096} INFO - Sync 2 DAGs
[2024-05-27T09:37:30.338+0000] {logging_mixin.py:188} INFO - [2024-05-27T09:37:30.333+0000] {dag.py:3954} INFO - Setting next_dagrun for example_external_task_marker_child to None, run_after=None
[2024-05-27T09:37:30.354+0000] {logging_mixin.py:188} INFO - [2024-05-27T09:37:30.353+0000] {dag.py:3954} INFO - Setting next_dagrun for example_external_task_marker_parent to None, run_after=None
[2024-05-27T09:37:30.524+0000] {processor.py:183} INFO - Processing /home/airflow/.local/lib/python3.12/site-packages/airflow/example_dags/example_external_task_marker_dag.py took 13.398 seconds
[2024-05-27T09:41:30.648+0000] {processor.py:161} INFO - Started process (PID=247) to work on /home/airflow/.local/lib/python3.12/site-packages/airflow/example_dags/example_external_task_marker_dag.py
[2024-05-27T09:41:30.713+0000] {processor.py:830} INFO - Processing file /home/airflow/.local/lib/python3.12/site-packages/airflow/example_dags/example_external_task_marker_dag.py for tasks to queue
[2024-05-27T09:41:30.860+0000] {logging_mixin.py:188} INFO - [2024-05-27T09:41:30.750+0000] {dagbag.py:545} INFO - Filling up the DagBag from /home/airflow/.local/lib/python3.12/site-packages/airflow/example_dags/example_external_task_marker_dag.py
[2024-05-27T09:41:34.906+0000] {processor.py:840} INFO - DAG(s) 'example_external_task_marker_parent', 'example_external_task_marker_child' retrieved from /home/airflow/.local/lib/python3.12/site-packages/airflow/example_dags/example_external_task_marker_dag.py
[2024-05-27T09:41:36.235+0000] {logging_mixin.py:188} INFO - [2024-05-27T09:41:36.235+0000] {dag.py:3096} INFO - Sync 2 DAGs
[2024-05-27T09:41:37.749+0000] {logging_mixin.py:188} INFO - [2024-05-27T09:41:37.748+0000] {dag.py:3954} INFO - Setting next_dagrun for example_external_task_marker_child to None, run_after=None
[2024-05-27T09:41:37.811+0000] {logging_mixin.py:188} INFO - [2024-05-27T09:41:37.800+0000] {dag.py:3954} INFO - Setting next_dagrun for example_external_task_marker_parent to None, run_after=None
[2024-05-27T09:41:39.760+0000] {processor.py:183} INFO - Processing /home/airflow/.local/lib/python3.12/site-packages/airflow/example_dags/example_external_task_marker_dag.py took 9.241 seconds
[2024-05-27T10:07:10.432+0000] {processor.py:161} INFO - Started process (PID=65) to work on /home/airflow/.local/lib/python3.12/site-packages/airflow/example_dags/example_external_task_marker_dag.py
[2024-05-27T10:07:10.439+0000] {processor.py:830} INFO - Processing file /home/airflow/.local/lib/python3.12/site-packages/airflow/example_dags/example_external_task_marker_dag.py for tasks to queue
[2024-05-27T10:07:10.443+0000] {logging_mixin.py:188} INFO - [2024-05-27T10:07:10.442+0000] {dagbag.py:545} INFO - Filling up the DagBag from /home/airflow/.local/lib/python3.12/site-packages/airflow/example_dags/example_external_task_marker_dag.py
[2024-05-27T10:07:10.454+0000] {processor.py:840} INFO - DAG(s) 'example_external_task_marker_child', 'example_external_task_marker_parent' retrieved from /home/airflow/.local/lib/python3.12/site-packages/airflow/example_dags/example_external_task_marker_dag.py
[2024-05-27T10:07:10.478+0000] {logging_mixin.py:188} INFO - [2024-05-27T10:07:10.478+0000] {dag.py:3096} INFO - Sync 2 DAGs
[2024-05-27T10:07:10.497+0000] {logging_mixin.py:188} INFO - [2024-05-27T10:07:10.497+0000] {dag.py:3954} INFO - Setting next_dagrun for example_external_task_marker_child to None, run_after=None
[2024-05-27T10:07:10.504+0000] {logging_mixin.py:188} INFO - [2024-05-27T10:07:10.504+0000] {dag.py:3954} INFO - Setting next_dagrun for example_external_task_marker_parent to None, run_after=None
[2024-05-27T10:07:10.525+0000] {processor.py:183} INFO - Processing /home/airflow/.local/lib/python3.12/site-packages/airflow/example_dags/example_external_task_marker_dag.py took 0.103 seconds
[2024-05-27T10:07:41.874+0000] {processor.py:161} INFO - Started process (PID=123) to work on /home/airflow/.local/lib/python3.12/site-packages/airflow/example_dags/example_external_task_marker_dag.py
[2024-05-27T10:07:41.876+0000] {processor.py:830} INFO - Processing file /home/airflow/.local/lib/python3.12/site-packages/airflow/example_dags/example_external_task_marker_dag.py for tasks to queue
[2024-05-27T10:07:41.878+0000] {logging_mixin.py:188} INFO - [2024-05-27T10:07:41.878+0000] {dagbag.py:545} INFO - Filling up the DagBag from /home/airflow/.local/lib/python3.12/site-packages/airflow/example_dags/example_external_task_marker_dag.py
[2024-05-27T10:07:41.885+0000] {processor.py:840} INFO - DAG(s) 'example_external_task_marker_parent', 'example_external_task_marker_child' retrieved from /home/airflow/.local/lib/python3.12/site-packages/airflow/example_dags/example_external_task_marker_dag.py
[2024-05-27T10:07:41.980+0000] {logging_mixin.py:188} INFO - [2024-05-27T10:07:41.980+0000] {dag.py:3096} INFO - Sync 2 DAGs
[2024-05-27T10:07:41.990+0000] {logging_mixin.py:188} INFO - [2024-05-27T10:07:41.989+0000] {dag.py:3954} INFO - Setting next_dagrun for example_external_task_marker_child to None, run_after=None
[2024-05-27T10:07:41.994+0000] {logging_mixin.py:188} INFO - [2024-05-27T10:07:41.994+0000] {dag.py:3954} INFO - Setting next_dagrun for example_external_task_marker_parent to None, run_after=None
[2024-05-27T10:07:42.007+0000] {processor.py:183} INFO - Processing /home/airflow/.local/lib/python3.12/site-packages/airflow/example_dags/example_external_task_marker_dag.py took 0.139 seconds
