[2024-05-27T08:51:53.594+0000] {processor.py:161} INFO - Started process (PID=56) to work on /home/airflow/.local/lib/python3.12/site-packages/airflow/example_dags/example_display_name.py
[2024-05-27T08:51:53.597+0000] {processor.py:830} INFO - Processing file /home/airflow/.local/lib/python3.12/site-packages/airflow/example_dags/example_display_name.py for tasks to queue
[2024-05-27T08:51:53.601+0000] {logging_mixin.py:188} INFO - [2024-05-27T08:51:53.599+0000] {dagbag.py:545} INFO - Filling up the DagBag from /home/airflow/.local/lib/python3.12/site-packages/airflow/example_dags/example_display_name.py
[2024-05-27T08:51:53.609+0000] {processor.py:840} INFO - DAG(s) 'example_display_name' retrieved from /home/airflow/.local/lib/python3.12/site-packages/airflow/example_dags/example_display_name.py
[2024-05-27T08:51:53.696+0000] {logging_mixin.py:188} INFO - [2024-05-27T08:51:53.696+0000] {override.py:1829} INFO - Created Permission View: can edit on DAG:example_display_name
[2024-05-27T08:51:53.707+0000] {logging_mixin.py:188} INFO - [2024-05-27T08:51:53.706+0000] {override.py:1829} INFO - Created Permission View: can read on DAG:example_display_name
[2024-05-27T08:51:53.714+0000] {logging_mixin.py:188} INFO - [2024-05-27T08:51:53.714+0000] {override.py:1829} INFO - Created Permission View: can delete on DAG:example_display_name
[2024-05-27T08:51:53.716+0000] {logging_mixin.py:188} INFO - [2024-05-27T08:51:53.716+0000] {dag.py:3096} INFO - Sync 1 DAGs
[2024-05-27T08:51:53.726+0000] {logging_mixin.py:188} INFO - [2024-05-27T08:51:53.725+0000] {dag.py:3118} INFO - Creating ORM DAG for example_display_name
[2024-05-27T08:51:53.727+0000] {logging_mixin.py:188} INFO - [2024-05-27T08:51:53.727+0000] {dag.py:3954} INFO - Setting next_dagrun for example_display_name to None, run_after=None
[2024-05-27T08:51:53.742+0000] {processor.py:183} INFO - Processing /home/airflow/.local/lib/python3.12/site-packages/airflow/example_dags/example_display_name.py took 0.153 seconds
[2024-05-27T08:52:24.645+0000] {processor.py:161} INFO - Started process (PID=119) to work on /home/airflow/.local/lib/python3.12/site-packages/airflow/example_dags/example_display_name.py
[2024-05-27T08:52:24.647+0000] {processor.py:830} INFO - Processing file /home/airflow/.local/lib/python3.12/site-packages/airflow/example_dags/example_display_name.py for tasks to queue
[2024-05-27T08:52:24.649+0000] {logging_mixin.py:188} INFO - [2024-05-27T08:52:24.649+0000] {dagbag.py:545} INFO - Filling up the DagBag from /home/airflow/.local/lib/python3.12/site-packages/airflow/example_dags/example_display_name.py
[2024-05-27T08:52:24.656+0000] {processor.py:840} INFO - DAG(s) 'example_display_name' retrieved from /home/airflow/.local/lib/python3.12/site-packages/airflow/example_dags/example_display_name.py
[2024-05-27T08:52:24.673+0000] {logging_mixin.py:188} INFO - [2024-05-27T08:52:24.673+0000] {dag.py:3096} INFO - Sync 1 DAGs
[2024-05-27T08:52:24.684+0000] {logging_mixin.py:188} INFO - [2024-05-27T08:52:24.684+0000] {dag.py:3954} INFO - Setting next_dagrun for example_display_name to None, run_after=None
[2024-05-27T08:52:24.701+0000] {processor.py:183} INFO - Processing /home/airflow/.local/lib/python3.12/site-packages/airflow/example_dags/example_display_name.py took 0.061 seconds
[2024-05-27T08:55:51.232+0000] {processor.py:161} INFO - Started process (PID=56) to work on /home/airflow/.local/lib/python3.12/site-packages/airflow/example_dags/example_display_name.py
[2024-05-27T08:55:51.236+0000] {processor.py:830} INFO - Processing file /home/airflow/.local/lib/python3.12/site-packages/airflow/example_dags/example_display_name.py for tasks to queue
[2024-05-27T08:55:51.243+0000] {logging_mixin.py:188} INFO - [2024-05-27T08:55:51.242+0000] {dagbag.py:545} INFO - Filling up the DagBag from /home/airflow/.local/lib/python3.12/site-packages/airflow/example_dags/example_display_name.py
[2024-05-27T08:55:51.278+0000] {processor.py:840} INFO - DAG(s) 'example_display_name' retrieved from /home/airflow/.local/lib/python3.12/site-packages/airflow/example_dags/example_display_name.py
[2024-05-27T08:55:51.345+0000] {logging_mixin.py:188} INFO - [2024-05-27T08:55:51.345+0000] {dag.py:3096} INFO - Sync 1 DAGs
[2024-05-27T08:55:51.360+0000] {logging_mixin.py:188} INFO - [2024-05-27T08:55:51.359+0000] {dag.py:3954} INFO - Setting next_dagrun for example_display_name to None, run_after=None
[2024-05-27T08:55:51.380+0000] {processor.py:183} INFO - Processing /home/airflow/.local/lib/python3.12/site-packages/airflow/example_dags/example_display_name.py took 0.176 seconds
[2024-05-27T08:57:18.844+0000] {processor.py:161} INFO - Started process (PID=128) to work on /home/airflow/.local/lib/python3.12/site-packages/airflow/example_dags/example_display_name.py
[2024-05-27T08:57:18.846+0000] {processor.py:830} INFO - Processing file /home/airflow/.local/lib/python3.12/site-packages/airflow/example_dags/example_display_name.py for tasks to queue
[2024-05-27T08:57:18.854+0000] {logging_mixin.py:188} INFO - [2024-05-27T08:57:18.854+0000] {dagbag.py:545} INFO - Filling up the DagBag from /home/airflow/.local/lib/python3.12/site-packages/airflow/example_dags/example_display_name.py
[2024-05-27T08:57:18.864+0000] {processor.py:840} INFO - DAG(s) 'example_display_name' retrieved from /home/airflow/.local/lib/python3.12/site-packages/airflow/example_dags/example_display_name.py
[2024-05-27T08:57:19.584+0000] {logging_mixin.py:188} INFO - [2024-05-27T08:57:19.584+0000] {dag.py:3096} INFO - Sync 1 DAGs
[2024-05-27T08:57:19.593+0000] {logging_mixin.py:188} INFO - [2024-05-27T08:57:19.593+0000] {dag.py:3954} INFO - Setting next_dagrun for example_display_name to None, run_after=None
[2024-05-27T08:57:19.651+0000] {processor.py:183} INFO - Processing /home/airflow/.local/lib/python3.12/site-packages/airflow/example_dags/example_display_name.py took 0.816 seconds
[2024-05-27T09:00:26.929+0000] {processor.py:161} INFO - Started process (PID=219) to work on /home/airflow/.local/lib/python3.12/site-packages/airflow/example_dags/example_display_name.py
[2024-05-27T09:00:26.932+0000] {processor.py:830} INFO - Processing file /home/airflow/.local/lib/python3.12/site-packages/airflow/example_dags/example_display_name.py for tasks to queue
[2024-05-27T09:00:26.937+0000] {logging_mixin.py:188} INFO - [2024-05-27T09:00:26.936+0000] {dagbag.py:545} INFO - Filling up the DagBag from /home/airflow/.local/lib/python3.12/site-packages/airflow/example_dags/example_display_name.py
[2024-05-27T09:00:27.037+0000] {processor.py:840} INFO - DAG(s) 'example_display_name' retrieved from /home/airflow/.local/lib/python3.12/site-packages/airflow/example_dags/example_display_name.py
[2024-05-27T09:00:28.823+0000] {logging_mixin.py:188} INFO - [2024-05-27T09:00:28.821+0000] {dag.py:3096} INFO - Sync 1 DAGs
[2024-05-27T09:00:30.099+0000] {logging_mixin.py:188} INFO - [2024-05-27T09:00:30.097+0000] {dag.py:3954} INFO - Setting next_dagrun for example_display_name to None, run_after=None
[2024-05-27T09:00:32.414+0000] {processor.py:183} INFO - Processing /home/airflow/.local/lib/python3.12/site-packages/airflow/example_dags/example_display_name.py took 5.500 seconds
[2024-05-27T09:04:03.326+0000] {processor.py:161} INFO - Started process (PID=322) to work on /home/airflow/.local/lib/python3.12/site-packages/airflow/example_dags/example_display_name.py
[2024-05-27T09:04:03.330+0000] {processor.py:830} INFO - Processing file /home/airflow/.local/lib/python3.12/site-packages/airflow/example_dags/example_display_name.py for tasks to queue
[2024-05-27T09:04:03.334+0000] {logging_mixin.py:188} INFO - [2024-05-27T09:04:03.333+0000] {dagbag.py:545} INFO - Filling up the DagBag from /home/airflow/.local/lib/python3.12/site-packages/airflow/example_dags/example_display_name.py
[2024-05-27T09:04:03.350+0000] {processor.py:840} INFO - DAG(s) 'example_display_name' retrieved from /home/airflow/.local/lib/python3.12/site-packages/airflow/example_dags/example_display_name.py
[2024-05-27T09:04:03.405+0000] {logging_mixin.py:188} INFO - [2024-05-27T09:04:03.405+0000] {dag.py:3096} INFO - Sync 1 DAGs
[2024-05-27T09:04:03.466+0000] {logging_mixin.py:188} INFO - [2024-05-27T09:04:03.465+0000] {dag.py:3954} INFO - Setting next_dagrun for example_display_name to None, run_after=None
[2024-05-27T09:04:03.509+0000] {processor.py:183} INFO - Processing /home/airflow/.local/lib/python3.12/site-packages/airflow/example_dags/example_display_name.py took 0.211 seconds
[2024-05-27T09:05:40.763+0000] {processor.py:161} INFO - Started process (PID=398) to work on /home/airflow/.local/lib/python3.12/site-packages/airflow/example_dags/example_display_name.py
[2024-05-27T09:05:40.766+0000] {processor.py:830} INFO - Processing file /home/airflow/.local/lib/python3.12/site-packages/airflow/example_dags/example_display_name.py for tasks to queue
[2024-05-27T09:05:40.768+0000] {logging_mixin.py:188} INFO - [2024-05-27T09:05:40.767+0000] {dagbag.py:545} INFO - Filling up the DagBag from /home/airflow/.local/lib/python3.12/site-packages/airflow/example_dags/example_display_name.py
[2024-05-27T09:05:40.784+0000] {processor.py:840} INFO - DAG(s) 'example_display_name' retrieved from /home/airflow/.local/lib/python3.12/site-packages/airflow/example_dags/example_display_name.py
[2024-05-27T09:05:40.876+0000] {logging_mixin.py:188} INFO - [2024-05-27T09:05:40.876+0000] {dag.py:3096} INFO - Sync 1 DAGs
[2024-05-27T09:05:40.943+0000] {logging_mixin.py:188} INFO - [2024-05-27T09:05:40.943+0000] {dag.py:3954} INFO - Setting next_dagrun for example_display_name to None, run_after=None
[2024-05-27T09:05:40.966+0000] {processor.py:183} INFO - Processing /home/airflow/.local/lib/python3.12/site-packages/airflow/example_dags/example_display_name.py took 0.212 seconds
[2024-05-27T09:07:46.178+0000] {processor.py:161} INFO - Started process (PID=483) to work on /home/airflow/.local/lib/python3.12/site-packages/airflow/example_dags/example_display_name.py
[2024-05-27T09:07:46.182+0000] {processor.py:830} INFO - Processing file /home/airflow/.local/lib/python3.12/site-packages/airflow/example_dags/example_display_name.py for tasks to queue
[2024-05-27T09:07:46.184+0000] {logging_mixin.py:188} INFO - [2024-05-27T09:07:46.184+0000] {dagbag.py:545} INFO - Filling up the DagBag from /home/airflow/.local/lib/python3.12/site-packages/airflow/example_dags/example_display_name.py
[2024-05-27T09:07:46.195+0000] {processor.py:840} INFO - DAG(s) 'example_display_name' retrieved from /home/airflow/.local/lib/python3.12/site-packages/airflow/example_dags/example_display_name.py
[2024-05-27T09:07:46.264+0000] {logging_mixin.py:188} INFO - [2024-05-27T09:07:46.264+0000] {dag.py:3096} INFO - Sync 1 DAGs
[2024-05-27T09:07:46.288+0000] {logging_mixin.py:188} INFO - [2024-05-27T09:07:46.288+0000] {dag.py:3954} INFO - Setting next_dagrun for example_display_name to None, run_after=None
[2024-05-27T09:07:46.311+0000] {processor.py:183} INFO - Processing /home/airflow/.local/lib/python3.12/site-packages/airflow/example_dags/example_display_name.py took 0.147 seconds
[2024-05-27T09:09:05.737+0000] {processor.py:161} INFO - Started process (PID=548) to work on /home/airflow/.local/lib/python3.12/site-packages/airflow/example_dags/example_display_name.py
[2024-05-27T09:09:05.749+0000] {processor.py:830} INFO - Processing file /home/airflow/.local/lib/python3.12/site-packages/airflow/example_dags/example_display_name.py for tasks to queue
[2024-05-27T09:09:05.811+0000] {logging_mixin.py:188} INFO - [2024-05-27T09:09:05.753+0000] {dagbag.py:545} INFO - Filling up the DagBag from /home/airflow/.local/lib/python3.12/site-packages/airflow/example_dags/example_display_name.py
[2024-05-27T09:09:05.913+0000] {processor.py:840} INFO - DAG(s) 'example_display_name' retrieved from /home/airflow/.local/lib/python3.12/site-packages/airflow/example_dags/example_display_name.py
[2024-05-27T09:09:07.843+0000] {logging_mixin.py:188} INFO - [2024-05-27T09:09:07.828+0000] {dag.py:3096} INFO - Sync 1 DAGs
[2024-05-27T09:09:08.166+0000] {logging_mixin.py:188} INFO - [2024-05-27T09:09:08.154+0000] {dag.py:3954} INFO - Setting next_dagrun for example_display_name to None, run_after=None
[2024-05-27T09:09:20.805+0000] {processor.py:183} INFO - Processing /home/airflow/.local/lib/python3.12/site-packages/airflow/example_dags/example_display_name.py took 15.111 seconds
[2024-05-27T09:11:45.564+0000] {processor.py:161} INFO - Started process (PID=56) to work on /home/airflow/.local/lib/python3.12/site-packages/airflow/example_dags/example_display_name.py
[2024-05-27T09:11:45.566+0000] {processor.py:830} INFO - Processing file /home/airflow/.local/lib/python3.12/site-packages/airflow/example_dags/example_display_name.py for tasks to queue
[2024-05-27T09:11:45.569+0000] {logging_mixin.py:188} INFO - [2024-05-27T09:11:45.569+0000] {dagbag.py:545} INFO - Filling up the DagBag from /home/airflow/.local/lib/python3.12/site-packages/airflow/example_dags/example_display_name.py
[2024-05-27T09:11:45.576+0000] {processor.py:840} INFO - DAG(s) 'example_display_name' retrieved from /home/airflow/.local/lib/python3.12/site-packages/airflow/example_dags/example_display_name.py
[2024-05-27T09:11:45.587+0000] {logging_mixin.py:188} INFO - [2024-05-27T09:11:45.587+0000] {dag.py:3096} INFO - Sync 1 DAGs
[2024-05-27T09:11:45.605+0000] {logging_mixin.py:188} INFO - [2024-05-27T09:11:45.604+0000] {dag.py:3954} INFO - Setting next_dagrun for example_display_name to None, run_after=None
[2024-05-27T09:11:45.628+0000] {processor.py:183} INFO - Processing /home/airflow/.local/lib/python3.12/site-packages/airflow/example_dags/example_display_name.py took 0.069 seconds
[2024-05-27T09:24:47.087+0000] {processor.py:161} INFO - Started process (PID=56) to work on /home/airflow/.local/lib/python3.12/site-packages/airflow/example_dags/example_display_name.py
[2024-05-27T09:24:47.088+0000] {processor.py:830} INFO - Processing file /home/airflow/.local/lib/python3.12/site-packages/airflow/example_dags/example_display_name.py for tasks to queue
[2024-05-27T09:24:47.091+0000] {logging_mixin.py:188} INFO - [2024-05-27T09:24:47.091+0000] {dagbag.py:545} INFO - Filling up the DagBag from /home/airflow/.local/lib/python3.12/site-packages/airflow/example_dags/example_display_name.py
[2024-05-27T09:24:47.101+0000] {processor.py:840} INFO - DAG(s) 'example_display_name' retrieved from /home/airflow/.local/lib/python3.12/site-packages/airflow/example_dags/example_display_name.py
[2024-05-27T09:24:47.111+0000] {logging_mixin.py:188} INFO - [2024-05-27T09:24:47.111+0000] {dag.py:3096} INFO - Sync 1 DAGs
[2024-05-27T09:24:47.123+0000] {logging_mixin.py:188} INFO - [2024-05-27T09:24:47.123+0000] {dag.py:3954} INFO - Setting next_dagrun for example_display_name to None, run_after=None
[2024-05-27T09:24:47.139+0000] {processor.py:183} INFO - Processing /home/airflow/.local/lib/python3.12/site-packages/airflow/example_dags/example_display_name.py took 0.058 seconds
[2024-05-27T09:28:22.325+0000] {processor.py:161} INFO - Started process (PID=57) to work on /home/airflow/.local/lib/python3.12/site-packages/airflow/example_dags/example_display_name.py
[2024-05-27T09:28:22.328+0000] {processor.py:830} INFO - Processing file /home/airflow/.local/lib/python3.12/site-packages/airflow/example_dags/example_display_name.py for tasks to queue
[2024-05-27T09:28:22.331+0000] {logging_mixin.py:188} INFO - [2024-05-27T09:28:22.331+0000] {dagbag.py:545} INFO - Filling up the DagBag from /home/airflow/.local/lib/python3.12/site-packages/airflow/example_dags/example_display_name.py
[2024-05-27T09:28:22.340+0000] {processor.py:840} INFO - DAG(s) 'example_display_name' retrieved from /home/airflow/.local/lib/python3.12/site-packages/airflow/example_dags/example_display_name.py
[2024-05-27T09:28:22.354+0000] {logging_mixin.py:188} INFO - [2024-05-27T09:28:22.353+0000] {dag.py:3096} INFO - Sync 1 DAGs
[2024-05-27T09:28:22.367+0000] {logging_mixin.py:188} INFO - [2024-05-27T09:28:22.366+0000] {dag.py:3954} INFO - Setting next_dagrun for example_display_name to None, run_after=None
[2024-05-27T09:28:22.387+0000] {processor.py:183} INFO - Processing /home/airflow/.local/lib/python3.12/site-packages/airflow/example_dags/example_display_name.py took 0.067 seconds
[2024-05-27T09:33:42.832+0000] {processor.py:161} INFO - Started process (PID=57) to work on /home/airflow/.local/lib/python3.12/site-packages/airflow/example_dags/example_display_name.py
[2024-05-27T09:33:42.835+0000] {processor.py:830} INFO - Processing file /home/airflow/.local/lib/python3.12/site-packages/airflow/example_dags/example_display_name.py for tasks to queue
[2024-05-27T09:33:42.838+0000] {logging_mixin.py:188} INFO - [2024-05-27T09:33:42.837+0000] {dagbag.py:545} INFO - Filling up the DagBag from /home/airflow/.local/lib/python3.12/site-packages/airflow/example_dags/example_display_name.py
[2024-05-27T09:33:42.845+0000] {processor.py:840} INFO - DAG(s) 'example_display_name' retrieved from /home/airflow/.local/lib/python3.12/site-packages/airflow/example_dags/example_display_name.py
[2024-05-27T09:33:42.860+0000] {logging_mixin.py:188} INFO - [2024-05-27T09:33:42.859+0000] {dag.py:3096} INFO - Sync 1 DAGs
[2024-05-27T09:33:42.871+0000] {logging_mixin.py:188} INFO - [2024-05-27T09:33:42.871+0000] {dag.py:3954} INFO - Setting next_dagrun for example_display_name to None, run_after=None
[2024-05-27T09:33:42.886+0000] {processor.py:183} INFO - Processing /home/airflow/.local/lib/python3.12/site-packages/airflow/example_dags/example_display_name.py took 0.059 seconds
[2024-05-27T09:35:57.633+0000] {processor.py:161} INFO - Started process (PID=130) to work on /home/airflow/.local/lib/python3.12/site-packages/airflow/example_dags/example_display_name.py
[2024-05-27T09:35:57.639+0000] {processor.py:830} INFO - Processing file /home/airflow/.local/lib/python3.12/site-packages/airflow/example_dags/example_display_name.py for tasks to queue
[2024-05-27T09:35:57.648+0000] {logging_mixin.py:188} INFO - [2024-05-27T09:35:57.645+0000] {dagbag.py:545} INFO - Filling up the DagBag from /home/airflow/.local/lib/python3.12/site-packages/airflow/example_dags/example_display_name.py
[2024-05-27T09:35:57.789+0000] {processor.py:840} INFO - DAG(s) 'example_display_name' retrieved from /home/airflow/.local/lib/python3.12/site-packages/airflow/example_dags/example_display_name.py
[2024-05-27T09:36:10.312+0000] {logging_mixin.py:188} INFO - [2024-05-27T09:36:10.288+0000] {dag.py:3096} INFO - Sync 1 DAGs
[2024-05-27T09:36:11.391+0000] {logging_mixin.py:188} INFO - [2024-05-27T09:36:11.389+0000] {dag.py:3954} INFO - Setting next_dagrun for example_display_name to None, run_after=None
[2024-05-27T09:36:11.706+0000] {processor.py:183} INFO - Processing /home/airflow/.local/lib/python3.12/site-packages/airflow/example_dags/example_display_name.py took 14.138 seconds
[2024-05-27T09:40:50.669+0000] {processor.py:161} INFO - Started process (PID=233) to work on /home/airflow/.local/lib/python3.12/site-packages/airflow/example_dags/example_display_name.py
[2024-05-27T09:40:50.688+0000] {processor.py:830} INFO - Processing file /home/airflow/.local/lib/python3.12/site-packages/airflow/example_dags/example_display_name.py for tasks to queue
[2024-05-27T09:40:50.709+0000] {logging_mixin.py:188} INFO - [2024-05-27T09:40:50.695+0000] {dagbag.py:545} INFO - Filling up the DagBag from /home/airflow/.local/lib/python3.12/site-packages/airflow/example_dags/example_display_name.py
[2024-05-27T09:40:50.920+0000] {processor.py:840} INFO - DAG(s) 'example_display_name' retrieved from /home/airflow/.local/lib/python3.12/site-packages/airflow/example_dags/example_display_name.py
[2024-05-27T09:40:53.355+0000] {logging_mixin.py:188} INFO - [2024-05-27T09:40:53.345+0000] {dag.py:3096} INFO - Sync 1 DAGs
[2024-05-27T09:40:54.943+0000] {logging_mixin.py:188} INFO - [2024-05-27T09:40:54.939+0000] {dag.py:3954} INFO - Setting next_dagrun for example_display_name to None, run_after=None
[2024-05-27T09:40:55.189+0000] {processor.py:183} INFO - Processing /home/airflow/.local/lib/python3.12/site-packages/airflow/example_dags/example_display_name.py took 6.533 seconds
[2024-05-27T09:43:25.334+0000] {processor.py:161} INFO - Started process (PID=302) to work on /home/airflow/.local/lib/python3.12/site-packages/airflow/example_dags/example_display_name.py
[2024-05-27T09:43:25.343+0000] {processor.py:830} INFO - Processing file /home/airflow/.local/lib/python3.12/site-packages/airflow/example_dags/example_display_name.py for tasks to queue
[2024-05-27T09:43:25.368+0000] {logging_mixin.py:188} INFO - [2024-05-27T09:43:25.368+0000] {dagbag.py:545} INFO - Filling up the DagBag from /home/airflow/.local/lib/python3.12/site-packages/airflow/example_dags/example_display_name.py
[2024-05-27T09:43:25.395+0000] {processor.py:840} INFO - DAG(s) 'example_display_name' retrieved from /home/airflow/.local/lib/python3.12/site-packages/airflow/example_dags/example_display_name.py
[2024-05-27T09:43:25.550+0000] {logging_mixin.py:188} INFO - [2024-05-27T09:43:25.549+0000] {dag.py:3096} INFO - Sync 1 DAGs
[2024-05-27T09:43:25.624+0000] {logging_mixin.py:188} INFO - [2024-05-27T09:43:25.624+0000] {dag.py:3954} INFO - Setting next_dagrun for example_display_name to None, run_after=None
[2024-05-27T09:43:25.900+0000] {processor.py:183} INFO - Processing /home/airflow/.local/lib/python3.12/site-packages/airflow/example_dags/example_display_name.py took 0.599 seconds
[2024-05-27T10:07:09.756+0000] {processor.py:161} INFO - Started process (PID=57) to work on /home/airflow/.local/lib/python3.12/site-packages/airflow/example_dags/example_display_name.py
[2024-05-27T10:07:09.758+0000] {processor.py:830} INFO - Processing file /home/airflow/.local/lib/python3.12/site-packages/airflow/example_dags/example_display_name.py for tasks to queue
[2024-05-27T10:07:09.765+0000] {logging_mixin.py:188} INFO - [2024-05-27T10:07:09.765+0000] {dagbag.py:545} INFO - Filling up the DagBag from /home/airflow/.local/lib/python3.12/site-packages/airflow/example_dags/example_display_name.py
[2024-05-27T10:07:09.777+0000] {processor.py:840} INFO - DAG(s) 'example_display_name' retrieved from /home/airflow/.local/lib/python3.12/site-packages/airflow/example_dags/example_display_name.py
[2024-05-27T10:07:09.800+0000] {logging_mixin.py:188} INFO - [2024-05-27T10:07:09.800+0000] {dag.py:3096} INFO - Sync 1 DAGs
[2024-05-27T10:07:09.818+0000] {logging_mixin.py:188} INFO - [2024-05-27T10:07:09.818+0000] {dag.py:3954} INFO - Setting next_dagrun for example_display_name to None, run_after=None
[2024-05-27T10:07:09.856+0000] {processor.py:183} INFO - Processing /home/airflow/.local/lib/python3.12/site-packages/airflow/example_dags/example_display_name.py took 0.106 seconds
[2024-05-27T10:07:41.134+0000] {processor.py:161} INFO - Started process (PID=115) to work on /home/airflow/.local/lib/python3.12/site-packages/airflow/example_dags/example_display_name.py
[2024-05-27T10:07:41.136+0000] {processor.py:830} INFO - Processing file /home/airflow/.local/lib/python3.12/site-packages/airflow/example_dags/example_display_name.py for tasks to queue
[2024-05-27T10:07:41.138+0000] {logging_mixin.py:188} INFO - [2024-05-27T10:07:41.138+0000] {dagbag.py:545} INFO - Filling up the DagBag from /home/airflow/.local/lib/python3.12/site-packages/airflow/example_dags/example_display_name.py
[2024-05-27T10:07:41.144+0000] {processor.py:840} INFO - DAG(s) 'example_display_name' retrieved from /home/airflow/.local/lib/python3.12/site-packages/airflow/example_dags/example_display_name.py
[2024-05-27T10:07:41.281+0000] {logging_mixin.py:188} INFO - [2024-05-27T10:07:41.281+0000] {dag.py:3096} INFO - Sync 1 DAGs
[2024-05-27T10:07:41.290+0000] {logging_mixin.py:188} INFO - [2024-05-27T10:07:41.290+0000] {dag.py:3954} INFO - Setting next_dagrun for example_display_name to None, run_after=None
[2024-05-27T10:07:41.305+0000] {processor.py:183} INFO - Processing /home/airflow/.local/lib/python3.12/site-packages/airflow/example_dags/example_display_name.py took 0.177 seconds
