[2024-05-27T08:51:53.609+0000] {processor.py:161} INFO - Started process (PID=57) to work on /home/airflow/.local/lib/python3.12/site-packages/airflow/example_dags/example_subdag_operator.py
[2024-05-27T08:51:53.611+0000] {processor.py:830} INFO - Processing file /home/airflow/.local/lib/python3.12/site-packages/airflow/example_dags/example_subdag_operator.py for tasks to queue
[2024-05-27T08:51:53.613+0000] {logging_mixin.py:188} INFO - [2024-05-27T08:51:53.613+0000] {dagbag.py:545} INFO - Filling up the DagBag from /home/airflow/.local/lib/python3.12/site-packages/airflow/example_dags/example_subdag_operator.py
[2024-05-27T08:51:53.636+0000] {processor.py:840} INFO - DAG(s) 'example_subdag_operator.section-1', 'example_subdag_operator.section-2', 'example_subdag_operator' retrieved from /home/airflow/.local/lib/python3.12/site-packages/airflow/example_dags/example_subdag_operator.py
[2024-05-27T08:51:53.722+0000] {logging_mixin.py:188} INFO - [2024-05-27T08:51:53.722+0000] {override.py:1829} INFO - Created Permission View: can edit on DAG:example_subdag_operator
[2024-05-27T08:51:53.732+0000] {logging_mixin.py:188} INFO - [2024-05-27T08:51:53.731+0000] {override.py:1829} INFO - Created Permission View: can read on DAG:example_subdag_operator
[2024-05-27T08:51:53.738+0000] {logging_mixin.py:188} INFO - [2024-05-27T08:51:53.737+0000] {override.py:1829} INFO - Created Permission View: can delete on DAG:example_subdag_operator
[2024-05-27T08:51:53.739+0000] {logging_mixin.py:188} INFO - [2024-05-27T08:51:53.739+0000] {dag.py:3096} INFO - Sync 3 DAGs
[2024-05-27T08:51:53.750+0000] {logging_mixin.py:188} INFO - [2024-05-27T08:51:53.749+0000] {dag.py:3118} INFO - Creating ORM DAG for example_subdag_operator.section-2
[2024-05-27T08:51:53.752+0000] {logging_mixin.py:188} INFO - [2024-05-27T08:51:53.752+0000] {dag.py:3118} INFO - Creating ORM DAG for example_subdag_operator
[2024-05-27T08:51:53.753+0000] {logging_mixin.py:188} INFO - [2024-05-27T08:51:53.753+0000] {dag.py:3118} INFO - Creating ORM DAG for example_subdag_operator.section-1
[2024-05-27T08:51:53.762+0000] {logging_mixin.py:188} INFO - [2024-05-27T08:51:53.762+0000] {dag.py:3954} INFO - Setting next_dagrun for example_subdag_operator to 2022-01-01 00:00:00+00:00, run_after=2022-01-01 00:00:00+00:00
[2024-05-27T08:51:53.764+0000] {logging_mixin.py:188} INFO - [2024-05-27T08:51:53.764+0000] {dag.py:3954} INFO - Setting next_dagrun for example_subdag_operator.section-1 to None, run_after=None
[2024-05-27T08:51:53.765+0000] {logging_mixin.py:188} INFO - [2024-05-27T08:51:53.765+0000] {dag.py:3954} INFO - Setting next_dagrun for example_subdag_operator.section-2 to None, run_after=None
[2024-05-27T08:51:53.773+0000] {logging_mixin.py:188} INFO - [2024-05-27T08:51:53.773+0000] {dag.py:3096} INFO - Sync 2 DAGs
[2024-05-27T08:51:53.785+0000] {logging_mixin.py:188} INFO - [2024-05-27T08:51:53.784+0000] {dag.py:3954} INFO - Setting next_dagrun for example_subdag_operator.section-1 to None, run_after=None
[2024-05-27T08:51:53.791+0000] {logging_mixin.py:188} INFO - [2024-05-27T08:51:53.790+0000] {dag.py:3954} INFO - Setting next_dagrun for example_subdag_operator.section-2 to None, run_after=None
[2024-05-27T08:51:53.804+0000] {processor.py:183} INFO - Processing /home/airflow/.local/lib/python3.12/site-packages/airflow/example_dags/example_subdag_operator.py took 0.199 seconds
[2024-05-27T08:52:24.650+0000] {processor.py:161} INFO - Started process (PID=120) to work on /home/airflow/.local/lib/python3.12/site-packages/airflow/example_dags/example_subdag_operator.py
[2024-05-27T08:52:24.651+0000] {processor.py:830} INFO - Processing file /home/airflow/.local/lib/python3.12/site-packages/airflow/example_dags/example_subdag_operator.py for tasks to queue
[2024-05-27T08:52:24.654+0000] {logging_mixin.py:188} INFO - [2024-05-27T08:52:24.653+0000] {dagbag.py:545} INFO - Filling up the DagBag from /home/airflow/.local/lib/python3.12/site-packages/airflow/example_dags/example_subdag_operator.py
[2024-05-27T08:52:24.688+0000] {processor.py:840} INFO - DAG(s) 'example_subdag_operator.section-1', 'example_subdag_operator.section-2', 'example_subdag_operator' retrieved from /home/airflow/.local/lib/python3.12/site-packages/airflow/example_dags/example_subdag_operator.py
[2024-05-27T08:52:24.701+0000] {logging_mixin.py:188} INFO - [2024-05-27T08:52:24.701+0000] {dag.py:3096} INFO - Sync 3 DAGs
[2024-05-27T08:52:24.722+0000] {logging_mixin.py:188} INFO - [2024-05-27T08:52:24.721+0000] {dag.py:3954} INFO - Setting next_dagrun for example_subdag_operator to 2022-01-01 00:00:00+00:00, run_after=2022-01-01 00:00:00+00:00
[2024-05-27T08:52:24.726+0000] {logging_mixin.py:188} INFO - [2024-05-27T08:52:24.726+0000] {dag.py:3954} INFO - Setting next_dagrun for example_subdag_operator.section-1 to None, run_after=None
[2024-05-27T08:52:24.729+0000] {logging_mixin.py:188} INFO - [2024-05-27T08:52:24.729+0000] {dag.py:3954} INFO - Setting next_dagrun for example_subdag_operator.section-2 to None, run_after=None
[2024-05-27T08:52:24.736+0000] {logging_mixin.py:188} INFO - [2024-05-27T08:52:24.736+0000] {dag.py:3096} INFO - Sync 2 DAGs
[2024-05-27T08:52:24.742+0000] {logging_mixin.py:188} INFO - [2024-05-27T08:52:24.741+0000] {dag.py:3954} INFO - Setting next_dagrun for example_subdag_operator.section-1 to None, run_after=None
[2024-05-27T08:52:24.743+0000] {logging_mixin.py:188} INFO - [2024-05-27T08:52:24.742+0000] {dag.py:3954} INFO - Setting next_dagrun for example_subdag_operator.section-2 to None, run_after=None
[2024-05-27T08:52:24.751+0000] {processor.py:183} INFO - Processing /home/airflow/.local/lib/python3.12/site-packages/airflow/example_dags/example_subdag_operator.py took 0.107 seconds
[2024-05-27T08:55:51.343+0000] {processor.py:161} INFO - Started process (PID=57) to work on /home/airflow/.local/lib/python3.12/site-packages/airflow/example_dags/example_subdag_operator.py
[2024-05-27T08:55:51.346+0000] {processor.py:830} INFO - Processing file /home/airflow/.local/lib/python3.12/site-packages/airflow/example_dags/example_subdag_operator.py for tasks to queue
[2024-05-27T08:55:51.350+0000] {logging_mixin.py:188} INFO - [2024-05-27T08:55:51.349+0000] {dagbag.py:545} INFO - Filling up the DagBag from /home/airflow/.local/lib/python3.12/site-packages/airflow/example_dags/example_subdag_operator.py
[2024-05-27T08:55:51.375+0000] {processor.py:840} INFO - DAG(s) 'example_subdag_operator.section-1', 'example_subdag_operator.section-2', 'example_subdag_operator' retrieved from /home/airflow/.local/lib/python3.12/site-packages/airflow/example_dags/example_subdag_operator.py
[2024-05-27T08:55:51.379+0000] {logging_mixin.py:188} INFO - [2024-05-27T08:55:51.379+0000] {dag.py:3096} INFO - Sync 3 DAGs
[2024-05-27T08:55:51.399+0000] {logging_mixin.py:188} INFO - [2024-05-27T08:55:51.398+0000] {dag.py:3954} INFO - Setting next_dagrun for example_subdag_operator to 2022-01-01 00:00:00+00:00, run_after=2022-01-01 00:00:00+00:00
[2024-05-27T08:55:51.403+0000] {logging_mixin.py:188} INFO - [2024-05-27T08:55:51.403+0000] {dag.py:3954} INFO - Setting next_dagrun for example_subdag_operator.section-1 to None, run_after=None
[2024-05-27T08:55:51.406+0000] {logging_mixin.py:188} INFO - [2024-05-27T08:55:51.406+0000] {dag.py:3954} INFO - Setting next_dagrun for example_subdag_operator.section-2 to None, run_after=None
[2024-05-27T08:55:51.412+0000] {logging_mixin.py:188} INFO - [2024-05-27T08:55:51.412+0000] {dag.py:3096} INFO - Sync 2 DAGs
[2024-05-27T08:55:51.417+0000] {logging_mixin.py:188} INFO - [2024-05-27T08:55:51.417+0000] {dag.py:3954} INFO - Setting next_dagrun for example_subdag_operator.section-1 to None, run_after=None
[2024-05-27T08:55:51.418+0000] {logging_mixin.py:188} INFO - [2024-05-27T08:55:51.418+0000] {dag.py:3954} INFO - Setting next_dagrun for example_subdag_operator.section-2 to None, run_after=None
[2024-05-27T08:55:51.429+0000] {processor.py:183} INFO - Processing /home/airflow/.local/lib/python3.12/site-packages/airflow/example_dags/example_subdag_operator.py took 0.091 seconds
[2024-05-27T08:57:19.704+0000] {processor.py:161} INFO - Started process (PID=129) to work on /home/airflow/.local/lib/python3.12/site-packages/airflow/example_dags/example_subdag_operator.py
[2024-05-27T08:57:19.708+0000] {processor.py:830} INFO - Processing file /home/airflow/.local/lib/python3.12/site-packages/airflow/example_dags/example_subdag_operator.py for tasks to queue
[2024-05-27T08:57:19.712+0000] {logging_mixin.py:188} INFO - [2024-05-27T08:57:19.710+0000] {dagbag.py:545} INFO - Filling up the DagBag from /home/airflow/.local/lib/python3.12/site-packages/airflow/example_dags/example_subdag_operator.py
[2024-05-27T08:57:19.834+0000] {processor.py:840} INFO - DAG(s) 'example_subdag_operator.section-1', 'example_subdag_operator.section-2', 'example_subdag_operator' retrieved from /home/airflow/.local/lib/python3.12/site-packages/airflow/example_dags/example_subdag_operator.py
[2024-05-27T08:57:22.168+0000] {logging_mixin.py:188} INFO - [2024-05-27T08:57:22.140+0000] {dag.py:3096} INFO - Sync 3 DAGs
[2024-05-27T08:57:28.853+0000] {logging_mixin.py:188} INFO - [2024-05-27T08:57:28.852+0000] {dag.py:3954} INFO - Setting next_dagrun for example_subdag_operator to 2022-01-01 00:00:00+00:00, run_after=2022-01-01 00:00:00+00:00
[2024-05-27T08:57:28.871+0000] {logging_mixin.py:188} INFO - [2024-05-27T08:57:28.871+0000] {dag.py:3954} INFO - Setting next_dagrun for example_subdag_operator.section-1 to None, run_after=None
[2024-05-27T08:57:28.876+0000] {logging_mixin.py:188} INFO - [2024-05-27T08:57:28.876+0000] {dag.py:3954} INFO - Setting next_dagrun for example_subdag_operator.section-2 to None, run_after=None
[2024-05-27T08:57:28.891+0000] {logging_mixin.py:188} INFO - [2024-05-27T08:57:28.891+0000] {dag.py:3096} INFO - Sync 2 DAGs
[2024-05-27T08:57:28.897+0000] {logging_mixin.py:188} INFO - [2024-05-27T08:57:28.897+0000] {dag.py:3954} INFO - Setting next_dagrun for example_subdag_operator.section-1 to None, run_after=None
[2024-05-27T08:57:28.899+0000] {logging_mixin.py:188} INFO - [2024-05-27T08:57:28.898+0000] {dag.py:3954} INFO - Setting next_dagrun for example_subdag_operator.section-2 to None, run_after=None
[2024-05-27T08:57:28.917+0000] {processor.py:183} INFO - Processing /home/airflow/.local/lib/python3.12/site-packages/airflow/example_dags/example_subdag_operator.py took 9.221 seconds
[2024-05-27T09:00:32.894+0000] {processor.py:161} INFO - Started process (PID=220) to work on /home/airflow/.local/lib/python3.12/site-packages/airflow/example_dags/example_subdag_operator.py
[2024-05-27T09:00:32.907+0000] {processor.py:830} INFO - Processing file /home/airflow/.local/lib/python3.12/site-packages/airflow/example_dags/example_subdag_operator.py for tasks to queue
[2024-05-27T09:00:32.974+0000] {logging_mixin.py:188} INFO - [2024-05-27T09:00:32.955+0000] {dagbag.py:545} INFO - Filling up the DagBag from /home/airflow/.local/lib/python3.12/site-packages/airflow/example_dags/example_subdag_operator.py
[2024-05-27T09:00:38.071+0000] {processor.py:840} INFO - DAG(s) 'example_subdag_operator.section-1', 'example_subdag_operator.section-2', 'example_subdag_operator' retrieved from /home/airflow/.local/lib/python3.12/site-packages/airflow/example_dags/example_subdag_operator.py
[2024-05-27T09:00:39.482+0000] {logging_mixin.py:188} INFO - [2024-05-27T09:00:39.476+0000] {dag.py:3096} INFO - Sync 3 DAGs
[2024-05-27T09:00:40.863+0000] {logging_mixin.py:188} INFO - [2024-05-27T09:00:40.860+0000] {dag.py:3954} INFO - Setting next_dagrun for example_subdag_operator to 2022-01-01 00:00:00+00:00, run_after=2022-01-01 00:00:00+00:00
[2024-05-27T09:00:40.875+0000] {logging_mixin.py:188} INFO - [2024-05-27T09:00:40.874+0000] {dag.py:3954} INFO - Setting next_dagrun for example_subdag_operator.section-1 to None, run_after=None
[2024-05-27T09:00:40.879+0000] {logging_mixin.py:188} INFO - [2024-05-27T09:00:40.879+0000] {dag.py:3954} INFO - Setting next_dagrun for example_subdag_operator.section-2 to None, run_after=None
[2024-05-27T09:00:40.907+0000] {logging_mixin.py:188} INFO - [2024-05-27T09:00:40.907+0000] {dag.py:3096} INFO - Sync 2 DAGs
[2024-05-27T09:00:40.918+0000] {logging_mixin.py:188} INFO - [2024-05-27T09:00:40.917+0000] {dag.py:3954} INFO - Setting next_dagrun for example_subdag_operator.section-1 to None, run_after=None
[2024-05-27T09:00:40.921+0000] {logging_mixin.py:188} INFO - [2024-05-27T09:00:40.921+0000] {dag.py:3954} INFO - Setting next_dagrun for example_subdag_operator.section-2 to None, run_after=None
[2024-05-27T09:00:40.946+0000] {processor.py:183} INFO - Processing /home/airflow/.local/lib/python3.12/site-packages/airflow/example_dags/example_subdag_operator.py took 8.023 seconds
[2024-05-27T09:04:03.411+0000] {processor.py:161} INFO - Started process (PID=323) to work on /home/airflow/.local/lib/python3.12/site-packages/airflow/example_dags/example_subdag_operator.py
[2024-05-27T09:04:03.417+0000] {processor.py:830} INFO - Processing file /home/airflow/.local/lib/python3.12/site-packages/airflow/example_dags/example_subdag_operator.py for tasks to queue
[2024-05-27T09:04:03.427+0000] {logging_mixin.py:188} INFO - [2024-05-27T09:04:03.426+0000] {dagbag.py:545} INFO - Filling up the DagBag from /home/airflow/.local/lib/python3.12/site-packages/airflow/example_dags/example_subdag_operator.py
[2024-05-27T09:04:03.516+0000] {processor.py:840} INFO - DAG(s) 'example_subdag_operator.section-1', 'example_subdag_operator.section-2', 'example_subdag_operator' retrieved from /home/airflow/.local/lib/python3.12/site-packages/airflow/example_dags/example_subdag_operator.py
[2024-05-27T09:04:04.179+0000] {logging_mixin.py:188} INFO - [2024-05-27T09:04:04.178+0000] {dag.py:3096} INFO - Sync 3 DAGs
[2024-05-27T09:04:04.208+0000] {logging_mixin.py:188} INFO - [2024-05-27T09:04:04.207+0000] {dag.py:3954} INFO - Setting next_dagrun for example_subdag_operator to 2022-01-01 00:00:00+00:00, run_after=2022-01-01 00:00:00+00:00
[2024-05-27T09:04:04.218+0000] {logging_mixin.py:188} INFO - [2024-05-27T09:04:04.217+0000] {dag.py:3954} INFO - Setting next_dagrun for example_subdag_operator.section-1 to None, run_after=None
[2024-05-27T09:04:04.225+0000] {logging_mixin.py:188} INFO - [2024-05-27T09:04:04.222+0000] {dag.py:3954} INFO - Setting next_dagrun for example_subdag_operator.section-2 to None, run_after=None
[2024-05-27T09:04:04.241+0000] {logging_mixin.py:188} INFO - [2024-05-27T09:04:04.241+0000] {dag.py:3096} INFO - Sync 2 DAGs
[2024-05-27T09:04:04.249+0000] {logging_mixin.py:188} INFO - [2024-05-27T09:04:04.249+0000] {dag.py:3954} INFO - Setting next_dagrun for example_subdag_operator.section-1 to None, run_after=None
[2024-05-27T09:04:04.252+0000] {logging_mixin.py:188} INFO - [2024-05-27T09:04:04.252+0000] {dag.py:3954} INFO - Setting next_dagrun for example_subdag_operator.section-2 to None, run_after=None
[2024-05-27T09:04:04.297+0000] {processor.py:183} INFO - Processing /home/airflow/.local/lib/python3.12/site-packages/airflow/example_dags/example_subdag_operator.py took 0.904 seconds
[2024-05-27T09:05:41.014+0000] {processor.py:161} INFO - Started process (PID=399) to work on /home/airflow/.local/lib/python3.12/site-packages/airflow/example_dags/example_subdag_operator.py
[2024-05-27T09:05:41.018+0000] {processor.py:830} INFO - Processing file /home/airflow/.local/lib/python3.12/site-packages/airflow/example_dags/example_subdag_operator.py for tasks to queue
[2024-05-27T09:05:41.020+0000] {logging_mixin.py:188} INFO - [2024-05-27T09:05:41.020+0000] {dagbag.py:545} INFO - Filling up the DagBag from /home/airflow/.local/lib/python3.12/site-packages/airflow/example_dags/example_subdag_operator.py
[2024-05-27T09:05:41.055+0000] {processor.py:840} INFO - DAG(s) 'example_subdag_operator.section-1', 'example_subdag_operator.section-2', 'example_subdag_operator' retrieved from /home/airflow/.local/lib/python3.12/site-packages/airflow/example_dags/example_subdag_operator.py
[2024-05-27T09:05:41.075+0000] {logging_mixin.py:188} INFO - [2024-05-27T09:05:41.075+0000] {dag.py:3096} INFO - Sync 3 DAGs
[2024-05-27T09:05:41.104+0000] {logging_mixin.py:188} INFO - [2024-05-27T09:05:41.103+0000] {dag.py:3954} INFO - Setting next_dagrun for example_subdag_operator to 2022-01-01 00:00:00+00:00, run_after=2022-01-01 00:00:00+00:00
[2024-05-27T09:05:41.110+0000] {logging_mixin.py:188} INFO - [2024-05-27T09:05:41.110+0000] {dag.py:3954} INFO - Setting next_dagrun for example_subdag_operator.section-1 to None, run_after=None
[2024-05-27T09:05:41.114+0000] {logging_mixin.py:188} INFO - [2024-05-27T09:05:41.114+0000] {dag.py:3954} INFO - Setting next_dagrun for example_subdag_operator.section-2 to None, run_after=None
[2024-05-27T09:05:41.127+0000] {logging_mixin.py:188} INFO - [2024-05-27T09:05:41.127+0000] {dag.py:3096} INFO - Sync 2 DAGs
[2024-05-27T09:05:41.136+0000] {logging_mixin.py:188} INFO - [2024-05-27T09:05:41.136+0000] {dag.py:3954} INFO - Setting next_dagrun for example_subdag_operator.section-1 to None, run_after=None
[2024-05-27T09:05:41.138+0000] {logging_mixin.py:188} INFO - [2024-05-27T09:05:41.138+0000] {dag.py:3954} INFO - Setting next_dagrun for example_subdag_operator.section-2 to None, run_after=None
[2024-05-27T09:05:41.151+0000] {processor.py:183} INFO - Processing /home/airflow/.local/lib/python3.12/site-packages/airflow/example_dags/example_subdag_operator.py took 0.145 seconds
[2024-05-27T09:07:46.365+0000] {processor.py:161} INFO - Started process (PID=484) to work on /home/airflow/.local/lib/python3.12/site-packages/airflow/example_dags/example_subdag_operator.py
[2024-05-27T09:07:46.369+0000] {processor.py:830} INFO - Processing file /home/airflow/.local/lib/python3.12/site-packages/airflow/example_dags/example_subdag_operator.py for tasks to queue
[2024-05-27T09:07:46.371+0000] {logging_mixin.py:188} INFO - [2024-05-27T09:07:46.371+0000] {dagbag.py:545} INFO - Filling up the DagBag from /home/airflow/.local/lib/python3.12/site-packages/airflow/example_dags/example_subdag_operator.py
[2024-05-27T09:07:46.466+0000] {processor.py:840} INFO - DAG(s) 'example_subdag_operator.section-1', 'example_subdag_operator.section-2', 'example_subdag_operator' retrieved from /home/airflow/.local/lib/python3.12/site-packages/airflow/example_dags/example_subdag_operator.py
[2024-05-27T09:07:46.502+0000] {logging_mixin.py:188} INFO - [2024-05-27T09:07:46.502+0000] {dag.py:3096} INFO - Sync 3 DAGs
[2024-05-27T09:07:46.526+0000] {logging_mixin.py:188} INFO - [2024-05-27T09:07:46.526+0000] {dag.py:3954} INFO - Setting next_dagrun for example_subdag_operator to 2022-01-01 00:00:00+00:00, run_after=2022-01-01 00:00:00+00:00
[2024-05-27T09:07:46.532+0000] {logging_mixin.py:188} INFO - [2024-05-27T09:07:46.532+0000] {dag.py:3954} INFO - Setting next_dagrun for example_subdag_operator.section-1 to None, run_after=None
[2024-05-27T09:07:46.535+0000] {logging_mixin.py:188} INFO - [2024-05-27T09:07:46.535+0000] {dag.py:3954} INFO - Setting next_dagrun for example_subdag_operator.section-2 to None, run_after=None
[2024-05-27T09:07:46.545+0000] {logging_mixin.py:188} INFO - [2024-05-27T09:07:46.545+0000] {dag.py:3096} INFO - Sync 2 DAGs
[2024-05-27T09:07:46.553+0000] {logging_mixin.py:188} INFO - [2024-05-27T09:07:46.553+0000] {dag.py:3954} INFO - Setting next_dagrun for example_subdag_operator.section-1 to None, run_after=None
[2024-05-27T09:07:46.556+0000] {logging_mixin.py:188} INFO - [2024-05-27T09:07:46.555+0000] {dag.py:3954} INFO - Setting next_dagrun for example_subdag_operator.section-2 to None, run_after=None
[2024-05-27T09:07:46.567+0000] {processor.py:183} INFO - Processing /home/airflow/.local/lib/python3.12/site-packages/airflow/example_dags/example_subdag_operator.py took 0.209 seconds
[2024-05-27T09:09:21.198+0000] {processor.py:161} INFO - Started process (PID=549) to work on /home/airflow/.local/lib/python3.12/site-packages/airflow/example_dags/example_subdag_operator.py
[2024-05-27T09:09:21.276+0000] {processor.py:830} INFO - Processing file /home/airflow/.local/lib/python3.12/site-packages/airflow/example_dags/example_subdag_operator.py for tasks to queue
[2024-05-27T09:09:21.330+0000] {logging_mixin.py:188} INFO - [2024-05-27T09:09:21.295+0000] {dagbag.py:545} INFO - Filling up the DagBag from /home/airflow/.local/lib/python3.12/site-packages/airflow/example_dags/example_subdag_operator.py
[2024-05-27T09:09:24.720+0000] {processor.py:840} INFO - DAG(s) 'example_subdag_operator.section-1', 'example_subdag_operator.section-2', 'example_subdag_operator' retrieved from /home/airflow/.local/lib/python3.12/site-packages/airflow/example_dags/example_subdag_operator.py
[2024-05-27T09:09:24.846+0000] {logging_mixin.py:188} INFO - [2024-05-27T09:09:24.845+0000] {dag.py:3096} INFO - Sync 3 DAGs
[2024-05-27T09:09:25.008+0000] {logging_mixin.py:188} INFO - [2024-05-27T09:09:25.004+0000] {dag.py:3954} INFO - Setting next_dagrun for example_subdag_operator to 2022-01-01 00:00:00+00:00, run_after=2022-01-01 00:00:00+00:00
[2024-05-27T09:09:27.188+0000] {logging_mixin.py:188} INFO - [2024-05-27T09:09:27.179+0000] {dag.py:3954} INFO - Setting next_dagrun for example_subdag_operator.section-1 to None, run_after=None
[2024-05-27T09:09:27.191+0000] {logging_mixin.py:188} INFO - [2024-05-27T09:09:27.191+0000] {dag.py:3954} INFO - Setting next_dagrun for example_subdag_operator.section-2 to None, run_after=None
[2024-05-27T09:09:27.223+0000] {logging_mixin.py:188} INFO - [2024-05-27T09:09:27.223+0000] {dag.py:3096} INFO - Sync 2 DAGs
[2024-05-27T09:09:27.240+0000] {logging_mixin.py:188} INFO - [2024-05-27T09:09:27.240+0000] {dag.py:3954} INFO - Setting next_dagrun for example_subdag_operator.section-1 to None, run_after=None
[2024-05-27T09:09:27.243+0000] {logging_mixin.py:188} INFO - [2024-05-27T09:09:27.242+0000] {dag.py:3954} INFO - Setting next_dagrun for example_subdag_operator.section-2 to None, run_after=None
[2024-05-27T09:09:27.271+0000] {processor.py:183} INFO - Processing /home/airflow/.local/lib/python3.12/site-packages/airflow/example_dags/example_subdag_operator.py took 6.223 seconds
[2024-05-27T09:11:45.673+0000] {processor.py:161} INFO - Started process (PID=57) to work on /home/airflow/.local/lib/python3.12/site-packages/airflow/example_dags/example_subdag_operator.py
[2024-05-27T09:11:45.676+0000] {processor.py:830} INFO - Processing file /home/airflow/.local/lib/python3.12/site-packages/airflow/example_dags/example_subdag_operator.py for tasks to queue
[2024-05-27T09:11:45.678+0000] {logging_mixin.py:188} INFO - [2024-05-27T09:11:45.677+0000] {dagbag.py:545} INFO - Filling up the DagBag from /home/airflow/.local/lib/python3.12/site-packages/airflow/example_dags/example_subdag_operator.py
[2024-05-27T09:11:45.705+0000] {processor.py:840} INFO - DAG(s) 'example_subdag_operator.section-1', 'example_subdag_operator.section-2', 'example_subdag_operator' retrieved from /home/airflow/.local/lib/python3.12/site-packages/airflow/example_dags/example_subdag_operator.py
[2024-05-27T09:11:45.709+0000] {logging_mixin.py:188} INFO - [2024-05-27T09:11:45.709+0000] {dag.py:3096} INFO - Sync 3 DAGs
[2024-05-27T09:11:45.726+0000] {logging_mixin.py:188} INFO - [2024-05-27T09:11:45.726+0000] {dag.py:3954} INFO - Setting next_dagrun for example_subdag_operator to 2022-01-01 00:00:00+00:00, run_after=2022-01-01 00:00:00+00:00
[2024-05-27T09:11:45.729+0000] {logging_mixin.py:188} INFO - [2024-05-27T09:11:45.729+0000] {dag.py:3954} INFO - Setting next_dagrun for example_subdag_operator.section-1 to None, run_after=None
[2024-05-27T09:11:45.731+0000] {logging_mixin.py:188} INFO - [2024-05-27T09:11:45.731+0000] {dag.py:3954} INFO - Setting next_dagrun for example_subdag_operator.section-2 to None, run_after=None
[2024-05-27T09:11:45.737+0000] {logging_mixin.py:188} INFO - [2024-05-27T09:11:45.737+0000] {dag.py:3096} INFO - Sync 2 DAGs
[2024-05-27T09:11:45.742+0000] {logging_mixin.py:188} INFO - [2024-05-27T09:11:45.741+0000] {dag.py:3954} INFO - Setting next_dagrun for example_subdag_operator.section-1 to None, run_after=None
[2024-05-27T09:11:45.743+0000] {logging_mixin.py:188} INFO - [2024-05-27T09:11:45.743+0000] {dag.py:3954} INFO - Setting next_dagrun for example_subdag_operator.section-2 to None, run_after=None
[2024-05-27T09:11:45.752+0000] {processor.py:183} INFO - Processing /home/airflow/.local/lib/python3.12/site-packages/airflow/example_dags/example_subdag_operator.py took 0.084 seconds
[2024-05-27T09:24:47.125+0000] {processor.py:161} INFO - Started process (PID=57) to work on /home/airflow/.local/lib/python3.12/site-packages/airflow/example_dags/example_subdag_operator.py
[2024-05-27T09:24:47.128+0000] {processor.py:830} INFO - Processing file /home/airflow/.local/lib/python3.12/site-packages/airflow/example_dags/example_subdag_operator.py for tasks to queue
[2024-05-27T09:24:47.130+0000] {logging_mixin.py:188} INFO - [2024-05-27T09:24:47.129+0000] {dagbag.py:545} INFO - Filling up the DagBag from /home/airflow/.local/lib/python3.12/site-packages/airflow/example_dags/example_subdag_operator.py
[2024-05-27T09:24:47.155+0000] {processor.py:840} INFO - DAG(s) 'example_subdag_operator.section-1', 'example_subdag_operator.section-2', 'example_subdag_operator' retrieved from /home/airflow/.local/lib/python3.12/site-packages/airflow/example_dags/example_subdag_operator.py
[2024-05-27T09:24:47.159+0000] {logging_mixin.py:188} INFO - [2024-05-27T09:24:47.158+0000] {dag.py:3096} INFO - Sync 3 DAGs
[2024-05-27T09:24:47.176+0000] {logging_mixin.py:188} INFO - [2024-05-27T09:24:47.175+0000] {dag.py:3954} INFO - Setting next_dagrun for example_subdag_operator to 2022-01-01 00:00:00+00:00, run_after=2022-01-01 00:00:00+00:00
[2024-05-27T09:24:47.183+0000] {logging_mixin.py:188} INFO - [2024-05-27T09:24:47.182+0000] {dag.py:3954} INFO - Setting next_dagrun for example_subdag_operator.section-1 to None, run_after=None
[2024-05-27T09:24:47.185+0000] {logging_mixin.py:188} INFO - [2024-05-27T09:24:47.185+0000] {dag.py:3954} INFO - Setting next_dagrun for example_subdag_operator.section-2 to None, run_after=None
[2024-05-27T09:24:47.192+0000] {logging_mixin.py:188} INFO - [2024-05-27T09:24:47.192+0000] {dag.py:3096} INFO - Sync 2 DAGs
[2024-05-27T09:24:47.198+0000] {logging_mixin.py:188} INFO - [2024-05-27T09:24:47.198+0000] {dag.py:3954} INFO - Setting next_dagrun for example_subdag_operator.section-1 to None, run_after=None
[2024-05-27T09:24:47.199+0000] {logging_mixin.py:188} INFO - [2024-05-27T09:24:47.198+0000] {dag.py:3954} INFO - Setting next_dagrun for example_subdag_operator.section-2 to None, run_after=None
[2024-05-27T09:24:47.208+0000] {processor.py:183} INFO - Processing /home/airflow/.local/lib/python3.12/site-packages/airflow/example_dags/example_subdag_operator.py took 0.087 seconds
[2024-05-27T09:28:22.420+0000] {processor.py:161} INFO - Started process (PID=58) to work on /home/airflow/.local/lib/python3.12/site-packages/airflow/example_dags/example_subdag_operator.py
[2024-05-27T09:28:22.422+0000] {processor.py:830} INFO - Processing file /home/airflow/.local/lib/python3.12/site-packages/airflow/example_dags/example_subdag_operator.py for tasks to queue
[2024-05-27T09:28:22.425+0000] {logging_mixin.py:188} INFO - [2024-05-27T09:28:22.424+0000] {dagbag.py:545} INFO - Filling up the DagBag from /home/airflow/.local/lib/python3.12/site-packages/airflow/example_dags/example_subdag_operator.py
[2024-05-27T09:28:22.454+0000] {processor.py:840} INFO - DAG(s) 'example_subdag_operator.section-1', 'example_subdag_operator.section-2', 'example_subdag_operator' retrieved from /home/airflow/.local/lib/python3.12/site-packages/airflow/example_dags/example_subdag_operator.py
[2024-05-27T09:28:22.458+0000] {logging_mixin.py:188} INFO - [2024-05-27T09:28:22.458+0000] {dag.py:3096} INFO - Sync 3 DAGs
[2024-05-27T09:28:22.475+0000] {logging_mixin.py:188} INFO - [2024-05-27T09:28:22.475+0000] {dag.py:3954} INFO - Setting next_dagrun for example_subdag_operator to 2022-01-01 00:00:00+00:00, run_after=2022-01-01 00:00:00+00:00
[2024-05-27T09:28:22.479+0000] {logging_mixin.py:188} INFO - [2024-05-27T09:28:22.479+0000] {dag.py:3954} INFO - Setting next_dagrun for example_subdag_operator.section-1 to None, run_after=None
[2024-05-27T09:28:22.480+0000] {logging_mixin.py:188} INFO - [2024-05-27T09:28:22.480+0000] {dag.py:3954} INFO - Setting next_dagrun for example_subdag_operator.section-2 to None, run_after=None
[2024-05-27T09:28:22.486+0000] {logging_mixin.py:188} INFO - [2024-05-27T09:28:22.486+0000] {dag.py:3096} INFO - Sync 2 DAGs
[2024-05-27T09:28:22.490+0000] {logging_mixin.py:188} INFO - [2024-05-27T09:28:22.490+0000] {dag.py:3954} INFO - Setting next_dagrun for example_subdag_operator.section-1 to None, run_after=None
[2024-05-27T09:28:22.493+0000] {logging_mixin.py:188} INFO - [2024-05-27T09:28:22.492+0000] {dag.py:3954} INFO - Setting next_dagrun for example_subdag_operator.section-2 to None, run_after=None
[2024-05-27T09:28:22.501+0000] {processor.py:183} INFO - Processing /home/airflow/.local/lib/python3.12/site-packages/airflow/example_dags/example_subdag_operator.py took 0.087 seconds
[2024-05-27T09:33:42.854+0000] {processor.py:161} INFO - Started process (PID=58) to work on /home/airflow/.local/lib/python3.12/site-packages/airflow/example_dags/example_subdag_operator.py
[2024-05-27T09:33:42.857+0000] {processor.py:830} INFO - Processing file /home/airflow/.local/lib/python3.12/site-packages/airflow/example_dags/example_subdag_operator.py for tasks to queue
[2024-05-27T09:33:42.859+0000] {logging_mixin.py:188} INFO - [2024-05-27T09:33:42.859+0000] {dagbag.py:545} INFO - Filling up the DagBag from /home/airflow/.local/lib/python3.12/site-packages/airflow/example_dags/example_subdag_operator.py
[2024-05-27T09:33:42.881+0000] {processor.py:840} INFO - DAG(s) 'example_subdag_operator.section-1', 'example_subdag_operator.section-2', 'example_subdag_operator' retrieved from /home/airflow/.local/lib/python3.12/site-packages/airflow/example_dags/example_subdag_operator.py
[2024-05-27T09:33:42.885+0000] {logging_mixin.py:188} INFO - [2024-05-27T09:33:42.884+0000] {dag.py:3096} INFO - Sync 3 DAGs
[2024-05-27T09:33:42.906+0000] {logging_mixin.py:188} INFO - [2024-05-27T09:33:42.906+0000] {dag.py:3954} INFO - Setting next_dagrun for example_subdag_operator to 2022-01-01 00:00:00+00:00, run_after=2022-01-01 00:00:00+00:00
[2024-05-27T09:33:42.909+0000] {logging_mixin.py:188} INFO - [2024-05-27T09:33:42.909+0000] {dag.py:3954} INFO - Setting next_dagrun for example_subdag_operator.section-1 to None, run_after=None
[2024-05-27T09:33:42.913+0000] {logging_mixin.py:188} INFO - [2024-05-27T09:33:42.912+0000] {dag.py:3954} INFO - Setting next_dagrun for example_subdag_operator.section-2 to None, run_after=None
[2024-05-27T09:33:42.920+0000] {logging_mixin.py:188} INFO - [2024-05-27T09:33:42.919+0000] {dag.py:3096} INFO - Sync 2 DAGs
[2024-05-27T09:33:42.925+0000] {logging_mixin.py:188} INFO - [2024-05-27T09:33:42.925+0000] {dag.py:3954} INFO - Setting next_dagrun for example_subdag_operator.section-1 to None, run_after=None
[2024-05-27T09:33:42.927+0000] {logging_mixin.py:188} INFO - [2024-05-27T09:33:42.927+0000] {dag.py:3954} INFO - Setting next_dagrun for example_subdag_operator.section-2 to None, run_after=None
[2024-05-27T09:33:42.938+0000] {processor.py:183} INFO - Processing /home/airflow/.local/lib/python3.12/site-packages/airflow/example_dags/example_subdag_operator.py took 0.089 seconds
[2024-05-27T09:35:58.654+0000] {processor.py:161} INFO - Started process (PID=131) to work on /home/airflow/.local/lib/python3.12/site-packages/airflow/example_dags/example_subdag_operator.py
[2024-05-27T09:35:58.667+0000] {processor.py:830} INFO - Processing file /home/airflow/.local/lib/python3.12/site-packages/airflow/example_dags/example_subdag_operator.py for tasks to queue
[2024-05-27T09:35:58.673+0000] {logging_mixin.py:188} INFO - [2024-05-27T09:35:58.671+0000] {dagbag.py:545} INFO - Filling up the DagBag from /home/airflow/.local/lib/python3.12/site-packages/airflow/example_dags/example_subdag_operator.py
[2024-05-27T09:36:00.780+0000] {processor.py:840} INFO - DAG(s) 'example_subdag_operator.section-1', 'example_subdag_operator.section-2', 'example_subdag_operator' retrieved from /home/airflow/.local/lib/python3.12/site-packages/airflow/example_dags/example_subdag_operator.py
[2024-05-27T09:36:14.136+0000] {logging_mixin.py:188} INFO - [2024-05-27T09:36:14.113+0000] {dag.py:3096} INFO - Sync 3 DAGs
[2024-05-27T09:36:37.248+0000] {logging_mixin.py:188} INFO - [2024-05-27T09:36:37.227+0000] {dag.py:3954} INFO - Setting next_dagrun for example_subdag_operator to 2022-01-01 00:00:00+00:00, run_after=2022-01-01 00:00:00+00:00
[2024-05-27T09:36:37.316+0000] {logging_mixin.py:188} INFO - [2024-05-27T09:36:37.314+0000] {dag.py:3954} INFO - Setting next_dagrun for example_subdag_operator.section-1 to None, run_after=None
[2024-05-27T09:36:37.333+0000] {logging_mixin.py:188} INFO - [2024-05-27T09:36:37.331+0000] {dag.py:3954} INFO - Setting next_dagrun for example_subdag_operator.section-2 to None, run_after=None
[2024-05-27T09:36:37.899+0000] {logging_mixin.py:188} INFO - [2024-05-27T09:36:37.883+0000] {dag.py:3096} INFO - Sync 2 DAGs
[2024-05-27T09:36:37.997+0000] {logging_mixin.py:188} INFO - [2024-05-27T09:36:37.996+0000] {dag.py:3954} INFO - Setting next_dagrun for example_subdag_operator.section-1 to None, run_after=None
[2024-05-27T09:36:38.001+0000] {logging_mixin.py:188} INFO - [2024-05-27T09:36:38.001+0000] {dag.py:3954} INFO - Setting next_dagrun for example_subdag_operator.section-2 to None, run_after=None
[2024-05-27T09:36:42.727+0000] {processor.py:183} INFO - Processing /home/airflow/.local/lib/python3.12/site-packages/airflow/example_dags/example_subdag_operator.py took 43.769 seconds
[2024-05-27T09:40:54.765+0000] {processor.py:161} INFO - Started process (PID=234) to work on /home/airflow/.local/lib/python3.12/site-packages/airflow/example_dags/example_subdag_operator.py
[2024-05-27T09:40:54.774+0000] {processor.py:830} INFO - Processing file /home/airflow/.local/lib/python3.12/site-packages/airflow/example_dags/example_subdag_operator.py for tasks to queue
[2024-05-27T09:40:54.787+0000] {logging_mixin.py:188} INFO - [2024-05-27T09:40:54.781+0000] {dagbag.py:545} INFO - Filling up the DagBag from /home/airflow/.local/lib/python3.12/site-packages/airflow/example_dags/example_subdag_operator.py
[2024-05-27T09:40:55.276+0000] {processor.py:840} INFO - DAG(s) 'example_subdag_operator.section-1', 'example_subdag_operator.section-2', 'example_subdag_operator' retrieved from /home/airflow/.local/lib/python3.12/site-packages/airflow/example_dags/example_subdag_operator.py
[2024-05-27T09:40:56.614+0000] {logging_mixin.py:188} INFO - [2024-05-27T09:40:56.610+0000] {dag.py:3096} INFO - Sync 3 DAGs
[2024-05-27T09:40:58.719+0000] {logging_mixin.py:188} INFO - [2024-05-27T09:40:58.683+0000] {dag.py:3954} INFO - Setting next_dagrun for example_subdag_operator to 2022-01-01 00:00:00+00:00, run_after=2022-01-01 00:00:00+00:00
[2024-05-27T09:40:58.881+0000] {logging_mixin.py:188} INFO - [2024-05-27T09:40:58.864+0000] {dag.py:3954} INFO - Setting next_dagrun for example_subdag_operator.section-1 to None, run_after=None
[2024-05-27T09:40:59.076+0000] {logging_mixin.py:188} INFO - [2024-05-27T09:40:59.021+0000] {dag.py:3954} INFO - Setting next_dagrun for example_subdag_operator.section-2 to None, run_after=None
[2024-05-27T09:41:00.809+0000] {logging_mixin.py:188} INFO - [2024-05-27T09:41:00.784+0000] {dag.py:3096} INFO - Sync 2 DAGs
[2024-05-27T09:41:05.185+0000] {logging_mixin.py:188} INFO - [2024-05-27T09:41:05.167+0000] {dag.py:3954} INFO - Setting next_dagrun for example_subdag_operator.section-1 to None, run_after=None
[2024-05-27T09:41:05.189+0000] {logging_mixin.py:188} INFO - [2024-05-27T09:41:05.188+0000] {dag.py:3954} INFO - Setting next_dagrun for example_subdag_operator.section-2 to None, run_after=None
[2024-05-27T09:41:05.256+0000] {processor.py:183} INFO - Processing /home/airflow/.local/lib/python3.12/site-packages/airflow/example_dags/example_subdag_operator.py took 12.254 seconds
[2024-05-27T09:43:25.449+0000] {processor.py:161} INFO - Started process (PID=303) to work on /home/airflow/.local/lib/python3.12/site-packages/airflow/example_dags/example_subdag_operator.py
[2024-05-27T09:43:25.459+0000] {processor.py:830} INFO - Processing file /home/airflow/.local/lib/python3.12/site-packages/airflow/example_dags/example_subdag_operator.py for tasks to queue
[2024-05-27T09:43:25.461+0000] {logging_mixin.py:188} INFO - [2024-05-27T09:43:25.460+0000] {dagbag.py:545} INFO - Filling up the DagBag from /home/airflow/.local/lib/python3.12/site-packages/airflow/example_dags/example_subdag_operator.py
[2024-05-27T09:43:25.558+0000] {processor.py:840} INFO - DAG(s) 'example_subdag_operator.section-1', 'example_subdag_operator.section-2', 'example_subdag_operator' retrieved from /home/airflow/.local/lib/python3.12/site-packages/airflow/example_dags/example_subdag_operator.py
[2024-05-27T09:43:25.629+0000] {logging_mixin.py:188} INFO - [2024-05-27T09:43:25.628+0000] {dag.py:3096} INFO - Sync 3 DAGs
[2024-05-27T09:43:25.908+0000] {logging_mixin.py:188} INFO - [2024-05-27T09:43:25.900+0000] {dag.py:3954} INFO - Setting next_dagrun for example_subdag_operator to 2022-01-01 00:00:00+00:00, run_after=2022-01-01 00:00:00+00:00
[2024-05-27T09:43:25.917+0000] {logging_mixin.py:188} INFO - [2024-05-27T09:43:25.916+0000] {dag.py:3954} INFO - Setting next_dagrun for example_subdag_operator.section-1 to None, run_after=None
[2024-05-27T09:43:25.919+0000] {logging_mixin.py:188} INFO - [2024-05-27T09:43:25.919+0000] {dag.py:3954} INFO - Setting next_dagrun for example_subdag_operator.section-2 to None, run_after=None
[2024-05-27T09:43:25.936+0000] {logging_mixin.py:188} INFO - [2024-05-27T09:43:25.936+0000] {dag.py:3096} INFO - Sync 2 DAGs
[2024-05-27T09:43:25.947+0000] {logging_mixin.py:188} INFO - [2024-05-27T09:43:25.947+0000] {dag.py:3954} INFO - Setting next_dagrun for example_subdag_operator.section-1 to None, run_after=None
[2024-05-27T09:43:25.950+0000] {logging_mixin.py:188} INFO - [2024-05-27T09:43:25.950+0000] {dag.py:3954} INFO - Setting next_dagrun for example_subdag_operator.section-2 to None, run_after=None
[2024-05-27T09:43:25.992+0000] {processor.py:183} INFO - Processing /home/airflow/.local/lib/python3.12/site-packages/airflow/example_dags/example_subdag_operator.py took 0.551 seconds
[2024-05-27T10:07:09.785+0000] {processor.py:161} INFO - Started process (PID=58) to work on /home/airflow/.local/lib/python3.12/site-packages/airflow/example_dags/example_subdag_operator.py
[2024-05-27T10:07:09.789+0000] {processor.py:830} INFO - Processing file /home/airflow/.local/lib/python3.12/site-packages/airflow/example_dags/example_subdag_operator.py for tasks to queue
[2024-05-27T10:07:09.800+0000] {logging_mixin.py:188} INFO - [2024-05-27T10:07:09.800+0000] {dagbag.py:545} INFO - Filling up the DagBag from /home/airflow/.local/lib/python3.12/site-packages/airflow/example_dags/example_subdag_operator.py
[2024-05-27T10:07:09.855+0000] {processor.py:840} INFO - DAG(s) 'example_subdag_operator.section-1', 'example_subdag_operator.section-2', 'example_subdag_operator' retrieved from /home/airflow/.local/lib/python3.12/site-packages/airflow/example_dags/example_subdag_operator.py
[2024-05-27T10:07:09.866+0000] {logging_mixin.py:188} INFO - [2024-05-27T10:07:09.866+0000] {dag.py:3096} INFO - Sync 3 DAGs
[2024-05-27T10:07:09.889+0000] {logging_mixin.py:188} INFO - [2024-05-27T10:07:09.889+0000] {dag.py:3954} INFO - Setting next_dagrun for example_subdag_operator to 2022-01-01 00:00:00+00:00, run_after=2022-01-01 00:00:00+00:00
[2024-05-27T10:07:09.895+0000] {logging_mixin.py:188} INFO - [2024-05-27T10:07:09.895+0000] {dag.py:3954} INFO - Setting next_dagrun for example_subdag_operator.section-1 to None, run_after=None
[2024-05-27T10:07:09.897+0000] {logging_mixin.py:188} INFO - [2024-05-27T10:07:09.897+0000] {dag.py:3954} INFO - Setting next_dagrun for example_subdag_operator.section-2 to None, run_after=None
[2024-05-27T10:07:09.906+0000] {logging_mixin.py:188} INFO - [2024-05-27T10:07:09.906+0000] {dag.py:3096} INFO - Sync 2 DAGs
[2024-05-27T10:07:09.912+0000] {logging_mixin.py:188} INFO - [2024-05-27T10:07:09.912+0000] {dag.py:3954} INFO - Setting next_dagrun for example_subdag_operator.section-1 to None, run_after=None
[2024-05-27T10:07:09.913+0000] {logging_mixin.py:188} INFO - [2024-05-27T10:07:09.913+0000] {dag.py:3954} INFO - Setting next_dagrun for example_subdag_operator.section-2 to None, run_after=None
[2024-05-27T10:07:09.924+0000] {processor.py:183} INFO - Processing /home/airflow/.local/lib/python3.12/site-packages/airflow/example_dags/example_subdag_operator.py took 0.146 seconds
[2024-05-27T10:07:41.284+0000] {processor.py:161} INFO - Started process (PID=116) to work on /home/airflow/.local/lib/python3.12/site-packages/airflow/example_dags/example_subdag_operator.py
[2024-05-27T10:07:41.287+0000] {processor.py:830} INFO - Processing file /home/airflow/.local/lib/python3.12/site-packages/airflow/example_dags/example_subdag_operator.py for tasks to queue
[2024-05-27T10:07:41.289+0000] {logging_mixin.py:188} INFO - [2024-05-27T10:07:41.289+0000] {dagbag.py:545} INFO - Filling up the DagBag from /home/airflow/.local/lib/python3.12/site-packages/airflow/example_dags/example_subdag_operator.py
[2024-05-27T10:07:41.309+0000] {processor.py:840} INFO - DAG(s) 'example_subdag_operator.section-1', 'example_subdag_operator.section-2', 'example_subdag_operator' retrieved from /home/airflow/.local/lib/python3.12/site-packages/airflow/example_dags/example_subdag_operator.py
[2024-05-27T10:07:41.377+0000] {logging_mixin.py:188} INFO - [2024-05-27T10:07:41.377+0000] {dag.py:3096} INFO - Sync 3 DAGs
[2024-05-27T10:07:41.391+0000] {logging_mixin.py:188} INFO - [2024-05-27T10:07:41.391+0000] {dag.py:3954} INFO - Setting next_dagrun for example_subdag_operator to 2022-01-01 00:00:00+00:00, run_after=2022-01-01 00:00:00+00:00
[2024-05-27T10:07:41.395+0000] {logging_mixin.py:188} INFO - [2024-05-27T10:07:41.394+0000] {dag.py:3954} INFO - Setting next_dagrun for example_subdag_operator.section-1 to None, run_after=None
[2024-05-27T10:07:41.397+0000] {logging_mixin.py:188} INFO - [2024-05-27T10:07:41.397+0000] {dag.py:3954} INFO - Setting next_dagrun for example_subdag_operator.section-2 to None, run_after=None
[2024-05-27T10:07:41.405+0000] {logging_mixin.py:188} INFO - [2024-05-27T10:07:41.404+0000] {dag.py:3096} INFO - Sync 2 DAGs
[2024-05-27T10:07:41.409+0000] {logging_mixin.py:188} INFO - [2024-05-27T10:07:41.409+0000] {dag.py:3954} INFO - Setting next_dagrun for example_subdag_operator.section-1 to None, run_after=None
[2024-05-27T10:07:41.411+0000] {logging_mixin.py:188} INFO - [2024-05-27T10:07:41.411+0000] {dag.py:3954} INFO - Setting next_dagrun for example_subdag_operator.section-2 to None, run_after=None
[2024-05-27T10:07:41.421+0000] {processor.py:183} INFO - Processing /home/airflow/.local/lib/python3.12/site-packages/airflow/example_dags/example_subdag_operator.py took 0.142 seconds
