[2024-05-27T08:51:54.863+0000] {processor.py:161} INFO - Started process (PID=68) to work on /home/airflow/.local/lib/python3.12/site-packages/airflow/example_dags/example_sensor_decorator.py
[2024-05-27T08:51:54.866+0000] {processor.py:830} INFO - Processing file /home/airflow/.local/lib/python3.12/site-packages/airflow/example_dags/example_sensor_decorator.py for tasks to queue
[2024-05-27T08:51:54.868+0000] {logging_mixin.py:188} INFO - [2024-05-27T08:51:54.868+0000] {dagbag.py:545} INFO - Filling up the DagBag from /home/airflow/.local/lib/python3.12/site-packages/airflow/example_dags/example_sensor_decorator.py
[2024-05-27T08:51:54.875+0000] {processor.py:840} INFO - DAG(s) 'example_sensor_decorator' retrieved from /home/airflow/.local/lib/python3.12/site-packages/airflow/example_dags/example_sensor_decorator.py
[2024-05-27T08:51:54.955+0000] {logging_mixin.py:188} INFO - [2024-05-27T08:51:54.955+0000] {override.py:1829} INFO - Created Permission View: can edit on DAG:example_sensor_decorator
[2024-05-27T08:51:54.965+0000] {logging_mixin.py:188} INFO - [2024-05-27T08:51:54.965+0000] {override.py:1829} INFO - Created Permission View: can read on DAG:example_sensor_decorator
[2024-05-27T08:51:54.971+0000] {logging_mixin.py:188} INFO - [2024-05-27T08:51:54.971+0000] {override.py:1829} INFO - Created Permission View: can delete on DAG:example_sensor_decorator
[2024-05-27T08:51:54.973+0000] {logging_mixin.py:188} INFO - [2024-05-27T08:51:54.973+0000] {dag.py:3096} INFO - Sync 1 DAGs
[2024-05-27T08:51:54.982+0000] {logging_mixin.py:188} INFO - [2024-05-27T08:51:54.982+0000] {dag.py:3118} INFO - Creating ORM DAG for example_sensor_decorator
[2024-05-27T08:51:54.984+0000] {logging_mixin.py:188} INFO - [2024-05-27T08:51:54.984+0000] {dag.py:3954} INFO - Setting next_dagrun for example_sensor_decorator to None, run_after=None
[2024-05-27T08:51:54.998+0000] {processor.py:183} INFO - Processing /home/airflow/.local/lib/python3.12/site-packages/airflow/example_dags/example_sensor_decorator.py took 0.140 seconds
[2024-05-27T08:52:25.426+0000] {processor.py:161} INFO - Started process (PID=131) to work on /home/airflow/.local/lib/python3.12/site-packages/airflow/example_dags/example_sensor_decorator.py
[2024-05-27T08:52:25.429+0000] {processor.py:830} INFO - Processing file /home/airflow/.local/lib/python3.12/site-packages/airflow/example_dags/example_sensor_decorator.py for tasks to queue
[2024-05-27T08:52:25.435+0000] {logging_mixin.py:188} INFO - [2024-05-27T08:52:25.433+0000] {dagbag.py:545} INFO - Filling up the DagBag from /home/airflow/.local/lib/python3.12/site-packages/airflow/example_dags/example_sensor_decorator.py
[2024-05-27T08:52:25.451+0000] {processor.py:840} INFO - DAG(s) 'example_sensor_decorator' retrieved from /home/airflow/.local/lib/python3.12/site-packages/airflow/example_dags/example_sensor_decorator.py
[2024-05-27T08:52:25.521+0000] {logging_mixin.py:188} INFO - [2024-05-27T08:52:25.517+0000] {dag.py:3096} INFO - Sync 1 DAGs
[2024-05-27T08:52:25.550+0000] {logging_mixin.py:188} INFO - [2024-05-27T08:52:25.549+0000] {dag.py:3954} INFO - Setting next_dagrun for example_sensor_decorator to None, run_after=None
[2024-05-27T08:52:26.025+0000] {processor.py:183} INFO - Processing /home/airflow/.local/lib/python3.12/site-packages/airflow/example_dags/example_sensor_decorator.py took 0.607 seconds
[2024-05-27T08:55:52.231+0000] {processor.py:161} INFO - Started process (PID=68) to work on /home/airflow/.local/lib/python3.12/site-packages/airflow/example_dags/example_sensor_decorator.py
[2024-05-27T08:55:52.232+0000] {processor.py:830} INFO - Processing file /home/airflow/.local/lib/python3.12/site-packages/airflow/example_dags/example_sensor_decorator.py for tasks to queue
[2024-05-27T08:55:52.235+0000] {logging_mixin.py:188} INFO - [2024-05-27T08:55:52.235+0000] {dagbag.py:545} INFO - Filling up the DagBag from /home/airflow/.local/lib/python3.12/site-packages/airflow/example_dags/example_sensor_decorator.py
[2024-05-27T08:55:52.242+0000] {processor.py:840} INFO - DAG(s) 'example_sensor_decorator' retrieved from /home/airflow/.local/lib/python3.12/site-packages/airflow/example_dags/example_sensor_decorator.py
[2024-05-27T08:55:52.255+0000] {logging_mixin.py:188} INFO - [2024-05-27T08:55:52.255+0000] {dag.py:3096} INFO - Sync 1 DAGs
[2024-05-27T08:55:52.267+0000] {logging_mixin.py:188} INFO - [2024-05-27T08:55:52.267+0000] {dag.py:3954} INFO - Setting next_dagrun for example_sensor_decorator to None, run_after=None
[2024-05-27T08:55:52.282+0000] {processor.py:183} INFO - Processing /home/airflow/.local/lib/python3.12/site-packages/airflow/example_dags/example_sensor_decorator.py took 0.056 seconds
[2024-05-27T08:58:18.668+0000] {processor.py:161} INFO - Started process (PID=154) to work on /home/airflow/.local/lib/python3.12/site-packages/airflow/example_dags/example_sensor_decorator.py
[2024-05-27T08:58:18.673+0000] {processor.py:830} INFO - Processing file /home/airflow/.local/lib/python3.12/site-packages/airflow/example_dags/example_sensor_decorator.py for tasks to queue
[2024-05-27T08:58:18.684+0000] {logging_mixin.py:188} INFO - [2024-05-27T08:58:18.683+0000] {dagbag.py:545} INFO - Filling up the DagBag from /home/airflow/.local/lib/python3.12/site-packages/airflow/example_dags/example_sensor_decorator.py
[2024-05-27T08:58:18.788+0000] {processor.py:840} INFO - DAG(s) 'example_sensor_decorator' retrieved from /home/airflow/.local/lib/python3.12/site-packages/airflow/example_dags/example_sensor_decorator.py
[2024-05-27T08:58:25.156+0000] {logging_mixin.py:188} INFO - [2024-05-27T08:58:25.128+0000] {dag.py:3096} INFO - Sync 1 DAGs
[2024-05-27T08:58:25.259+0000] {logging_mixin.py:188} INFO - [2024-05-27T08:58:25.259+0000] {dag.py:3954} INFO - Setting next_dagrun for example_sensor_decorator to None, run_after=None
[2024-05-27T08:58:25.395+0000] {processor.py:183} INFO - Processing /home/airflow/.local/lib/python3.12/site-packages/airflow/example_dags/example_sensor_decorator.py took 6.785 seconds
[2024-05-27T09:02:31.201+0000] {processor.py:161} INFO - Started process (PID=274) to work on /home/airflow/.local/lib/python3.12/site-packages/airflow/example_dags/example_sensor_decorator.py
[2024-05-27T09:02:31.208+0000] {processor.py:830} INFO - Processing file /home/airflow/.local/lib/python3.12/site-packages/airflow/example_dags/example_sensor_decorator.py for tasks to queue
[2024-05-27T09:02:31.212+0000] {logging_mixin.py:188} INFO - [2024-05-27T09:02:31.211+0000] {dagbag.py:545} INFO - Filling up the DagBag from /home/airflow/.local/lib/python3.12/site-packages/airflow/example_dags/example_sensor_decorator.py
[2024-05-27T09:02:31.259+0000] {processor.py:840} INFO - DAG(s) 'example_sensor_decorator' retrieved from /home/airflow/.local/lib/python3.12/site-packages/airflow/example_dags/example_sensor_decorator.py
[2024-05-27T09:02:31.945+0000] {logging_mixin.py:188} INFO - [2024-05-27T09:02:31.943+0000] {dag.py:3096} INFO - Sync 1 DAGs
[2024-05-27T09:02:31.974+0000] {logging_mixin.py:188} INFO - [2024-05-27T09:02:31.974+0000] {dag.py:3954} INFO - Setting next_dagrun for example_sensor_decorator to None, run_after=None
[2024-05-27T09:02:31.993+0000] {processor.py:183} INFO - Processing /home/airflow/.local/lib/python3.12/site-packages/airflow/example_dags/example_sensor_decorator.py took 1.680 seconds
[2024-05-27T09:04:26.720+0000] {processor.py:161} INFO - Started process (PID=340) to work on /home/airflow/.local/lib/python3.12/site-packages/airflow/example_dags/example_sensor_decorator.py
[2024-05-27T09:04:26.722+0000] {processor.py:830} INFO - Processing file /home/airflow/.local/lib/python3.12/site-packages/airflow/example_dags/example_sensor_decorator.py for tasks to queue
[2024-05-27T09:04:26.728+0000] {logging_mixin.py:188} INFO - [2024-05-27T09:04:26.727+0000] {dagbag.py:545} INFO - Filling up the DagBag from /home/airflow/.local/lib/python3.12/site-packages/airflow/example_dags/example_sensor_decorator.py
[2024-05-27T09:04:26.755+0000] {processor.py:840} INFO - DAG(s) 'example_sensor_decorator' retrieved from /home/airflow/.local/lib/python3.12/site-packages/airflow/example_dags/example_sensor_decorator.py
[2024-05-27T09:04:28.336+0000] {logging_mixin.py:188} INFO - [2024-05-27T09:04:28.317+0000] {dag.py:3096} INFO - Sync 1 DAGs
[2024-05-27T09:04:32.125+0000] {logging_mixin.py:188} INFO - [2024-05-27T09:04:32.124+0000] {dag.py:3954} INFO - Setting next_dagrun for example_sensor_decorator to None, run_after=None
[2024-05-27T09:04:32.242+0000] {processor.py:183} INFO - Processing /home/airflow/.local/lib/python3.12/site-packages/airflow/example_dags/example_sensor_decorator.py took 5.538 seconds
[2024-05-27T09:06:07.087+0000] {processor.py:161} INFO - Started process (PID=425) to work on /home/airflow/.local/lib/python3.12/site-packages/airflow/example_dags/example_sensor_decorator.py
[2024-05-27T09:06:07.093+0000] {processor.py:830} INFO - Processing file /home/airflow/.local/lib/python3.12/site-packages/airflow/example_dags/example_sensor_decorator.py for tasks to queue
[2024-05-27T09:06:07.110+0000] {logging_mixin.py:188} INFO - [2024-05-27T09:06:07.100+0000] {dagbag.py:545} INFO - Filling up the DagBag from /home/airflow/.local/lib/python3.12/site-packages/airflow/example_dags/example_sensor_decorator.py
[2024-05-27T09:06:07.225+0000] {processor.py:840} INFO - DAG(s) 'example_sensor_decorator' retrieved from /home/airflow/.local/lib/python3.12/site-packages/airflow/example_dags/example_sensor_decorator.py
[2024-05-27T09:06:07.313+0000] {logging_mixin.py:188} INFO - [2024-05-27T09:06:07.312+0000] {dag.py:3096} INFO - Sync 1 DAGs
[2024-05-27T09:06:07.326+0000] {logging_mixin.py:188} INFO - [2024-05-27T09:06:07.326+0000] {dag.py:3954} INFO - Setting next_dagrun for example_sensor_decorator to None, run_after=None
[2024-05-27T09:06:07.375+0000] {processor.py:183} INFO - Processing /home/airflow/.local/lib/python3.12/site-packages/airflow/example_dags/example_sensor_decorator.py took 0.391 seconds
[2024-05-27T09:07:50.540+0000] {processor.py:161} INFO - Started process (PID=495) to work on /home/airflow/.local/lib/python3.12/site-packages/airflow/example_dags/example_sensor_decorator.py
[2024-05-27T09:07:50.548+0000] {processor.py:830} INFO - Processing file /home/airflow/.local/lib/python3.12/site-packages/airflow/example_dags/example_sensor_decorator.py for tasks to queue
[2024-05-27T09:07:50.555+0000] {logging_mixin.py:188} INFO - [2024-05-27T09:07:50.555+0000] {dagbag.py:545} INFO - Filling up the DagBag from /home/airflow/.local/lib/python3.12/site-packages/airflow/example_dags/example_sensor_decorator.py
[2024-05-27T09:07:50.580+0000] {processor.py:840} INFO - DAG(s) 'example_sensor_decorator' retrieved from /home/airflow/.local/lib/python3.12/site-packages/airflow/example_dags/example_sensor_decorator.py
[2024-05-27T09:07:52.592+0000] {logging_mixin.py:188} INFO - [2024-05-27T09:07:52.592+0000] {dag.py:3096} INFO - Sync 1 DAGs
[2024-05-27T09:07:52.605+0000] {logging_mixin.py:188} INFO - [2024-05-27T09:07:52.604+0000] {dag.py:3954} INFO - Setting next_dagrun for example_sensor_decorator to None, run_after=None
[2024-05-27T09:07:52.636+0000] {processor.py:183} INFO - Processing /home/airflow/.local/lib/python3.12/site-packages/airflow/example_dags/example_sensor_decorator.py took 2.112 seconds
[2024-05-27T09:09:35.561+0000] {processor.py:161} INFO - Started process (PID=567) to work on /home/airflow/.local/lib/python3.12/site-packages/airflow/example_dags/example_sensor_decorator.py
[2024-05-27T09:09:35.568+0000] {processor.py:830} INFO - Processing file /home/airflow/.local/lib/python3.12/site-packages/airflow/example_dags/example_sensor_decorator.py for tasks to queue
[2024-05-27T09:09:35.591+0000] {logging_mixin.py:188} INFO - [2024-05-27T09:09:35.586+0000] {dagbag.py:545} INFO - Filling up the DagBag from /home/airflow/.local/lib/python3.12/site-packages/airflow/example_dags/example_sensor_decorator.py
[2024-05-27T09:09:35.610+0000] {processor.py:840} INFO - DAG(s) 'example_sensor_decorator' retrieved from /home/airflow/.local/lib/python3.12/site-packages/airflow/example_dags/example_sensor_decorator.py
[2024-05-27T09:09:35.684+0000] {logging_mixin.py:188} INFO - [2024-05-27T09:09:35.682+0000] {dag.py:3096} INFO - Sync 1 DAGs
[2024-05-27T09:09:35.698+0000] {logging_mixin.py:188} INFO - [2024-05-27T09:09:35.698+0000] {dag.py:3954} INFO - Setting next_dagrun for example_sensor_decorator to None, run_after=None
[2024-05-27T09:09:35.731+0000] {processor.py:183} INFO - Processing /home/airflow/.local/lib/python3.12/site-packages/airflow/example_dags/example_sensor_decorator.py took 0.224 seconds
[2024-05-27T09:11:46.512+0000] {processor.py:161} INFO - Started process (PID=68) to work on /home/airflow/.local/lib/python3.12/site-packages/airflow/example_dags/example_sensor_decorator.py
[2024-05-27T09:11:46.514+0000] {processor.py:830} INFO - Processing file /home/airflow/.local/lib/python3.12/site-packages/airflow/example_dags/example_sensor_decorator.py for tasks to queue
[2024-05-27T09:11:46.517+0000] {logging_mixin.py:188} INFO - [2024-05-27T09:11:46.516+0000] {dagbag.py:545} INFO - Filling up the DagBag from /home/airflow/.local/lib/python3.12/site-packages/airflow/example_dags/example_sensor_decorator.py
[2024-05-27T09:11:46.522+0000] {processor.py:840} INFO - DAG(s) 'example_sensor_decorator' retrieved from /home/airflow/.local/lib/python3.12/site-packages/airflow/example_dags/example_sensor_decorator.py
[2024-05-27T09:11:46.537+0000] {logging_mixin.py:188} INFO - [2024-05-27T09:11:46.537+0000] {dag.py:3096} INFO - Sync 1 DAGs
[2024-05-27T09:11:46.551+0000] {logging_mixin.py:188} INFO - [2024-05-27T09:11:46.551+0000] {dag.py:3954} INFO - Setting next_dagrun for example_sensor_decorator to None, run_after=None
[2024-05-27T09:11:46.569+0000] {processor.py:183} INFO - Processing /home/airflow/.local/lib/python3.12/site-packages/airflow/example_dags/example_sensor_decorator.py took 0.062 seconds
[2024-05-27T09:24:47.638+0000] {processor.py:161} INFO - Started process (PID=68) to work on /home/airflow/.local/lib/python3.12/site-packages/airflow/example_dags/example_sensor_decorator.py
[2024-05-27T09:24:47.640+0000] {processor.py:830} INFO - Processing file /home/airflow/.local/lib/python3.12/site-packages/airflow/example_dags/example_sensor_decorator.py for tasks to queue
[2024-05-27T09:24:47.643+0000] {logging_mixin.py:188} INFO - [2024-05-27T09:24:47.642+0000] {dagbag.py:545} INFO - Filling up the DagBag from /home/airflow/.local/lib/python3.12/site-packages/airflow/example_dags/example_sensor_decorator.py
[2024-05-27T09:24:47.649+0000] {processor.py:840} INFO - DAG(s) 'example_sensor_decorator' retrieved from /home/airflow/.local/lib/python3.12/site-packages/airflow/example_dags/example_sensor_decorator.py
[2024-05-27T09:24:47.668+0000] {logging_mixin.py:188} INFO - [2024-05-27T09:24:47.668+0000] {dag.py:3096} INFO - Sync 1 DAGs
[2024-05-27T09:24:47.680+0000] {logging_mixin.py:188} INFO - [2024-05-27T09:24:47.680+0000] {dag.py:3954} INFO - Setting next_dagrun for example_sensor_decorator to None, run_after=None
[2024-05-27T09:24:47.695+0000] {processor.py:183} INFO - Processing /home/airflow/.local/lib/python3.12/site-packages/airflow/example_dags/example_sensor_decorator.py took 0.061 seconds
[2024-05-27T09:28:23.175+0000] {processor.py:161} INFO - Started process (PID=69) to work on /home/airflow/.local/lib/python3.12/site-packages/airflow/example_dags/example_sensor_decorator.py
[2024-05-27T09:28:23.177+0000] {processor.py:830} INFO - Processing file /home/airflow/.local/lib/python3.12/site-packages/airflow/example_dags/example_sensor_decorator.py for tasks to queue
[2024-05-27T09:28:23.181+0000] {logging_mixin.py:188} INFO - [2024-05-27T09:28:23.180+0000] {dagbag.py:545} INFO - Filling up the DagBag from /home/airflow/.local/lib/python3.12/site-packages/airflow/example_dags/example_sensor_decorator.py
[2024-05-27T09:28:23.188+0000] {processor.py:840} INFO - DAG(s) 'example_sensor_decorator' retrieved from /home/airflow/.local/lib/python3.12/site-packages/airflow/example_dags/example_sensor_decorator.py
[2024-05-27T09:28:23.203+0000] {logging_mixin.py:188} INFO - [2024-05-27T09:28:23.203+0000] {dag.py:3096} INFO - Sync 1 DAGs
[2024-05-27T09:28:23.215+0000] {logging_mixin.py:188} INFO - [2024-05-27T09:28:23.215+0000] {dag.py:3954} INFO - Setting next_dagrun for example_sensor_decorator to None, run_after=None
[2024-05-27T09:28:23.231+0000] {processor.py:183} INFO - Processing /home/airflow/.local/lib/python3.12/site-packages/airflow/example_dags/example_sensor_decorator.py took 0.062 seconds
[2024-05-27T09:33:43.592+0000] {processor.py:161} INFO - Started process (PID=69) to work on /home/airflow/.local/lib/python3.12/site-packages/airflow/example_dags/example_sensor_decorator.py
[2024-05-27T09:33:43.594+0000] {processor.py:830} INFO - Processing file /home/airflow/.local/lib/python3.12/site-packages/airflow/example_dags/example_sensor_decorator.py for tasks to queue
[2024-05-27T09:33:43.596+0000] {logging_mixin.py:188} INFO - [2024-05-27T09:33:43.596+0000] {dagbag.py:545} INFO - Filling up the DagBag from /home/airflow/.local/lib/python3.12/site-packages/airflow/example_dags/example_sensor_decorator.py
[2024-05-27T09:33:43.602+0000] {processor.py:840} INFO - DAG(s) 'example_sensor_decorator' retrieved from /home/airflow/.local/lib/python3.12/site-packages/airflow/example_dags/example_sensor_decorator.py
[2024-05-27T09:33:43.618+0000] {logging_mixin.py:188} INFO - [2024-05-27T09:33:43.618+0000] {dag.py:3096} INFO - Sync 1 DAGs
[2024-05-27T09:33:43.632+0000] {logging_mixin.py:188} INFO - [2024-05-27T09:33:43.632+0000] {dag.py:3954} INFO - Setting next_dagrun for example_sensor_decorator to None, run_after=None
[2024-05-27T09:33:43.658+0000] {processor.py:183} INFO - Processing /home/airflow/.local/lib/python3.12/site-packages/airflow/example_dags/example_sensor_decorator.py took 0.071 seconds
[2024-05-27T09:37:44.207+0000] {processor.py:161} INFO - Started process (PID=160) to work on /home/airflow/.local/lib/python3.12/site-packages/airflow/example_dags/example_sensor_decorator.py
[2024-05-27T09:37:44.225+0000] {processor.py:830} INFO - Processing file /home/airflow/.local/lib/python3.12/site-packages/airflow/example_dags/example_sensor_decorator.py for tasks to queue
[2024-05-27T09:37:44.229+0000] {logging_mixin.py:188} INFO - [2024-05-27T09:37:44.229+0000] {dagbag.py:545} INFO - Filling up the DagBag from /home/airflow/.local/lib/python3.12/site-packages/airflow/example_dags/example_sensor_decorator.py
[2024-05-27T09:37:45.033+0000] {processor.py:840} INFO - DAG(s) 'example_sensor_decorator' retrieved from /home/airflow/.local/lib/python3.12/site-packages/airflow/example_dags/example_sensor_decorator.py
[2024-05-27T09:37:52.659+0000] {logging_mixin.py:188} INFO - [2024-05-27T09:37:52.654+0000] {dag.py:3096} INFO - Sync 1 DAGs
[2024-05-27T09:38:05.419+0000] {logging_mixin.py:188} INFO - [2024-05-27T09:38:05.399+0000] {dag.py:3954} INFO - Setting next_dagrun for example_sensor_decorator to None, run_after=None
[2024-05-27T09:38:06.192+0000] {processor.py:183} INFO - Processing /home/airflow/.local/lib/python3.12/site-packages/airflow/example_dags/example_sensor_decorator.py took 21.999 seconds
[2024-05-27T09:41:44.612+0000] {processor.py:161} INFO - Started process (PID=251) to work on /home/airflow/.local/lib/python3.12/site-packages/airflow/example_dags/example_sensor_decorator.py
[2024-05-27T09:41:44.615+0000] {processor.py:830} INFO - Processing file /home/airflow/.local/lib/python3.12/site-packages/airflow/example_dags/example_sensor_decorator.py for tasks to queue
[2024-05-27T09:41:44.618+0000] {logging_mixin.py:188} INFO - [2024-05-27T09:41:44.617+0000] {dagbag.py:545} INFO - Filling up the DagBag from /home/airflow/.local/lib/python3.12/site-packages/airflow/example_dags/example_sensor_decorator.py
[2024-05-27T09:41:45.807+0000] {processor.py:840} INFO - DAG(s) 'example_sensor_decorator' retrieved from /home/airflow/.local/lib/python3.12/site-packages/airflow/example_dags/example_sensor_decorator.py
[2024-05-27T09:41:48.588+0000] {logging_mixin.py:188} INFO - [2024-05-27T09:41:48.583+0000] {dag.py:3096} INFO - Sync 1 DAGs
[2024-05-27T09:41:49.598+0000] {logging_mixin.py:188} INFO - [2024-05-27T09:41:49.581+0000] {dag.py:3954} INFO - Setting next_dagrun for example_sensor_decorator to None, run_after=None
[2024-05-27T09:41:53.390+0000] {processor.py:183} INFO - Processing /home/airflow/.local/lib/python3.12/site-packages/airflow/example_dags/example_sensor_decorator.py took 8.786 seconds
[2024-05-27T10:07:10.810+0000] {processor.py:161} INFO - Started process (PID=69) to work on /home/airflow/.local/lib/python3.12/site-packages/airflow/example_dags/example_sensor_decorator.py
[2024-05-27T10:07:10.812+0000] {processor.py:830} INFO - Processing file /home/airflow/.local/lib/python3.12/site-packages/airflow/example_dags/example_sensor_decorator.py for tasks to queue
[2024-05-27T10:07:10.815+0000] {logging_mixin.py:188} INFO - [2024-05-27T10:07:10.814+0000] {dagbag.py:545} INFO - Filling up the DagBag from /home/airflow/.local/lib/python3.12/site-packages/airflow/example_dags/example_sensor_decorator.py
[2024-05-27T10:07:10.821+0000] {processor.py:840} INFO - DAG(s) 'example_sensor_decorator' retrieved from /home/airflow/.local/lib/python3.12/site-packages/airflow/example_dags/example_sensor_decorator.py
[2024-05-27T10:07:10.833+0000] {logging_mixin.py:188} INFO - [2024-05-27T10:07:10.833+0000] {dag.py:3096} INFO - Sync 1 DAGs
[2024-05-27T10:07:10.843+0000] {logging_mixin.py:188} INFO - [2024-05-27T10:07:10.842+0000] {dag.py:3954} INFO - Setting next_dagrun for example_sensor_decorator to None, run_after=None
[2024-05-27T10:07:10.857+0000] {processor.py:183} INFO - Processing /home/airflow/.local/lib/python3.12/site-packages/airflow/example_dags/example_sensor_decorator.py took 0.051 seconds
[2024-05-27T10:07:42.174+0000] {processor.py:161} INFO - Started process (PID=127) to work on /home/airflow/.local/lib/python3.12/site-packages/airflow/example_dags/example_sensor_decorator.py
[2024-05-27T10:07:42.176+0000] {processor.py:830} INFO - Processing file /home/airflow/.local/lib/python3.12/site-packages/airflow/example_dags/example_sensor_decorator.py for tasks to queue
[2024-05-27T10:07:42.178+0000] {logging_mixin.py:188} INFO - [2024-05-27T10:07:42.177+0000] {dagbag.py:545} INFO - Filling up the DagBag from /home/airflow/.local/lib/python3.12/site-packages/airflow/example_dags/example_sensor_decorator.py
[2024-05-27T10:07:42.183+0000] {processor.py:840} INFO - DAG(s) 'example_sensor_decorator' retrieved from /home/airflow/.local/lib/python3.12/site-packages/airflow/example_dags/example_sensor_decorator.py
[2024-05-27T10:07:42.247+0000] {logging_mixin.py:188} INFO - [2024-05-27T10:07:42.247+0000] {dag.py:3096} INFO - Sync 1 DAGs
[2024-05-27T10:07:42.256+0000] {logging_mixin.py:188} INFO - [2024-05-27T10:07:42.256+0000] {dag.py:3954} INFO - Setting next_dagrun for example_sensor_decorator to None, run_after=None
[2024-05-27T10:07:42.270+0000] {processor.py:183} INFO - Processing /home/airflow/.local/lib/python3.12/site-packages/airflow/example_dags/example_sensor_decorator.py took 0.101 seconds
