[2024-05-27T08:51:54.247+0000] {processor.py:161} INFO - Started process (PID=63) to work on /home/airflow/.local/lib/python3.12/site-packages/airflow/example_dags/example_short_circuit_decorator.py
[2024-05-27T08:51:54.249+0000] {processor.py:830} INFO - Processing file /home/airflow/.local/lib/python3.12/site-packages/airflow/example_dags/example_short_circuit_decorator.py for tasks to queue
[2024-05-27T08:51:54.252+0000] {logging_mixin.py:188} INFO - [2024-05-27T08:51:54.251+0000] {dagbag.py:545} INFO - Filling up the DagBag from /home/airflow/.local/lib/python3.12/site-packages/airflow/example_dags/example_short_circuit_decorator.py
[2024-05-27T08:51:54.261+0000] {processor.py:840} INFO - DAG(s) 'example_short_circuit_decorator' retrieved from /home/airflow/.local/lib/python3.12/site-packages/airflow/example_dags/example_short_circuit_decorator.py
[2024-05-27T08:51:54.349+0000] {logging_mixin.py:188} INFO - [2024-05-27T08:51:54.348+0000] {override.py:1829} INFO - Created Permission View: can edit on DAG:example_short_circuit_decorator
[2024-05-27T08:51:54.356+0000] {logging_mixin.py:188} INFO - [2024-05-27T08:51:54.356+0000] {override.py:1829} INFO - Created Permission View: can read on DAG:example_short_circuit_decorator
[2024-05-27T08:51:54.361+0000] {logging_mixin.py:188} INFO - [2024-05-27T08:51:54.361+0000] {override.py:1829} INFO - Created Permission View: can delete on DAG:example_short_circuit_decorator
[2024-05-27T08:51:54.363+0000] {logging_mixin.py:188} INFO - [2024-05-27T08:51:54.363+0000] {dag.py:3096} INFO - Sync 1 DAGs
[2024-05-27T08:51:54.372+0000] {logging_mixin.py:188} INFO - [2024-05-27T08:51:54.372+0000] {dag.py:3118} INFO - Creating ORM DAG for example_short_circuit_decorator
[2024-05-27T08:51:54.381+0000] {logging_mixin.py:188} INFO - [2024-05-27T08:51:54.381+0000] {dag.py:3954} INFO - Setting next_dagrun for example_short_circuit_decorator to 2024-05-26 00:00:00+00:00, run_after=2024-05-27 00:00:00+00:00
[2024-05-27T08:51:54.397+0000] {processor.py:183} INFO - Processing /home/airflow/.local/lib/python3.12/site-packages/airflow/example_dags/example_short_circuit_decorator.py took 0.155 seconds
[2024-05-27T08:52:24.981+0000] {processor.py:161} INFO - Started process (PID=126) to work on /home/airflow/.local/lib/python3.12/site-packages/airflow/example_dags/example_short_circuit_decorator.py
[2024-05-27T08:52:24.983+0000] {processor.py:830} INFO - Processing file /home/airflow/.local/lib/python3.12/site-packages/airflow/example_dags/example_short_circuit_decorator.py for tasks to queue
[2024-05-27T08:52:24.985+0000] {logging_mixin.py:188} INFO - [2024-05-27T08:52:24.985+0000] {dagbag.py:545} INFO - Filling up the DagBag from /home/airflow/.local/lib/python3.12/site-packages/airflow/example_dags/example_short_circuit_decorator.py
[2024-05-27T08:52:24.994+0000] {processor.py:840} INFO - DAG(s) 'example_short_circuit_decorator' retrieved from /home/airflow/.local/lib/python3.12/site-packages/airflow/example_dags/example_short_circuit_decorator.py
[2024-05-27T08:52:25.014+0000] {logging_mixin.py:188} INFO - [2024-05-27T08:52:25.014+0000] {dag.py:3096} INFO - Sync 1 DAGs
[2024-05-27T08:52:25.041+0000] {logging_mixin.py:188} INFO - [2024-05-27T08:52:25.041+0000] {dag.py:3954} INFO - Setting next_dagrun for example_short_circuit_decorator to 2024-05-26 00:00:00+00:00, run_after=2024-05-27 00:00:00+00:00
[2024-05-27T08:52:25.059+0000] {processor.py:183} INFO - Processing /home/airflow/.local/lib/python3.12/site-packages/airflow/example_dags/example_short_circuit_decorator.py took 0.083 seconds
[2024-05-27T08:55:51.740+0000] {processor.py:161} INFO - Started process (PID=63) to work on /home/airflow/.local/lib/python3.12/site-packages/airflow/example_dags/example_short_circuit_decorator.py
[2024-05-27T08:55:51.742+0000] {processor.py:830} INFO - Processing file /home/airflow/.local/lib/python3.12/site-packages/airflow/example_dags/example_short_circuit_decorator.py for tasks to queue
[2024-05-27T08:55:51.752+0000] {logging_mixin.py:188} INFO - [2024-05-27T08:55:51.751+0000] {dagbag.py:545} INFO - Filling up the DagBag from /home/airflow/.local/lib/python3.12/site-packages/airflow/example_dags/example_short_circuit_decorator.py
[2024-05-27T08:55:51.769+0000] {processor.py:840} INFO - DAG(s) 'example_short_circuit_decorator' retrieved from /home/airflow/.local/lib/python3.12/site-packages/airflow/example_dags/example_short_circuit_decorator.py
[2024-05-27T08:55:51.798+0000] {logging_mixin.py:188} INFO - [2024-05-27T08:55:51.798+0000] {dag.py:3096} INFO - Sync 1 DAGs
[2024-05-27T08:55:51.850+0000] {logging_mixin.py:188} INFO - [2024-05-27T08:55:51.850+0000] {dag.py:3954} INFO - Setting next_dagrun for example_short_circuit_decorator to 2024-05-26 00:00:00+00:00, run_after=2024-05-27 00:00:00+00:00
[2024-05-27T08:55:51.872+0000] {processor.py:183} INFO - Processing /home/airflow/.local/lib/python3.12/site-packages/airflow/example_dags/example_short_circuit_decorator.py took 0.141 seconds
[2024-05-27T08:57:46.709+0000] {processor.py:161} INFO - Started process (PID=142) to work on /home/airflow/.local/lib/python3.12/site-packages/airflow/example_dags/example_short_circuit_decorator.py
[2024-05-27T08:57:46.718+0000] {processor.py:830} INFO - Processing file /home/airflow/.local/lib/python3.12/site-packages/airflow/example_dags/example_short_circuit_decorator.py for tasks to queue
[2024-05-27T08:57:46.755+0000] {logging_mixin.py:188} INFO - [2024-05-27T08:57:46.750+0000] {dagbag.py:545} INFO - Filling up the DagBag from /home/airflow/.local/lib/python3.12/site-packages/airflow/example_dags/example_short_circuit_decorator.py
[2024-05-27T08:57:46.864+0000] {processor.py:840} INFO - DAG(s) 'example_short_circuit_decorator' retrieved from /home/airflow/.local/lib/python3.12/site-packages/airflow/example_dags/example_short_circuit_decorator.py
[2024-05-27T08:57:57.931+0000] {logging_mixin.py:188} INFO - [2024-05-27T08:57:57.888+0000] {dag.py:3096} INFO - Sync 1 DAGs
[2024-05-27T08:57:58.821+0000] {logging_mixin.py:188} INFO - [2024-05-27T08:57:58.820+0000] {dag.py:3954} INFO - Setting next_dagrun for example_short_circuit_decorator to 2024-05-26 00:00:00+00:00, run_after=2024-05-27 00:00:00+00:00
[2024-05-27T08:57:59.035+0000] {processor.py:183} INFO - Processing /home/airflow/.local/lib/python3.12/site-packages/airflow/example_dags/example_short_circuit_decorator.py took 12.414 seconds
[2024-05-27T09:00:48.935+0000] {processor.py:161} INFO - Started process (PID=226) to work on /home/airflow/.local/lib/python3.12/site-packages/airflow/example_dags/example_short_circuit_decorator.py
[2024-05-27T09:00:48.939+0000] {processor.py:830} INFO - Processing file /home/airflow/.local/lib/python3.12/site-packages/airflow/example_dags/example_short_circuit_decorator.py for tasks to queue
[2024-05-27T09:00:48.943+0000] {logging_mixin.py:188} INFO - [2024-05-27T09:00:48.941+0000] {dagbag.py:545} INFO - Filling up the DagBag from /home/airflow/.local/lib/python3.12/site-packages/airflow/example_dags/example_short_circuit_decorator.py
[2024-05-27T09:00:49.036+0000] {processor.py:840} INFO - DAG(s) 'example_short_circuit_decorator' retrieved from /home/airflow/.local/lib/python3.12/site-packages/airflow/example_dags/example_short_circuit_decorator.py
[2024-05-27T09:00:50.416+0000] {logging_mixin.py:188} INFO - [2024-05-27T09:00:50.414+0000] {dag.py:3096} INFO - Sync 1 DAGs
[2024-05-27T09:00:50.434+0000] {logging_mixin.py:188} INFO - [2024-05-27T09:00:50.434+0000] {dag.py:3954} INFO - Setting next_dagrun for example_short_circuit_decorator to 2024-05-26 00:00:00+00:00, run_after=2024-05-27 00:00:00+00:00
[2024-05-27T09:00:50.448+0000] {processor.py:183} INFO - Processing /home/airflow/.local/lib/python3.12/site-packages/airflow/example_dags/example_short_circuit_decorator.py took 1.531 seconds
[2024-05-27T09:04:12.872+0000] {processor.py:161} INFO - Started process (PID=335) to work on /home/airflow/.local/lib/python3.12/site-packages/airflow/example_dags/example_short_circuit_decorator.py
[2024-05-27T09:04:12.874+0000] {processor.py:830} INFO - Processing file /home/airflow/.local/lib/python3.12/site-packages/airflow/example_dags/example_short_circuit_decorator.py for tasks to queue
[2024-05-27T09:04:12.881+0000] {logging_mixin.py:188} INFO - [2024-05-27T09:04:12.880+0000] {dagbag.py:545} INFO - Filling up the DagBag from /home/airflow/.local/lib/python3.12/site-packages/airflow/example_dags/example_short_circuit_decorator.py
[2024-05-27T09:04:12.898+0000] {processor.py:840} INFO - DAG(s) 'example_short_circuit_decorator' retrieved from /home/airflow/.local/lib/python3.12/site-packages/airflow/example_dags/example_short_circuit_decorator.py
[2024-05-27T09:04:12.951+0000] {logging_mixin.py:188} INFO - [2024-05-27T09:04:12.950+0000] {dag.py:3096} INFO - Sync 1 DAGs
[2024-05-27T09:04:12.991+0000] {logging_mixin.py:188} INFO - [2024-05-27T09:04:12.991+0000] {dag.py:3954} INFO - Setting next_dagrun for example_short_circuit_decorator to 2024-05-26 00:00:00+00:00, run_after=2024-05-27 00:00:00+00:00
[2024-05-27T09:04:13.013+0000] {processor.py:183} INFO - Processing /home/airflow/.local/lib/python3.12/site-packages/airflow/example_dags/example_short_circuit_decorator.py took 0.147 seconds
[2024-05-27T09:05:43.552+0000] {processor.py:161} INFO - Started process (PID=405) to work on /home/airflow/.local/lib/python3.12/site-packages/airflow/example_dags/example_short_circuit_decorator.py
[2024-05-27T09:05:43.557+0000] {processor.py:830} INFO - Processing file /home/airflow/.local/lib/python3.12/site-packages/airflow/example_dags/example_short_circuit_decorator.py for tasks to queue
[2024-05-27T09:05:43.558+0000] {logging_mixin.py:188} INFO - [2024-05-27T09:05:43.558+0000] {dagbag.py:545} INFO - Filling up the DagBag from /home/airflow/.local/lib/python3.12/site-packages/airflow/example_dags/example_short_circuit_decorator.py
[2024-05-27T09:05:43.582+0000] {processor.py:840} INFO - DAG(s) 'example_short_circuit_decorator' retrieved from /home/airflow/.local/lib/python3.12/site-packages/airflow/example_dags/example_short_circuit_decorator.py
[2024-05-27T09:05:43.663+0000] {logging_mixin.py:188} INFO - [2024-05-27T09:05:43.660+0000] {dag.py:3096} INFO - Sync 1 DAGs
[2024-05-27T09:05:43.711+0000] {logging_mixin.py:188} INFO - [2024-05-27T09:05:43.711+0000] {dag.py:3954} INFO - Setting next_dagrun for example_short_circuit_decorator to 2024-05-26 00:00:00+00:00, run_after=2024-05-27 00:00:00+00:00
[2024-05-27T09:05:44.195+0000] {processor.py:183} INFO - Processing /home/airflow/.local/lib/python3.12/site-packages/airflow/example_dags/example_short_circuit_decorator.py took 0.657 seconds
[2024-05-27T09:07:49.230+0000] {processor.py:161} INFO - Started process (PID=490) to work on /home/airflow/.local/lib/python3.12/site-packages/airflow/example_dags/example_short_circuit_decorator.py
[2024-05-27T09:07:49.235+0000] {processor.py:830} INFO - Processing file /home/airflow/.local/lib/python3.12/site-packages/airflow/example_dags/example_short_circuit_decorator.py for tasks to queue
[2024-05-27T09:07:49.238+0000] {logging_mixin.py:188} INFO - [2024-05-27T09:07:49.238+0000] {dagbag.py:545} INFO - Filling up the DagBag from /home/airflow/.local/lib/python3.12/site-packages/airflow/example_dags/example_short_circuit_decorator.py
[2024-05-27T09:07:49.257+0000] {processor.py:840} INFO - DAG(s) 'example_short_circuit_decorator' retrieved from /home/airflow/.local/lib/python3.12/site-packages/airflow/example_dags/example_short_circuit_decorator.py
[2024-05-27T09:07:49.313+0000] {logging_mixin.py:188} INFO - [2024-05-27T09:07:49.313+0000] {dag.py:3096} INFO - Sync 1 DAGs
[2024-05-27T09:07:49.387+0000] {logging_mixin.py:188} INFO - [2024-05-27T09:07:49.387+0000] {dag.py:3954} INFO - Setting next_dagrun for example_short_circuit_decorator to 2024-05-26 00:00:00+00:00, run_after=2024-05-27 00:00:00+00:00
[2024-05-27T09:07:49.428+0000] {processor.py:183} INFO - Processing /home/airflow/.local/lib/python3.12/site-packages/airflow/example_dags/example_short_circuit_decorator.py took 0.209 seconds
[2024-05-27T09:09:30.670+0000] {processor.py:161} INFO - Started process (PID=562) to work on /home/airflow/.local/lib/python3.12/site-packages/airflow/example_dags/example_short_circuit_decorator.py
[2024-05-27T09:09:30.674+0000] {processor.py:830} INFO - Processing file /home/airflow/.local/lib/python3.12/site-packages/airflow/example_dags/example_short_circuit_decorator.py for tasks to queue
[2024-05-27T09:09:30.677+0000] {logging_mixin.py:188} INFO - [2024-05-27T09:09:30.677+0000] {dagbag.py:545} INFO - Filling up the DagBag from /home/airflow/.local/lib/python3.12/site-packages/airflow/example_dags/example_short_circuit_decorator.py
[2024-05-27T09:09:30.700+0000] {processor.py:840} INFO - DAG(s) 'example_short_circuit_decorator' retrieved from /home/airflow/.local/lib/python3.12/site-packages/airflow/example_dags/example_short_circuit_decorator.py
[2024-05-27T09:09:30.745+0000] {logging_mixin.py:188} INFO - [2024-05-27T09:09:30.744+0000] {dag.py:3096} INFO - Sync 1 DAGs
[2024-05-27T09:09:30.763+0000] {logging_mixin.py:188} INFO - [2024-05-27T09:09:30.763+0000] {dag.py:3954} INFO - Setting next_dagrun for example_short_circuit_decorator to 2024-05-26 00:00:00+00:00, run_after=2024-05-27 00:00:00+00:00
[2024-05-27T09:09:30.781+0000] {processor.py:183} INFO - Processing /home/airflow/.local/lib/python3.12/site-packages/airflow/example_dags/example_short_circuit_decorator.py took 0.118 seconds
[2024-05-27T09:11:46.156+0000] {processor.py:161} INFO - Started process (PID=63) to work on /home/airflow/.local/lib/python3.12/site-packages/airflow/example_dags/example_short_circuit_decorator.py
[2024-05-27T09:11:46.158+0000] {processor.py:830} INFO - Processing file /home/airflow/.local/lib/python3.12/site-packages/airflow/example_dags/example_short_circuit_decorator.py for tasks to queue
[2024-05-27T09:11:46.161+0000] {logging_mixin.py:188} INFO - [2024-05-27T09:11:46.160+0000] {dagbag.py:545} INFO - Filling up the DagBag from /home/airflow/.local/lib/python3.12/site-packages/airflow/example_dags/example_short_circuit_decorator.py
[2024-05-27T09:11:46.171+0000] {processor.py:840} INFO - DAG(s) 'example_short_circuit_decorator' retrieved from /home/airflow/.local/lib/python3.12/site-packages/airflow/example_dags/example_short_circuit_decorator.py
[2024-05-27T09:11:46.206+0000] {logging_mixin.py:188} INFO - [2024-05-27T09:11:46.205+0000] {dag.py:3096} INFO - Sync 1 DAGs
[2024-05-27T09:11:46.223+0000] {logging_mixin.py:188} INFO - [2024-05-27T09:11:46.223+0000] {dag.py:3954} INFO - Setting next_dagrun for example_short_circuit_decorator to 2024-05-26 00:00:00+00:00, run_after=2024-05-27 00:00:00+00:00
[2024-05-27T09:11:46.235+0000] {processor.py:183} INFO - Processing /home/airflow/.local/lib/python3.12/site-packages/airflow/example_dags/example_short_circuit_decorator.py took 0.088 seconds
[2024-05-27T09:24:47.433+0000] {processor.py:161} INFO - Started process (PID=63) to work on /home/airflow/.local/lib/python3.12/site-packages/airflow/example_dags/example_short_circuit_decorator.py
[2024-05-27T09:24:47.435+0000] {processor.py:830} INFO - Processing file /home/airflow/.local/lib/python3.12/site-packages/airflow/example_dags/example_short_circuit_decorator.py for tasks to queue
[2024-05-27T09:24:47.438+0000] {logging_mixin.py:188} INFO - [2024-05-27T09:24:47.437+0000] {dagbag.py:545} INFO - Filling up the DagBag from /home/airflow/.local/lib/python3.12/site-packages/airflow/example_dags/example_short_circuit_decorator.py
[2024-05-27T09:24:47.446+0000] {processor.py:840} INFO - DAG(s) 'example_short_circuit_decorator' retrieved from /home/airflow/.local/lib/python3.12/site-packages/airflow/example_dags/example_short_circuit_decorator.py
[2024-05-27T09:24:47.460+0000] {logging_mixin.py:188} INFO - [2024-05-27T09:24:47.460+0000] {dag.py:3096} INFO - Sync 1 DAGs
[2024-05-27T09:24:47.479+0000] {logging_mixin.py:188} INFO - [2024-05-27T09:24:47.479+0000] {dag.py:3954} INFO - Setting next_dagrun for example_short_circuit_decorator to 2024-05-26 00:00:00+00:00, run_after=2024-05-27 00:00:00+00:00
[2024-05-27T09:24:47.493+0000] {processor.py:183} INFO - Processing /home/airflow/.local/lib/python3.12/site-packages/airflow/example_dags/example_short_circuit_decorator.py took 0.065 seconds
[2024-05-27T09:28:22.855+0000] {processor.py:161} INFO - Started process (PID=64) to work on /home/airflow/.local/lib/python3.12/site-packages/airflow/example_dags/example_short_circuit_decorator.py
[2024-05-27T09:28:22.858+0000] {processor.py:830} INFO - Processing file /home/airflow/.local/lib/python3.12/site-packages/airflow/example_dags/example_short_circuit_decorator.py for tasks to queue
[2024-05-27T09:28:22.861+0000] {logging_mixin.py:188} INFO - [2024-05-27T09:28:22.860+0000] {dagbag.py:545} INFO - Filling up the DagBag from /home/airflow/.local/lib/python3.12/site-packages/airflow/example_dags/example_short_circuit_decorator.py
[2024-05-27T09:28:22.870+0000] {processor.py:840} INFO - DAG(s) 'example_short_circuit_decorator' retrieved from /home/airflow/.local/lib/python3.12/site-packages/airflow/example_dags/example_short_circuit_decorator.py
[2024-05-27T09:28:22.897+0000] {logging_mixin.py:188} INFO - [2024-05-27T09:28:22.897+0000] {dag.py:3096} INFO - Sync 1 DAGs
[2024-05-27T09:28:22.914+0000] {logging_mixin.py:188} INFO - [2024-05-27T09:28:22.914+0000] {dag.py:3954} INFO - Setting next_dagrun for example_short_circuit_decorator to 2024-05-26 00:00:00+00:00, run_after=2024-05-27 00:00:00+00:00
[2024-05-27T09:28:22.927+0000] {processor.py:183} INFO - Processing /home/airflow/.local/lib/python3.12/site-packages/airflow/example_dags/example_short_circuit_decorator.py took 0.079 seconds
[2024-05-27T09:33:43.265+0000] {processor.py:161} INFO - Started process (PID=64) to work on /home/airflow/.local/lib/python3.12/site-packages/airflow/example_dags/example_short_circuit_decorator.py
[2024-05-27T09:33:43.267+0000] {processor.py:830} INFO - Processing file /home/airflow/.local/lib/python3.12/site-packages/airflow/example_dags/example_short_circuit_decorator.py for tasks to queue
[2024-05-27T09:33:43.271+0000] {logging_mixin.py:188} INFO - [2024-05-27T09:33:43.270+0000] {dagbag.py:545} INFO - Filling up the DagBag from /home/airflow/.local/lib/python3.12/site-packages/airflow/example_dags/example_short_circuit_decorator.py
[2024-05-27T09:33:43.280+0000] {processor.py:840} INFO - DAG(s) 'example_short_circuit_decorator' retrieved from /home/airflow/.local/lib/python3.12/site-packages/airflow/example_dags/example_short_circuit_decorator.py
[2024-05-27T09:33:43.305+0000] {logging_mixin.py:188} INFO - [2024-05-27T09:33:43.305+0000] {dag.py:3096} INFO - Sync 1 DAGs
[2024-05-27T09:33:43.323+0000] {logging_mixin.py:188} INFO - [2024-05-27T09:33:43.323+0000] {dag.py:3954} INFO - Setting next_dagrun for example_short_circuit_decorator to 2024-05-26 00:00:00+00:00, run_after=2024-05-27 00:00:00+00:00
[2024-05-27T09:33:43.337+0000] {processor.py:183} INFO - Processing /home/airflow/.local/lib/python3.12/site-packages/airflow/example_dags/example_short_circuit_decorator.py took 0.078 seconds
[2024-05-27T09:37:16.665+0000] {processor.py:161} INFO - Started process (PID=149) to work on /home/airflow/.local/lib/python3.12/site-packages/airflow/example_dags/example_short_circuit_decorator.py
[2024-05-27T09:37:16.674+0000] {processor.py:830} INFO - Processing file /home/airflow/.local/lib/python3.12/site-packages/airflow/example_dags/example_short_circuit_decorator.py for tasks to queue
[2024-05-27T09:37:16.695+0000] {logging_mixin.py:188} INFO - [2024-05-27T09:37:16.687+0000] {dagbag.py:545} INFO - Filling up the DagBag from /home/airflow/.local/lib/python3.12/site-packages/airflow/example_dags/example_short_circuit_decorator.py
[2024-05-27T09:37:17.292+0000] {processor.py:840} INFO - DAG(s) 'example_short_circuit_decorator' retrieved from /home/airflow/.local/lib/python3.12/site-packages/airflow/example_dags/example_short_circuit_decorator.py
[2024-05-27T09:37:26.079+0000] {logging_mixin.py:188} INFO - [2024-05-27T09:37:26.062+0000] {dag.py:3096} INFO - Sync 1 DAGs
[2024-05-27T09:37:30.447+0000] {logging_mixin.py:188} INFO - [2024-05-27T09:37:30.445+0000] {dag.py:3954} INFO - Setting next_dagrun for example_short_circuit_decorator to 2024-05-26 00:00:00+00:00, run_after=2024-05-27 00:00:00+00:00
[2024-05-27T09:37:30.516+0000] {processor.py:183} INFO - Processing /home/airflow/.local/lib/python3.12/site-packages/airflow/example_dags/example_short_circuit_decorator.py took 13.389 seconds
[2024-05-27T09:41:28.924+0000] {processor.py:161} INFO - Started process (PID=246) to work on /home/airflow/.local/lib/python3.12/site-packages/airflow/example_dags/example_short_circuit_decorator.py
[2024-05-27T09:41:30.384+0000] {processor.py:830} INFO - Processing file /home/airflow/.local/lib/python3.12/site-packages/airflow/example_dags/example_short_circuit_decorator.py for tasks to queue
[2024-05-27T09:41:30.436+0000] {logging_mixin.py:188} INFO - [2024-05-27T09:41:30.397+0000] {dagbag.py:545} INFO - Filling up the DagBag from /home/airflow/.local/lib/python3.12/site-packages/airflow/example_dags/example_short_circuit_decorator.py
[2024-05-27T09:41:34.906+0000] {processor.py:840} INFO - DAG(s) 'example_short_circuit_decorator' retrieved from /home/airflow/.local/lib/python3.12/site-packages/airflow/example_dags/example_short_circuit_decorator.py
[2024-05-27T09:41:36.217+0000] {logging_mixin.py:188} INFO - [2024-05-27T09:41:36.210+0000] {dag.py:3096} INFO - Sync 1 DAGs
[2024-05-27T09:41:39.611+0000] {logging_mixin.py:188} INFO - [2024-05-27T09:41:39.610+0000] {dag.py:3954} INFO - Setting next_dagrun for example_short_circuit_decorator to 2024-05-26 00:00:00+00:00, run_after=2024-05-27 00:00:00+00:00
[2024-05-27T09:41:39.758+0000] {processor.py:183} INFO - Processing /home/airflow/.local/lib/python3.12/site-packages/airflow/example_dags/example_short_circuit_decorator.py took 11.815 seconds
[2024-05-27T10:07:10.395+0000] {processor.py:161} INFO - Started process (PID=64) to work on /home/airflow/.local/lib/python3.12/site-packages/airflow/example_dags/example_short_circuit_decorator.py
[2024-05-27T10:07:10.398+0000] {processor.py:830} INFO - Processing file /home/airflow/.local/lib/python3.12/site-packages/airflow/example_dags/example_short_circuit_decorator.py for tasks to queue
[2024-05-27T10:07:10.402+0000] {logging_mixin.py:188} INFO - [2024-05-27T10:07:10.401+0000] {dagbag.py:545} INFO - Filling up the DagBag from /home/airflow/.local/lib/python3.12/site-packages/airflow/example_dags/example_short_circuit_decorator.py
[2024-05-27T10:07:10.410+0000] {processor.py:840} INFO - DAG(s) 'example_short_circuit_decorator' retrieved from /home/airflow/.local/lib/python3.12/site-packages/airflow/example_dags/example_short_circuit_decorator.py
[2024-05-27T10:07:10.428+0000] {logging_mixin.py:188} INFO - [2024-05-27T10:07:10.428+0000] {dag.py:3096} INFO - Sync 1 DAGs
[2024-05-27T10:07:10.454+0000] {logging_mixin.py:188} INFO - [2024-05-27T10:07:10.454+0000] {dag.py:3954} INFO - Setting next_dagrun for example_short_circuit_decorator to 2024-05-26 00:00:00+00:00, run_after=2024-05-27 00:00:00+00:00
[2024-05-27T10:07:10.505+0000] {processor.py:183} INFO - Processing /home/airflow/.local/lib/python3.12/site-packages/airflow/example_dags/example_short_circuit_decorator.py took 0.119 seconds
[2024-05-27T10:07:41.787+0000] {processor.py:161} INFO - Started process (PID=122) to work on /home/airflow/.local/lib/python3.12/site-packages/airflow/example_dags/example_short_circuit_decorator.py
[2024-05-27T10:07:41.789+0000] {processor.py:830} INFO - Processing file /home/airflow/.local/lib/python3.12/site-packages/airflow/example_dags/example_short_circuit_decorator.py for tasks to queue
[2024-05-27T10:07:41.791+0000] {logging_mixin.py:188} INFO - [2024-05-27T10:07:41.791+0000] {dagbag.py:545} INFO - Filling up the DagBag from /home/airflow/.local/lib/python3.12/site-packages/airflow/example_dags/example_short_circuit_decorator.py
[2024-05-27T10:07:41.800+0000] {processor.py:840} INFO - DAG(s) 'example_short_circuit_decorator' retrieved from /home/airflow/.local/lib/python3.12/site-packages/airflow/example_dags/example_short_circuit_decorator.py
[2024-05-27T10:07:41.936+0000] {logging_mixin.py:188} INFO - [2024-05-27T10:07:41.936+0000] {dag.py:3096} INFO - Sync 1 DAGs
[2024-05-27T10:07:41.952+0000] {logging_mixin.py:188} INFO - [2024-05-27T10:07:41.952+0000] {dag.py:3954} INFO - Setting next_dagrun for example_short_circuit_decorator to 2024-05-26 00:00:00+00:00, run_after=2024-05-27 00:00:00+00:00
[2024-05-27T10:07:41.974+0000] {processor.py:183} INFO - Processing /home/airflow/.local/lib/python3.12/site-packages/airflow/example_dags/example_short_circuit_decorator.py took 0.192 seconds
