[2024-05-27T08:51:52.830+0000] {processor.py:161} INFO - Started process (PID=50) to work on /home/airflow/.local/lib/python3.12/site-packages/airflow/example_dags/example_xcom.py
[2024-05-27T08:51:52.832+0000] {processor.py:830} INFO - Processing file /home/airflow/.local/lib/python3.12/site-packages/airflow/example_dags/example_xcom.py for tasks to queue
[2024-05-27T08:51:52.835+0000] {logging_mixin.py:188} INFO - [2024-05-27T08:51:52.835+0000] {dagbag.py:545} INFO - Filling up the DagBag from /home/airflow/.local/lib/python3.12/site-packages/airflow/example_dags/example_xcom.py
[2024-05-27T08:51:52.844+0000] {processor.py:840} INFO - DAG(s) 'example_xcom' retrieved from /home/airflow/.local/lib/python3.12/site-packages/airflow/example_dags/example_xcom.py
[2024-05-27T08:51:52.933+0000] {logging_mixin.py:188} INFO - [2024-05-27T08:51:52.933+0000] {override.py:1829} INFO - Created Permission View: can edit on DAG:example_xcom
[2024-05-27T08:51:52.943+0000] {logging_mixin.py:188} INFO - [2024-05-27T08:51:52.943+0000] {override.py:1829} INFO - Created Permission View: can read on DAG:example_xcom
[2024-05-27T08:51:52.949+0000] {logging_mixin.py:188} INFO - [2024-05-27T08:51:52.949+0000] {override.py:1829} INFO - Created Permission View: can delete on DAG:example_xcom
[2024-05-27T08:51:52.951+0000] {logging_mixin.py:188} INFO - [2024-05-27T08:51:52.950+0000] {dag.py:3096} INFO - Sync 1 DAGs
[2024-05-27T08:51:52.959+0000] {logging_mixin.py:188} INFO - [2024-05-27T08:51:52.959+0000] {dag.py:3118} INFO - Creating ORM DAG for example_xcom
[2024-05-27T08:51:52.966+0000] {logging_mixin.py:188} INFO - [2024-05-27T08:51:52.966+0000] {dag.py:3954} INFO - Setting next_dagrun for example_xcom to 2021-01-01 00:00:00+00:00, run_after=2021-01-01 00:00:00+00:00
[2024-05-27T08:51:52.979+0000] {processor.py:183} INFO - Processing /home/airflow/.local/lib/python3.12/site-packages/airflow/example_dags/example_xcom.py took 0.153 seconds
[2024-05-27T08:52:24.052+0000] {processor.py:161} INFO - Started process (PID=113) to work on /home/airflow/.local/lib/python3.12/site-packages/airflow/example_dags/example_xcom.py
[2024-05-27T08:52:24.055+0000] {processor.py:830} INFO - Processing file /home/airflow/.local/lib/python3.12/site-packages/airflow/example_dags/example_xcom.py for tasks to queue
[2024-05-27T08:52:24.057+0000] {logging_mixin.py:188} INFO - [2024-05-27T08:52:24.057+0000] {dagbag.py:545} INFO - Filling up the DagBag from /home/airflow/.local/lib/python3.12/site-packages/airflow/example_dags/example_xcom.py
[2024-05-27T08:52:24.065+0000] {processor.py:840} INFO - DAG(s) 'example_xcom' retrieved from /home/airflow/.local/lib/python3.12/site-packages/airflow/example_dags/example_xcom.py
[2024-05-27T08:52:24.111+0000] {logging_mixin.py:188} INFO - [2024-05-27T08:52:24.110+0000] {dag.py:3096} INFO - Sync 1 DAGs
[2024-05-27T08:52:24.130+0000] {logging_mixin.py:188} INFO - [2024-05-27T08:52:24.130+0000] {dag.py:3954} INFO - Setting next_dagrun for example_xcom to 2021-01-01 00:00:00+00:00, run_after=2021-01-01 00:00:00+00:00
[2024-05-27T08:52:24.155+0000] {processor.py:183} INFO - Processing /home/airflow/.local/lib/python3.12/site-packages/airflow/example_dags/example_xcom.py took 0.108 seconds
[2024-05-27T08:55:44.575+0000] {processor.py:161} INFO - Started process (PID=50) to work on /home/airflow/.local/lib/python3.12/site-packages/airflow/example_dags/example_xcom.py
[2024-05-27T08:55:44.579+0000] {processor.py:830} INFO - Processing file /home/airflow/.local/lib/python3.12/site-packages/airflow/example_dags/example_xcom.py for tasks to queue
[2024-05-27T08:55:44.586+0000] {logging_mixin.py:188} INFO - [2024-05-27T08:55:44.585+0000] {dagbag.py:545} INFO - Filling up the DagBag from /home/airflow/.local/lib/python3.12/site-packages/airflow/example_dags/example_xcom.py
[2024-05-27T08:55:44.604+0000] {processor.py:840} INFO - DAG(s) 'example_xcom' retrieved from /home/airflow/.local/lib/python3.12/site-packages/airflow/example_dags/example_xcom.py
[2024-05-27T08:55:44.636+0000] {logging_mixin.py:188} INFO - [2024-05-27T08:55:44.635+0000] {dag.py:3096} INFO - Sync 1 DAGs
[2024-05-27T08:55:44.682+0000] {logging_mixin.py:188} INFO - [2024-05-27T08:55:44.682+0000] {dag.py:3954} INFO - Setting next_dagrun for example_xcom to 2021-01-01 00:00:00+00:00, run_after=2021-01-01 00:00:00+00:00
[2024-05-27T08:55:44.744+0000] {processor.py:183} INFO - Processing /home/airflow/.local/lib/python3.12/site-packages/airflow/example_dags/example_xcom.py took 0.180 seconds
[2024-05-27T08:57:10.052+0000] {processor.py:161} INFO - Started process (PID=122) to work on /home/airflow/.local/lib/python3.12/site-packages/airflow/example_dags/example_xcom.py
[2024-05-27T08:57:10.054+0000] {processor.py:830} INFO - Processing file /home/airflow/.local/lib/python3.12/site-packages/airflow/example_dags/example_xcom.py for tasks to queue
[2024-05-27T08:57:10.109+0000] {logging_mixin.py:188} INFO - [2024-05-27T08:57:10.069+0000] {dagbag.py:545} INFO - Filling up the DagBag from /home/airflow/.local/lib/python3.12/site-packages/airflow/example_dags/example_xcom.py
[2024-05-27T08:57:10.131+0000] {processor.py:840} INFO - DAG(s) 'example_xcom' retrieved from /home/airflow/.local/lib/python3.12/site-packages/airflow/example_dags/example_xcom.py
[2024-05-27T08:57:11.217+0000] {logging_mixin.py:188} INFO - [2024-05-27T08:57:11.211+0000] {dag.py:3096} INFO - Sync 1 DAGs
[2024-05-27T08:57:11.263+0000] {logging_mixin.py:188} INFO - [2024-05-27T08:57:11.262+0000] {dag.py:3954} INFO - Setting next_dagrun for example_xcom to 2021-01-01 00:00:00+00:00, run_after=2021-01-01 00:00:00+00:00
[2024-05-27T08:57:11.319+0000] {processor.py:183} INFO - Processing /home/airflow/.local/lib/python3.12/site-packages/airflow/example_dags/example_xcom.py took 1.279 seconds
[2024-05-27T09:00:03.136+0000] {processor.py:161} INFO - Started process (PID=207) to work on /home/airflow/.local/lib/python3.12/site-packages/airflow/example_dags/example_xcom.py
[2024-05-27T09:00:03.149+0000] {processor.py:830} INFO - Processing file /home/airflow/.local/lib/python3.12/site-packages/airflow/example_dags/example_xcom.py for tasks to queue
[2024-05-27T09:00:03.573+0000] {logging_mixin.py:188} INFO - [2024-05-27T09:00:03.549+0000] {dagbag.py:545} INFO - Filling up the DagBag from /home/airflow/.local/lib/python3.12/site-packages/airflow/example_dags/example_xcom.py
[2024-05-27T09:00:04.224+0000] {processor.py:840} INFO - DAG(s) 'example_xcom' retrieved from /home/airflow/.local/lib/python3.12/site-packages/airflow/example_dags/example_xcom.py
[2024-05-27T09:00:04.316+0000] {logging_mixin.py:188} INFO - [2024-05-27T09:00:04.316+0000] {dag.py:3096} INFO - Sync 1 DAGs
[2024-05-27T09:00:05.245+0000] {logging_mixin.py:188} INFO - [2024-05-27T09:00:05.242+0000] {dag.py:3954} INFO - Setting next_dagrun for example_xcom to 2021-01-01 00:00:00+00:00, run_after=2021-01-01 00:00:00+00:00
[2024-05-27T09:00:06.318+0000] {processor.py:183} INFO - Processing /home/airflow/.local/lib/python3.12/site-packages/airflow/example_dags/example_xcom.py took 3.257 seconds
[2024-05-27T09:02:26.862+0000] {processor.py:161} INFO - Started process (PID=272) to work on /home/airflow/.local/lib/python3.12/site-packages/airflow/example_dags/example_xcom.py
[2024-05-27T09:02:26.872+0000] {processor.py:830} INFO - Processing file /home/airflow/.local/lib/python3.12/site-packages/airflow/example_dags/example_xcom.py for tasks to queue
[2024-05-27T09:02:26.884+0000] {logging_mixin.py:188} INFO - [2024-05-27T09:02:26.878+0000] {dagbag.py:545} INFO - Filling up the DagBag from /home/airflow/.local/lib/python3.12/site-packages/airflow/example_dags/example_xcom.py
[2024-05-27T09:02:27.043+0000] {processor.py:840} INFO - DAG(s) 'example_xcom' retrieved from /home/airflow/.local/lib/python3.12/site-packages/airflow/example_dags/example_xcom.py
[2024-05-27T09:02:27.957+0000] {logging_mixin.py:188} INFO - [2024-05-27T09:02:27.939+0000] {dag.py:3096} INFO - Sync 1 DAGs
[2024-05-27T09:02:30.160+0000] {logging_mixin.py:188} INFO - [2024-05-27T09:02:30.159+0000] {dag.py:3954} INFO - Setting next_dagrun for example_xcom to 2021-01-01 00:00:00+00:00, run_after=2021-01-01 00:00:00+00:00
[2024-05-27T09:02:30.204+0000] {processor.py:183} INFO - Processing /home/airflow/.local/lib/python3.12/site-packages/airflow/example_dags/example_xcom.py took 3.423 seconds
[2024-05-27T09:03:54.503+0000] {processor.py:161} INFO - Started process (PID=316) to work on /home/airflow/.local/lib/python3.12/site-packages/airflow/example_dags/example_xcom.py
[2024-05-27T09:03:54.512+0000] {processor.py:830} INFO - Processing file /home/airflow/.local/lib/python3.12/site-packages/airflow/example_dags/example_xcom.py for tasks to queue
[2024-05-27T09:03:54.523+0000] {logging_mixin.py:188} INFO - [2024-05-27T09:03:54.523+0000] {dagbag.py:545} INFO - Filling up the DagBag from /home/airflow/.local/lib/python3.12/site-packages/airflow/example_dags/example_xcom.py
[2024-05-27T09:03:54.564+0000] {processor.py:840} INFO - DAG(s) 'example_xcom' retrieved from /home/airflow/.local/lib/python3.12/site-packages/airflow/example_dags/example_xcom.py
[2024-05-27T09:03:55.716+0000] {logging_mixin.py:188} INFO - [2024-05-27T09:03:55.703+0000] {dag.py:3096} INFO - Sync 1 DAGs
[2024-05-27T09:03:55.756+0000] {logging_mixin.py:188} INFO - [2024-05-27T09:03:55.756+0000] {dag.py:3954} INFO - Setting next_dagrun for example_xcom to 2021-01-01 00:00:00+00:00, run_after=2021-01-01 00:00:00+00:00
[2024-05-27T09:03:56.455+0000] {processor.py:183} INFO - Processing /home/airflow/.local/lib/python3.12/site-packages/airflow/example_dags/example_xcom.py took 1.965 seconds
[2024-05-27T09:05:25.619+0000] {processor.py:161} INFO - Started process (PID=392) to work on /home/airflow/.local/lib/python3.12/site-packages/airflow/example_dags/example_xcom.py
[2024-05-27T09:05:25.622+0000] {processor.py:830} INFO - Processing file /home/airflow/.local/lib/python3.12/site-packages/airflow/example_dags/example_xcom.py for tasks to queue
[2024-05-27T09:05:25.628+0000] {logging_mixin.py:188} INFO - [2024-05-27T09:05:25.625+0000] {dagbag.py:545} INFO - Filling up the DagBag from /home/airflow/.local/lib/python3.12/site-packages/airflow/example_dags/example_xcom.py
[2024-05-27T09:05:25.654+0000] {processor.py:840} INFO - DAG(s) 'example_xcom' retrieved from /home/airflow/.local/lib/python3.12/site-packages/airflow/example_dags/example_xcom.py
[2024-05-27T09:05:26.371+0000] {logging_mixin.py:188} INFO - [2024-05-27T09:05:26.353+0000] {dag.py:3096} INFO - Sync 1 DAGs
[2024-05-27T09:05:28.032+0000] {logging_mixin.py:188} INFO - [2024-05-27T09:05:28.028+0000] {dag.py:3954} INFO - Setting next_dagrun for example_xcom to 2021-01-01 00:00:00+00:00, run_after=2021-01-01 00:00:00+00:00
[2024-05-27T09:05:28.073+0000] {processor.py:183} INFO - Processing /home/airflow/.local/lib/python3.12/site-packages/airflow/example_dags/example_xcom.py took 2.462 seconds
[2024-05-27T09:07:17.950+0000] {processor.py:161} INFO - Started process (PID=457) to work on /home/airflow/.local/lib/python3.12/site-packages/airflow/example_dags/example_xcom.py
[2024-05-27T09:07:17.953+0000] {processor.py:830} INFO - Processing file /home/airflow/.local/lib/python3.12/site-packages/airflow/example_dags/example_xcom.py for tasks to queue
[2024-05-27T09:07:17.967+0000] {logging_mixin.py:188} INFO - [2024-05-27T09:07:17.959+0000] {dagbag.py:545} INFO - Filling up the DagBag from /home/airflow/.local/lib/python3.12/site-packages/airflow/example_dags/example_xcom.py
[2024-05-27T09:07:18.067+0000] {processor.py:840} INFO - DAG(s) 'example_xcom' retrieved from /home/airflow/.local/lib/python3.12/site-packages/airflow/example_dags/example_xcom.py
[2024-05-27T09:07:18.173+0000] {logging_mixin.py:188} INFO - [2024-05-27T09:07:18.173+0000] {dag.py:3096} INFO - Sync 1 DAGs
[2024-05-27T09:07:18.208+0000] {logging_mixin.py:188} INFO - [2024-05-27T09:07:18.208+0000] {dag.py:3954} INFO - Setting next_dagrun for example_xcom to 2021-01-01 00:00:00+00:00, run_after=2021-01-01 00:00:00+00:00
[2024-05-27T09:07:18.249+0000] {processor.py:183} INFO - Processing /home/airflow/.local/lib/python3.12/site-packages/airflow/example_dags/example_xcom.py took 0.346 seconds
[2024-05-27T09:08:46.953+0000] {processor.py:161} INFO - Started process (PID=540) to work on /home/airflow/.local/lib/python3.12/site-packages/airflow/example_dags/example_xcom.py
[2024-05-27T09:08:46.973+0000] {processor.py:830} INFO - Processing file /home/airflow/.local/lib/python3.12/site-packages/airflow/example_dags/example_xcom.py for tasks to queue
[2024-05-27T09:08:47.012+0000] {logging_mixin.py:188} INFO - [2024-05-27T09:08:46.991+0000] {dagbag.py:545} INFO - Filling up the DagBag from /home/airflow/.local/lib/python3.12/site-packages/airflow/example_dags/example_xcom.py
[2024-05-27T09:08:47.074+0000] {processor.py:840} INFO - DAG(s) 'example_xcom' retrieved from /home/airflow/.local/lib/python3.12/site-packages/airflow/example_dags/example_xcom.py
[2024-05-27T09:08:48.360+0000] {logging_mixin.py:188} INFO - [2024-05-27T09:08:48.348+0000] {dag.py:3096} INFO - Sync 1 DAGs
[2024-05-27T09:08:48.496+0000] {logging_mixin.py:188} INFO - [2024-05-27T09:08:48.481+0000] {dag.py:3954} INFO - Setting next_dagrun for example_xcom to 2021-01-01 00:00:00+00:00, run_after=2021-01-01 00:00:00+00:00
[2024-05-27T09:08:52.702+0000] {processor.py:183} INFO - Processing /home/airflow/.local/lib/python3.12/site-packages/airflow/example_dags/example_xcom.py took 5.830 seconds
[2024-05-27T09:11:41.743+0000] {processor.py:161} INFO - Started process (PID=50) to work on /home/airflow/.local/lib/python3.12/site-packages/airflow/example_dags/example_xcom.py
[2024-05-27T09:11:41.747+0000] {processor.py:830} INFO - Processing file /home/airflow/.local/lib/python3.12/site-packages/airflow/example_dags/example_xcom.py for tasks to queue
[2024-05-27T09:11:41.760+0000] {logging_mixin.py:188} INFO - [2024-05-27T09:11:41.759+0000] {dagbag.py:545} INFO - Filling up the DagBag from /home/airflow/.local/lib/python3.12/site-packages/airflow/example_dags/example_xcom.py
[2024-05-27T09:11:44.548+0000] {processor.py:840} INFO - DAG(s) 'example_xcom' retrieved from /home/airflow/.local/lib/python3.12/site-packages/airflow/example_dags/example_xcom.py
[2024-05-27T09:11:44.597+0000] {logging_mixin.py:188} INFO - [2024-05-27T09:11:44.597+0000] {dag.py:3096} INFO - Sync 1 DAGs
[2024-05-27T09:11:44.615+0000] {logging_mixin.py:188} INFO - [2024-05-27T09:11:44.615+0000] {dag.py:3954} INFO - Setting next_dagrun for example_xcom to 2021-01-01 00:00:00+00:00, run_after=2021-01-01 00:00:00+00:00
[2024-05-27T09:11:44.640+0000] {processor.py:183} INFO - Processing /home/airflow/.local/lib/python3.12/site-packages/airflow/example_dags/example_xcom.py took 2.903 seconds
[2024-05-27T09:14:14.646+0000] {processor.py:161} INFO - Started process (PID=120) to work on /home/airflow/.local/lib/python3.12/site-packages/airflow/example_dags/example_xcom.py
[2024-05-27T09:14:14.663+0000] {processor.py:830} INFO - Processing file /home/airflow/.local/lib/python3.12/site-packages/airflow/example_dags/example_xcom.py for tasks to queue
[2024-05-27T09:14:14.748+0000] {logging_mixin.py:188} INFO - [2024-05-27T09:14:14.742+0000] {dagbag.py:545} INFO - Filling up the DagBag from /home/airflow/.local/lib/python3.12/site-packages/airflow/example_dags/example_xcom.py
[2024-05-27T09:14:14.910+0000] {processor.py:840} INFO - DAG(s) 'example_xcom' retrieved from /home/airflow/.local/lib/python3.12/site-packages/airflow/example_dags/example_xcom.py
[2024-05-27T09:14:20.890+0000] {logging_mixin.py:188} INFO - [2024-05-27T09:14:20.874+0000] {dag.py:3096} INFO - Sync 1 DAGs
[2024-05-27T09:14:21.413+0000] {logging_mixin.py:188} INFO - [2024-05-27T09:14:21.387+0000] {dag.py:3954} INFO - Setting next_dagrun for example_xcom to 2021-01-01 00:00:00+00:00, run_after=2021-01-01 00:00:00+00:00
[2024-05-27T09:14:32.719+0000] {processor.py:183} INFO - Processing /home/airflow/.local/lib/python3.12/site-packages/airflow/example_dags/example_xcom.py took 17.963 seconds
[2024-05-27T09:24:44.168+0000] {processor.py:161} INFO - Started process (PID=50) to work on /home/airflow/.local/lib/python3.12/site-packages/airflow/example_dags/example_xcom.py
[2024-05-27T09:24:44.171+0000] {processor.py:830} INFO - Processing file /home/airflow/.local/lib/python3.12/site-packages/airflow/example_dags/example_xcom.py for tasks to queue
[2024-05-27T09:24:44.176+0000] {logging_mixin.py:188} INFO - [2024-05-27T09:24:44.175+0000] {dagbag.py:545} INFO - Filling up the DagBag from /home/airflow/.local/lib/python3.12/site-packages/airflow/example_dags/example_xcom.py
[2024-05-27T09:24:44.196+0000] {processor.py:840} INFO - DAG(s) 'example_xcom' retrieved from /home/airflow/.local/lib/python3.12/site-packages/airflow/example_dags/example_xcom.py
[2024-05-27T09:24:44.236+0000] {logging_mixin.py:188} INFO - [2024-05-27T09:24:44.236+0000] {dag.py:3096} INFO - Sync 1 DAGs
[2024-05-27T09:24:44.284+0000] {logging_mixin.py:188} INFO - [2024-05-27T09:24:44.283+0000] {dag.py:3954} INFO - Setting next_dagrun for example_xcom to 2021-01-01 00:00:00+00:00, run_after=2021-01-01 00:00:00+00:00
[2024-05-27T09:24:45.628+0000] {processor.py:183} INFO - Processing /home/airflow/.local/lib/python3.12/site-packages/airflow/example_dags/example_xcom.py took 1.475 seconds
[2024-05-27T09:28:21.040+0000] {processor.py:161} INFO - Started process (PID=51) to work on /home/airflow/.local/lib/python3.12/site-packages/airflow/example_dags/example_xcom.py
[2024-05-27T09:28:21.043+0000] {processor.py:830} INFO - Processing file /home/airflow/.local/lib/python3.12/site-packages/airflow/example_dags/example_xcom.py for tasks to queue
[2024-05-27T09:28:21.046+0000] {logging_mixin.py:188} INFO - [2024-05-27T09:28:21.046+0000] {dagbag.py:545} INFO - Filling up the DagBag from /home/airflow/.local/lib/python3.12/site-packages/airflow/example_dags/example_xcom.py
[2024-05-27T09:28:21.057+0000] {processor.py:840} INFO - DAG(s) 'example_xcom' retrieved from /home/airflow/.local/lib/python3.12/site-packages/airflow/example_dags/example_xcom.py
[2024-05-27T09:28:21.068+0000] {logging_mixin.py:188} INFO - [2024-05-27T09:28:21.068+0000] {dag.py:3096} INFO - Sync 1 DAGs
[2024-05-27T09:28:21.088+0000] {logging_mixin.py:188} INFO - [2024-05-27T09:28:21.088+0000] {dag.py:3954} INFO - Setting next_dagrun for example_xcom to 2021-01-01 00:00:00+00:00, run_after=2021-01-01 00:00:00+00:00
[2024-05-27T09:28:21.113+0000] {processor.py:183} INFO - Processing /home/airflow/.local/lib/python3.12/site-packages/airflow/example_dags/example_xcom.py took 0.081 seconds
[2024-05-27T09:30:35.427+0000] {processor.py:161} INFO - Started process (PID=129) to work on /home/airflow/.local/lib/python3.12/site-packages/airflow/example_dags/example_xcom.py
[2024-05-27T09:30:35.432+0000] {processor.py:830} INFO - Processing file /home/airflow/.local/lib/python3.12/site-packages/airflow/example_dags/example_xcom.py for tasks to queue
[2024-05-27T09:30:35.461+0000] {logging_mixin.py:188} INFO - [2024-05-27T09:30:35.460+0000] {dagbag.py:545} INFO - Filling up the DagBag from /home/airflow/.local/lib/python3.12/site-packages/airflow/example_dags/example_xcom.py
[2024-05-27T09:30:35.531+0000] {processor.py:840} INFO - DAG(s) 'example_xcom' retrieved from /home/airflow/.local/lib/python3.12/site-packages/airflow/example_dags/example_xcom.py
[2024-05-27T09:30:45.138+0000] {logging_mixin.py:188} INFO - [2024-05-27T09:30:45.127+0000] {dag.py:3096} INFO - Sync 1 DAGs
[2024-05-27T09:30:49.404+0000] {logging_mixin.py:188} INFO - [2024-05-27T09:30:49.396+0000] {dag.py:3954} INFO - Setting next_dagrun for example_xcom to 2021-01-01 00:00:00+00:00, run_after=2021-01-01 00:00:00+00:00
[2024-05-27T09:30:49.526+0000] {processor.py:183} INFO - Processing /home/airflow/.local/lib/python3.12/site-packages/airflow/example_dags/example_xcom.py took 14.003 seconds
[2024-05-27T09:33:39.433+0000] {processor.py:161} INFO - Started process (PID=51) to work on /home/airflow/.local/lib/python3.12/site-packages/airflow/example_dags/example_xcom.py
[2024-05-27T09:33:39.435+0000] {processor.py:830} INFO - Processing file /home/airflow/.local/lib/python3.12/site-packages/airflow/example_dags/example_xcom.py for tasks to queue
[2024-05-27T09:33:39.438+0000] {logging_mixin.py:188} INFO - [2024-05-27T09:33:39.438+0000] {dagbag.py:545} INFO - Filling up the DagBag from /home/airflow/.local/lib/python3.12/site-packages/airflow/example_dags/example_xcom.py
[2024-05-27T09:33:39.460+0000] {processor.py:840} INFO - DAG(s) 'example_xcom' retrieved from /home/airflow/.local/lib/python3.12/site-packages/airflow/example_dags/example_xcom.py
[2024-05-27T09:33:39.508+0000] {logging_mixin.py:188} INFO - [2024-05-27T09:33:39.508+0000] {dag.py:3096} INFO - Sync 1 DAGs
[2024-05-27T09:33:39.527+0000] {logging_mixin.py:188} INFO - [2024-05-27T09:33:39.527+0000] {dag.py:3954} INFO - Setting next_dagrun for example_xcom to 2021-01-01 00:00:00+00:00, run_after=2021-01-01 00:00:00+00:00
[2024-05-27T09:33:39.545+0000] {processor.py:183} INFO - Processing /home/airflow/.local/lib/python3.12/site-packages/airflow/example_dags/example_xcom.py took 0.117 seconds
[2024-05-27T09:35:44.214+0000] {processor.py:161} INFO - Started process (PID=117) to work on /home/airflow/.local/lib/python3.12/site-packages/airflow/example_dags/example_xcom.py
[2024-05-27T09:35:44.218+0000] {processor.py:830} INFO - Processing file /home/airflow/.local/lib/python3.12/site-packages/airflow/example_dags/example_xcom.py for tasks to queue
[2024-05-27T09:35:44.235+0000] {logging_mixin.py:188} INFO - [2024-05-27T09:35:44.232+0000] {dagbag.py:545} INFO - Filling up the DagBag from /home/airflow/.local/lib/python3.12/site-packages/airflow/example_dags/example_xcom.py
[2024-05-27T09:35:44.305+0000] {processor.py:840} INFO - DAG(s) 'example_xcom' retrieved from /home/airflow/.local/lib/python3.12/site-packages/airflow/example_dags/example_xcom.py
[2024-05-27T09:35:47.208+0000] {logging_mixin.py:188} INFO - [2024-05-27T09:35:47.187+0000] {dag.py:3096} INFO - Sync 1 DAGs
[2024-05-27T09:35:47.526+0000] {logging_mixin.py:188} INFO - [2024-05-27T09:35:47.516+0000] {dag.py:3954} INFO - Setting next_dagrun for example_xcom to 2021-01-01 00:00:00+00:00, run_after=2021-01-01 00:00:00+00:00
[2024-05-27T09:35:47.649+0000] {processor.py:183} INFO - Processing /home/airflow/.local/lib/python3.12/site-packages/airflow/example_dags/example_xcom.py took 3.473 seconds
[2024-05-27T09:40:36.608+0000] {processor.py:161} INFO - Started process (PID=220) to work on /home/airflow/.local/lib/python3.12/site-packages/airflow/example_dags/example_xcom.py
[2024-05-27T09:40:36.615+0000] {processor.py:830} INFO - Processing file /home/airflow/.local/lib/python3.12/site-packages/airflow/example_dags/example_xcom.py for tasks to queue
[2024-05-27T09:40:36.618+0000] {logging_mixin.py:188} INFO - [2024-05-27T09:40:36.617+0000] {dagbag.py:545} INFO - Filling up the DagBag from /home/airflow/.local/lib/python3.12/site-packages/airflow/example_dags/example_xcom.py
[2024-05-27T09:40:36.680+0000] {processor.py:840} INFO - DAG(s) 'example_xcom' retrieved from /home/airflow/.local/lib/python3.12/site-packages/airflow/example_dags/example_xcom.py
[2024-05-27T09:40:38.453+0000] {logging_mixin.py:188} INFO - [2024-05-27T09:40:38.424+0000] {dag.py:3096} INFO - Sync 1 DAGs
[2024-05-27T09:40:38.956+0000] {logging_mixin.py:188} INFO - [2024-05-27T09:40:38.954+0000] {dag.py:3954} INFO - Setting next_dagrun for example_xcom to 2021-01-01 00:00:00+00:00, run_after=2021-01-01 00:00:00+00:00
[2024-05-27T09:40:39.117+0000] {processor.py:183} INFO - Processing /home/airflow/.local/lib/python3.12/site-packages/airflow/example_dags/example_xcom.py took 4.205 seconds
[2024-05-27T09:43:08.020+0000] {processor.py:161} INFO - Started process (PID=296) to work on /home/airflow/.local/lib/python3.12/site-packages/airflow/example_dags/example_xcom.py
[2024-05-27T09:43:08.023+0000] {processor.py:830} INFO - Processing file /home/airflow/.local/lib/python3.12/site-packages/airflow/example_dags/example_xcom.py for tasks to queue
[2024-05-27T09:43:08.029+0000] {logging_mixin.py:188} INFO - [2024-05-27T09:43:08.028+0000] {dagbag.py:545} INFO - Filling up the DagBag from /home/airflow/.local/lib/python3.12/site-packages/airflow/example_dags/example_xcom.py
[2024-05-27T09:43:08.049+0000] {processor.py:840} INFO - DAG(s) 'example_xcom' retrieved from /home/airflow/.local/lib/python3.12/site-packages/airflow/example_dags/example_xcom.py
[2024-05-27T09:43:10.275+0000] {logging_mixin.py:188} INFO - [2024-05-27T09:43:10.273+0000] {dag.py:3096} INFO - Sync 1 DAGs
[2024-05-27T09:43:10.382+0000] {logging_mixin.py:188} INFO - [2024-05-27T09:43:10.378+0000] {dag.py:3954} INFO - Setting next_dagrun for example_xcom to 2021-01-01 00:00:00+00:00, run_after=2021-01-01 00:00:00+00:00
[2024-05-27T09:43:11.154+0000] {processor.py:183} INFO - Processing /home/airflow/.local/lib/python3.12/site-packages/airflow/example_dags/example_xcom.py took 3.140 seconds
[2024-05-27T10:07:09.169+0000] {processor.py:161} INFO - Started process (PID=51) to work on /home/airflow/.local/lib/python3.12/site-packages/airflow/example_dags/example_xcom.py
[2024-05-27T10:07:09.171+0000] {processor.py:830} INFO - Processing file /home/airflow/.local/lib/python3.12/site-packages/airflow/example_dags/example_xcom.py for tasks to queue
[2024-05-27T10:07:09.174+0000] {logging_mixin.py:188} INFO - [2024-05-27T10:07:09.174+0000] {dagbag.py:545} INFO - Filling up the DagBag from /home/airflow/.local/lib/python3.12/site-packages/airflow/example_dags/example_xcom.py
[2024-05-27T10:07:09.185+0000] {processor.py:840} INFO - DAG(s) 'example_xcom' retrieved from /home/airflow/.local/lib/python3.12/site-packages/airflow/example_dags/example_xcom.py
[2024-05-27T10:07:09.200+0000] {logging_mixin.py:188} INFO - [2024-05-27T10:07:09.200+0000] {dag.py:3096} INFO - Sync 1 DAGs
[2024-05-27T10:07:09.233+0000] {logging_mixin.py:188} INFO - [2024-05-27T10:07:09.233+0000] {dag.py:3954} INFO - Setting next_dagrun for example_xcom to 2021-01-01 00:00:00+00:00, run_after=2021-01-01 00:00:00+00:00
[2024-05-27T10:07:09.262+0000] {processor.py:183} INFO - Processing /home/airflow/.local/lib/python3.12/site-packages/airflow/example_dags/example_xcom.py took 0.098 seconds
[2024-05-27T10:07:40.627+0000] {processor.py:161} INFO - Started process (PID=109) to work on /home/airflow/.local/lib/python3.12/site-packages/airflow/example_dags/example_xcom.py
[2024-05-27T10:07:40.629+0000] {processor.py:830} INFO - Processing file /home/airflow/.local/lib/python3.12/site-packages/airflow/example_dags/example_xcom.py for tasks to queue
[2024-05-27T10:07:40.631+0000] {logging_mixin.py:188} INFO - [2024-05-27T10:07:40.631+0000] {dagbag.py:545} INFO - Filling up the DagBag from /home/airflow/.local/lib/python3.12/site-packages/airflow/example_dags/example_xcom.py
[2024-05-27T10:07:40.638+0000] {processor.py:840} INFO - DAG(s) 'example_xcom' retrieved from /home/airflow/.local/lib/python3.12/site-packages/airflow/example_dags/example_xcom.py
[2024-05-27T10:07:40.716+0000] {logging_mixin.py:188} INFO - [2024-05-27T10:07:40.716+0000] {dag.py:3096} INFO - Sync 1 DAGs
[2024-05-27T10:07:40.734+0000] {logging_mixin.py:188} INFO - [2024-05-27T10:07:40.734+0000] {dag.py:3954} INFO - Setting next_dagrun for example_xcom to 2021-01-01 00:00:00+00:00, run_after=2021-01-01 00:00:00+00:00
[2024-05-27T10:07:40.752+0000] {processor.py:183} INFO - Processing /home/airflow/.local/lib/python3.12/site-packages/airflow/example_dags/example_xcom.py took 0.128 seconds
