[2024-05-27T08:51:51.270+0000] {processor.py:161} INFO - Started process (PID=39) to work on /home/airflow/.local/lib/python3.12/site-packages/airflow/example_dags/example_python_operator.py
[2024-05-27T08:51:51.272+0000] {processor.py:830} INFO - Processing file /home/airflow/.local/lib/python3.12/site-packages/airflow/example_dags/example_python_operator.py for tasks to queue
[2024-05-27T08:51:51.276+0000] {logging_mixin.py:188} INFO - [2024-05-27T08:51:51.275+0000] {dagbag.py:545} INFO - Filling up the DagBag from /home/airflow/.local/lib/python3.12/site-packages/airflow/example_dags/example_python_operator.py
[2024-05-27T08:51:51.321+0000] {processor.py:840} INFO - DAG(s) 'example_python_operator' retrieved from /home/airflow/.local/lib/python3.12/site-packages/airflow/example_dags/example_python_operator.py
[2024-05-27T08:51:51.458+0000] {logging_mixin.py:188} INFO - [2024-05-27T08:51:51.458+0000] {override.py:1829} INFO - Created Permission View: can edit on DAG:example_python_operator
[2024-05-27T08:51:51.467+0000] {logging_mixin.py:188} INFO - [2024-05-27T08:51:51.466+0000] {override.py:1829} INFO - Created Permission View: can read on DAG:example_python_operator
[2024-05-27T08:51:51.472+0000] {logging_mixin.py:188} INFO - [2024-05-27T08:51:51.472+0000] {override.py:1829} INFO - Created Permission View: can delete on DAG:example_python_operator
[2024-05-27T08:51:51.474+0000] {logging_mixin.py:188} INFO - [2024-05-27T08:51:51.474+0000] {dag.py:3096} INFO - Sync 1 DAGs
[2024-05-27T08:51:51.484+0000] {logging_mixin.py:188} INFO - [2024-05-27T08:51:51.484+0000] {dag.py:3118} INFO - Creating ORM DAG for example_python_operator
[2024-05-27T08:51:51.486+0000] {logging_mixin.py:188} INFO - [2024-05-27T08:51:51.486+0000] {dag.py:3954} INFO - Setting next_dagrun for example_python_operator to None, run_after=None
[2024-05-27T08:51:51.498+0000] {processor.py:183} INFO - Processing /home/airflow/.local/lib/python3.12/site-packages/airflow/example_dags/example_python_operator.py took 0.235 seconds
[2024-05-27T08:52:23.301+0000] {processor.py:161} INFO - Started process (PID=102) to work on /home/airflow/.local/lib/python3.12/site-packages/airflow/example_dags/example_python_operator.py
[2024-05-27T08:52:23.303+0000] {processor.py:830} INFO - Processing file /home/airflow/.local/lib/python3.12/site-packages/airflow/example_dags/example_python_operator.py for tasks to queue
[2024-05-27T08:52:23.306+0000] {logging_mixin.py:188} INFO - [2024-05-27T08:52:23.305+0000] {dagbag.py:545} INFO - Filling up the DagBag from /home/airflow/.local/lib/python3.12/site-packages/airflow/example_dags/example_python_operator.py
[2024-05-27T08:52:23.315+0000] {processor.py:840} INFO - DAG(s) 'example_python_operator' retrieved from /home/airflow/.local/lib/python3.12/site-packages/airflow/example_dags/example_python_operator.py
[2024-05-27T08:52:23.333+0000] {logging_mixin.py:188} INFO - [2024-05-27T08:52:23.333+0000] {dag.py:3096} INFO - Sync 1 DAGs
[2024-05-27T08:52:23.345+0000] {logging_mixin.py:188} INFO - [2024-05-27T08:52:23.345+0000] {dag.py:3954} INFO - Setting next_dagrun for example_python_operator to None, run_after=None
[2024-05-27T08:52:23.365+0000] {processor.py:183} INFO - Processing /home/airflow/.local/lib/python3.12/site-packages/airflow/example_dags/example_python_operator.py took 0.068 seconds
[2024-05-27T08:53:10.896+0000] {processor.py:161} INFO - Started process (PID=154) to work on /home/airflow/.local/lib/python3.12/site-packages/airflow/example_dags/example_python_operator.py
[2024-05-27T08:53:10.901+0000] {processor.py:830} INFO - Processing file /home/airflow/.local/lib/python3.12/site-packages/airflow/example_dags/example_python_operator.py for tasks to queue
[2024-05-27T08:53:10.918+0000] {logging_mixin.py:188} INFO - [2024-05-27T08:53:10.910+0000] {dagbag.py:545} INFO - Filling up the DagBag from /home/airflow/.local/lib/python3.12/site-packages/airflow/example_dags/example_python_operator.py
[2024-05-27T08:53:11.011+0000] {processor.py:840} INFO - DAG(s) 'example_python_operator' retrieved from /home/airflow/.local/lib/python3.12/site-packages/airflow/example_dags/example_python_operator.py
[2024-05-27T08:53:11.972+0000] {logging_mixin.py:188} INFO - [2024-05-27T08:53:11.950+0000] {dag.py:3096} INFO - Sync 1 DAGs
[2024-05-27T08:53:12.334+0000] {logging_mixin.py:188} INFO - [2024-05-27T08:53:12.317+0000] {dag.py:3954} INFO - Setting next_dagrun for example_python_operator to None, run_after=None
[2024-05-27T08:53:51.872+0000] {processor.py:183} INFO - Processing /home/airflow/.local/lib/python3.12/site-packages/airflow/example_dags/example_python_operator.py took 40.965 seconds
[2024-05-27T08:55:42.452+0000] {processor.py:161} INFO - Started process (PID=39) to work on /home/airflow/.local/lib/python3.12/site-packages/airflow/example_dags/example_python_operator.py
[2024-05-27T08:55:42.459+0000] {processor.py:830} INFO - Processing file /home/airflow/.local/lib/python3.12/site-packages/airflow/example_dags/example_python_operator.py for tasks to queue
[2024-05-27T08:55:42.463+0000] {logging_mixin.py:188} INFO - [2024-05-27T08:55:42.463+0000] {dagbag.py:545} INFO - Filling up the DagBag from /home/airflow/.local/lib/python3.12/site-packages/airflow/example_dags/example_python_operator.py
[2024-05-27T08:55:42.477+0000] {processor.py:840} INFO - DAG(s) 'example_python_operator' retrieved from /home/airflow/.local/lib/python3.12/site-packages/airflow/example_dags/example_python_operator.py
[2024-05-27T08:55:42.491+0000] {logging_mixin.py:188} INFO - [2024-05-27T08:55:42.491+0000] {dag.py:3096} INFO - Sync 1 DAGs
[2024-05-27T08:55:42.504+0000] {logging_mixin.py:188} INFO - [2024-05-27T08:55:42.504+0000] {dag.py:3954} INFO - Setting next_dagrun for example_python_operator to None, run_after=None
[2024-05-27T08:55:42.539+0000] {processor.py:183} INFO - Processing /home/airflow/.local/lib/python3.12/site-packages/airflow/example_dags/example_python_operator.py took 0.092 seconds
[2024-05-27T08:56:48.564+0000] {processor.py:161} INFO - Started process (PID=104) to work on /home/airflow/.local/lib/python3.12/site-packages/airflow/example_dags/example_python_operator.py
[2024-05-27T08:56:48.574+0000] {processor.py:830} INFO - Processing file /home/airflow/.local/lib/python3.12/site-packages/airflow/example_dags/example_python_operator.py for tasks to queue
[2024-05-27T08:56:48.587+0000] {logging_mixin.py:188} INFO - [2024-05-27T08:56:48.587+0000] {dagbag.py:545} INFO - Filling up the DagBag from /home/airflow/.local/lib/python3.12/site-packages/airflow/example_dags/example_python_operator.py
[2024-05-27T08:56:48.666+0000] {processor.py:840} INFO - DAG(s) 'example_python_operator' retrieved from /home/airflow/.local/lib/python3.12/site-packages/airflow/example_dags/example_python_operator.py
[2024-05-27T08:56:50.887+0000] {logging_mixin.py:188} INFO - [2024-05-27T08:56:50.887+0000] {dag.py:3096} INFO - Sync 1 DAGs
[2024-05-27T08:56:50.997+0000] {logging_mixin.py:188} INFO - [2024-05-27T08:56:50.997+0000] {dag.py:3954} INFO - Setting next_dagrun for example_python_operator to None, run_after=None
[2024-05-27T08:56:51.030+0000] {processor.py:183} INFO - Processing /home/airflow/.local/lib/python3.12/site-packages/airflow/example_dags/example_python_operator.py took 2.477 seconds
[2024-05-27T08:59:26.237+0000] {processor.py:161} INFO - Started process (PID=190) to work on /home/airflow/.local/lib/python3.12/site-packages/airflow/example_dags/example_python_operator.py
[2024-05-27T08:59:26.243+0000] {processor.py:830} INFO - Processing file /home/airflow/.local/lib/python3.12/site-packages/airflow/example_dags/example_python_operator.py for tasks to queue
[2024-05-27T08:59:26.264+0000] {logging_mixin.py:188} INFO - [2024-05-27T08:59:26.257+0000] {dagbag.py:545} INFO - Filling up the DagBag from /home/airflow/.local/lib/python3.12/site-packages/airflow/example_dags/example_python_operator.py
[2024-05-27T08:59:26.532+0000] {processor.py:840} INFO - DAG(s) 'example_python_operator' retrieved from /home/airflow/.local/lib/python3.12/site-packages/airflow/example_dags/example_python_operator.py
[2024-05-27T08:59:28.401+0000] {logging_mixin.py:188} INFO - [2024-05-27T08:59:28.391+0000] {dag.py:3096} INFO - Sync 1 DAGs
[2024-05-27T08:59:29.301+0000] {logging_mixin.py:188} INFO - [2024-05-27T08:59:29.271+0000] {dag.py:3954} INFO - Setting next_dagrun for example_python_operator to None, run_after=None
[2024-05-27T08:59:33.422+0000] {processor.py:183} INFO - Processing /home/airflow/.local/lib/python3.12/site-packages/airflow/example_dags/example_python_operator.py took 7.793 seconds
[2024-05-27T09:01:27.698+0000] {processor.py:161} INFO - Started process (PID=249) to work on /home/airflow/.local/lib/python3.12/site-packages/airflow/example_dags/example_python_operator.py
[2024-05-27T09:01:27.701+0000] {processor.py:830} INFO - Processing file /home/airflow/.local/lib/python3.12/site-packages/airflow/example_dags/example_python_operator.py for tasks to queue
[2024-05-27T09:01:27.704+0000] {logging_mixin.py:188} INFO - [2024-05-27T09:01:27.703+0000] {dagbag.py:545} INFO - Filling up the DagBag from /home/airflow/.local/lib/python3.12/site-packages/airflow/example_dags/example_python_operator.py
[2024-05-27T09:01:27.860+0000] {processor.py:840} INFO - DAG(s) 'example_python_operator' retrieved from /home/airflow/.local/lib/python3.12/site-packages/airflow/example_dags/example_python_operator.py
[2024-05-27T09:01:27.961+0000] {logging_mixin.py:188} INFO - [2024-05-27T09:01:27.959+0000] {dag.py:3096} INFO - Sync 1 DAGs
[2024-05-27T09:01:28.183+0000] {logging_mixin.py:188} INFO - [2024-05-27T09:01:28.166+0000] {dag.py:3954} INFO - Setting next_dagrun for example_python_operator to None, run_after=None
[2024-05-27T09:01:32.362+0000] {processor.py:183} INFO - Processing /home/airflow/.local/lib/python3.12/site-packages/airflow/example_dags/example_python_operator.py took 4.675 seconds
[2024-05-27T09:03:26.958+0000] {processor.py:161} INFO - Started process (PID=299) to work on /home/airflow/.local/lib/python3.12/site-packages/airflow/example_dags/example_python_operator.py
[2024-05-27T09:03:26.961+0000] {processor.py:830} INFO - Processing file /home/airflow/.local/lib/python3.12/site-packages/airflow/example_dags/example_python_operator.py for tasks to queue
[2024-05-27T09:03:26.966+0000] {logging_mixin.py:188} INFO - [2024-05-27T09:03:26.965+0000] {dagbag.py:545} INFO - Filling up the DagBag from /home/airflow/.local/lib/python3.12/site-packages/airflow/example_dags/example_python_operator.py
[2024-05-27T09:03:27.109+0000] {processor.py:840} INFO - DAG(s) 'example_python_operator' retrieved from /home/airflow/.local/lib/python3.12/site-packages/airflow/example_dags/example_python_operator.py
[2024-05-27T09:03:28.366+0000] {logging_mixin.py:188} INFO - [2024-05-27T09:03:28.331+0000] {dag.py:3096} INFO - Sync 1 DAGs
[2024-05-27T09:03:29.342+0000] {logging_mixin.py:188} INFO - [2024-05-27T09:03:29.260+0000] {dag.py:3954} INFO - Setting next_dagrun for example_python_operator to None, run_after=None
[2024-05-27T09:03:30.240+0000] {processor.py:183} INFO - Processing /home/airflow/.local/lib/python3.12/site-packages/airflow/example_dags/example_python_operator.py took 3.287 seconds
[2024-05-27T09:05:15.785+0000] {processor.py:161} INFO - Started process (PID=381) to work on /home/airflow/.local/lib/python3.12/site-packages/airflow/example_dags/example_python_operator.py
[2024-05-27T09:05:15.791+0000] {processor.py:830} INFO - Processing file /home/airflow/.local/lib/python3.12/site-packages/airflow/example_dags/example_python_operator.py for tasks to queue
[2024-05-27T09:05:15.795+0000] {logging_mixin.py:188} INFO - [2024-05-27T09:05:15.795+0000] {dagbag.py:545} INFO - Filling up the DagBag from /home/airflow/.local/lib/python3.12/site-packages/airflow/example_dags/example_python_operator.py
[2024-05-27T09:05:15.886+0000] {processor.py:840} INFO - DAG(s) 'example_python_operator' retrieved from /home/airflow/.local/lib/python3.12/site-packages/airflow/example_dags/example_python_operator.py
[2024-05-27T09:05:15.978+0000] {logging_mixin.py:188} INFO - [2024-05-27T09:05:15.977+0000] {dag.py:3096} INFO - Sync 1 DAGs
[2024-05-27T09:05:15.997+0000] {logging_mixin.py:188} INFO - [2024-05-27T09:05:15.997+0000] {dag.py:3954} INFO - Setting next_dagrun for example_python_operator to None, run_after=None
[2024-05-27T09:05:16.033+0000] {processor.py:183} INFO - Processing /home/airflow/.local/lib/python3.12/site-packages/airflow/example_dags/example_python_operator.py took 0.270 seconds
[2024-05-27T09:06:42.701+0000] {processor.py:161} INFO - Started process (PID=440) to work on /home/airflow/.local/lib/python3.12/site-packages/airflow/example_dags/example_python_operator.py
[2024-05-27T09:06:42.710+0000] {processor.py:830} INFO - Processing file /home/airflow/.local/lib/python3.12/site-packages/airflow/example_dags/example_python_operator.py for tasks to queue
[2024-05-27T09:06:42.719+0000] {logging_mixin.py:188} INFO - [2024-05-27T09:06:42.717+0000] {dagbag.py:545} INFO - Filling up the DagBag from /home/airflow/.local/lib/python3.12/site-packages/airflow/example_dags/example_python_operator.py
[2024-05-27T09:06:43.778+0000] {processor.py:840} INFO - DAG(s) 'example_python_operator' retrieved from /home/airflow/.local/lib/python3.12/site-packages/airflow/example_dags/example_python_operator.py
[2024-05-27T09:06:44.230+0000] {logging_mixin.py:188} INFO - [2024-05-27T09:06:44.229+0000] {dag.py:3096} INFO - Sync 1 DAGs
[2024-05-27T09:06:50.887+0000] {logging_mixin.py:188} INFO - [2024-05-27T09:06:50.881+0000] {dag.py:3954} INFO - Setting next_dagrun for example_python_operator to None, run_after=None
[2024-05-27T09:06:51.007+0000] {processor.py:183} INFO - Processing /home/airflow/.local/lib/python3.12/site-packages/airflow/example_dags/example_python_operator.py took 8.326 seconds
[2024-05-27T09:07:37.264+0000] {processor.py:161} INFO - Started process (PID=479) to work on /home/airflow/.local/lib/python3.12/site-packages/airflow/example_dags/example_python_operator.py
[2024-05-27T09:07:37.267+0000] {processor.py:830} INFO - Processing file /home/airflow/.local/lib/python3.12/site-packages/airflow/example_dags/example_python_operator.py for tasks to queue
[2024-05-27T09:07:37.272+0000] {logging_mixin.py:188} INFO - [2024-05-27T09:07:37.269+0000] {dagbag.py:545} INFO - Filling up the DagBag from /home/airflow/.local/lib/python3.12/site-packages/airflow/example_dags/example_python_operator.py
[2024-05-27T09:07:37.321+0000] {processor.py:840} INFO - DAG(s) 'example_python_operator' retrieved from /home/airflow/.local/lib/python3.12/site-packages/airflow/example_dags/example_python_operator.py
[2024-05-27T09:07:37.885+0000] {logging_mixin.py:188} INFO - [2024-05-27T09:07:37.879+0000] {dag.py:3096} INFO - Sync 1 DAGs
[2024-05-27T09:07:37.991+0000] {logging_mixin.py:188} INFO - [2024-05-27T09:07:37.983+0000] {dag.py:3954} INFO - Setting next_dagrun for example_python_operator to None, run_after=None
[2024-05-27T09:07:44.267+0000] {processor.py:183} INFO - Processing /home/airflow/.local/lib/python3.12/site-packages/airflow/example_dags/example_python_operator.py took 7.012 seconds
[2024-05-27T09:08:54.390+0000] {processor.py:161} INFO - Started process (PID=544) to work on /home/airflow/.local/lib/python3.12/site-packages/airflow/example_dags/example_python_operator.py
[2024-05-27T09:08:54.392+0000] {processor.py:830} INFO - Processing file /home/airflow/.local/lib/python3.12/site-packages/airflow/example_dags/example_python_operator.py for tasks to queue
[2024-05-27T09:08:54.394+0000] {logging_mixin.py:188} INFO - [2024-05-27T09:08:54.394+0000] {dagbag.py:545} INFO - Filling up the DagBag from /home/airflow/.local/lib/python3.12/site-packages/airflow/example_dags/example_python_operator.py
[2024-05-27T09:08:54.491+0000] {processor.py:840} INFO - DAG(s) 'example_python_operator' retrieved from /home/airflow/.local/lib/python3.12/site-packages/airflow/example_dags/example_python_operator.py
[2024-05-27T09:08:56.052+0000] {logging_mixin.py:188} INFO - [2024-05-27T09:08:56.015+0000] {dag.py:3096} INFO - Sync 1 DAGs
[2024-05-27T09:09:00.777+0000] {logging_mixin.py:188} INFO - [2024-05-27T09:09:00.777+0000] {dag.py:3954} INFO - Setting next_dagrun for example_python_operator to None, run_after=None
[2024-05-27T09:09:00.825+0000] {processor.py:183} INFO - Processing /home/airflow/.local/lib/python3.12/site-packages/airflow/example_dags/example_python_operator.py took 6.445 seconds
[2024-05-27T09:11:39.546+0000] {processor.py:161} INFO - Started process (PID=39) to work on /home/airflow/.local/lib/python3.12/site-packages/airflow/example_dags/example_python_operator.py
[2024-05-27T09:11:39.549+0000] {processor.py:830} INFO - Processing file /home/airflow/.local/lib/python3.12/site-packages/airflow/example_dags/example_python_operator.py for tasks to queue
[2024-05-27T09:11:39.552+0000] {logging_mixin.py:188} INFO - [2024-05-27T09:11:39.551+0000] {dagbag.py:545} INFO - Filling up the DagBag from /home/airflow/.local/lib/python3.12/site-packages/airflow/example_dags/example_python_operator.py
[2024-05-27T09:11:39.569+0000] {processor.py:840} INFO - DAG(s) 'example_python_operator' retrieved from /home/airflow/.local/lib/python3.12/site-packages/airflow/example_dags/example_python_operator.py
[2024-05-27T09:11:39.580+0000] {logging_mixin.py:188} INFO - [2024-05-27T09:11:39.580+0000] {dag.py:3096} INFO - Sync 1 DAGs
[2024-05-27T09:11:39.592+0000] {logging_mixin.py:188} INFO - [2024-05-27T09:11:39.591+0000] {dag.py:3954} INFO - Setting next_dagrun for example_python_operator to None, run_after=None
[2024-05-27T09:11:39.626+0000] {processor.py:183} INFO - Processing /home/airflow/.local/lib/python3.12/site-packages/airflow/example_dags/example_python_operator.py took 0.085 seconds
[2024-05-27T09:12:20.121+0000] {processor.py:161} INFO - Started process (PID=97) to work on /home/airflow/.local/lib/python3.12/site-packages/airflow/example_dags/example_python_operator.py
[2024-05-27T09:12:20.123+0000] {processor.py:830} INFO - Processing file /home/airflow/.local/lib/python3.12/site-packages/airflow/example_dags/example_python_operator.py for tasks to queue
[2024-05-27T09:12:20.127+0000] {logging_mixin.py:188} INFO - [2024-05-27T09:12:20.126+0000] {dagbag.py:545} INFO - Filling up the DagBag from /home/airflow/.local/lib/python3.12/site-packages/airflow/example_dags/example_python_operator.py
[2024-05-27T09:12:20.153+0000] {processor.py:840} INFO - DAG(s) 'example_python_operator' retrieved from /home/airflow/.local/lib/python3.12/site-packages/airflow/example_dags/example_python_operator.py
[2024-05-27T09:12:23.750+0000] {logging_mixin.py:188} INFO - [2024-05-27T09:12:23.734+0000] {dag.py:3096} INFO - Sync 1 DAGs
[2024-05-27T09:12:27.565+0000] {logging_mixin.py:188} INFO - [2024-05-27T09:12:27.544+0000] {dag.py:3954} INFO - Setting next_dagrun for example_python_operator to None, run_after=None
[2024-05-27T09:12:41.517+0000] {processor.py:183} INFO - Processing /home/airflow/.local/lib/python3.12/site-packages/airflow/example_dags/example_python_operator.py took 21.400 seconds
[2024-05-27T09:24:42.216+0000] {processor.py:161} INFO - Started process (PID=39) to work on /home/airflow/.local/lib/python3.12/site-packages/airflow/example_dags/example_python_operator.py
[2024-05-27T09:24:42.218+0000] {processor.py:830} INFO - Processing file /home/airflow/.local/lib/python3.12/site-packages/airflow/example_dags/example_python_operator.py for tasks to queue
[2024-05-27T09:24:42.220+0000] {logging_mixin.py:188} INFO - [2024-05-27T09:24:42.220+0000] {dagbag.py:545} INFO - Filling up the DagBag from /home/airflow/.local/lib/python3.12/site-packages/airflow/example_dags/example_python_operator.py
[2024-05-27T09:24:42.232+0000] {processor.py:840} INFO - DAG(s) 'example_python_operator' retrieved from /home/airflow/.local/lib/python3.12/site-packages/airflow/example_dags/example_python_operator.py
[2024-05-27T09:24:42.244+0000] {logging_mixin.py:188} INFO - [2024-05-27T09:24:42.244+0000] {dag.py:3096} INFO - Sync 1 DAGs
[2024-05-27T09:24:42.255+0000] {logging_mixin.py:188} INFO - [2024-05-27T09:24:42.255+0000] {dag.py:3954} INFO - Setting next_dagrun for example_python_operator to None, run_after=None
[2024-05-27T09:24:42.275+0000] {processor.py:183} INFO - Processing /home/airflow/.local/lib/python3.12/site-packages/airflow/example_dags/example_python_operator.py took 0.065 seconds
[2024-05-27T09:28:16.341+0000] {processor.py:161} INFO - Started process (PID=40) to work on /home/airflow/.local/lib/python3.12/site-packages/airflow/example_dags/example_python_operator.py
[2024-05-27T09:28:16.344+0000] {processor.py:830} INFO - Processing file /home/airflow/.local/lib/python3.12/site-packages/airflow/example_dags/example_python_operator.py for tasks to queue
[2024-05-27T09:28:16.351+0000] {logging_mixin.py:188} INFO - [2024-05-27T09:28:16.350+0000] {dagbag.py:545} INFO - Filling up the DagBag from /home/airflow/.local/lib/python3.12/site-packages/airflow/example_dags/example_python_operator.py
[2024-05-27T09:28:16.365+0000] {processor.py:840} INFO - DAG(s) 'example_python_operator' retrieved from /home/airflow/.local/lib/python3.12/site-packages/airflow/example_dags/example_python_operator.py
[2024-05-27T09:28:16.404+0000] {logging_mixin.py:188} INFO - [2024-05-27T09:28:16.404+0000] {dag.py:3096} INFO - Sync 1 DAGs
[2024-05-27T09:28:16.467+0000] {logging_mixin.py:188} INFO - [2024-05-27T09:28:16.460+0000] {dag.py:3954} INFO - Setting next_dagrun for example_python_operator to None, run_after=None
[2024-05-27T09:28:16.523+0000] {processor.py:183} INFO - Processing /home/airflow/.local/lib/python3.12/site-packages/airflow/example_dags/example_python_operator.py took 0.190 seconds
[2024-05-27T09:29:27.694+0000] {processor.py:161} INFO - Started process (PID=107) to work on /home/airflow/.local/lib/python3.12/site-packages/airflow/example_dags/example_python_operator.py
[2024-05-27T09:29:27.703+0000] {processor.py:830} INFO - Processing file /home/airflow/.local/lib/python3.12/site-packages/airflow/example_dags/example_python_operator.py for tasks to queue
[2024-05-27T09:29:27.719+0000] {logging_mixin.py:188} INFO - [2024-05-27T09:29:27.712+0000] {dagbag.py:545} INFO - Filling up the DagBag from /home/airflow/.local/lib/python3.12/site-packages/airflow/example_dags/example_python_operator.py
[2024-05-27T09:29:29.062+0000] {processor.py:840} INFO - DAG(s) 'example_python_operator' retrieved from /home/airflow/.local/lib/python3.12/site-packages/airflow/example_dags/example_python_operator.py
[2024-05-27T09:29:36.674+0000] {logging_mixin.py:188} INFO - [2024-05-27T09:29:36.665+0000] {dag.py:3096} INFO - Sync 1 DAGs
[2024-05-27T09:29:36.798+0000] {logging_mixin.py:188} INFO - [2024-05-27T09:29:36.789+0000] {dag.py:3954} INFO - Setting next_dagrun for example_python_operator to None, run_after=None
[2024-05-27T09:29:37.341+0000] {processor.py:183} INFO - Processing /home/airflow/.local/lib/python3.12/site-packages/airflow/example_dags/example_python_operator.py took 9.680 seconds
[2024-05-27T09:31:50.862+0000] {processor.py:161} INFO - Started process (PID=152) to work on /home/airflow/.local/lib/python3.12/site-packages/airflow/example_dags/example_python_operator.py
[2024-05-27T09:31:50.865+0000] {processor.py:830} INFO - Processing file /home/airflow/.local/lib/python3.12/site-packages/airflow/example_dags/example_python_operator.py for tasks to queue
[2024-05-27T09:31:50.869+0000] {logging_mixin.py:188} INFO - [2024-05-27T09:31:50.869+0000] {dagbag.py:545} INFO - Filling up the DagBag from /home/airflow/.local/lib/python3.12/site-packages/airflow/example_dags/example_python_operator.py
[2024-05-27T09:31:50.964+0000] {processor.py:840} INFO - DAG(s) 'example_python_operator' retrieved from /home/airflow/.local/lib/python3.12/site-packages/airflow/example_dags/example_python_operator.py
[2024-05-27T09:31:51.852+0000] {logging_mixin.py:188} INFO - [2024-05-27T09:31:51.845+0000] {dag.py:3096} INFO - Sync 1 DAGs
[2024-05-27T09:31:51.913+0000] {logging_mixin.py:188} INFO - [2024-05-27T09:31:51.900+0000] {dag.py:3954} INFO - Setting next_dagrun for example_python_operator to None, run_after=None
[2024-05-27T09:31:55.473+0000] {processor.py:183} INFO - Processing /home/airflow/.local/lib/python3.12/site-packages/airflow/example_dags/example_python_operator.py took 4.631 seconds
[2024-05-27T09:33:35.654+0000] {processor.py:161} INFO - Started process (PID=40) to work on /home/airflow/.local/lib/python3.12/site-packages/airflow/example_dags/example_python_operator.py
[2024-05-27T09:33:35.658+0000] {processor.py:830} INFO - Processing file /home/airflow/.local/lib/python3.12/site-packages/airflow/example_dags/example_python_operator.py for tasks to queue
[2024-05-27T09:33:35.668+0000] {logging_mixin.py:188} INFO - [2024-05-27T09:33:35.667+0000] {dagbag.py:545} INFO - Filling up the DagBag from /home/airflow/.local/lib/python3.12/site-packages/airflow/example_dags/example_python_operator.py
[2024-05-27T09:33:35.684+0000] {processor.py:840} INFO - DAG(s) 'example_python_operator' retrieved from /home/airflow/.local/lib/python3.12/site-packages/airflow/example_dags/example_python_operator.py
[2024-05-27T09:33:35.714+0000] {logging_mixin.py:188} INFO - [2024-05-27T09:33:35.713+0000] {dag.py:3096} INFO - Sync 1 DAGs
[2024-05-27T09:33:35.739+0000] {logging_mixin.py:188} INFO - [2024-05-27T09:33:35.739+0000] {dag.py:3954} INFO - Setting next_dagrun for example_python_operator to None, run_after=None
[2024-05-27T09:33:35.771+0000] {processor.py:183} INFO - Processing /home/airflow/.local/lib/python3.12/site-packages/airflow/example_dags/example_python_operator.py took 0.122 seconds
[2024-05-27T09:35:14.438+0000] {processor.py:161} INFO - Started process (PID=99) to work on /home/airflow/.local/lib/python3.12/site-packages/airflow/example_dags/example_python_operator.py
[2024-05-27T09:35:14.445+0000] {processor.py:830} INFO - Processing file /home/airflow/.local/lib/python3.12/site-packages/airflow/example_dags/example_python_operator.py for tasks to queue
[2024-05-27T09:35:14.452+0000] {logging_mixin.py:188} INFO - [2024-05-27T09:35:14.450+0000] {dagbag.py:545} INFO - Filling up the DagBag from /home/airflow/.local/lib/python3.12/site-packages/airflow/example_dags/example_python_operator.py
[2024-05-27T09:35:15.080+0000] {processor.py:840} INFO - DAG(s) 'example_python_operator' retrieved from /home/airflow/.local/lib/python3.12/site-packages/airflow/example_dags/example_python_operator.py
[2024-05-27T09:35:16.814+0000] {logging_mixin.py:188} INFO - [2024-05-27T09:35:16.806+0000] {dag.py:3096} INFO - Sync 1 DAGs
[2024-05-27T09:35:17.093+0000] {logging_mixin.py:188} INFO - [2024-05-27T09:35:17.088+0000] {dag.py:3954} INFO - Setting next_dagrun for example_python_operator to None, run_after=None
[2024-05-27T09:35:18.139+0000] {processor.py:183} INFO - Processing /home/airflow/.local/lib/python3.12/site-packages/airflow/example_dags/example_python_operator.py took 3.723 seconds
[2024-05-27T09:39:36.681+0000] {processor.py:161} INFO - Started process (PID=203) to work on /home/airflow/.local/lib/python3.12/site-packages/airflow/example_dags/example_python_operator.py
[2024-05-27T09:39:37.748+0000] {processor.py:830} INFO - Processing file /home/airflow/.local/lib/python3.12/site-packages/airflow/example_dags/example_python_operator.py for tasks to queue
[2024-05-27T09:39:37.768+0000] {logging_mixin.py:188} INFO - [2024-05-27T09:39:37.762+0000] {dagbag.py:545} INFO - Filling up the DagBag from /home/airflow/.local/lib/python3.12/site-packages/airflow/example_dags/example_python_operator.py
[2024-05-27T09:39:40.787+0000] {processor.py:840} INFO - DAG(s) 'example_python_operator' retrieved from /home/airflow/.local/lib/python3.12/site-packages/airflow/example_dags/example_python_operator.py
[2024-05-27T09:39:42.758+0000] {logging_mixin.py:188} INFO - [2024-05-27T09:39:42.721+0000] {dag.py:3096} INFO - Sync 1 DAGs
[2024-05-27T09:39:43.107+0000] {logging_mixin.py:188} INFO - [2024-05-27T09:39:43.090+0000] {dag.py:3954} INFO - Setting next_dagrun for example_python_operator to None, run_after=None
[2024-05-27T09:39:45.305+0000] {processor.py:183} INFO - Processing /home/airflow/.local/lib/python3.12/site-packages/airflow/example_dags/example_python_operator.py took 8.907 seconds
[2024-05-27T09:42:26.599+0000] {processor.py:161} INFO - Started process (PID=278) to work on /home/airflow/.local/lib/python3.12/site-packages/airflow/example_dags/example_python_operator.py
[2024-05-27T09:42:26.608+0000] {processor.py:830} INFO - Processing file /home/airflow/.local/lib/python3.12/site-packages/airflow/example_dags/example_python_operator.py for tasks to queue
[2024-05-27T09:42:26.616+0000] {logging_mixin.py:188} INFO - [2024-05-27T09:42:26.612+0000] {dagbag.py:545} INFO - Filling up the DagBag from /home/airflow/.local/lib/python3.12/site-packages/airflow/example_dags/example_python_operator.py
[2024-05-27T09:42:27.416+0000] {processor.py:840} INFO - DAG(s) 'example_python_operator' retrieved from /home/airflow/.local/lib/python3.12/site-packages/airflow/example_dags/example_python_operator.py
[2024-05-27T09:42:29.290+0000] {logging_mixin.py:188} INFO - [2024-05-27T09:42:29.287+0000] {dag.py:3096} INFO - Sync 1 DAGs
[2024-05-27T09:42:30.117+0000] {logging_mixin.py:188} INFO - [2024-05-27T09:42:30.116+0000] {dag.py:3954} INFO - Setting next_dagrun for example_python_operator to None, run_after=None
[2024-05-27T09:42:30.977+0000] {processor.py:183} INFO - Processing /home/airflow/.local/lib/python3.12/site-packages/airflow/example_dags/example_python_operator.py took 4.423 seconds
[2024-05-27T10:07:08.121+0000] {processor.py:161} INFO - Started process (PID=40) to work on /home/airflow/.local/lib/python3.12/site-packages/airflow/example_dags/example_python_operator.py
[2024-05-27T10:07:08.122+0000] {processor.py:830} INFO - Processing file /home/airflow/.local/lib/python3.12/site-packages/airflow/example_dags/example_python_operator.py for tasks to queue
[2024-05-27T10:07:08.125+0000] {logging_mixin.py:188} INFO - [2024-05-27T10:07:08.125+0000] {dagbag.py:545} INFO - Filling up the DagBag from /home/airflow/.local/lib/python3.12/site-packages/airflow/example_dags/example_python_operator.py
[2024-05-27T10:07:08.144+0000] {processor.py:840} INFO - DAG(s) 'example_python_operator' retrieved from /home/airflow/.local/lib/python3.12/site-packages/airflow/example_dags/example_python_operator.py
[2024-05-27T10:07:08.163+0000] {logging_mixin.py:188} INFO - [2024-05-27T10:07:08.162+0000] {dag.py:3096} INFO - Sync 1 DAGs
[2024-05-27T10:07:08.175+0000] {logging_mixin.py:188} INFO - [2024-05-27T10:07:08.175+0000] {dag.py:3954} INFO - Setting next_dagrun for example_python_operator to None, run_after=None
[2024-05-27T10:07:08.194+0000] {processor.py:183} INFO - Processing /home/airflow/.local/lib/python3.12/site-packages/airflow/example_dags/example_python_operator.py took 0.079 seconds
[2024-05-27T10:07:39.626+0000] {processor.py:161} INFO - Started process (PID=98) to work on /home/airflow/.local/lib/python3.12/site-packages/airflow/example_dags/example_python_operator.py
[2024-05-27T10:07:39.629+0000] {processor.py:830} INFO - Processing file /home/airflow/.local/lib/python3.12/site-packages/airflow/example_dags/example_python_operator.py for tasks to queue
[2024-05-27T10:07:39.631+0000] {logging_mixin.py:188} INFO - [2024-05-27T10:07:39.630+0000] {dagbag.py:545} INFO - Filling up the DagBag from /home/airflow/.local/lib/python3.12/site-packages/airflow/example_dags/example_python_operator.py
[2024-05-27T10:07:39.639+0000] {processor.py:840} INFO - DAG(s) 'example_python_operator' retrieved from /home/airflow/.local/lib/python3.12/site-packages/airflow/example_dags/example_python_operator.py
[2024-05-27T10:07:39.713+0000] {logging_mixin.py:188} INFO - [2024-05-27T10:07:39.712+0000] {dag.py:3096} INFO - Sync 1 DAGs
[2024-05-27T10:07:39.720+0000] {logging_mixin.py:188} INFO - [2024-05-27T10:07:39.720+0000] {dag.py:3954} INFO - Setting next_dagrun for example_python_operator to None, run_after=None
[2024-05-27T10:07:39.735+0000] {processor.py:183} INFO - Processing /home/airflow/.local/lib/python3.12/site-packages/airflow/example_dags/example_python_operator.py took 0.113 seconds
