[2024-05-27T08:51:55.243+0000] {processor.py:161} INFO - Started process (PID=71) to work on /home/airflow/.local/lib/python3.12/site-packages/airflow/example_dags/tutorial.py
[2024-05-27T08:51:55.246+0000] {processor.py:830} INFO - Processing file /home/airflow/.local/lib/python3.12/site-packages/airflow/example_dags/tutorial.py for tasks to queue
[2024-05-27T08:51:55.249+0000] {logging_mixin.py:188} INFO - [2024-05-27T08:51:55.248+0000] {dagbag.py:545} INFO - Filling up the DagBag from /home/airflow/.local/lib/python3.12/site-packages/airflow/example_dags/tutorial.py
[2024-05-27T08:51:55.258+0000] {processor.py:840} INFO - DAG(s) 'tutorial' retrieved from /home/airflow/.local/lib/python3.12/site-packages/airflow/example_dags/tutorial.py
[2024-05-27T08:51:55.344+0000] {logging_mixin.py:188} INFO - [2024-05-27T08:51:55.344+0000] {override.py:1829} INFO - Created Permission View: can edit on DAG:tutorial
[2024-05-27T08:51:55.352+0000] {logging_mixin.py:188} INFO - [2024-05-27T08:51:55.352+0000] {override.py:1829} INFO - Created Permission View: can read on DAG:tutorial
[2024-05-27T08:51:55.359+0000] {logging_mixin.py:188} INFO - [2024-05-27T08:51:55.359+0000] {override.py:1829} INFO - Created Permission View: can delete on DAG:tutorial
[2024-05-27T08:51:55.361+0000] {logging_mixin.py:188} INFO - [2024-05-27T08:51:55.361+0000] {dag.py:3096} INFO - Sync 1 DAGs
[2024-05-27T08:51:55.371+0000] {logging_mixin.py:188} INFO - [2024-05-27T08:51:55.371+0000] {dag.py:3118} INFO - Creating ORM DAG for tutorial
[2024-05-27T08:51:55.382+0000] {logging_mixin.py:188} INFO - [2024-05-27T08:51:55.382+0000] {dag.py:3954} INFO - Setting next_dagrun for tutorial to 2024-05-26 00:00:00+00:00, run_after=2024-05-27 00:00:00+00:00
[2024-05-27T08:51:55.396+0000] {processor.py:183} INFO - Processing /home/airflow/.local/lib/python3.12/site-packages/airflow/example_dags/tutorial.py took 0.157 seconds
[2024-05-27T08:52:26.464+0000] {processor.py:161} INFO - Started process (PID=136) to work on /home/airflow/.local/lib/python3.12/site-packages/airflow/example_dags/tutorial.py
[2024-05-27T08:52:26.466+0000] {processor.py:830} INFO - Processing file /home/airflow/.local/lib/python3.12/site-packages/airflow/example_dags/tutorial.py for tasks to queue
[2024-05-27T08:52:26.470+0000] {logging_mixin.py:188} INFO - [2024-05-27T08:52:26.468+0000] {dagbag.py:545} INFO - Filling up the DagBag from /home/airflow/.local/lib/python3.12/site-packages/airflow/example_dags/tutorial.py
[2024-05-27T08:52:26.480+0000] {processor.py:840} INFO - DAG(s) 'tutorial' retrieved from /home/airflow/.local/lib/python3.12/site-packages/airflow/example_dags/tutorial.py
[2024-05-27T08:52:26.558+0000] {logging_mixin.py:188} INFO - [2024-05-27T08:52:26.555+0000] {dag.py:3096} INFO - Sync 1 DAGs
[2024-05-27T08:52:26.596+0000] {logging_mixin.py:188} INFO - [2024-05-27T08:52:26.595+0000] {dag.py:3954} INFO - Setting next_dagrun for tutorial to 2024-05-26 00:00:00+00:00, run_after=2024-05-27 00:00:00+00:00
[2024-05-27T08:52:26.661+0000] {processor.py:183} INFO - Processing /home/airflow/.local/lib/python3.12/site-packages/airflow/example_dags/tutorial.py took 0.205 seconds
[2024-05-27T08:55:52.332+0000] {processor.py:161} INFO - Started process (PID=71) to work on /home/airflow/.local/lib/python3.12/site-packages/airflow/example_dags/tutorial.py
[2024-05-27T08:55:52.335+0000] {processor.py:830} INFO - Processing file /home/airflow/.local/lib/python3.12/site-packages/airflow/example_dags/tutorial.py for tasks to queue
[2024-05-27T08:55:52.337+0000] {logging_mixin.py:188} INFO - [2024-05-27T08:55:52.337+0000] {dagbag.py:545} INFO - Filling up the DagBag from /home/airflow/.local/lib/python3.12/site-packages/airflow/example_dags/tutorial.py
[2024-05-27T08:55:52.345+0000] {processor.py:840} INFO - DAG(s) 'tutorial' retrieved from /home/airflow/.local/lib/python3.12/site-packages/airflow/example_dags/tutorial.py
[2024-05-27T08:55:52.357+0000] {logging_mixin.py:188} INFO - [2024-05-27T08:55:52.357+0000] {dag.py:3096} INFO - Sync 1 DAGs
[2024-05-27T08:55:52.375+0000] {logging_mixin.py:188} INFO - [2024-05-27T08:55:52.375+0000] {dag.py:3954} INFO - Setting next_dagrun for tutorial to 2024-05-26 00:00:00+00:00, run_after=2024-05-27 00:00:00+00:00
[2024-05-27T08:55:52.398+0000] {processor.py:183} INFO - Processing /home/airflow/.local/lib/python3.12/site-packages/airflow/example_dags/tutorial.py took 0.070 seconds
[2024-05-27T08:58:39.251+0000] {processor.py:161} INFO - Started process (PID=157) to work on /home/airflow/.local/lib/python3.12/site-packages/airflow/example_dags/tutorial.py
[2024-05-27T08:58:39.266+0000] {processor.py:830} INFO - Processing file /home/airflow/.local/lib/python3.12/site-packages/airflow/example_dags/tutorial.py for tasks to queue
[2024-05-27T08:58:39.314+0000] {logging_mixin.py:188} INFO - [2024-05-27T08:58:39.300+0000] {dagbag.py:545} INFO - Filling up the DagBag from /home/airflow/.local/lib/python3.12/site-packages/airflow/example_dags/tutorial.py
[2024-05-27T08:58:39.954+0000] {processor.py:840} INFO - DAG(s) 'tutorial' retrieved from /home/airflow/.local/lib/python3.12/site-packages/airflow/example_dags/tutorial.py
[2024-05-27T08:58:45.738+0000] {logging_mixin.py:188} INFO - [2024-05-27T08:58:45.735+0000] {dag.py:3096} INFO - Sync 1 DAGs
[2024-05-27T08:58:46.006+0000] {logging_mixin.py:188} INFO - [2024-05-27T08:58:45.966+0000] {dag.py:3954} INFO - Setting next_dagrun for tutorial to 2024-05-26 00:00:00+00:00, run_after=2024-05-27 00:00:00+00:00
[2024-05-27T08:58:47.730+0000] {processor.py:183} INFO - Processing /home/airflow/.local/lib/python3.12/site-packages/airflow/example_dags/tutorial.py took 8.655 seconds
[2024-05-27T09:02:33.008+0000] {processor.py:161} INFO - Started process (PID=277) to work on /home/airflow/.local/lib/python3.12/site-packages/airflow/example_dags/tutorial.py
[2024-05-27T09:02:33.022+0000] {processor.py:830} INFO - Processing file /home/airflow/.local/lib/python3.12/site-packages/airflow/example_dags/tutorial.py for tasks to queue
[2024-05-27T09:02:33.029+0000] {logging_mixin.py:188} INFO - [2024-05-27T09:02:33.025+0000] {dagbag.py:545} INFO - Filling up the DagBag from /home/airflow/.local/lib/python3.12/site-packages/airflow/example_dags/tutorial.py
[2024-05-27T09:02:33.088+0000] {processor.py:840} INFO - DAG(s) 'tutorial' retrieved from /home/airflow/.local/lib/python3.12/site-packages/airflow/example_dags/tutorial.py
[2024-05-27T09:02:35.058+0000] {logging_mixin.py:188} INFO - [2024-05-27T09:02:35.045+0000] {dag.py:3096} INFO - Sync 1 DAGs
[2024-05-27T09:02:35.818+0000] {logging_mixin.py:188} INFO - [2024-05-27T09:02:35.816+0000] {dag.py:3954} INFO - Setting next_dagrun for tutorial to 2024-05-26 00:00:00+00:00, run_after=2024-05-27 00:00:00+00:00
[2024-05-27T09:02:35.865+0000] {processor.py:183} INFO - Processing /home/airflow/.local/lib/python3.12/site-packages/airflow/example_dags/tutorial.py took 2.886 seconds
[2024-05-27T09:04:32.565+0000] {processor.py:161} INFO - Started process (PID=343) to work on /home/airflow/.local/lib/python3.12/site-packages/airflow/example_dags/tutorial.py
[2024-05-27T09:04:32.892+0000] {processor.py:830} INFO - Processing file /home/airflow/.local/lib/python3.12/site-packages/airflow/example_dags/tutorial.py for tasks to queue
[2024-05-27T09:04:36.312+0000] {logging_mixin.py:188} INFO - [2024-05-27T09:04:33.315+0000] {dagbag.py:545} INFO - Filling up the DagBag from /home/airflow/.local/lib/python3.12/site-packages/airflow/example_dags/tutorial.py
[2024-05-27T09:04:38.322+0000] {processor.py:840} INFO - DAG(s) 'tutorial' retrieved from /home/airflow/.local/lib/python3.12/site-packages/airflow/example_dags/tutorial.py
[2024-05-27T09:04:40.161+0000] {logging_mixin.py:188} INFO - [2024-05-27T09:04:40.158+0000] {dag.py:3096} INFO - Sync 1 DAGs
[2024-05-27T09:04:41.860+0000] {logging_mixin.py:188} INFO - [2024-05-27T09:04:41.853+0000] {dag.py:3954} INFO - Setting next_dagrun for tutorial to 2024-05-26 00:00:00+00:00, run_after=2024-05-27 00:00:00+00:00
[2024-05-27T09:04:43.556+0000] {processor.py:183} INFO - Processing /home/airflow/.local/lib/python3.12/site-packages/airflow/example_dags/tutorial.py took 10.744 seconds
[2024-05-27T09:06:07.938+0000] {processor.py:161} INFO - Started process (PID=428) to work on /home/airflow/.local/lib/python3.12/site-packages/airflow/example_dags/tutorial.py
[2024-05-27T09:06:07.941+0000] {processor.py:830} INFO - Processing file /home/airflow/.local/lib/python3.12/site-packages/airflow/example_dags/tutorial.py for tasks to queue
[2024-05-27T09:06:07.942+0000] {logging_mixin.py:188} INFO - [2024-05-27T09:06:07.942+0000] {dagbag.py:545} INFO - Filling up the DagBag from /home/airflow/.local/lib/python3.12/site-packages/airflow/example_dags/tutorial.py
[2024-05-27T09:06:07.953+0000] {processor.py:840} INFO - DAG(s) 'tutorial' retrieved from /home/airflow/.local/lib/python3.12/site-packages/airflow/example_dags/tutorial.py
[2024-05-27T09:06:08.045+0000] {logging_mixin.py:188} INFO - [2024-05-27T09:06:08.044+0000] {dag.py:3096} INFO - Sync 1 DAGs
[2024-05-27T09:06:08.098+0000] {logging_mixin.py:188} INFO - [2024-05-27T09:06:08.097+0000] {dag.py:3954} INFO - Setting next_dagrun for tutorial to 2024-05-26 00:00:00+00:00, run_after=2024-05-27 00:00:00+00:00
[2024-05-27T09:06:08.153+0000] {processor.py:183} INFO - Processing /home/airflow/.local/lib/python3.12/site-packages/airflow/example_dags/tutorial.py took 0.231 seconds
[2024-05-27T09:08:04.477+0000] {processor.py:161} INFO - Started process (PID=498) to work on /home/airflow/.local/lib/python3.12/site-packages/airflow/example_dags/tutorial.py
[2024-05-27T09:08:04.480+0000] {processor.py:830} INFO - Processing file /home/airflow/.local/lib/python3.12/site-packages/airflow/example_dags/tutorial.py for tasks to queue
[2024-05-27T09:08:04.482+0000] {logging_mixin.py:188} INFO - [2024-05-27T09:08:04.482+0000] {dagbag.py:545} INFO - Filling up the DagBag from /home/airflow/.local/lib/python3.12/site-packages/airflow/example_dags/tutorial.py
[2024-05-27T09:08:04.497+0000] {processor.py:840} INFO - DAG(s) 'tutorial' retrieved from /home/airflow/.local/lib/python3.12/site-packages/airflow/example_dags/tutorial.py
[2024-05-27T09:08:04.680+0000] {logging_mixin.py:188} INFO - [2024-05-27T09:08:04.671+0000] {dag.py:3096} INFO - Sync 1 DAGs
[2024-05-27T09:08:04.760+0000] {logging_mixin.py:188} INFO - [2024-05-27T09:08:04.759+0000] {dag.py:3954} INFO - Setting next_dagrun for tutorial to 2024-05-26 00:00:00+00:00, run_after=2024-05-27 00:00:00+00:00
[2024-05-27T09:08:09.608+0000] {processor.py:183} INFO - Processing /home/airflow/.local/lib/python3.12/site-packages/airflow/example_dags/tutorial.py took 5.154 seconds
[2024-05-27T09:09:43.135+0000] {processor.py:161} INFO - Started process (PID=570) to work on /home/airflow/.local/lib/python3.12/site-packages/airflow/example_dags/tutorial.py
[2024-05-27T09:09:43.138+0000] {processor.py:830} INFO - Processing file /home/airflow/.local/lib/python3.12/site-packages/airflow/example_dags/tutorial.py for tasks to queue
[2024-05-27T09:09:43.144+0000] {logging_mixin.py:188} INFO - [2024-05-27T09:09:43.140+0000] {dagbag.py:545} INFO - Filling up the DagBag from /home/airflow/.local/lib/python3.12/site-packages/airflow/example_dags/tutorial.py
[2024-05-27T09:09:43.177+0000] {processor.py:840} INFO - DAG(s) 'tutorial' retrieved from /home/airflow/.local/lib/python3.12/site-packages/airflow/example_dags/tutorial.py
[2024-05-27T09:09:45.260+0000] {logging_mixin.py:188} INFO - [2024-05-27T09:09:45.070+0000] {dag.py:3096} INFO - Sync 1 DAGs
[2024-05-27T09:09:49.465+0000] {logging_mixin.py:188} INFO - [2024-05-27T09:09:49.462+0000] {dag.py:3954} INFO - Setting next_dagrun for tutorial to 2024-05-26 00:00:00+00:00, run_after=2024-05-27 00:00:00+00:00
[2024-05-27T09:09:50.199+0000] {processor.py:183} INFO - Processing /home/airflow/.local/lib/python3.12/site-packages/airflow/example_dags/tutorial.py took 7.081 seconds
[2024-05-27T09:11:46.710+0000] {processor.py:161} INFO - Started process (PID=71) to work on /home/airflow/.local/lib/python3.12/site-packages/airflow/example_dags/tutorial.py
[2024-05-27T09:11:46.712+0000] {processor.py:830} INFO - Processing file /home/airflow/.local/lib/python3.12/site-packages/airflow/example_dags/tutorial.py for tasks to queue
[2024-05-27T09:11:46.717+0000] {logging_mixin.py:188} INFO - [2024-05-27T09:11:46.717+0000] {dagbag.py:545} INFO - Filling up the DagBag from /home/airflow/.local/lib/python3.12/site-packages/airflow/example_dags/tutorial.py
[2024-05-27T09:11:46.724+0000] {processor.py:840} INFO - DAG(s) 'tutorial' retrieved from /home/airflow/.local/lib/python3.12/site-packages/airflow/example_dags/tutorial.py
[2024-05-27T09:11:46.750+0000] {logging_mixin.py:188} INFO - [2024-05-27T09:11:46.750+0000] {dag.py:3096} INFO - Sync 1 DAGs
[2024-05-27T09:11:46.766+0000] {logging_mixin.py:188} INFO - [2024-05-27T09:11:46.766+0000] {dag.py:3954} INFO - Setting next_dagrun for tutorial to 2024-05-26 00:00:00+00:00, run_after=2024-05-27 00:00:00+00:00
[2024-05-27T09:11:46.782+0000] {processor.py:183} INFO - Processing /home/airflow/.local/lib/python3.12/site-packages/airflow/example_dags/tutorial.py took 0.077 seconds
[2024-05-27T09:24:47.809+0000] {processor.py:161} INFO - Started process (PID=71) to work on /home/airflow/.local/lib/python3.12/site-packages/airflow/example_dags/tutorial.py
[2024-05-27T09:24:47.810+0000] {processor.py:830} INFO - Processing file /home/airflow/.local/lib/python3.12/site-packages/airflow/example_dags/tutorial.py for tasks to queue
[2024-05-27T09:24:47.813+0000] {logging_mixin.py:188} INFO - [2024-05-27T09:24:47.812+0000] {dagbag.py:545} INFO - Filling up the DagBag from /home/airflow/.local/lib/python3.12/site-packages/airflow/example_dags/tutorial.py
[2024-05-27T09:24:47.818+0000] {processor.py:840} INFO - DAG(s) 'tutorial' retrieved from /home/airflow/.local/lib/python3.12/site-packages/airflow/example_dags/tutorial.py
[2024-05-27T09:24:47.828+0000] {logging_mixin.py:188} INFO - [2024-05-27T09:24:47.828+0000] {dag.py:3096} INFO - Sync 1 DAGs
[2024-05-27T09:24:47.844+0000] {logging_mixin.py:188} INFO - [2024-05-27T09:24:47.843+0000] {dag.py:3954} INFO - Setting next_dagrun for tutorial to 2024-05-26 00:00:00+00:00, run_after=2024-05-27 00:00:00+00:00
[2024-05-27T09:24:47.858+0000] {processor.py:183} INFO - Processing /home/airflow/.local/lib/python3.12/site-packages/airflow/example_dags/tutorial.py took 0.053 seconds
[2024-05-27T09:28:23.303+0000] {processor.py:161} INFO - Started process (PID=72) to work on /home/airflow/.local/lib/python3.12/site-packages/airflow/example_dags/tutorial.py
[2024-05-27T09:28:23.306+0000] {processor.py:830} INFO - Processing file /home/airflow/.local/lib/python3.12/site-packages/airflow/example_dags/tutorial.py for tasks to queue
[2024-05-27T09:28:23.309+0000] {logging_mixin.py:188} INFO - [2024-05-27T09:28:23.308+0000] {dagbag.py:545} INFO - Filling up the DagBag from /home/airflow/.local/lib/python3.12/site-packages/airflow/example_dags/tutorial.py
[2024-05-27T09:28:23.314+0000] {processor.py:840} INFO - DAG(s) 'tutorial' retrieved from /home/airflow/.local/lib/python3.12/site-packages/airflow/example_dags/tutorial.py
[2024-05-27T09:28:23.329+0000] {logging_mixin.py:188} INFO - [2024-05-27T09:28:23.329+0000] {dag.py:3096} INFO - Sync 1 DAGs
[2024-05-27T09:28:23.352+0000] {logging_mixin.py:188} INFO - [2024-05-27T09:28:23.351+0000] {dag.py:3954} INFO - Setting next_dagrun for tutorial to 2024-05-26 00:00:00+00:00, run_after=2024-05-27 00:00:00+00:00
[2024-05-27T09:28:23.372+0000] {processor.py:183} INFO - Processing /home/airflow/.local/lib/python3.12/site-packages/airflow/example_dags/tutorial.py took 0.073 seconds
[2024-05-27T09:33:43.791+0000] {processor.py:161} INFO - Started process (PID=72) to work on /home/airflow/.local/lib/python3.12/site-packages/airflow/example_dags/tutorial.py
[2024-05-27T09:33:43.793+0000] {processor.py:830} INFO - Processing file /home/airflow/.local/lib/python3.12/site-packages/airflow/example_dags/tutorial.py for tasks to queue
[2024-05-27T09:33:43.796+0000] {logging_mixin.py:188} INFO - [2024-05-27T09:33:43.796+0000] {dagbag.py:545} INFO - Filling up the DagBag from /home/airflow/.local/lib/python3.12/site-packages/airflow/example_dags/tutorial.py
[2024-05-27T09:33:43.803+0000] {processor.py:840} INFO - DAG(s) 'tutorial' retrieved from /home/airflow/.local/lib/python3.12/site-packages/airflow/example_dags/tutorial.py
[2024-05-27T09:33:43.819+0000] {logging_mixin.py:188} INFO - [2024-05-27T09:33:43.818+0000] {dag.py:3096} INFO - Sync 1 DAGs
[2024-05-27T09:33:43.840+0000] {logging_mixin.py:188} INFO - [2024-05-27T09:33:43.839+0000] {dag.py:3954} INFO - Setting next_dagrun for tutorial to 2024-05-26 00:00:00+00:00, run_after=2024-05-27 00:00:00+00:00
[2024-05-27T09:33:43.856+0000] {processor.py:183} INFO - Processing /home/airflow/.local/lib/python3.12/site-packages/airflow/example_dags/tutorial.py took 0.070 seconds
[2024-05-27T09:38:18.444+0000] {processor.py:161} INFO - Started process (PID=170) to work on /home/airflow/.local/lib/python3.12/site-packages/airflow/example_dags/tutorial.py
[2024-05-27T09:38:18.463+0000] {processor.py:830} INFO - Processing file /home/airflow/.local/lib/python3.12/site-packages/airflow/example_dags/tutorial.py for tasks to queue
[2024-05-27T09:38:18.505+0000] {logging_mixin.py:188} INFO - [2024-05-27T09:38:18.489+0000] {dagbag.py:545} INFO - Filling up the DagBag from /home/airflow/.local/lib/python3.12/site-packages/airflow/example_dags/tutorial.py
[2024-05-27T09:38:19.148+0000] {processor.py:840} INFO - DAG(s) 'tutorial' retrieved from /home/airflow/.local/lib/python3.12/site-packages/airflow/example_dags/tutorial.py
[2024-05-27T09:38:37.996+0000] {logging_mixin.py:188} INFO - [2024-05-27T09:38:37.994+0000] {dag.py:3096} INFO - Sync 1 DAGs
[2024-05-27T09:38:39.482+0000] {logging_mixin.py:188} INFO - [2024-05-27T09:38:39.478+0000] {dag.py:3954} INFO - Setting next_dagrun for tutorial to 2024-05-26 00:00:00+00:00, run_after=2024-05-27 00:00:00+00:00
[2024-05-27T09:38:39.682+0000] {processor.py:183} INFO - Processing /home/airflow/.local/lib/python3.12/site-packages/airflow/example_dags/tutorial.py took 22.151 seconds
[2024-05-27T09:43:27.115+0000] {processor.py:161} INFO - Started process (PID=307) to work on /home/airflow/.local/lib/python3.12/site-packages/airflow/example_dags/tutorial.py
[2024-05-27T09:43:27.125+0000] {processor.py:830} INFO - Processing file /home/airflow/.local/lib/python3.12/site-packages/airflow/example_dags/tutorial.py for tasks to queue
[2024-05-27T09:43:27.136+0000] {logging_mixin.py:188} INFO - [2024-05-27T09:43:27.127+0000] {dagbag.py:545} INFO - Filling up the DagBag from /home/airflow/.local/lib/python3.12/site-packages/airflow/example_dags/tutorial.py
[2024-05-27T09:43:27.198+0000] {processor.py:840} INFO - DAG(s) 'tutorial' retrieved from /home/airflow/.local/lib/python3.12/site-packages/airflow/example_dags/tutorial.py
[2024-05-27T09:43:32.463+0000] {logging_mixin.py:188} INFO - [2024-05-27T09:43:32.453+0000] {dag.py:3096} INFO - Sync 1 DAGs
[2024-05-27T09:43:39.672+0000] {logging_mixin.py:188} INFO - [2024-05-27T09:43:39.670+0000] {dag.py:3954} INFO - Setting next_dagrun for tutorial to 2024-05-26 00:00:00+00:00, run_after=2024-05-27 00:00:00+00:00
[2024-05-27T09:43:39.861+0000] {processor.py:183} INFO - Processing /home/airflow/.local/lib/python3.12/site-packages/airflow/example_dags/tutorial.py took 12.766 seconds
[2024-05-27T10:07:10.899+0000] {processor.py:161} INFO - Started process (PID=72) to work on /home/airflow/.local/lib/python3.12/site-packages/airflow/example_dags/tutorial.py
[2024-05-27T10:07:10.901+0000] {processor.py:830} INFO - Processing file /home/airflow/.local/lib/python3.12/site-packages/airflow/example_dags/tutorial.py for tasks to queue
[2024-05-27T10:07:10.903+0000] {logging_mixin.py:188} INFO - [2024-05-27T10:07:10.903+0000] {dagbag.py:545} INFO - Filling up the DagBag from /home/airflow/.local/lib/python3.12/site-packages/airflow/example_dags/tutorial.py
[2024-05-27T10:07:10.910+0000] {processor.py:840} INFO - DAG(s) 'tutorial' retrieved from /home/airflow/.local/lib/python3.12/site-packages/airflow/example_dags/tutorial.py
[2024-05-27T10:07:10.920+0000] {logging_mixin.py:188} INFO - [2024-05-27T10:07:10.919+0000] {dag.py:3096} INFO - Sync 1 DAGs
[2024-05-27T10:07:10.936+0000] {logging_mixin.py:188} INFO - [2024-05-27T10:07:10.936+0000] {dag.py:3954} INFO - Setting next_dagrun for tutorial to 2024-05-26 00:00:00+00:00, run_after=2024-05-27 00:00:00+00:00
[2024-05-27T10:07:10.958+0000] {processor.py:183} INFO - Processing /home/airflow/.local/lib/python3.12/site-packages/airflow/example_dags/tutorial.py took 0.063 seconds
[2024-05-27T10:07:42.438+0000] {processor.py:161} INFO - Started process (PID=130) to work on /home/airflow/.local/lib/python3.12/site-packages/airflow/example_dags/tutorial.py
[2024-05-27T10:07:42.440+0000] {processor.py:830} INFO - Processing file /home/airflow/.local/lib/python3.12/site-packages/airflow/example_dags/tutorial.py for tasks to queue
[2024-05-27T10:07:42.442+0000] {logging_mixin.py:188} INFO - [2024-05-27T10:07:42.442+0000] {dagbag.py:545} INFO - Filling up the DagBag from /home/airflow/.local/lib/python3.12/site-packages/airflow/example_dags/tutorial.py
[2024-05-27T10:07:42.447+0000] {processor.py:840} INFO - DAG(s) 'tutorial' retrieved from /home/airflow/.local/lib/python3.12/site-packages/airflow/example_dags/tutorial.py
[2024-05-27T10:07:42.510+0000] {logging_mixin.py:188} INFO - [2024-05-27T10:07:42.509+0000] {dag.py:3096} INFO - Sync 1 DAGs
[2024-05-27T10:07:42.524+0000] {logging_mixin.py:188} INFO - [2024-05-27T10:07:42.524+0000] {dag.py:3954} INFO - Setting next_dagrun for tutorial to 2024-05-26 00:00:00+00:00, run_after=2024-05-27 00:00:00+00:00
[2024-05-27T10:07:42.537+0000] {processor.py:183} INFO - Processing /home/airflow/.local/lib/python3.12/site-packages/airflow/example_dags/tutorial.py took 0.103 seconds
