[2024-05-27T08:51:52.404+0000] {processor.py:161} INFO - Started process (PID=47) to work on /home/airflow/.local/lib/python3.12/site-packages/airflow/example_dags/tutorial_dag.py
[2024-05-27T08:51:52.406+0000] {processor.py:830} INFO - Processing file /home/airflow/.local/lib/python3.12/site-packages/airflow/example_dags/tutorial_dag.py for tasks to queue
[2024-05-27T08:51:52.409+0000] {logging_mixin.py:188} INFO - [2024-05-27T08:51:52.409+0000] {dagbag.py:545} INFO - Filling up the DagBag from /home/airflow/.local/lib/python3.12/site-packages/airflow/example_dags/tutorial_dag.py
[2024-05-27T08:51:52.417+0000] {processor.py:840} INFO - DAG(s) 'tutorial_dag' retrieved from /home/airflow/.local/lib/python3.12/site-packages/airflow/example_dags/tutorial_dag.py
[2024-05-27T08:51:52.492+0000] {logging_mixin.py:188} INFO - [2024-05-27T08:51:52.491+0000] {override.py:1829} INFO - Created Permission View: can edit on DAG:tutorial_dag
[2024-05-27T08:51:52.500+0000] {logging_mixin.py:188} INFO - [2024-05-27T08:51:52.499+0000] {override.py:1829} INFO - Created Permission View: can read on DAG:tutorial_dag
[2024-05-27T08:51:52.505+0000] {logging_mixin.py:188} INFO - [2024-05-27T08:51:52.505+0000] {override.py:1829} INFO - Created Permission View: can delete on DAG:tutorial_dag
[2024-05-27T08:51:52.506+0000] {logging_mixin.py:188} INFO - [2024-05-27T08:51:52.506+0000] {dag.py:3096} INFO - Sync 1 DAGs
[2024-05-27T08:51:52.515+0000] {logging_mixin.py:188} INFO - [2024-05-27T08:51:52.515+0000] {dag.py:3118} INFO - Creating ORM DAG for tutorial_dag
[2024-05-27T08:51:52.516+0000] {logging_mixin.py:188} INFO - [2024-05-27T08:51:52.516+0000] {dag.py:3954} INFO - Setting next_dagrun for tutorial_dag to None, run_after=None
[2024-05-27T08:51:52.529+0000] {processor.py:183} INFO - Processing /home/airflow/.local/lib/python3.12/site-packages/airflow/example_dags/tutorial_dag.py took 0.129 seconds
[2024-05-27T08:52:23.755+0000] {processor.py:161} INFO - Started process (PID=110) to work on /home/airflow/.local/lib/python3.12/site-packages/airflow/example_dags/tutorial_dag.py
[2024-05-27T08:52:23.757+0000] {processor.py:830} INFO - Processing file /home/airflow/.local/lib/python3.12/site-packages/airflow/example_dags/tutorial_dag.py for tasks to queue
[2024-05-27T08:52:23.759+0000] {logging_mixin.py:188} INFO - [2024-05-27T08:52:23.759+0000] {dagbag.py:545} INFO - Filling up the DagBag from /home/airflow/.local/lib/python3.12/site-packages/airflow/example_dags/tutorial_dag.py
[2024-05-27T08:52:23.765+0000] {processor.py:840} INFO - DAG(s) 'tutorial_dag' retrieved from /home/airflow/.local/lib/python3.12/site-packages/airflow/example_dags/tutorial_dag.py
[2024-05-27T08:52:23.784+0000] {logging_mixin.py:188} INFO - [2024-05-27T08:52:23.783+0000] {dag.py:3096} INFO - Sync 1 DAGs
[2024-05-27T08:52:23.795+0000] {logging_mixin.py:188} INFO - [2024-05-27T08:52:23.794+0000] {dag.py:3954} INFO - Setting next_dagrun for tutorial_dag to None, run_after=None
[2024-05-27T08:52:23.810+0000] {processor.py:183} INFO - Processing /home/airflow/.local/lib/python3.12/site-packages/airflow/example_dags/tutorial_dag.py took 0.061 seconds
[2024-05-27T08:55:43.890+0000] {processor.py:161} INFO - Started process (PID=47) to work on /home/airflow/.local/lib/python3.12/site-packages/airflow/example_dags/tutorial_dag.py
[2024-05-27T08:55:43.896+0000] {processor.py:830} INFO - Processing file /home/airflow/.local/lib/python3.12/site-packages/airflow/example_dags/tutorial_dag.py for tasks to queue
[2024-05-27T08:55:43.902+0000] {logging_mixin.py:188} INFO - [2024-05-27T08:55:43.902+0000] {dagbag.py:545} INFO - Filling up the DagBag from /home/airflow/.local/lib/python3.12/site-packages/airflow/example_dags/tutorial_dag.py
[2024-05-27T08:55:43.931+0000] {processor.py:840} INFO - DAG(s) 'tutorial_dag' retrieved from /home/airflow/.local/lib/python3.12/site-packages/airflow/example_dags/tutorial_dag.py
[2024-05-27T08:55:43.970+0000] {logging_mixin.py:188} INFO - [2024-05-27T08:55:43.970+0000] {dag.py:3096} INFO - Sync 1 DAGs
[2024-05-27T08:55:43.996+0000] {logging_mixin.py:188} INFO - [2024-05-27T08:55:43.996+0000] {dag.py:3954} INFO - Setting next_dagrun for tutorial_dag to None, run_after=None
[2024-05-27T08:55:44.082+0000] {processor.py:183} INFO - Processing /home/airflow/.local/lib/python3.12/site-packages/airflow/example_dags/tutorial_dag.py took 0.229 seconds
[2024-05-27T08:56:59.227+0000] {processor.py:161} INFO - Started process (PID=112) to work on /home/airflow/.local/lib/python3.12/site-packages/airflow/example_dags/tutorial_dag.py
[2024-05-27T08:56:59.240+0000] {processor.py:830} INFO - Processing file /home/airflow/.local/lib/python3.12/site-packages/airflow/example_dags/tutorial_dag.py for tasks to queue
[2024-05-27T08:56:59.249+0000] {logging_mixin.py:188} INFO - [2024-05-27T08:56:59.244+0000] {dagbag.py:545} INFO - Filling up the DagBag from /home/airflow/.local/lib/python3.12/site-packages/airflow/example_dags/tutorial_dag.py
[2024-05-27T08:56:59.294+0000] {processor.py:840} INFO - DAG(s) 'tutorial_dag' retrieved from /home/airflow/.local/lib/python3.12/site-packages/airflow/example_dags/tutorial_dag.py
[2024-05-27T08:57:04.407+0000] {logging_mixin.py:188} INFO - [2024-05-27T08:57:04.404+0000] {dag.py:3096} INFO - Sync 1 DAGs
[2024-05-27T08:57:04.422+0000] {logging_mixin.py:188} INFO - [2024-05-27T08:57:04.422+0000] {dag.py:3954} INFO - Setting next_dagrun for tutorial_dag to None, run_after=None
[2024-05-27T08:57:04.483+0000] {processor.py:183} INFO - Processing /home/airflow/.local/lib/python3.12/site-packages/airflow/example_dags/tutorial_dag.py took 5.263 seconds
[2024-05-27T08:59:54.079+0000] {processor.py:161} INFO - Started process (PID=198) to work on /home/airflow/.local/lib/python3.12/site-packages/airflow/example_dags/tutorial_dag.py
[2024-05-27T08:59:54.101+0000] {processor.py:830} INFO - Processing file /home/airflow/.local/lib/python3.12/site-packages/airflow/example_dags/tutorial_dag.py for tasks to queue
[2024-05-27T08:59:54.800+0000] {logging_mixin.py:188} INFO - [2024-05-27T08:59:54.787+0000] {dagbag.py:545} INFO - Filling up the DagBag from /home/airflow/.local/lib/python3.12/site-packages/airflow/example_dags/tutorial_dag.py
[2024-05-27T08:59:54.835+0000] {processor.py:840} INFO - DAG(s) 'tutorial_dag' retrieved from /home/airflow/.local/lib/python3.12/site-packages/airflow/example_dags/tutorial_dag.py
[2024-05-27T08:59:55.437+0000] {logging_mixin.py:188} INFO - [2024-05-27T08:59:55.436+0000] {dag.py:3096} INFO - Sync 1 DAGs
[2024-05-27T08:59:55.454+0000] {logging_mixin.py:188} INFO - [2024-05-27T08:59:55.454+0000] {dag.py:3954} INFO - Setting next_dagrun for tutorial_dag to None, run_after=None
[2024-05-27T08:59:55.494+0000] {processor.py:183} INFO - Processing /home/airflow/.local/lib/python3.12/site-packages/airflow/example_dags/tutorial_dag.py took 1.475 seconds
[2024-05-27T09:01:54.891+0000] {processor.py:161} INFO - Started process (PID=263) to work on /home/airflow/.local/lib/python3.12/site-packages/airflow/example_dags/tutorial_dag.py
[2024-05-27T09:01:54.904+0000] {processor.py:830} INFO - Processing file /home/airflow/.local/lib/python3.12/site-packages/airflow/example_dags/tutorial_dag.py for tasks to queue
[2024-05-27T09:01:54.936+0000] {logging_mixin.py:188} INFO - [2024-05-27T09:01:54.914+0000] {dagbag.py:545} INFO - Filling up the DagBag from /home/airflow/.local/lib/python3.12/site-packages/airflow/example_dags/tutorial_dag.py
[2024-05-27T09:01:58.740+0000] {processor.py:840} INFO - DAG(s) 'tutorial_dag' retrieved from /home/airflow/.local/lib/python3.12/site-packages/airflow/example_dags/tutorial_dag.py
[2024-05-27T09:02:01.894+0000] {logging_mixin.py:188} INFO - [2024-05-27T09:02:01.889+0000] {dag.py:3096} INFO - Sync 1 DAGs
[2024-05-27T09:02:02.241+0000] {logging_mixin.py:188} INFO - [2024-05-27T09:02:02.219+0000] {dag.py:3954} INFO - Setting next_dagrun for tutorial_dag to None, run_after=None
[2024-05-27T09:02:11.226+0000] {processor.py:183} INFO - Processing /home/airflow/.local/lib/python3.12/site-packages/airflow/example_dags/tutorial_dag.py took 17.891 seconds
[2024-05-27T09:03:45.506+0000] {processor.py:161} INFO - Started process (PID=313) to work on /home/airflow/.local/lib/python3.12/site-packages/airflow/example_dags/tutorial_dag.py
[2024-05-27T09:03:45.523+0000] {processor.py:830} INFO - Processing file /home/airflow/.local/lib/python3.12/site-packages/airflow/example_dags/tutorial_dag.py for tasks to queue
[2024-05-27T09:03:45.532+0000] {logging_mixin.py:188} INFO - [2024-05-27T09:03:45.529+0000] {dagbag.py:545} INFO - Filling up the DagBag from /home/airflow/.local/lib/python3.12/site-packages/airflow/example_dags/tutorial_dag.py
[2024-05-27T09:03:45.588+0000] {processor.py:840} INFO - DAG(s) 'tutorial_dag' retrieved from /home/airflow/.local/lib/python3.12/site-packages/airflow/example_dags/tutorial_dag.py
[2024-05-27T09:03:47.075+0000] {logging_mixin.py:188} INFO - [2024-05-27T09:03:47.064+0000] {dag.py:3096} INFO - Sync 1 DAGs
[2024-05-27T09:03:47.147+0000] {logging_mixin.py:188} INFO - [2024-05-27T09:03:47.147+0000] {dag.py:3954} INFO - Setting next_dagrun for tutorial_dag to None, run_after=None
[2024-05-27T09:03:47.212+0000] {processor.py:183} INFO - Processing /home/airflow/.local/lib/python3.12/site-packages/airflow/example_dags/tutorial_dag.py took 1.739 seconds
[2024-05-27T09:05:17.229+0000] {processor.py:161} INFO - Started process (PID=389) to work on /home/airflow/.local/lib/python3.12/site-packages/airflow/example_dags/tutorial_dag.py
[2024-05-27T09:05:17.248+0000] {processor.py:830} INFO - Processing file /home/airflow/.local/lib/python3.12/site-packages/airflow/example_dags/tutorial_dag.py for tasks to queue
[2024-05-27T09:05:17.290+0000] {logging_mixin.py:188} INFO - [2024-05-27T09:05:17.259+0000] {dagbag.py:545} INFO - Filling up the DagBag from /home/airflow/.local/lib/python3.12/site-packages/airflow/example_dags/tutorial_dag.py
[2024-05-27T09:05:18.826+0000] {processor.py:840} INFO - DAG(s) 'tutorial_dag' retrieved from /home/airflow/.local/lib/python3.12/site-packages/airflow/example_dags/tutorial_dag.py
[2024-05-27T09:05:23.127+0000] {logging_mixin.py:188} INFO - [2024-05-27T09:05:23.125+0000] {dag.py:3096} INFO - Sync 1 DAGs
[2024-05-27T09:05:23.193+0000] {logging_mixin.py:188} INFO - [2024-05-27T09:05:23.193+0000] {dag.py:3954} INFO - Setting next_dagrun for tutorial_dag to None, run_after=None
[2024-05-27T09:05:23.224+0000] {processor.py:183} INFO - Processing /home/airflow/.local/lib/python3.12/site-packages/airflow/example_dags/tutorial_dag.py took 6.069 seconds
[2024-05-27T09:07:09.408+0000] {processor.py:161} INFO - Started process (PID=454) to work on /home/airflow/.local/lib/python3.12/site-packages/airflow/example_dags/tutorial_dag.py
[2024-05-27T09:07:09.412+0000] {processor.py:830} INFO - Processing file /home/airflow/.local/lib/python3.12/site-packages/airflow/example_dags/tutorial_dag.py for tasks to queue
[2024-05-27T09:07:09.414+0000] {logging_mixin.py:188} INFO - [2024-05-27T09:07:09.414+0000] {dagbag.py:545} INFO - Filling up the DagBag from /home/airflow/.local/lib/python3.12/site-packages/airflow/example_dags/tutorial_dag.py
[2024-05-27T09:07:09.422+0000] {processor.py:840} INFO - DAG(s) 'tutorial_dag' retrieved from /home/airflow/.local/lib/python3.12/site-packages/airflow/example_dags/tutorial_dag.py
[2024-05-27T09:07:09.510+0000] {logging_mixin.py:188} INFO - [2024-05-27T09:07:09.509+0000] {dag.py:3096} INFO - Sync 1 DAGs
[2024-05-27T09:07:09.549+0000] {logging_mixin.py:188} INFO - [2024-05-27T09:07:09.539+0000] {dag.py:3954} INFO - Setting next_dagrun for tutorial_dag to None, run_after=None
[2024-05-27T09:07:09.633+0000] {processor.py:183} INFO - Processing /home/airflow/.local/lib/python3.12/site-packages/airflow/example_dags/tutorial_dag.py took 0.247 seconds
[2024-05-27T09:08:43.859+0000] {processor.py:161} INFO - Started process (PID=531) to work on /home/airflow/.local/lib/python3.12/site-packages/airflow/example_dags/tutorial_dag.py
[2024-05-27T09:08:43.862+0000] {processor.py:830} INFO - Processing file /home/airflow/.local/lib/python3.12/site-packages/airflow/example_dags/tutorial_dag.py for tasks to queue
[2024-05-27T09:08:43.864+0000] {logging_mixin.py:188} INFO - [2024-05-27T09:08:43.863+0000] {dagbag.py:545} INFO - Filling up the DagBag from /home/airflow/.local/lib/python3.12/site-packages/airflow/example_dags/tutorial_dag.py
[2024-05-27T09:08:43.908+0000] {processor.py:840} INFO - DAG(s) 'tutorial_dag' retrieved from /home/airflow/.local/lib/python3.12/site-packages/airflow/example_dags/tutorial_dag.py
[2024-05-27T09:08:44.121+0000] {logging_mixin.py:188} INFO - [2024-05-27T09:08:44.119+0000] {dag.py:3096} INFO - Sync 1 DAGs
[2024-05-27T09:08:44.223+0000] {logging_mixin.py:188} INFO - [2024-05-27T09:08:44.223+0000] {dag.py:3954} INFO - Setting next_dagrun for tutorial_dag to None, run_after=None
[2024-05-27T09:08:44.287+0000] {processor.py:183} INFO - Processing /home/airflow/.local/lib/python3.12/site-packages/airflow/example_dags/tutorial_dag.py took 0.458 seconds
[2024-05-27T09:11:41.121+0000] {processor.py:161} INFO - Started process (PID=47) to work on /home/airflow/.local/lib/python3.12/site-packages/airflow/example_dags/tutorial_dag.py
[2024-05-27T09:11:41.134+0000] {processor.py:830} INFO - Processing file /home/airflow/.local/lib/python3.12/site-packages/airflow/example_dags/tutorial_dag.py for tasks to queue
[2024-05-27T09:11:41.162+0000] {logging_mixin.py:188} INFO - [2024-05-27T09:11:41.137+0000] {dagbag.py:545} INFO - Filling up the DagBag from /home/airflow/.local/lib/python3.12/site-packages/airflow/example_dags/tutorial_dag.py
[2024-05-27T09:11:41.197+0000] {processor.py:840} INFO - DAG(s) 'tutorial_dag' retrieved from /home/airflow/.local/lib/python3.12/site-packages/airflow/example_dags/tutorial_dag.py
[2024-05-27T09:11:41.256+0000] {logging_mixin.py:188} INFO - [2024-05-27T09:11:41.253+0000] {dag.py:3096} INFO - Sync 1 DAGs
[2024-05-27T09:11:41.347+0000] {logging_mixin.py:188} INFO - [2024-05-27T09:11:41.344+0000] {dag.py:3954} INFO - Setting next_dagrun for tutorial_dag to None, run_after=None
[2024-05-27T09:11:41.431+0000] {processor.py:183} INFO - Processing /home/airflow/.local/lib/python3.12/site-packages/airflow/example_dags/tutorial_dag.py took 0.319 seconds
[2024-05-27T09:13:38.661+0000] {processor.py:161} INFO - Started process (PID=111) to work on /home/airflow/.local/lib/python3.12/site-packages/airflow/example_dags/tutorial_dag.py
[2024-05-27T09:13:38.675+0000] {processor.py:830} INFO - Processing file /home/airflow/.local/lib/python3.12/site-packages/airflow/example_dags/tutorial_dag.py for tasks to queue
[2024-05-27T09:13:39.102+0000] {logging_mixin.py:188} INFO - [2024-05-27T09:13:39.098+0000] {dagbag.py:545} INFO - Filling up the DagBag from /home/airflow/.local/lib/python3.12/site-packages/airflow/example_dags/tutorial_dag.py
[2024-05-27T09:13:39.198+0000] {processor.py:840} INFO - DAG(s) 'tutorial_dag' retrieved from /home/airflow/.local/lib/python3.12/site-packages/airflow/example_dags/tutorial_dag.py
[2024-05-27T09:13:43.087+0000] {logging_mixin.py:188} INFO - [2024-05-27T09:13:43.079+0000] {dag.py:3096} INFO - Sync 1 DAGs
[2024-05-27T09:13:44.220+0000] {logging_mixin.py:188} INFO - [2024-05-27T09:13:44.215+0000] {dag.py:3954} INFO - Setting next_dagrun for tutorial_dag to None, run_after=None
[2024-05-27T09:13:48.453+0000] {processor.py:183} INFO - Processing /home/airflow/.local/lib/python3.12/site-packages/airflow/example_dags/tutorial_dag.py took 9.927 seconds
[2024-05-27T09:24:43.661+0000] {processor.py:161} INFO - Started process (PID=47) to work on /home/airflow/.local/lib/python3.12/site-packages/airflow/example_dags/tutorial_dag.py
[2024-05-27T09:24:43.664+0000] {processor.py:830} INFO - Processing file /home/airflow/.local/lib/python3.12/site-packages/airflow/example_dags/tutorial_dag.py for tasks to queue
[2024-05-27T09:24:43.668+0000] {logging_mixin.py:188} INFO - [2024-05-27T09:24:43.667+0000] {dagbag.py:545} INFO - Filling up the DagBag from /home/airflow/.local/lib/python3.12/site-packages/airflow/example_dags/tutorial_dag.py
[2024-05-27T09:24:43.693+0000] {processor.py:840} INFO - DAG(s) 'tutorial_dag' retrieved from /home/airflow/.local/lib/python3.12/site-packages/airflow/example_dags/tutorial_dag.py
[2024-05-27T09:24:43.727+0000] {logging_mixin.py:188} INFO - [2024-05-27T09:24:43.727+0000] {dag.py:3096} INFO - Sync 1 DAGs
[2024-05-27T09:24:43.741+0000] {logging_mixin.py:188} INFO - [2024-05-27T09:24:43.740+0000] {dag.py:3954} INFO - Setting next_dagrun for tutorial_dag to None, run_after=None
[2024-05-27T09:24:43.795+0000] {processor.py:183} INFO - Processing /home/airflow/.local/lib/python3.12/site-packages/airflow/example_dags/tutorial_dag.py took 0.139 seconds
[2024-05-27T09:28:17.947+0000] {processor.py:161} INFO - Started process (PID=48) to work on /home/airflow/.local/lib/python3.12/site-packages/airflow/example_dags/tutorial_dag.py
[2024-05-27T09:28:17.951+0000] {processor.py:830} INFO - Processing file /home/airflow/.local/lib/python3.12/site-packages/airflow/example_dags/tutorial_dag.py for tasks to queue
[2024-05-27T09:28:17.955+0000] {logging_mixin.py:188} INFO - [2024-05-27T09:28:17.955+0000] {dagbag.py:545} INFO - Filling up the DagBag from /home/airflow/.local/lib/python3.12/site-packages/airflow/example_dags/tutorial_dag.py
[2024-05-27T09:28:17.971+0000] {processor.py:840} INFO - DAG(s) 'tutorial_dag' retrieved from /home/airflow/.local/lib/python3.12/site-packages/airflow/example_dags/tutorial_dag.py
[2024-05-27T09:28:18.014+0000] {logging_mixin.py:188} INFO - [2024-05-27T09:28:18.013+0000] {dag.py:3096} INFO - Sync 1 DAGs
[2024-05-27T09:28:18.063+0000] {logging_mixin.py:188} INFO - [2024-05-27T09:28:18.063+0000] {dag.py:3954} INFO - Setting next_dagrun for tutorial_dag to None, run_after=None
[2024-05-27T09:28:18.263+0000] {processor.py:183} INFO - Processing /home/airflow/.local/lib/python3.12/site-packages/airflow/example_dags/tutorial_dag.py took 0.329 seconds
[2024-05-27T09:30:29.088+0000] {processor.py:161} INFO - Started process (PID=126) to work on /home/airflow/.local/lib/python3.12/site-packages/airflow/example_dags/tutorial_dag.py
[2024-05-27T09:30:29.094+0000] {processor.py:830} INFO - Processing file /home/airflow/.local/lib/python3.12/site-packages/airflow/example_dags/tutorial_dag.py for tasks to queue
[2024-05-27T09:30:29.118+0000] {logging_mixin.py:188} INFO - [2024-05-27T09:30:29.110+0000] {dagbag.py:545} INFO - Filling up the DagBag from /home/airflow/.local/lib/python3.12/site-packages/airflow/example_dags/tutorial_dag.py
[2024-05-27T09:30:29.729+0000] {processor.py:840} INFO - DAG(s) 'tutorial_dag' retrieved from /home/airflow/.local/lib/python3.12/site-packages/airflow/example_dags/tutorial_dag.py
[2024-05-27T09:30:33.373+0000] {logging_mixin.py:188} INFO - [2024-05-27T09:30:33.372+0000] {dag.py:3096} INFO - Sync 1 DAGs
[2024-05-27T09:30:33.394+0000] {logging_mixin.py:188} INFO - [2024-05-27T09:30:33.394+0000] {dag.py:3954} INFO - Setting next_dagrun for tutorial_dag to None, run_after=None
[2024-05-27T09:30:33.500+0000] {processor.py:183} INFO - Processing /home/airflow/.local/lib/python3.12/site-packages/airflow/example_dags/tutorial_dag.py took 4.460 seconds
[2024-05-27T09:33:37.353+0000] {processor.py:161} INFO - Started process (PID=48) to work on /home/airflow/.local/lib/python3.12/site-packages/airflow/example_dags/tutorial_dag.py
[2024-05-27T09:33:37.367+0000] {processor.py:830} INFO - Processing file /home/airflow/.local/lib/python3.12/site-packages/airflow/example_dags/tutorial_dag.py for tasks to queue
[2024-05-27T09:33:37.372+0000] {logging_mixin.py:188} INFO - [2024-05-27T09:33:37.372+0000] {dagbag.py:545} INFO - Filling up the DagBag from /home/airflow/.local/lib/python3.12/site-packages/airflow/example_dags/tutorial_dag.py
[2024-05-27T09:33:37.417+0000] {processor.py:840} INFO - DAG(s) 'tutorial_dag' retrieved from /home/airflow/.local/lib/python3.12/site-packages/airflow/example_dags/tutorial_dag.py
[2024-05-27T09:33:37.511+0000] {logging_mixin.py:188} INFO - [2024-05-27T09:33:37.511+0000] {dag.py:3096} INFO - Sync 1 DAGs
[2024-05-27T09:33:37.560+0000] {logging_mixin.py:188} INFO - [2024-05-27T09:33:37.560+0000] {dag.py:3954} INFO - Setting next_dagrun for tutorial_dag to None, run_after=None
[2024-05-27T09:33:37.649+0000] {processor.py:183} INFO - Processing /home/airflow/.local/lib/python3.12/site-packages/airflow/example_dags/tutorial_dag.py took 0.305 seconds
[2024-05-27T09:35:30.837+0000] {processor.py:161} INFO - Started process (PID=114) to work on /home/airflow/.local/lib/python3.12/site-packages/airflow/example_dags/tutorial_dag.py
[2024-05-27T09:35:30.839+0000] {processor.py:830} INFO - Processing file /home/airflow/.local/lib/python3.12/site-packages/airflow/example_dags/tutorial_dag.py for tasks to queue
[2024-05-27T09:35:30.844+0000] {logging_mixin.py:188} INFO - [2024-05-27T09:35:30.844+0000] {dagbag.py:545} INFO - Filling up the DagBag from /home/airflow/.local/lib/python3.12/site-packages/airflow/example_dags/tutorial_dag.py
[2024-05-27T09:35:30.855+0000] {processor.py:840} INFO - DAG(s) 'tutorial_dag' retrieved from /home/airflow/.local/lib/python3.12/site-packages/airflow/example_dags/tutorial_dag.py
[2024-05-27T09:35:35.348+0000] {logging_mixin.py:188} INFO - [2024-05-27T09:35:35.346+0000] {dag.py:3096} INFO - Sync 1 DAGs
[2024-05-27T09:35:35.510+0000] {logging_mixin.py:188} INFO - [2024-05-27T09:35:35.499+0000] {dag.py:3954} INFO - Setting next_dagrun for tutorial_dag to None, run_after=None
[2024-05-27T09:35:36.299+0000] {processor.py:183} INFO - Processing /home/airflow/.local/lib/python3.12/site-packages/airflow/example_dags/tutorial_dag.py took 5.468 seconds
[2024-05-27T09:39:58.788+0000] {processor.py:161} INFO - Started process (PID=217) to work on /home/airflow/.local/lib/python3.12/site-packages/airflow/example_dags/tutorial_dag.py
[2024-05-27T09:39:58.826+0000] {processor.py:830} INFO - Processing file /home/airflow/.local/lib/python3.12/site-packages/airflow/example_dags/tutorial_dag.py for tasks to queue
[2024-05-27T09:39:59.794+0000] {logging_mixin.py:188} INFO - [2024-05-27T09:39:59.105+0000] {dagbag.py:545} INFO - Filling up the DagBag from /home/airflow/.local/lib/python3.12/site-packages/airflow/example_dags/tutorial_dag.py
[2024-05-27T09:40:04.776+0000] {processor.py:840} INFO - DAG(s) 'tutorial_dag' retrieved from /home/airflow/.local/lib/python3.12/site-packages/airflow/example_dags/tutorial_dag.py
[2024-05-27T09:40:07.132+0000] {logging_mixin.py:188} INFO - [2024-05-27T09:40:07.109+0000] {dag.py:3096} INFO - Sync 1 DAGs
[2024-05-27T09:40:07.555+0000] {logging_mixin.py:188} INFO - [2024-05-27T09:40:07.530+0000] {dag.py:3954} INFO - Setting next_dagrun for tutorial_dag to None, run_after=None
[2024-05-27T09:40:23.330+0000] {processor.py:183} INFO - Processing /home/airflow/.local/lib/python3.12/site-packages/airflow/example_dags/tutorial_dag.py took 24.556 seconds
[2024-05-27T09:42:49.116+0000] {processor.py:161} INFO - Started process (PID=286) to work on /home/airflow/.local/lib/python3.12/site-packages/airflow/example_dags/tutorial_dag.py
[2024-05-27T09:42:49.129+0000] {processor.py:830} INFO - Processing file /home/airflow/.local/lib/python3.12/site-packages/airflow/example_dags/tutorial_dag.py for tasks to queue
[2024-05-27T09:42:49.159+0000] {logging_mixin.py:188} INFO - [2024-05-27T09:42:49.149+0000] {dagbag.py:545} INFO - Filling up the DagBag from /home/airflow/.local/lib/python3.12/site-packages/airflow/example_dags/tutorial_dag.py
[2024-05-27T09:42:49.866+0000] {processor.py:840} INFO - DAG(s) 'tutorial_dag' retrieved from /home/airflow/.local/lib/python3.12/site-packages/airflow/example_dags/tutorial_dag.py
[2024-05-27T09:43:01.796+0000] {logging_mixin.py:188} INFO - [2024-05-27T09:43:01.769+0000] {dag.py:3096} INFO - Sync 1 DAGs
[2024-05-27T09:43:03.019+0000] {logging_mixin.py:188} INFO - [2024-05-27T09:43:03.012+0000] {dag.py:3954} INFO - Setting next_dagrun for tutorial_dag to None, run_after=None
[2024-05-27T09:43:03.353+0000] {processor.py:183} INFO - Processing /home/airflow/.local/lib/python3.12/site-packages/airflow/example_dags/tutorial_dag.py took 14.858 seconds
[2024-05-27T10:07:08.842+0000] {processor.py:161} INFO - Started process (PID=48) to work on /home/airflow/.local/lib/python3.12/site-packages/airflow/example_dags/tutorial_dag.py
[2024-05-27T10:07:08.849+0000] {processor.py:830} INFO - Processing file /home/airflow/.local/lib/python3.12/site-packages/airflow/example_dags/tutorial_dag.py for tasks to queue
[2024-05-27T10:07:08.854+0000] {logging_mixin.py:188} INFO - [2024-05-27T10:07:08.853+0000] {dagbag.py:545} INFO - Filling up the DagBag from /home/airflow/.local/lib/python3.12/site-packages/airflow/example_dags/tutorial_dag.py
[2024-05-27T10:07:08.865+0000] {processor.py:840} INFO - DAG(s) 'tutorial_dag' retrieved from /home/airflow/.local/lib/python3.12/site-packages/airflow/example_dags/tutorial_dag.py
[2024-05-27T10:07:08.900+0000] {logging_mixin.py:188} INFO - [2024-05-27T10:07:08.900+0000] {dag.py:3096} INFO - Sync 1 DAGs
[2024-05-27T10:07:08.922+0000] {logging_mixin.py:188} INFO - [2024-05-27T10:07:08.922+0000] {dag.py:3954} INFO - Setting next_dagrun for tutorial_dag to None, run_after=None
[2024-05-27T10:07:08.944+0000] {processor.py:183} INFO - Processing /home/airflow/.local/lib/python3.12/site-packages/airflow/example_dags/tutorial_dag.py took 0.106 seconds
[2024-05-27T10:07:40.309+0000] {processor.py:161} INFO - Started process (PID=106) to work on /home/airflow/.local/lib/python3.12/site-packages/airflow/example_dags/tutorial_dag.py
[2024-05-27T10:07:40.311+0000] {processor.py:830} INFO - Processing file /home/airflow/.local/lib/python3.12/site-packages/airflow/example_dags/tutorial_dag.py for tasks to queue
[2024-05-27T10:07:40.314+0000] {logging_mixin.py:188} INFO - [2024-05-27T10:07:40.313+0000] {dagbag.py:545} INFO - Filling up the DagBag from /home/airflow/.local/lib/python3.12/site-packages/airflow/example_dags/tutorial_dag.py
[2024-05-27T10:07:40.319+0000] {processor.py:840} INFO - DAG(s) 'tutorial_dag' retrieved from /home/airflow/.local/lib/python3.12/site-packages/airflow/example_dags/tutorial_dag.py
[2024-05-27T10:07:40.431+0000] {logging_mixin.py:188} INFO - [2024-05-27T10:07:40.431+0000] {dag.py:3096} INFO - Sync 1 DAGs
[2024-05-27T10:07:40.439+0000] {logging_mixin.py:188} INFO - [2024-05-27T10:07:40.439+0000] {dag.py:3954} INFO - Setting next_dagrun for tutorial_dag to None, run_after=None
[2024-05-27T10:07:40.455+0000] {processor.py:183} INFO - Processing /home/airflow/.local/lib/python3.12/site-packages/airflow/example_dags/tutorial_dag.py took 0.150 seconds
