[2024-05-27T08:51:51.862+0000] {processor.py:161} INFO - Started process (PID=42) to work on /home/airflow/.local/lib/python3.12/site-packages/airflow/example_dags/tutorial_objectstorage.py
[2024-05-27T08:51:51.864+0000] {processor.py:830} INFO - Processing file /home/airflow/.local/lib/python3.12/site-packages/airflow/example_dags/tutorial_objectstorage.py for tasks to queue
[2024-05-27T08:51:51.866+0000] {logging_mixin.py:188} INFO - [2024-05-27T08:51:51.866+0000] {dagbag.py:545} INFO - Filling up the DagBag from /home/airflow/.local/lib/python3.12/site-packages/airflow/example_dags/tutorial_objectstorage.py
[2024-05-27T08:51:51.877+0000] {processor.py:840} INFO - DAG(s) 'tutorial_objectstorage' retrieved from /home/airflow/.local/lib/python3.12/site-packages/airflow/example_dags/tutorial_objectstorage.py
[2024-05-27T08:51:51.949+0000] {logging_mixin.py:188} INFO - [2024-05-27T08:51:51.949+0000] {override.py:1829} INFO - Created Permission View: can edit on DAG:tutorial_objectstorage
[2024-05-27T08:51:51.957+0000] {logging_mixin.py:188} INFO - [2024-05-27T08:51:51.957+0000] {override.py:1829} INFO - Created Permission View: can read on DAG:tutorial_objectstorage
[2024-05-27T08:51:51.962+0000] {logging_mixin.py:188} INFO - [2024-05-27T08:51:51.962+0000] {override.py:1829} INFO - Created Permission View: can delete on DAG:tutorial_objectstorage
[2024-05-27T08:51:51.964+0000] {logging_mixin.py:188} INFO - [2024-05-27T08:51:51.963+0000] {dag.py:3096} INFO - Sync 1 DAGs
[2024-05-27T08:51:51.972+0000] {logging_mixin.py:188} INFO - [2024-05-27T08:51:51.972+0000] {dag.py:3118} INFO - Creating ORM DAG for tutorial_objectstorage
[2024-05-27T08:51:51.974+0000] {logging_mixin.py:188} INFO - [2024-05-27T08:51:51.974+0000] {dag.py:3954} INFO - Setting next_dagrun for tutorial_objectstorage to None, run_after=None
[2024-05-27T08:51:51.986+0000] {processor.py:183} INFO - Processing /home/airflow/.local/lib/python3.12/site-packages/airflow/example_dags/tutorial_objectstorage.py took 0.128 seconds
[2024-05-27T08:52:23.510+0000] {processor.py:161} INFO - Started process (PID=105) to work on /home/airflow/.local/lib/python3.12/site-packages/airflow/example_dags/tutorial_objectstorage.py
[2024-05-27T08:52:23.511+0000] {processor.py:830} INFO - Processing file /home/airflow/.local/lib/python3.12/site-packages/airflow/example_dags/tutorial_objectstorage.py for tasks to queue
[2024-05-27T08:52:23.514+0000] {logging_mixin.py:188} INFO - [2024-05-27T08:52:23.513+0000] {dagbag.py:545} INFO - Filling up the DagBag from /home/airflow/.local/lib/python3.12/site-packages/airflow/example_dags/tutorial_objectstorage.py
[2024-05-27T08:52:23.522+0000] {processor.py:840} INFO - DAG(s) 'tutorial_objectstorage' retrieved from /home/airflow/.local/lib/python3.12/site-packages/airflow/example_dags/tutorial_objectstorage.py
[2024-05-27T08:52:23.541+0000] {logging_mixin.py:188} INFO - [2024-05-27T08:52:23.541+0000] {dag.py:3096} INFO - Sync 1 DAGs
[2024-05-27T08:52:23.555+0000] {logging_mixin.py:188} INFO - [2024-05-27T08:52:23.555+0000] {dag.py:3954} INFO - Setting next_dagrun for tutorial_objectstorage to None, run_after=None
[2024-05-27T08:52:23.571+0000] {processor.py:183} INFO - Processing /home/airflow/.local/lib/python3.12/site-packages/airflow/example_dags/tutorial_objectstorage.py took 0.066 seconds
[2024-05-27T08:53:53.128+0000] {processor.py:161} INFO - Started process (PID=157) to work on /home/airflow/.local/lib/python3.12/site-packages/airflow/example_dags/tutorial_objectstorage.py
[2024-05-27T08:53:53.131+0000] {processor.py:830} INFO - Processing file /home/airflow/.local/lib/python3.12/site-packages/airflow/example_dags/tutorial_objectstorage.py for tasks to queue
[2024-05-27T08:53:53.135+0000] {logging_mixin.py:188} INFO - [2024-05-27T08:53:53.133+0000] {dagbag.py:545} INFO - Filling up the DagBag from /home/airflow/.local/lib/python3.12/site-packages/airflow/example_dags/tutorial_objectstorage.py
[2024-05-27T08:53:53.160+0000] {processor.py:840} INFO - DAG(s) 'tutorial_objectstorage' retrieved from /home/airflow/.local/lib/python3.12/site-packages/airflow/example_dags/tutorial_objectstorage.py
[2024-05-27T08:53:53.186+0000] {logging_mixin.py:188} INFO - [2024-05-27T08:53:53.185+0000] {dag.py:3096} INFO - Sync 1 DAGs
[2024-05-27T08:53:53.199+0000] {logging_mixin.py:188} INFO - [2024-05-27T08:53:53.199+0000] {dag.py:3954} INFO - Setting next_dagrun for tutorial_objectstorage to None, run_after=None
[2024-05-27T08:53:53.234+0000] {processor.py:183} INFO - Processing /home/airflow/.local/lib/python3.12/site-packages/airflow/example_dags/tutorial_objectstorage.py took 0.116 seconds
[2024-05-27T08:55:43.122+0000] {processor.py:161} INFO - Started process (PID=42) to work on /home/airflow/.local/lib/python3.12/site-packages/airflow/example_dags/tutorial_objectstorage.py
[2024-05-27T08:55:43.126+0000] {processor.py:830} INFO - Processing file /home/airflow/.local/lib/python3.12/site-packages/airflow/example_dags/tutorial_objectstorage.py for tasks to queue
[2024-05-27T08:55:43.131+0000] {logging_mixin.py:188} INFO - [2024-05-27T08:55:43.130+0000] {dagbag.py:545} INFO - Filling up the DagBag from /home/airflow/.local/lib/python3.12/site-packages/airflow/example_dags/tutorial_objectstorage.py
[2024-05-27T08:55:43.144+0000] {processor.py:840} INFO - DAG(s) 'tutorial_objectstorage' retrieved from /home/airflow/.local/lib/python3.12/site-packages/airflow/example_dags/tutorial_objectstorage.py
[2024-05-27T08:55:43.175+0000] {logging_mixin.py:188} INFO - [2024-05-27T08:55:43.175+0000] {dag.py:3096} INFO - Sync 1 DAGs
[2024-05-27T08:55:43.195+0000] {logging_mixin.py:188} INFO - [2024-05-27T08:55:43.195+0000] {dag.py:3954} INFO - Setting next_dagrun for tutorial_objectstorage to None, run_after=None
[2024-05-27T08:55:43.253+0000] {processor.py:183} INFO - Processing /home/airflow/.local/lib/python3.12/site-packages/airflow/example_dags/tutorial_objectstorage.py took 0.140 seconds
[2024-05-27T08:56:53.599+0000] {processor.py:161} INFO - Started process (PID=107) to work on /home/airflow/.local/lib/python3.12/site-packages/airflow/example_dags/tutorial_objectstorage.py
[2024-05-27T08:56:53.615+0000] {processor.py:830} INFO - Processing file /home/airflow/.local/lib/python3.12/site-packages/airflow/example_dags/tutorial_objectstorage.py for tasks to queue
[2024-05-27T08:56:54.076+0000] {logging_mixin.py:188} INFO - [2024-05-27T08:56:54.068+0000] {dagbag.py:545} INFO - Filling up the DagBag from /home/airflow/.local/lib/python3.12/site-packages/airflow/example_dags/tutorial_objectstorage.py
[2024-05-27T08:56:54.153+0000] {processor.py:840} INFO - DAG(s) 'tutorial_objectstorage' retrieved from /home/airflow/.local/lib/python3.12/site-packages/airflow/example_dags/tutorial_objectstorage.py
[2024-05-27T08:56:55.924+0000] {logging_mixin.py:188} INFO - [2024-05-27T08:56:55.923+0000] {dag.py:3096} INFO - Sync 1 DAGs
[2024-05-27T08:56:55.937+0000] {logging_mixin.py:188} INFO - [2024-05-27T08:56:55.937+0000] {dag.py:3954} INFO - Setting next_dagrun for tutorial_objectstorage to None, run_after=None
[2024-05-27T08:56:55.969+0000] {processor.py:183} INFO - Processing /home/airflow/.local/lib/python3.12/site-packages/airflow/example_dags/tutorial_objectstorage.py took 2.439 seconds
[2024-05-27T08:59:33.684+0000] {processor.py:161} INFO - Started process (PID=193) to work on /home/airflow/.local/lib/python3.12/site-packages/airflow/example_dags/tutorial_objectstorage.py
[2024-05-27T08:59:33.694+0000] {processor.py:830} INFO - Processing file /home/airflow/.local/lib/python3.12/site-packages/airflow/example_dags/tutorial_objectstorage.py for tasks to queue
[2024-05-27T08:59:33.721+0000] {logging_mixin.py:188} INFO - [2024-05-27T08:59:33.718+0000] {dagbag.py:545} INFO - Filling up the DagBag from /home/airflow/.local/lib/python3.12/site-packages/airflow/example_dags/tutorial_objectstorage.py
[2024-05-27T08:59:35.885+0000] {processor.py:840} INFO - DAG(s) 'tutorial_objectstorage' retrieved from /home/airflow/.local/lib/python3.12/site-packages/airflow/example_dags/tutorial_objectstorage.py
[2024-05-27T08:59:40.002+0000] {logging_mixin.py:188} INFO - [2024-05-27T08:59:39.981+0000] {dag.py:3096} INFO - Sync 1 DAGs
[2024-05-27T08:59:42.429+0000] {logging_mixin.py:188} INFO - [2024-05-27T08:59:42.428+0000] {dag.py:3954} INFO - Setting next_dagrun for tutorial_objectstorage to None, run_after=None
[2024-05-27T08:59:42.628+0000] {processor.py:183} INFO - Processing /home/airflow/.local/lib/python3.12/site-packages/airflow/example_dags/tutorial_objectstorage.py took 8.978 seconds
[2024-05-27T09:01:37.638+0000] {processor.py:161} INFO - Started process (PID=257) to work on /home/airflow/.local/lib/python3.12/site-packages/airflow/example_dags/tutorial_objectstorage.py
[2024-05-27T09:01:37.642+0000] {processor.py:830} INFO - Processing file /home/airflow/.local/lib/python3.12/site-packages/airflow/example_dags/tutorial_objectstorage.py for tasks to queue
[2024-05-27T09:01:37.644+0000] {logging_mixin.py:188} INFO - [2024-05-27T09:01:37.644+0000] {dagbag.py:545} INFO - Filling up the DagBag from /home/airflow/.local/lib/python3.12/site-packages/airflow/example_dags/tutorial_objectstorage.py
[2024-05-27T09:01:37.765+0000] {processor.py:840} INFO - DAG(s) 'tutorial_objectstorage' retrieved from /home/airflow/.local/lib/python3.12/site-packages/airflow/example_dags/tutorial_objectstorage.py
[2024-05-27T09:01:38.411+0000] {logging_mixin.py:188} INFO - [2024-05-27T09:01:38.406+0000] {dag.py:3096} INFO - Sync 1 DAGs
[2024-05-27T09:01:38.424+0000] {logging_mixin.py:188} INFO - [2024-05-27T09:01:38.424+0000] {dag.py:3954} INFO - Setting next_dagrun for tutorial_objectstorage to None, run_after=None
[2024-05-27T09:01:38.480+0000] {processor.py:183} INFO - Processing /home/airflow/.local/lib/python3.12/site-packages/airflow/example_dags/tutorial_objectstorage.py took 0.855 seconds
[2024-05-27T09:03:38.912+0000] {processor.py:161} INFO - Started process (PID=308) to work on /home/airflow/.local/lib/python3.12/site-packages/airflow/example_dags/tutorial_objectstorage.py
[2024-05-27T09:03:38.917+0000] {processor.py:830} INFO - Processing file /home/airflow/.local/lib/python3.12/site-packages/airflow/example_dags/tutorial_objectstorage.py for tasks to queue
[2024-05-27T09:03:38.927+0000] {logging_mixin.py:188} INFO - [2024-05-27T09:03:38.924+0000] {dagbag.py:545} INFO - Filling up the DagBag from /home/airflow/.local/lib/python3.12/site-packages/airflow/example_dags/tutorial_objectstorage.py
[2024-05-27T09:03:40.484+0000] {processor.py:840} INFO - DAG(s) 'tutorial_objectstorage' retrieved from /home/airflow/.local/lib/python3.12/site-packages/airflow/example_dags/tutorial_objectstorage.py
[2024-05-27T09:03:42.892+0000] {logging_mixin.py:188} INFO - [2024-05-27T09:03:42.886+0000] {dag.py:3096} INFO - Sync 1 DAGs
[2024-05-27T09:03:42.942+0000] {logging_mixin.py:188} INFO - [2024-05-27T09:03:42.941+0000] {dag.py:3954} INFO - Setting next_dagrun for tutorial_objectstorage to None, run_after=None
[2024-05-27T09:03:42.977+0000] {processor.py:183} INFO - Processing /home/airflow/.local/lib/python3.12/site-packages/airflow/example_dags/tutorial_objectstorage.py took 4.086 seconds
[2024-05-27T09:05:16.479+0000] {processor.py:161} INFO - Started process (PID=384) to work on /home/airflow/.local/lib/python3.12/site-packages/airflow/example_dags/tutorial_objectstorage.py
[2024-05-27T09:05:16.481+0000] {processor.py:830} INFO - Processing file /home/airflow/.local/lib/python3.12/site-packages/airflow/example_dags/tutorial_objectstorage.py for tasks to queue
[2024-05-27T09:05:16.484+0000] {logging_mixin.py:188} INFO - [2024-05-27T09:05:16.483+0000] {dagbag.py:545} INFO - Filling up the DagBag from /home/airflow/.local/lib/python3.12/site-packages/airflow/example_dags/tutorial_objectstorage.py
[2024-05-27T09:05:16.515+0000] {processor.py:840} INFO - DAG(s) 'tutorial_objectstorage' retrieved from /home/airflow/.local/lib/python3.12/site-packages/airflow/example_dags/tutorial_objectstorage.py
[2024-05-27T09:05:16.561+0000] {logging_mixin.py:188} INFO - [2024-05-27T09:05:16.561+0000] {dag.py:3096} INFO - Sync 1 DAGs
[2024-05-27T09:05:16.572+0000] {logging_mixin.py:188} INFO - [2024-05-27T09:05:16.572+0000] {dag.py:3954} INFO - Setting next_dagrun for tutorial_objectstorage to None, run_after=None
[2024-05-27T09:05:16.628+0000] {processor.py:183} INFO - Processing /home/airflow/.local/lib/python3.12/site-packages/airflow/example_dags/tutorial_objectstorage.py took 0.157 seconds
[2024-05-27T09:06:55.075+0000] {processor.py:161} INFO - Started process (PID=443) to work on /home/airflow/.local/lib/python3.12/site-packages/airflow/example_dags/tutorial_objectstorage.py
[2024-05-27T09:06:55.083+0000] {processor.py:830} INFO - Processing file /home/airflow/.local/lib/python3.12/site-packages/airflow/example_dags/tutorial_objectstorage.py for tasks to queue
[2024-05-27T09:06:55.087+0000] {logging_mixin.py:188} INFO - [2024-05-27T09:06:55.086+0000] {dagbag.py:545} INFO - Filling up the DagBag from /home/airflow/.local/lib/python3.12/site-packages/airflow/example_dags/tutorial_objectstorage.py
[2024-05-27T09:06:55.184+0000] {processor.py:840} INFO - DAG(s) 'tutorial_objectstorage' retrieved from /home/airflow/.local/lib/python3.12/site-packages/airflow/example_dags/tutorial_objectstorage.py
[2024-05-27T09:06:59.668+0000] {logging_mixin.py:188} INFO - [2024-05-27T09:06:59.662+0000] {dag.py:3096} INFO - Sync 1 DAGs
[2024-05-27T09:07:00.128+0000] {logging_mixin.py:188} INFO - [2024-05-27T09:07:00.115+0000] {dag.py:3954} INFO - Setting next_dagrun for tutorial_objectstorage to None, run_after=None
[2024-05-27T09:07:00.236+0000] {processor.py:183} INFO - Processing /home/airflow/.local/lib/python3.12/site-packages/airflow/example_dags/tutorial_objectstorage.py took 5.657 seconds
[2024-05-27T09:08:38.841+0000] {processor.py:161} INFO - Started process (PID=526) to work on /home/airflow/.local/lib/python3.12/site-packages/airflow/example_dags/tutorial_objectstorage.py
[2024-05-27T09:08:38.856+0000] {processor.py:830} INFO - Processing file /home/airflow/.local/lib/python3.12/site-packages/airflow/example_dags/tutorial_objectstorage.py for tasks to queue
[2024-05-27T09:08:38.867+0000] {logging_mixin.py:188} INFO - [2024-05-27T09:08:38.867+0000] {dagbag.py:545} INFO - Filling up the DagBag from /home/airflow/.local/lib/python3.12/site-packages/airflow/example_dags/tutorial_objectstorage.py
[2024-05-27T09:08:38.924+0000] {processor.py:840} INFO - DAG(s) 'tutorial_objectstorage' retrieved from /home/airflow/.local/lib/python3.12/site-packages/airflow/example_dags/tutorial_objectstorage.py
[2024-05-27T09:08:39.459+0000] {logging_mixin.py:188} INFO - [2024-05-27T09:08:39.025+0000] {dag.py:3096} INFO - Sync 1 DAGs
[2024-05-27T09:08:40.218+0000] {logging_mixin.py:188} INFO - [2024-05-27T09:08:40.216+0000] {dag.py:3954} INFO - Setting next_dagrun for tutorial_objectstorage to None, run_after=None
[2024-05-27T09:08:40.271+0000] {processor.py:183} INFO - Processing /home/airflow/.local/lib/python3.12/site-packages/airflow/example_dags/tutorial_objectstorage.py took 1.436 seconds
[2024-05-27T09:11:40.250+0000] {processor.py:161} INFO - Started process (PID=42) to work on /home/airflow/.local/lib/python3.12/site-packages/airflow/example_dags/tutorial_objectstorage.py
[2024-05-27T09:11:40.252+0000] {processor.py:830} INFO - Processing file /home/airflow/.local/lib/python3.12/site-packages/airflow/example_dags/tutorial_objectstorage.py for tasks to queue
[2024-05-27T09:11:40.257+0000] {logging_mixin.py:188} INFO - [2024-05-27T09:11:40.257+0000] {dagbag.py:545} INFO - Filling up the DagBag from /home/airflow/.local/lib/python3.12/site-packages/airflow/example_dags/tutorial_objectstorage.py
[2024-05-27T09:11:40.278+0000] {processor.py:840} INFO - DAG(s) 'tutorial_objectstorage' retrieved from /home/airflow/.local/lib/python3.12/site-packages/airflow/example_dags/tutorial_objectstorage.py
[2024-05-27T09:11:40.297+0000] {logging_mixin.py:188} INFO - [2024-05-27T09:11:40.297+0000] {dag.py:3096} INFO - Sync 1 DAGs
[2024-05-27T09:11:40.415+0000] {logging_mixin.py:188} INFO - [2024-05-27T09:11:40.414+0000] {dag.py:3954} INFO - Setting next_dagrun for tutorial_objectstorage to None, run_after=None
[2024-05-27T09:11:40.541+0000] {processor.py:183} INFO - Processing /home/airflow/.local/lib/python3.12/site-packages/airflow/example_dags/tutorial_objectstorage.py took 0.299 seconds
[2024-05-27T09:13:04.046+0000] {processor.py:161} INFO - Started process (PID=100) to work on /home/airflow/.local/lib/python3.12/site-packages/airflow/example_dags/tutorial_objectstorage.py
[2024-05-27T09:13:04.050+0000] {processor.py:830} INFO - Processing file /home/airflow/.local/lib/python3.12/site-packages/airflow/example_dags/tutorial_objectstorage.py for tasks to queue
[2024-05-27T09:13:04.055+0000] {logging_mixin.py:188} INFO - [2024-05-27T09:13:04.054+0000] {dagbag.py:545} INFO - Filling up the DagBag from /home/airflow/.local/lib/python3.12/site-packages/airflow/example_dags/tutorial_objectstorage.py
[2024-05-27T09:13:04.121+0000] {processor.py:840} INFO - DAG(s) 'tutorial_objectstorage' retrieved from /home/airflow/.local/lib/python3.12/site-packages/airflow/example_dags/tutorial_objectstorage.py
[2024-05-27T09:13:20.477+0000] {logging_mixin.py:188} INFO - [2024-05-27T09:13:20.456+0000] {dag.py:3096} INFO - Sync 1 DAGs
[2024-05-27T09:13:21.320+0000] {logging_mixin.py:188} INFO - [2024-05-27T09:13:21.309+0000] {dag.py:3954} INFO - Setting next_dagrun for tutorial_objectstorage to None, run_after=None
[2024-05-27T09:13:21.849+0000] {processor.py:183} INFO - Processing /home/airflow/.local/lib/python3.12/site-packages/airflow/example_dags/tutorial_objectstorage.py took 18.101 seconds
[2024-05-27T09:24:42.923+0000] {processor.py:161} INFO - Started process (PID=42) to work on /home/airflow/.local/lib/python3.12/site-packages/airflow/example_dags/tutorial_objectstorage.py
[2024-05-27T09:24:42.926+0000] {processor.py:830} INFO - Processing file /home/airflow/.local/lib/python3.12/site-packages/airflow/example_dags/tutorial_objectstorage.py for tasks to queue
[2024-05-27T09:24:42.931+0000] {logging_mixin.py:188} INFO - [2024-05-27T09:24:42.929+0000] {dagbag.py:545} INFO - Filling up the DagBag from /home/airflow/.local/lib/python3.12/site-packages/airflow/example_dags/tutorial_objectstorage.py
[2024-05-27T09:24:42.958+0000] {processor.py:840} INFO - DAG(s) 'tutorial_objectstorage' retrieved from /home/airflow/.local/lib/python3.12/site-packages/airflow/example_dags/tutorial_objectstorage.py
[2024-05-27T09:24:43.004+0000] {logging_mixin.py:188} INFO - [2024-05-27T09:24:43.004+0000] {dag.py:3096} INFO - Sync 1 DAGs
[2024-05-27T09:24:43.048+0000] {logging_mixin.py:188} INFO - [2024-05-27T09:24:43.047+0000] {dag.py:3954} INFO - Setting next_dagrun for tutorial_objectstorage to None, run_after=None
[2024-05-27T09:24:43.133+0000] {processor.py:183} INFO - Processing /home/airflow/.local/lib/python3.12/site-packages/airflow/example_dags/tutorial_objectstorage.py took 0.223 seconds
[2024-05-27T09:28:17.031+0000] {processor.py:161} INFO - Started process (PID=43) to work on /home/airflow/.local/lib/python3.12/site-packages/airflow/example_dags/tutorial_objectstorage.py
[2024-05-27T09:28:17.035+0000] {processor.py:830} INFO - Processing file /home/airflow/.local/lib/python3.12/site-packages/airflow/example_dags/tutorial_objectstorage.py for tasks to queue
[2024-05-27T09:28:17.040+0000] {logging_mixin.py:188} INFO - [2024-05-27T09:28:17.039+0000] {dagbag.py:545} INFO - Filling up the DagBag from /home/airflow/.local/lib/python3.12/site-packages/airflow/example_dags/tutorial_objectstorage.py
[2024-05-27T09:28:17.061+0000] {processor.py:840} INFO - DAG(s) 'tutorial_objectstorage' retrieved from /home/airflow/.local/lib/python3.12/site-packages/airflow/example_dags/tutorial_objectstorage.py
[2024-05-27T09:28:17.079+0000] {logging_mixin.py:188} INFO - [2024-05-27T09:28:17.079+0000] {dag.py:3096} INFO - Sync 1 DAGs
[2024-05-27T09:28:17.099+0000] {logging_mixin.py:188} INFO - [2024-05-27T09:28:17.099+0000] {dag.py:3954} INFO - Setting next_dagrun for tutorial_objectstorage to None, run_after=None
[2024-05-27T09:28:17.153+0000] {processor.py:183} INFO - Processing /home/airflow/.local/lib/python3.12/site-packages/airflow/example_dags/tutorial_objectstorage.py took 0.132 seconds
[2024-05-27T09:29:38.559+0000] {processor.py:161} INFO - Started process (PID=115) to work on /home/airflow/.local/lib/python3.12/site-packages/airflow/example_dags/tutorial_objectstorage.py
[2024-05-27T09:29:38.564+0000] {processor.py:830} INFO - Processing file /home/airflow/.local/lib/python3.12/site-packages/airflow/example_dags/tutorial_objectstorage.py for tasks to queue
[2024-05-27T09:29:38.569+0000] {logging_mixin.py:188} INFO - [2024-05-27T09:29:38.568+0000] {dagbag.py:545} INFO - Filling up the DagBag from /home/airflow/.local/lib/python3.12/site-packages/airflow/example_dags/tutorial_objectstorage.py
[2024-05-27T09:29:39.083+0000] {processor.py:840} INFO - DAG(s) 'tutorial_objectstorage' retrieved from /home/airflow/.local/lib/python3.12/site-packages/airflow/example_dags/tutorial_objectstorage.py
[2024-05-27T09:29:57.441+0000] {logging_mixin.py:188} INFO - [2024-05-27T09:29:57.438+0000] {dag.py:3096} INFO - Sync 1 DAGs
[2024-05-27T09:29:57.545+0000] {logging_mixin.py:188} INFO - [2024-05-27T09:29:57.543+0000] {dag.py:3954} INFO - Setting next_dagrun for tutorial_objectstorage to None, run_after=None
[2024-05-27T09:29:57.593+0000] {processor.py:183} INFO - Processing /home/airflow/.local/lib/python3.12/site-packages/airflow/example_dags/tutorial_objectstorage.py took 19.048 seconds
[2024-05-27T09:32:08.168+0000] {processor.py:161} INFO - Started process (PID=155) to work on /home/airflow/.local/lib/python3.12/site-packages/airflow/example_dags/tutorial_objectstorage.py
[2024-05-27T09:32:08.174+0000] {processor.py:830} INFO - Processing file /home/airflow/.local/lib/python3.12/site-packages/airflow/example_dags/tutorial_objectstorage.py for tasks to queue
[2024-05-27T09:32:08.192+0000] {logging_mixin.py:188} INFO - [2024-05-27T09:32:08.189+0000] {dagbag.py:545} INFO - Filling up the DagBag from /home/airflow/.local/lib/python3.12/site-packages/airflow/example_dags/tutorial_objectstorage.py
[2024-05-27T09:32:08.585+0000] {processor.py:840} INFO - DAG(s) 'tutorial_objectstorage' retrieved from /home/airflow/.local/lib/python3.12/site-packages/airflow/example_dags/tutorial_objectstorage.py
[2024-05-27T09:32:09.036+0000] {logging_mixin.py:188} INFO - [2024-05-27T09:32:09.033+0000] {dag.py:3096} INFO - Sync 1 DAGs
[2024-05-27T09:32:09.182+0000] {logging_mixin.py:188} INFO - [2024-05-27T09:32:09.181+0000] {dag.py:3954} INFO - Setting next_dagrun for tutorial_objectstorage to None, run_after=None
[2024-05-27T09:32:09.373+0000] {processor.py:183} INFO - Processing /home/airflow/.local/lib/python3.12/site-packages/airflow/example_dags/tutorial_objectstorage.py took 1.238 seconds
[2024-05-27T09:33:36.495+0000] {processor.py:161} INFO - Started process (PID=43) to work on /home/airflow/.local/lib/python3.12/site-packages/airflow/example_dags/tutorial_objectstorage.py
[2024-05-27T09:33:36.497+0000] {processor.py:830} INFO - Processing file /home/airflow/.local/lib/python3.12/site-packages/airflow/example_dags/tutorial_objectstorage.py for tasks to queue
[2024-05-27T09:33:36.502+0000] {logging_mixin.py:188} INFO - [2024-05-27T09:33:36.501+0000] {dagbag.py:545} INFO - Filling up the DagBag from /home/airflow/.local/lib/python3.12/site-packages/airflow/example_dags/tutorial_objectstorage.py
[2024-05-27T09:33:36.534+0000] {processor.py:840} INFO - DAG(s) 'tutorial_objectstorage' retrieved from /home/airflow/.local/lib/python3.12/site-packages/airflow/example_dags/tutorial_objectstorage.py
[2024-05-27T09:33:36.567+0000] {logging_mixin.py:188} INFO - [2024-05-27T09:33:36.567+0000] {dag.py:3096} INFO - Sync 1 DAGs
[2024-05-27T09:33:36.596+0000] {logging_mixin.py:188} INFO - [2024-05-27T09:33:36.596+0000] {dag.py:3954} INFO - Setting next_dagrun for tutorial_objectstorage to None, run_after=None
[2024-05-27T09:33:36.713+0000] {processor.py:183} INFO - Processing /home/airflow/.local/lib/python3.12/site-packages/airflow/example_dags/tutorial_objectstorage.py took 0.232 seconds
[2024-05-27T09:35:25.343+0000] {processor.py:161} INFO - Started process (PID=109) to work on /home/airflow/.local/lib/python3.12/site-packages/airflow/example_dags/tutorial_objectstorage.py
[2024-05-27T09:35:25.354+0000] {processor.py:830} INFO - Processing file /home/airflow/.local/lib/python3.12/site-packages/airflow/example_dags/tutorial_objectstorage.py for tasks to queue
[2024-05-27T09:35:25.371+0000] {logging_mixin.py:188} INFO - [2024-05-27T09:35:25.363+0000] {dagbag.py:545} INFO - Filling up the DagBag from /home/airflow/.local/lib/python3.12/site-packages/airflow/example_dags/tutorial_objectstorage.py
[2024-05-27T09:35:25.414+0000] {processor.py:840} INFO - DAG(s) 'tutorial_objectstorage' retrieved from /home/airflow/.local/lib/python3.12/site-packages/airflow/example_dags/tutorial_objectstorage.py
[2024-05-27T09:35:27.649+0000] {logging_mixin.py:188} INFO - [2024-05-27T09:35:27.648+0000] {dag.py:3096} INFO - Sync 1 DAGs
[2024-05-27T09:35:27.662+0000] {logging_mixin.py:188} INFO - [2024-05-27T09:35:27.662+0000] {dag.py:3954} INFO - Setting next_dagrun for tutorial_objectstorage to None, run_after=None
[2024-05-27T09:35:27.716+0000] {processor.py:183} INFO - Processing /home/airflow/.local/lib/python3.12/site-packages/airflow/example_dags/tutorial_objectstorage.py took 2.403 seconds
[2024-05-27T09:39:49.909+0000] {processor.py:161} INFO - Started process (PID=206) to work on /home/airflow/.local/lib/python3.12/site-packages/airflow/example_dags/tutorial_objectstorage.py
[2024-05-27T09:39:49.920+0000] {processor.py:830} INFO - Processing file /home/airflow/.local/lib/python3.12/site-packages/airflow/example_dags/tutorial_objectstorage.py for tasks to queue
[2024-05-27T09:39:49.939+0000] {logging_mixin.py:188} INFO - [2024-05-27T09:39:49.931+0000] {dagbag.py:545} INFO - Filling up the DagBag from /home/airflow/.local/lib/python3.12/site-packages/airflow/example_dags/tutorial_objectstorage.py
[2024-05-27T09:39:52.439+0000] {processor.py:840} INFO - DAG(s) 'tutorial_objectstorage' retrieved from /home/airflow/.local/lib/python3.12/site-packages/airflow/example_dags/tutorial_objectstorage.py
[2024-05-27T09:39:53.053+0000] {logging_mixin.py:188} INFO - [2024-05-27T09:39:53.047+0000] {dag.py:3096} INFO - Sync 1 DAGs
[2024-05-27T09:39:53.287+0000] {logging_mixin.py:188} INFO - [2024-05-27T09:39:53.283+0000] {dag.py:3954} INFO - Setting next_dagrun for tutorial_objectstorage to None, run_after=None
[2024-05-27T09:39:53.737+0000] {processor.py:183} INFO - Processing /home/airflow/.local/lib/python3.12/site-packages/airflow/example_dags/tutorial_objectstorage.py took 4.420 seconds
[2024-05-27T09:42:37.309+0000] {processor.py:161} INFO - Started process (PID=281) to work on /home/airflow/.local/lib/python3.12/site-packages/airflow/example_dags/tutorial_objectstorage.py
[2024-05-27T09:42:38.187+0000] {processor.py:830} INFO - Processing file /home/airflow/.local/lib/python3.12/site-packages/airflow/example_dags/tutorial_objectstorage.py for tasks to queue
[2024-05-27T09:42:38.199+0000] {logging_mixin.py:188} INFO - [2024-05-27T09:42:38.196+0000] {dagbag.py:545} INFO - Filling up the DagBag from /home/airflow/.local/lib/python3.12/site-packages/airflow/example_dags/tutorial_objectstorage.py
[2024-05-27T09:42:38.771+0000] {processor.py:840} INFO - DAG(s) 'tutorial_objectstorage' retrieved from /home/airflow/.local/lib/python3.12/site-packages/airflow/example_dags/tutorial_objectstorage.py
[2024-05-27T09:42:38.915+0000] {logging_mixin.py:188} INFO - [2024-05-27T09:42:38.908+0000] {dag.py:3096} INFO - Sync 1 DAGs
[2024-05-27T09:42:38.953+0000] {logging_mixin.py:188} INFO - [2024-05-27T09:42:38.950+0000] {dag.py:3954} INFO - Setting next_dagrun for tutorial_objectstorage to None, run_after=None
[2024-05-27T09:42:40.018+0000] {processor.py:183} INFO - Processing /home/airflow/.local/lib/python3.12/site-packages/airflow/example_dags/tutorial_objectstorage.py took 2.915 seconds
[2024-05-27T10:07:08.450+0000] {processor.py:161} INFO - Started process (PID=43) to work on /home/airflow/.local/lib/python3.12/site-packages/airflow/example_dags/tutorial_objectstorage.py
[2024-05-27T10:07:08.462+0000] {processor.py:830} INFO - Processing file /home/airflow/.local/lib/python3.12/site-packages/airflow/example_dags/tutorial_objectstorage.py for tasks to queue
[2024-05-27T10:07:08.465+0000] {logging_mixin.py:188} INFO - [2024-05-27T10:07:08.464+0000] {dagbag.py:545} INFO - Filling up the DagBag from /home/airflow/.local/lib/python3.12/site-packages/airflow/example_dags/tutorial_objectstorage.py
[2024-05-27T10:07:08.479+0000] {processor.py:840} INFO - DAG(s) 'tutorial_objectstorage' retrieved from /home/airflow/.local/lib/python3.12/site-packages/airflow/example_dags/tutorial_objectstorage.py
[2024-05-27T10:07:08.510+0000] {logging_mixin.py:188} INFO - [2024-05-27T10:07:08.510+0000] {dag.py:3096} INFO - Sync 1 DAGs
[2024-05-27T10:07:08.547+0000] {logging_mixin.py:188} INFO - [2024-05-27T10:07:08.546+0000] {dag.py:3954} INFO - Setting next_dagrun for tutorial_objectstorage to None, run_after=None
[2024-05-27T10:07:08.585+0000] {processor.py:183} INFO - Processing /home/airflow/.local/lib/python3.12/site-packages/airflow/example_dags/tutorial_objectstorage.py took 0.147 seconds
[2024-05-27T10:07:39.900+0000] {processor.py:161} INFO - Started process (PID=101) to work on /home/airflow/.local/lib/python3.12/site-packages/airflow/example_dags/tutorial_objectstorage.py
[2024-05-27T10:07:39.902+0000] {processor.py:830} INFO - Processing file /home/airflow/.local/lib/python3.12/site-packages/airflow/example_dags/tutorial_objectstorage.py for tasks to queue
[2024-05-27T10:07:39.904+0000] {logging_mixin.py:188} INFO - [2024-05-27T10:07:39.904+0000] {dagbag.py:545} INFO - Filling up the DagBag from /home/airflow/.local/lib/python3.12/site-packages/airflow/example_dags/tutorial_objectstorage.py
[2024-05-27T10:07:39.910+0000] {processor.py:840} INFO - DAG(s) 'tutorial_objectstorage' retrieved from /home/airflow/.local/lib/python3.12/site-packages/airflow/example_dags/tutorial_objectstorage.py
[2024-05-27T10:07:39.976+0000] {logging_mixin.py:188} INFO - [2024-05-27T10:07:39.975+0000] {dag.py:3096} INFO - Sync 1 DAGs
[2024-05-27T10:07:39.983+0000] {logging_mixin.py:188} INFO - [2024-05-27T10:07:39.983+0000] {dag.py:3954} INFO - Setting next_dagrun for tutorial_objectstorage to None, run_after=None
[2024-05-27T10:07:39.999+0000] {processor.py:183} INFO - Processing /home/airflow/.local/lib/python3.12/site-packages/airflow/example_dags/tutorial_objectstorage.py took 0.103 seconds
